04/06/2023 12:07:55 AM - https://ovgu.de/aas/boringprovider_live.BoringProvider - INFO - 
 #############################################################################
04/06/2023 12:07:55 AM - https://ovgu.de/aas/boringprovider_live.BoringProvider - INFO - StartState: WaitForCallForProposal
04/06/2023 12:07:55 AM - https://ovgu.de/aas/boringprovider_live.BoringProvider - INFO - InputDocument : callForProposal
04/06/2023 12:08:47 AM - https://ovgu.de/aas/boringprovider_live.BoringProvider - INFO - OutputDocumentType : NA
04/06/2023 12:08:47 AM - https://ovgu.de/aas/boringprovider_live.BoringProvider - INFO - Condition :-
04/06/2023 12:08:47 AM - https://ovgu.de/aas/boringprovider_live.BoringProvider - INFO - TargettState: capabilitycheck
04/06/2023 12:08:47 AM - https://ovgu.de/aas/boringprovider_live.BoringProvider - INFO - ############################################################################# 

04/06/2023 12:08:47 AM - https://ovgu.de/aas/boringprovider_live.BoringProvider - INFO - 
 #############################################################################
04/06/2023 12:08:47 AM - https://ovgu.de/aas/boringprovider_live.BoringProvider - INFO - StartState: capabilitycheck
04/06/2023 12:08:47 AM - https://ovgu.de/aas/boringprovider_live.BoringProvider - INFO - InputDocument : NA
04/06/2023 12:08:47 AM - https://ovgu.de/aas/boringprovider_live.BoringProvider - INFO - one of the property missinghoningDiameter
04/06/2023 12:08:47 AM - https://ovgu.de/aas/boringprovider_live.BoringProvider - INFO - OutputDocumentType : NA
04/06/2023 12:08:47 AM - https://ovgu.de/aas/boringprovider_live.BoringProvider - INFO - Condition :-
04/06/2023 12:08:47 AM - https://ovgu.de/aas/boringprovider_live.BoringProvider - INFO - TargettState: sendingNotUnderstood
04/06/2023 12:08:47 AM - https://ovgu.de/aas/boringprovider_live.BoringProvider - INFO - ############################################################################# 

04/06/2023 12:08:47 AM - https://ovgu.de/aas/boringprovider_live.BoringProvider - INFO - 
 #############################################################################
04/06/2023 12:08:47 AM - https://ovgu.de/aas/boringprovider_live.BoringProvider - INFO - StartState: sendingNotUnderstood
04/06/2023 12:08:47 AM - https://ovgu.de/aas/boringprovider_live.BoringProvider - INFO - InputDocument : NA
04/06/2023 12:08:47 AM - https://ovgu.de/aas/boringprovider_live.BoringProvider - INFO - OutputDocumentType : notUnderstood
04/06/2023 12:08:47 AM - https://ovgu.de/aas/boringprovider_live.BoringProvider - INFO - Condition :-
04/06/2023 12:08:47 AM - https://ovgu.de/aas/boringprovider_live.BoringProvider - INFO - TargettState: WaitForCallForProposal
04/06/2023 12:08:47 AM - https://ovgu.de/aas/boringprovider_live.BoringProvider - INFO - ############################################################################# 

04/06/2023 12:08:47 AM - https://ovgu.de/aas/boringprovider_live.BoringProvider - INFO - 
 #############################################################################
04/06/2023 12:08:47 AM - https://ovgu.de/aas/boringprovider_live.BoringProvider - INFO - StartState: WaitForCallForProposal
04/06/2023 12:08:47 AM - https://ovgu.de/aas/boringprovider_live.BoringProvider - INFO - InputDocument : callForProposal
04/06/2023 12:08:52 AM - https://ovgu.de/aas/boringprovider_live.BoringProvider - INFO - OutputDocumentType : NA
04/06/2023 12:08:52 AM - https://ovgu.de/aas/boringprovider_live.BoringProvider - INFO - Condition :-
04/06/2023 12:08:52 AM - https://ovgu.de/aas/boringprovider_live.BoringProvider - INFO - TargettState: capabilitycheck
04/06/2023 12:08:52 AM - https://ovgu.de/aas/boringprovider_live.BoringProvider - INFO - ############################################################################# 

04/06/2023 12:08:52 AM - https://ovgu.de/aas/boringprovider_live.BoringProvider - INFO - 
 #############################################################################
04/06/2023 12:08:52 AM - https://ovgu.de/aas/boringprovider_live.BoringProvider - INFO - StartState: capabilitycheck
04/06/2023 12:08:52 AM - https://ovgu.de/aas/boringprovider_live.BoringProvider - INFO - InputDocument : NA
04/06/2023 12:08:52 AM - https://ovgu.de/aas/boringprovider_live.BoringProvider - INFO - one of the property missingcurrentLocation
04/06/2023 12:08:52 AM - https://ovgu.de/aas/boringprovider_live.BoringProvider - INFO - OutputDocumentType : NA
04/06/2023 12:08:52 AM - https://ovgu.de/aas/boringprovider_live.BoringProvider - INFO - Condition :-
04/06/2023 12:08:52 AM - https://ovgu.de/aas/boringprovider_live.BoringProvider - INFO - TargettState: sendingNotUnderstood
04/06/2023 12:08:52 AM - https://ovgu.de/aas/boringprovider_live.BoringProvider - INFO - ############################################################################# 

04/06/2023 12:08:52 AM - https://ovgu.de/aas/boringprovider_live.BoringProvider - INFO - 
 #############################################################################
04/06/2023 12:08:52 AM - https://ovgu.de/aas/boringprovider_live.BoringProvider - INFO - StartState: sendingNotUnderstood
04/06/2023 12:08:52 AM - https://ovgu.de/aas/boringprovider_live.BoringProvider - INFO - InputDocument : NA
04/06/2023 12:08:52 AM - https://ovgu.de/aas/boringprovider_live.BoringProvider - INFO - OutputDocumentType : notUnderstood
04/06/2023 12:08:52 AM - https://ovgu.de/aas/boringprovider_live.BoringProvider - INFO - Condition :-
04/06/2023 12:08:52 AM - https://ovgu.de/aas/boringprovider_live.BoringProvider - INFO - TargettState: WaitForCallForProposal
04/06/2023 12:08:52 AM - https://ovgu.de/aas/boringprovider_live.BoringProvider - INFO - ############################################################################# 

04/06/2023 12:08:52 AM - https://ovgu.de/aas/boringprovider_live.BoringProvider - INFO - 
 #############################################################################
04/06/2023 12:08:52 AM - https://ovgu.de/aas/boringprovider_live.BoringProvider - INFO - StartState: WaitForCallForProposal
04/06/2023 12:08:52 AM - https://ovgu.de/aas/boringprovider_live.BoringProvider - INFO - InputDocument : callForProposal
04/06/2023 12:10:29 AM - https://ovgu.de/aas/boringprovider_live.BoringProvider - INFO - OutputDocumentType : NA
04/06/2023 12:10:29 AM - https://ovgu.de/aas/boringprovider_live.BoringProvider - INFO - Condition :-
04/06/2023 12:10:29 AM - https://ovgu.de/aas/boringprovider_live.BoringProvider - INFO - TargettState: capabilitycheck
04/06/2023 12:10:29 AM - https://ovgu.de/aas/boringprovider_live.BoringProvider - INFO - ############################################################################# 

04/06/2023 12:10:29 AM - https://ovgu.de/aas/boringprovider_live.BoringProvider - INFO - 
 #############################################################################
04/06/2023 12:10:29 AM - https://ovgu.de/aas/boringprovider_live.BoringProvider - INFO - StartState: capabilitycheck
04/06/2023 12:10:29 AM - https://ovgu.de/aas/boringprovider_live.BoringProvider - INFO - InputDocument : NA
04/06/2023 12:10:29 AM - https://ovgu.de/aas/boringprovider_live.BoringProvider - INFO - OutputDocumentType : NA
04/06/2023 12:10:29 AM - https://ovgu.de/aas/boringprovider_live.BoringProvider - INFO - Condition :-
04/06/2023 12:10:29 AM - https://ovgu.de/aas/boringprovider_live.BoringProvider - INFO - TargettState: feasibilityCheck
04/06/2023 12:10:29 AM - https://ovgu.de/aas/boringprovider_live.BoringProvider - INFO - ############################################################################# 

04/06/2023 12:10:29 AM - https://ovgu.de/aas/boringprovider_live.BoringProvider - INFO - 
 #############################################################################
04/06/2023 12:10:29 AM - https://ovgu.de/aas/boringprovider_live.BoringProvider - INFO - StartState: feasibilityCheck
04/06/2023 12:10:29 AM - https://ovgu.de/aas/boringprovider_live.BoringProvider - INFO - InputDocument : NA
04/06/2023 12:10:29 AM - https://ovgu.de/aas/boringprovider_live.BoringProvider - INFO - OutputDocumentType : NA
04/06/2023 12:10:29 AM - https://ovgu.de/aas/boringprovider_live.BoringProvider - INFO - Condition :-
04/06/2023 12:10:29 AM - https://ovgu.de/aas/boringprovider_live.BoringProvider - INFO - TargettState: checkingSchedule
04/06/2023 12:10:29 AM - https://ovgu.de/aas/boringprovider_live.BoringProvider - INFO - ############################################################################# 

04/06/2023 12:10:29 AM - https://ovgu.de/aas/boringprovider_live.BoringProvider - INFO - 
 #############################################################################
04/06/2023 12:10:29 AM - https://ovgu.de/aas/boringprovider_live.BoringProvider - INFO - StartState: checkingSchedule
04/06/2023 12:10:29 AM - https://ovgu.de/aas/boringprovider_live.BoringProvider - INFO - InputDocument : NA
04/06/2023 12:10:29 AM - https://ovgu.de/aas/boringprovider_live.BoringProvider - INFO - OutputDocumentType : NA
04/06/2023 12:10:29 AM - https://ovgu.de/aas/boringprovider_live.BoringProvider - INFO - Condition :-
04/06/2023 12:10:29 AM - https://ovgu.de/aas/boringprovider_live.BoringProvider - INFO - TargettState: PriceCalculation
04/06/2023 12:10:29 AM - https://ovgu.de/aas/boringprovider_live.BoringProvider - INFO - ############################################################################# 

04/06/2023 12:10:29 AM - https://ovgu.de/aas/boringprovider_live.BoringProvider - INFO - 
 #############################################################################
04/06/2023 12:10:29 AM - https://ovgu.de/aas/boringprovider_live.BoringProvider - INFO - StartState: PriceCalculation
04/06/2023 12:10:29 AM - https://ovgu.de/aas/boringprovider_live.BoringProvider - INFO - InputDocument : NA
04/06/2023 12:10:29 AM - https://ovgu.de/aas/boringprovider_live.BoringProvider - INFO - OutputDocumentType : NA
04/06/2023 12:10:29 AM - https://ovgu.de/aas/boringprovider_live.BoringProvider - INFO - Condition :-
04/06/2023 12:10:29 AM - https://ovgu.de/aas/boringprovider_live.BoringProvider - INFO - TargettState: sendingProposal
04/06/2023 12:10:29 AM - https://ovgu.de/aas/boringprovider_live.BoringProvider - INFO - ############################################################################# 

04/06/2023 12:10:29 AM - https://ovgu.de/aas/boringprovider_live.BoringProvider - INFO - 
 #############################################################################
04/06/2023 12:10:29 AM - https://ovgu.de/aas/boringprovider_live.BoringProvider - INFO - StartState: sendingProposal
04/06/2023 12:10:29 AM - https://ovgu.de/aas/boringprovider_live.BoringProvider - INFO - InputDocument : NA
04/06/2023 12:10:29 AM - https://ovgu.de/aas/boringprovider_live.BoringProvider - INFO - OutputDocumentType : proposal
04/06/2023 12:10:29 AM - https://ovgu.de/aas/boringprovider_live.BoringProvider - INFO - Condition :-
04/06/2023 12:10:30 AM - https://ovgu.de/aas/boringprovider_live.BoringProvider - INFO - TargettState: waitingforServiceRequesterAnswer
04/06/2023 12:10:30 AM - https://ovgu.de/aas/boringprovider_live.BoringProvider - INFO - ############################################################################# 

04/06/2023 12:10:30 AM - https://ovgu.de/aas/boringprovider_live.BoringProvider - INFO - 
 #############################################################################
04/06/2023 12:10:30 AM - https://ovgu.de/aas/boringprovider_live.BoringProvider - INFO - StartState: waitingforServiceRequesterAnswer
04/06/2023 12:10:30 AM - https://ovgu.de/aas/boringprovider_live.BoringProvider - INFO - InputDocument : acceptProposal / rejectProposal
04/06/2023 12:10:31 AM - https://ovgu.de/aas/boringprovider_live.BoringProvider - INFO - OutputDocumentType : NA
04/06/2023 12:10:31 AM - https://ovgu.de/aas/boringprovider_live.BoringProvider - INFO - Condition :-
04/06/2023 12:10:31 AM - https://ovgu.de/aas/boringprovider_live.BoringProvider - INFO - TargettState: WaitForCallForProposal
04/06/2023 12:10:31 AM - https://ovgu.de/aas/boringprovider_live.BoringProvider - INFO - ############################################################################# 

04/06/2023 12:10:31 AM - https://ovgu.de/aas/boringprovider_live.BoringProvider - INFO - 
 #############################################################################
04/06/2023 12:10:31 AM - https://ovgu.de/aas/boringprovider_live.BoringProvider - INFO - StartState: WaitForCallForProposal
04/06/2023 12:10:31 AM - https://ovgu.de/aas/boringprovider_live.BoringProvider - INFO - InputDocument : callForProposal
04/06/2023 12:10:33 AM - https://ovgu.de/aas/boringprovider_live.BoringProvider - INFO - OutputDocumentType : NA
04/06/2023 12:10:33 AM - https://ovgu.de/aas/boringprovider_live.BoringProvider - INFO - Condition :-
04/06/2023 12:10:33 AM - https://ovgu.de/aas/boringprovider_live.BoringProvider - INFO - TargettState: capabilitycheck
04/06/2023 12:10:33 AM - https://ovgu.de/aas/boringprovider_live.BoringProvider - INFO - ############################################################################# 

04/06/2023 12:10:33 AM - https://ovgu.de/aas/boringprovider_live.BoringProvider - INFO - 
 #############################################################################
04/06/2023 12:10:33 AM - https://ovgu.de/aas/boringprovider_live.BoringProvider - INFO - StartState: capabilitycheck
04/06/2023 12:10:33 AM - https://ovgu.de/aas/boringprovider_live.BoringProvider - INFO - InputDocument : NA
04/06/2023 12:10:33 AM - https://ovgu.de/aas/boringprovider_live.BoringProvider - INFO - one of the property missingcurrentLocation
04/06/2023 12:10:33 AM - https://ovgu.de/aas/boringprovider_live.BoringProvider - INFO - OutputDocumentType : NA
04/06/2023 12:10:33 AM - https://ovgu.de/aas/boringprovider_live.BoringProvider - INFO - Condition :-
04/06/2023 12:10:33 AM - https://ovgu.de/aas/boringprovider_live.BoringProvider - INFO - TargettState: sendingNotUnderstood
04/06/2023 12:10:33 AM - https://ovgu.de/aas/boringprovider_live.BoringProvider - INFO - ############################################################################# 

04/06/2023 12:10:33 AM - https://ovgu.de/aas/boringprovider_live.BoringProvider - INFO - 
 #############################################################################
04/06/2023 12:10:33 AM - https://ovgu.de/aas/boringprovider_live.BoringProvider - INFO - StartState: sendingNotUnderstood
04/06/2023 12:10:33 AM - https://ovgu.de/aas/boringprovider_live.BoringProvider - INFO - InputDocument : NA
04/06/2023 12:10:33 AM - https://ovgu.de/aas/boringprovider_live.BoringProvider - INFO - OutputDocumentType : notUnderstood
04/06/2023 12:10:33 AM - https://ovgu.de/aas/boringprovider_live.BoringProvider - INFO - Condition :-
04/06/2023 12:10:33 AM - https://ovgu.de/aas/boringprovider_live.BoringProvider - INFO - TargettState: WaitForCallForProposal
04/06/2023 12:10:33 AM - https://ovgu.de/aas/boringprovider_live.BoringProvider - INFO - ############################################################################# 

04/06/2023 12:10:33 AM - https://ovgu.de/aas/boringprovider_live.BoringProvider - INFO - 
 #############################################################################
04/06/2023 12:10:34 AM - https://ovgu.de/aas/boringprovider_live.BoringProvider - INFO - StartState: WaitForCallForProposal
04/06/2023 12:10:34 AM - https://ovgu.de/aas/boringprovider_live.BoringProvider - INFO - InputDocument : callForProposal
04/06/2023 12:11:02 AM - https://ovgu.de/aas/boringprovider_live.BoringProvider - INFO - OutputDocumentType : NA
04/06/2023 12:11:02 AM - https://ovgu.de/aas/boringprovider_live.BoringProvider - INFO - Condition :-
04/06/2023 12:11:02 AM - https://ovgu.de/aas/boringprovider_live.BoringProvider - INFO - TargettState: capabilitycheck
04/06/2023 12:11:02 AM - https://ovgu.de/aas/boringprovider_live.BoringProvider - INFO - ############################################################################# 

04/06/2023 12:11:02 AM - https://ovgu.de/aas/boringprovider_live.BoringProvider - INFO - 
 #############################################################################
04/06/2023 12:11:02 AM - https://ovgu.de/aas/boringprovider_live.BoringProvider - INFO - StartState: capabilitycheck
04/06/2023 12:11:02 AM - https://ovgu.de/aas/boringprovider_live.BoringProvider - INFO - InputDocument : NA
04/06/2023 12:11:02 AM - https://ovgu.de/aas/boringprovider_live.BoringProvider - INFO - one of the property missinghoningDiameter
04/06/2023 12:11:02 AM - https://ovgu.de/aas/boringprovider_live.BoringProvider - INFO - OutputDocumentType : NA
04/06/2023 12:11:02 AM - https://ovgu.de/aas/boringprovider_live.BoringProvider - INFO - Condition :-
04/06/2023 12:11:02 AM - https://ovgu.de/aas/boringprovider_live.BoringProvider - INFO - TargettState: sendingNotUnderstood
04/06/2023 12:11:02 AM - https://ovgu.de/aas/boringprovider_live.BoringProvider - INFO - ############################################################################# 

04/06/2023 12:11:02 AM - https://ovgu.de/aas/boringprovider_live.BoringProvider - INFO - 
 #############################################################################
04/06/2023 12:11:02 AM - https://ovgu.de/aas/boringprovider_live.BoringProvider - INFO - StartState: sendingNotUnderstood
04/06/2023 12:11:02 AM - https://ovgu.de/aas/boringprovider_live.BoringProvider - INFO - InputDocument : NA
04/06/2023 12:11:02 AM - https://ovgu.de/aas/boringprovider_live.BoringProvider - INFO - OutputDocumentType : notUnderstood
04/06/2023 12:11:02 AM - https://ovgu.de/aas/boringprovider_live.BoringProvider - INFO - Condition :-
04/06/2023 12:11:02 AM - https://ovgu.de/aas/boringprovider_live.BoringProvider - INFO - TargettState: WaitForCallForProposal
04/06/2023 12:11:02 AM - https://ovgu.de/aas/boringprovider_live.BoringProvider - INFO - ############################################################################# 

04/06/2023 12:11:02 AM - https://ovgu.de/aas/boringprovider_live.BoringProvider - INFO - 
 #############################################################################
04/06/2023 12:11:02 AM - https://ovgu.de/aas/boringprovider_live.BoringProvider - INFO - StartState: WaitForCallForProposal
04/06/2023 12:11:02 AM - https://ovgu.de/aas/boringprovider_live.BoringProvider - INFO - InputDocument : callForProposal
04/06/2023 12:11:05 AM - https://ovgu.de/aas/boringprovider_live.BoringProvider - INFO - OutputDocumentType : NA
04/06/2023 12:11:05 AM - https://ovgu.de/aas/boringprovider_live.BoringProvider - INFO - Condition :-
04/06/2023 12:11:05 AM - https://ovgu.de/aas/boringprovider_live.BoringProvider - INFO - TargettState: capabilitycheck
04/06/2023 12:11:05 AM - https://ovgu.de/aas/boringprovider_live.BoringProvider - INFO - ############################################################################# 

04/06/2023 12:11:05 AM - https://ovgu.de/aas/boringprovider_live.BoringProvider - INFO - 
 #############################################################################
04/06/2023 12:11:05 AM - https://ovgu.de/aas/boringprovider_live.BoringProvider - INFO - StartState: capabilitycheck
04/06/2023 12:11:05 AM - https://ovgu.de/aas/boringprovider_live.BoringProvider - INFO - InputDocument : NA
04/06/2023 12:11:05 AM - https://ovgu.de/aas/boringprovider_live.BoringProvider - INFO - one of the property missingcurrentLocation
04/06/2023 12:11:05 AM - https://ovgu.de/aas/boringprovider_live.BoringProvider - INFO - OutputDocumentType : NA
04/06/2023 12:11:05 AM - https://ovgu.de/aas/boringprovider_live.BoringProvider - INFO - Condition :-
04/06/2023 12:11:05 AM - https://ovgu.de/aas/boringprovider_live.BoringProvider - INFO - TargettState: sendingNotUnderstood
04/06/2023 12:11:05 AM - https://ovgu.de/aas/boringprovider_live.BoringProvider - INFO - ############################################################################# 

04/06/2023 12:11:05 AM - https://ovgu.de/aas/boringprovider_live.BoringProvider - INFO - 
 #############################################################################
04/06/2023 12:11:05 AM - https://ovgu.de/aas/boringprovider_live.BoringProvider - INFO - StartState: sendingNotUnderstood
04/06/2023 12:11:05 AM - https://ovgu.de/aas/boringprovider_live.BoringProvider - INFO - InputDocument : NA
04/06/2023 12:11:05 AM - https://ovgu.de/aas/boringprovider_live.BoringProvider - INFO - OutputDocumentType : notUnderstood
04/06/2023 12:11:05 AM - https://ovgu.de/aas/boringprovider_live.BoringProvider - INFO - Condition :-
04/06/2023 12:11:05 AM - https://ovgu.de/aas/boringprovider_live.BoringProvider - INFO - TargettState: WaitForCallForProposal
04/06/2023 12:11:05 AM - https://ovgu.de/aas/boringprovider_live.BoringProvider - INFO - ############################################################################# 

04/06/2023 12:11:05 AM - https://ovgu.de/aas/boringprovider_live.BoringProvider - INFO - 
 #############################################################################
04/06/2023 12:11:05 AM - https://ovgu.de/aas/boringprovider_live.BoringProvider - INFO - StartState: WaitForCallForProposal
04/06/2023 12:11:06 AM - https://ovgu.de/aas/boringprovider_live.BoringProvider - INFO - InputDocument : callForProposal
04/06/2023 12:11:34 AM - https://ovgu.de/aas/boringprovider_live.BoringProvider - INFO - OutputDocumentType : NA
04/06/2023 12:11:34 AM - https://ovgu.de/aas/boringprovider_live.BoringProvider - INFO - Condition :-
04/06/2023 12:11:34 AM - https://ovgu.de/aas/boringprovider_live.BoringProvider - INFO - TargettState: capabilitycheck
04/06/2023 12:11:34 AM - https://ovgu.de/aas/boringprovider_live.BoringProvider - INFO - ############################################################################# 

04/06/2023 12:11:35 AM - https://ovgu.de/aas/boringprovider_live.BoringProvider - INFO - 
 #############################################################################
04/06/2023 12:11:35 AM - https://ovgu.de/aas/boringprovider_live.BoringProvider - INFO - StartState: capabilitycheck
04/06/2023 12:11:35 AM - https://ovgu.de/aas/boringprovider_live.BoringProvider - INFO - InputDocument : NA
04/06/2023 12:11:35 AM - https://ovgu.de/aas/boringprovider_live.BoringProvider - INFO - one of the property missingcurrentLocation
04/06/2023 12:11:35 AM - https://ovgu.de/aas/boringprovider_live.BoringProvider - INFO - OutputDocumentType : NA
04/06/2023 12:11:35 AM - https://ovgu.de/aas/boringprovider_live.BoringProvider - INFO - Condition :-
04/06/2023 12:11:35 AM - https://ovgu.de/aas/boringprovider_live.BoringProvider - INFO - TargettState: sendingNotUnderstood
04/06/2023 12:11:35 AM - https://ovgu.de/aas/boringprovider_live.BoringProvider - INFO - ############################################################################# 

04/06/2023 12:11:35 AM - https://ovgu.de/aas/boringprovider_live.BoringProvider - INFO - 
 #############################################################################
04/06/2023 12:11:35 AM - https://ovgu.de/aas/boringprovider_live.BoringProvider - INFO - StartState: sendingNotUnderstood
04/06/2023 12:11:35 AM - https://ovgu.de/aas/boringprovider_live.BoringProvider - INFO - InputDocument : NA
04/06/2023 12:11:35 AM - https://ovgu.de/aas/boringprovider_live.BoringProvider - INFO - OutputDocumentType : notUnderstood
04/06/2023 12:11:35 AM - https://ovgu.de/aas/boringprovider_live.BoringProvider - INFO - Condition :-
04/06/2023 12:11:35 AM - https://ovgu.de/aas/boringprovider_live.BoringProvider - INFO - TargettState: WaitForCallForProposal
04/06/2023 12:11:35 AM - https://ovgu.de/aas/boringprovider_live.BoringProvider - INFO - ############################################################################# 

04/06/2023 12:11:35 AM - https://ovgu.de/aas/boringprovider_live.BoringProvider - INFO - 
 #############################################################################
04/06/2023 12:11:35 AM - https://ovgu.de/aas/boringprovider_live.BoringProvider - INFO - StartState: WaitForCallForProposal
04/06/2023 12:11:35 AM - https://ovgu.de/aas/boringprovider_live.BoringProvider - INFO - InputDocument : callForProposal
