04/12/2023 11:57:24 AM - ab6f7d07-dc8c-450b-a8b4-f1269119c297_ProductionManager - INFO - 
 #############################################################################
04/12/2023 11:57:24 AM - ab6f7d07-dc8c-450b-a8b4-f1269119c297_ProductionManager - INFO - StartState: WaitforNewOrder
04/12/2023 11:57:24 AM - ab6f7d07-dc8c-450b-a8b4-f1269119c297_ProductionManager - INFO - InputDocument : ProductionOrder
04/12/2023 12:05:20 PM - 6cde72d5-a34b-4a72-be7e-dc43d0d3265d_ProductionManager - INFO - 
 #############################################################################
04/12/2023 12:05:20 PM - 6cde72d5-a34b-4a72-be7e-dc43d0d3265d_ProductionManager - INFO - StartState: WaitforNewOrder
04/12/2023 12:05:20 PM - 6cde72d5-a34b-4a72-be7e-dc43d0d3265d_ProductionManager - INFO - InputDocument : ProductionOrder
04/12/2023 12:08:33 PM - e26ecfd9-db2d-480c-a3a2-607501580517_ProductionManager - INFO - 
 #############################################################################
04/12/2023 12:08:33 PM - e26ecfd9-db2d-480c-a3a2-607501580517_ProductionManager - INFO - StartState: WaitforNewOrder
04/12/2023 12:08:33 PM - e26ecfd9-db2d-480c-a3a2-607501580517_ProductionManager - INFO - InputDocument : ProductionOrder
04/12/2023 12:18:21 PM - f9465dbf-968d-4c43-aa10-b0fe56b55ae8_ProductionManager - INFO - 
 #############################################################################
04/12/2023 12:18:21 PM - f9465dbf-968d-4c43-aa10-b0fe56b55ae8_ProductionManager - INFO - StartState: WaitforNewOrder
04/12/2023 12:18:21 PM - f9465dbf-968d-4c43-aa10-b0fe56b55ae8_ProductionManager - INFO - InputDocument : ProductionOrder
04/12/2023 12:20:57 PM - 0b60f9d0-cbd0-4967-9e20-5d8242f33f2d_ProductionManager - INFO - 
 #############################################################################
04/12/2023 12:20:57 PM - 0b60f9d0-cbd0-4967-9e20-5d8242f33f2d_ProductionManager - INFO - StartState: WaitforNewOrder
04/12/2023 12:20:57 PM - 0b60f9d0-cbd0-4967-9e20-5d8242f33f2d_ProductionManager - INFO - InputDocument : ProductionOrder
04/12/2023 12:22:13 PM - 561cb5b9-cea0-4459-a542-beb33dc3eb26_ProductionManager - INFO - 
 #############################################################################
04/12/2023 12:22:13 PM - 561cb5b9-cea0-4459-a542-beb33dc3eb26_ProductionManager - INFO - StartState: WaitforNewOrder
04/12/2023 12:22:13 PM - 561cb5b9-cea0-4459-a542-beb33dc3eb26_ProductionManager - INFO - InputDocument : ProductionOrder
04/12/2023 12:24:04 PM - e6ad89d7-2c1e-4fdb-ae68-65e6b26f5898_ProductionManager - INFO - 
 #############################################################################
04/12/2023 12:24:04 PM - e6ad89d7-2c1e-4fdb-ae68-65e6b26f5898_ProductionManager - INFO - StartState: WaitforNewOrder
04/12/2023 12:24:04 PM - e6ad89d7-2c1e-4fdb-ae68-65e6b26f5898_ProductionManager - INFO - InputDocument : ProductionOrder
04/12/2023 12:41:41 PM - 5db17fe2-9dfe-4e2c-b24e-2fbf4d8599ed_ProductionManager - INFO - 
 #############################################################################
04/12/2023 12:41:41 PM - 5db17fe2-9dfe-4e2c-b24e-2fbf4d8599ed_ProductionManager - INFO - StartState: WaitforNewOrder
04/12/2023 12:41:41 PM - 5db17fe2-9dfe-4e2c-b24e-2fbf4d8599ed_ProductionManager - INFO - InputDocument : ProductionOrder
04/12/2023 12:46:52 PM - 74d586a0-ff72-463d-b03c-bf65175f46b8_ProductionManager - INFO - 
 #############################################################################
04/12/2023 12:46:52 PM - 74d586a0-ff72-463d-b03c-bf65175f46b8_ProductionManager - INFO - StartState: WaitforNewOrder
04/12/2023 12:46:52 PM - 74d586a0-ff72-463d-b03c-bf65175f46b8_ProductionManager - INFO - InputDocument : ProductionOrder
04/12/2023 12:48:19 PM - f59be02c-0d30-49d5-bd4f-c34ab9f223ca_ProductionManager - INFO - 
 #############################################################################
04/12/2023 12:48:19 PM - f59be02c-0d30-49d5-bd4f-c34ab9f223ca_ProductionManager - INFO - StartState: WaitforNewOrder
04/12/2023 12:48:19 PM - f59be02c-0d30-49d5-bd4f-c34ab9f223ca_ProductionManager - INFO - InputDocument : ProductionOrder
04/12/2023 12:53:31 PM - a765eec3-60bf-476c-a1f4-46a2424e6229_ProductionManager - INFO - 
 #############################################################################
04/12/2023 12:53:31 PM - a765eec3-60bf-476c-a1f4-46a2424e6229_ProductionManager - INFO - StartState: WaitforNewOrder
04/12/2023 12:53:31 PM - a765eec3-60bf-476c-a1f4-46a2424e6229_ProductionManager - INFO - InputDocument : ProductionOrder
04/12/2023 12:55:46 PM - 21bb1049-0a05-4954-9a68-3fd948dc043d_ProductionManager - INFO - 
 #############################################################################
04/12/2023 12:55:46 PM - 21bb1049-0a05-4954-9a68-3fd948dc043d_ProductionManager - INFO - StartState: WaitforNewOrder
04/12/2023 12:55:46 PM - 21bb1049-0a05-4954-9a68-3fd948dc043d_ProductionManager - INFO - InputDocument : ProductionOrder
04/12/2023 12:57:53 PM - 33bd3d65-7bd4-405e-a12d-6ca04dbb816b_ProductionManager - INFO - 
 #############################################################################
04/12/2023 12:57:53 PM - 33bd3d65-7bd4-405e-a12d-6ca04dbb816b_ProductionManager - INFO - StartState: WaitforNewOrder
04/12/2023 12:57:53 PM - 33bd3d65-7bd4-405e-a12d-6ca04dbb816b_ProductionManager - INFO - InputDocument : ProductionOrder
04/12/2023 01:05:00 PM - b458b6d3-1991-4e9e-b1c5-ff0b542d7d27_ProductionManager - INFO - 
 #############################################################################
04/12/2023 01:05:00 PM - b458b6d3-1991-4e9e-b1c5-ff0b542d7d27_ProductionManager - INFO - StartState: WaitforNewOrder
04/12/2023 01:05:00 PM - b458b6d3-1991-4e9e-b1c5-ff0b542d7d27_ProductionManager - INFO - InputDocument : ProductionOrder
04/12/2023 01:15:47 PM - a65a44fc-e126-489f-81d0-17ea265445e1_ProductionManager - INFO - 
 #############################################################################
04/12/2023 01:15:47 PM - a65a44fc-e126-489f-81d0-17ea265445e1_ProductionManager - INFO - StartState: WaitforNewOrder
04/12/2023 01:15:47 PM - a65a44fc-e126-489f-81d0-17ea265445e1_ProductionManager - INFO - InputDocument : ProductionOrder
04/12/2023 05:53:33 PM - 7cb8fed1-15fc-4f0e-98c4-38fff04e4ad2_ProductionManager - INFO - 
 #############################################################################
04/12/2023 05:53:33 PM - 7cb8fed1-15fc-4f0e-98c4-38fff04e4ad2_ProductionManager - INFO - StartState: WaitforNewOrder
04/12/2023 05:53:33 PM - 7cb8fed1-15fc-4f0e-98c4-38fff04e4ad2_ProductionManager - INFO - InputDocument : ProductionOrder
