05/26/2023 09:22:16 AM - https://dlr.de/mo/aas/74b8199bff764b60a1ed8986a0399a0c.ProductionManager - INFO - 
 #############################################################################
05/26/2023 09:22:16 AM - https://dlr.de/mo/aas/74b8199bff764b60a1ed8986a0399a0c.ProductionManager - INFO - StartState: WaitforNewOrder
05/26/2023 09:23:11 AM - https://dlr.de/mo/aas/74b8199bff764b60a1ed8986a0399a0c.ProductionManager - INFO - 
 #############################################################################
05/26/2023 09:23:12 AM - https://dlr.de/mo/aas/74b8199bff764b60a1ed8986a0399a0c.ProductionManager - INFO - StartState: WaitforNewOrder
05/26/2023 09:23:46 AM - https://dlr.de/mo/aas/74b8199bff764b60a1ed8986a0399a0c.ProductionManager - INFO - 
 #############################################################################
05/26/2023 09:23:46 AM - https://dlr.de/mo/aas/74b8199bff764b60a1ed8986a0399a0c.ProductionManager - INFO - StartState: WaitforNewOrder
05/26/2023 09:26:04 AM - https://dlr.de/mo/aas/74b8199bff764b60a1ed8986a0399a0c.ProductionManager - INFO - 
 #############################################################################
05/26/2023 09:26:04 AM - https://dlr.de/mo/aas/74b8199bff764b60a1ed8986a0399a0c.ProductionManager - INFO - StartState: WaitforNewOrder
05/26/2023 09:26:43 AM - https://dlr.de/mo/aas/74b8199bff764b60a1ed8986a0399a0c.ProductionManager - INFO - 
 #############################################################################
05/26/2023 09:26:43 AM - https://dlr.de/mo/aas/74b8199bff764b60a1ed8986a0399a0c.ProductionManager - INFO - StartState: WaitforNewOrder
05/26/2023 09:28:24 AM - https://dlr.de/mo/aas/74b8199bff764b60a1ed8986a0399a0c.ProductionManager - INFO - 
 #############################################################################
05/26/2023 09:28:24 AM - https://dlr.de/mo/aas/74b8199bff764b60a1ed8986a0399a0c.ProductionManager - INFO - StartState: WaitforNewOrder
05/26/2023 09:28:56 AM - https://dlr.de/mo/aas/74b8199bff764b60a1ed8986a0399a0c.ProductionManager - INFO - 
 #############################################################################
05/26/2023 09:28:56 AM - https://dlr.de/mo/aas/74b8199bff764b60a1ed8986a0399a0c.ProductionManager - INFO - StartState: WaitforNewOrder
05/26/2023 09:33:27 AM - https://dlr.de/mo/aas/74b8199bff764b60a1ed8986a0399a0c.ProductionManager - INFO - 
 #############################################################################
05/26/2023 09:33:27 AM - https://dlr.de/mo/aas/74b8199bff764b60a1ed8986a0399a0c.ProductionManager - INFO - StartState: WaitforNewOrder
05/26/2023 09:35:42 AM - https://dlr.de/mo/aas/74b8199bff764b60a1ed8986a0399a0c.ProductionManager - INFO - 
 #############################################################################
05/26/2023 09:35:42 AM - https://dlr.de/mo/aas/74b8199bff764b60a1ed8986a0399a0c.ProductionManager - INFO - StartState: WaitforNewOrder
05/26/2023 09:36:09 AM - https://dlr.de/mo/aas/74b8199bff764b60a1ed8986a0399a0c.ProductionManager - INFO - 
 #############################################################################
05/26/2023 09:36:09 AM - https://dlr.de/mo/aas/74b8199bff764b60a1ed8986a0399a0c.ProductionManager - INFO - StartState: WaitforNewOrder
05/26/2023 09:36:17 AM - https://dlr.de/mo/aas/74b8199bff764b60a1ed8986a0399a0c.ProductionManager - INFO - 
 #############################################################################
05/26/2023 09:36:17 AM - https://dlr.de/mo/aas/74b8199bff764b60a1ed8986a0399a0c.ProductionManager - INFO - StartState: WaitforNewOrder
05/26/2023 09:37:01 AM - https://dlr.de/mo/aas/74b8199bff764b60a1ed8986a0399a0c.ProductionManager - INFO - 
 #############################################################################
05/26/2023 09:37:01 AM - https://dlr.de/mo/aas/74b8199bff764b60a1ed8986a0399a0c.ProductionManager - INFO - StartState: WaitforNewOrder
05/26/2023 09:39:11 AM - https://dlr.de/mo/aas/74b8199bff764b60a1ed8986a0399a0c.ProductionManager - INFO - 
 #############################################################################
05/26/2023 09:39:11 AM - https://dlr.de/mo/aas/74b8199bff764b60a1ed8986a0399a0c.ProductionManager - INFO - StartState: WaitforNewOrder
05/26/2023 09:39:37 AM - https://dlr.de/mo/aas/74b8199bff764b60a1ed8986a0399a0c.ProductionManager - INFO - 
 #############################################################################
05/26/2023 09:39:37 AM - https://dlr.de/mo/aas/74b8199bff764b60a1ed8986a0399a0c.ProductionManager - INFO - StartState: WaitforNewOrder
05/26/2023 09:39:46 AM - https://dlr.de/mo/aas/74b8199bff764b60a1ed8986a0399a0c.ProductionManager - INFO - 
 #############################################################################
05/26/2023 09:39:46 AM - https://dlr.de/mo/aas/74b8199bff764b60a1ed8986a0399a0c.ProductionManager - INFO - StartState: WaitforNewOrder
05/26/2023 09:43:23 AM - https://dlr.de/mo/aas/74b8199bff764b60a1ed8986a0399a0c.ProductionManager - INFO - 
 #############################################################################
05/26/2023 09:43:23 AM - https://dlr.de/mo/aas/74b8199bff764b60a1ed8986a0399a0c.ProductionManager - INFO - StartState: WaitforNewOrder
05/26/2023 09:46:08 AM - https://dlr.de/mo/aas/74b8199bff764b60a1ed8986a0399a0c.ProductionManager - INFO - 
 #############################################################################
05/26/2023 09:46:08 AM - https://dlr.de/mo/aas/74b8199bff764b60a1ed8986a0399a0c.ProductionManager - INFO - StartState: WaitforNewOrder
05/26/2023 09:57:48 AM - https://dlr.de/mo/aas/74b8199bff764b60a1ed8986a0399a0c.ProductionManager - INFO - 
 #############################################################################
05/26/2023 09:57:48 AM - https://dlr.de/mo/aas/74b8199bff764b60a1ed8986a0399a0c.ProductionManager - INFO - StartState: WaitforNewOrder
05/26/2023 09:58:37 AM - https://dlr.de/mo/aas/74b8199bff764b60a1ed8986a0399a0c.ProductionManager - INFO - 
 #############################################################################
05/26/2023 09:58:37 AM - https://dlr.de/mo/aas/74b8199bff764b60a1ed8986a0399a0c.ProductionManager - INFO - StartState: WaitforNewOrder
05/26/2023 09:59:41 AM - https://dlr.de/mo/aas/74b8199bff764b60a1ed8986a0399a0c.ProductionManager - INFO - 
 #############################################################################
05/26/2023 09:59:41 AM - https://dlr.de/mo/aas/74b8199bff764b60a1ed8986a0399a0c.ProductionManager - INFO - StartState: WaitforNewOrder
05/26/2023 10:03:22 AM - https://dlr.de/mo/aas/74b8199bff764b60a1ed8986a0399a0c.ProductionManager - INFO - 
 #############################################################################
05/26/2023 10:03:22 AM - https://dlr.de/mo/aas/74b8199bff764b60a1ed8986a0399a0c.ProductionManager - INFO - StartState: WaitforNewOrder
05/26/2023 10:04:42 AM - https://dlr.de/mo/aas/74b8199bff764b60a1ed8986a0399a0c.ProductionManager - INFO - 
 #############################################################################
05/26/2023 10:04:42 AM - https://dlr.de/mo/aas/74b8199bff764b60a1ed8986a0399a0c.ProductionManager - INFO - StartState: WaitforNewOrder
05/26/2023 10:04:53 AM - https://dlr.de/mo/aas/74b8199bff764b60a1ed8986a0399a0c.ProductionManager - INFO - OutputDocumentType : NA
05/26/2023 10:06:23 AM - https://dlr.de/mo/aas/74b8199bff764b60a1ed8986a0399a0c.ProductionManager - INFO - 
 #############################################################################
05/26/2023 10:06:23 AM - https://dlr.de/mo/aas/74b8199bff764b60a1ed8986a0399a0c.ProductionManager - INFO - StartState: WaitforNewOrder
05/26/2023 10:06:34 AM - https://dlr.de/mo/aas/74b8199bff764b60a1ed8986a0399a0c.ProductionManager - INFO - OutputDocumentType : NA
05/26/2023 10:06:34 AM - https://dlr.de/mo/aas/74b8199bff764b60a1ed8986a0399a0c.ProductionManager - INFO - 
 #############################################################################
05/26/2023 10:06:34 AM - https://dlr.de/mo/aas/74b8199bff764b60a1ed8986a0399a0c.ProductionManager - INFO - StartState: retrieveProductionStepSeq
05/26/2023 10:06:34 AM - https://dlr.de/mo/aas/74b8199bff764b60a1ed8986a0399a0c.ProductionManager - INFO - OutputDocumentType : NA
05/26/2023 10:06:34 AM - https://dlr.de/mo/aas/74b8199bff764b60a1ed8986a0399a0c.ProductionManager - INFO - 
 #############################################################################
05/26/2023 10:06:34 AM - https://dlr.de/mo/aas/74b8199bff764b60a1ed8986a0399a0c.ProductionManager - INFO - StartState: excProductionStepSeq
05/26/2023 10:08:24 AM - https://dlr.de/mo/aas/74b8199bff764b60a1ed8986a0399a0c.ProductionManager - INFO - 
 #############################################################################
05/26/2023 10:08:24 AM - https://dlr.de/mo/aas/74b8199bff764b60a1ed8986a0399a0c.ProductionManager - INFO - StartState: WaitforNewOrder
05/26/2023 10:08:36 AM - https://dlr.de/mo/aas/74b8199bff764b60a1ed8986a0399a0c.ProductionManager - INFO - OutputDocumentType : NA
05/26/2023 10:08:36 AM - https://dlr.de/mo/aas/74b8199bff764b60a1ed8986a0399a0c.ProductionManager - INFO - 
 #############################################################################
05/26/2023 10:08:36 AM - https://dlr.de/mo/aas/74b8199bff764b60a1ed8986a0399a0c.ProductionManager - INFO - StartState: retrieveProductionStepSeq
05/26/2023 10:08:36 AM - https://dlr.de/mo/aas/74b8199bff764b60a1ed8986a0399a0c.ProductionManager - INFO - OutputDocumentType : NA
05/26/2023 10:08:36 AM - https://dlr.de/mo/aas/74b8199bff764b60a1ed8986a0399a0c.ProductionManager - INFO - 
 #############################################################################
05/26/2023 10:08:36 AM - https://dlr.de/mo/aas/74b8199bff764b60a1ed8986a0399a0c.ProductionManager - INFO - StartState: excProductionStepSeq
05/26/2023 10:09:37 AM - https://dlr.de/mo/aas/74b8199bff764b60a1ed8986a0399a0c.ProductionManager - INFO - 
 #############################################################################
05/26/2023 10:09:37 AM - https://dlr.de/mo/aas/74b8199bff764b60a1ed8986a0399a0c.ProductionManager - INFO - StartState: WaitforNewOrder
05/26/2023 10:09:52 AM - https://dlr.de/mo/aas/74b8199bff764b60a1ed8986a0399a0c.ProductionManager - INFO - 
 #############################################################################
05/26/2023 10:09:52 AM - https://dlr.de/mo/aas/74b8199bff764b60a1ed8986a0399a0c.ProductionManager - INFO - StartState: WaitforNewOrder
05/26/2023 10:12:25 AM - https://dlr.de/mo/aas/74b8199bff764b60a1ed8986a0399a0c.ProductionManager - INFO - 
 #############################################################################
05/26/2023 10:12:25 AM - https://dlr.de/mo/aas/74b8199bff764b60a1ed8986a0399a0c.ProductionManager - INFO - StartState: WaitforNewOrder
05/26/2023 10:12:33 AM - https://dlr.de/mo/aas/74b8199bff764b60a1ed8986a0399a0c.ProductionManager - INFO - OutputDocumentType : NA
05/26/2023 10:12:33 AM - https://dlr.de/mo/aas/74b8199bff764b60a1ed8986a0399a0c.ProductionManager - INFO - 
 #############################################################################
05/26/2023 10:12:33 AM - https://dlr.de/mo/aas/74b8199bff764b60a1ed8986a0399a0c.ProductionManager - INFO - StartState: retrieveProductionStepSeq
05/26/2023 10:12:33 AM - https://dlr.de/mo/aas/74b8199bff764b60a1ed8986a0399a0c.ProductionManager - INFO - OutputDocumentType : NA
05/26/2023 10:12:33 AM - https://dlr.de/mo/aas/74b8199bff764b60a1ed8986a0399a0c.ProductionManager - INFO - 
 #############################################################################
05/26/2023 10:12:33 AM - https://dlr.de/mo/aas/74b8199bff764b60a1ed8986a0399a0c.ProductionManager - INFO - StartState: excProductionStepSeq
05/26/2023 10:12:33 AM - https://dlr.de/mo/aas/74b8199bff764b60a1ed8986a0399a0c.ProductionManager - INFO - OutputDocumentType : NA
05/26/2023 10:12:33 AM - https://dlr.de/mo/aas/74b8199bff764b60a1ed8986a0399a0c.ProductionManager - INFO - 
 #############################################################################
05/26/2023 10:12:33 AM - https://dlr.de/mo/aas/74b8199bff764b60a1ed8986a0399a0c.ProductionManager - INFO - StartState: sendProductionStepOrder
05/26/2023 10:12:33 AM - https://dlr.de/mo/aas/74b8199bff764b60a1ed8986a0399a0c.ProductionManager - INFO - OutputDocumentType : Order
05/26/2023 10:13:15 AM - https://dlr.de/mo/aas/74b8199bff764b60a1ed8986a0399a0c.ProductionManager - INFO - 
 #############################################################################
05/26/2023 10:13:15 AM - https://dlr.de/mo/aas/74b8199bff764b60a1ed8986a0399a0c.ProductionManager - INFO - StartState: WaitforNewOrder
05/26/2023 10:13:32 AM - https://dlr.de/mo/aas/74b8199bff764b60a1ed8986a0399a0c.ProductionManager - INFO - OutputDocumentType : NA
05/26/2023 10:13:32 AM - https://dlr.de/mo/aas/74b8199bff764b60a1ed8986a0399a0c.ProductionManager - INFO - 
 #############################################################################
05/26/2023 10:13:32 AM - https://dlr.de/mo/aas/74b8199bff764b60a1ed8986a0399a0c.ProductionManager - INFO - StartState: retrieveProductionStepSeq
05/26/2023 10:13:32 AM - https://dlr.de/mo/aas/74b8199bff764b60a1ed8986a0399a0c.ProductionManager - INFO - OutputDocumentType : NA
05/26/2023 10:13:32 AM - https://dlr.de/mo/aas/74b8199bff764b60a1ed8986a0399a0c.ProductionManager - INFO - 
 #############################################################################
05/26/2023 10:13:32 AM - https://dlr.de/mo/aas/74b8199bff764b60a1ed8986a0399a0c.ProductionManager - INFO - StartState: excProductionStepSeq
05/26/2023 10:13:32 AM - https://dlr.de/mo/aas/74b8199bff764b60a1ed8986a0399a0c.ProductionManager - INFO - OutputDocumentType : NA
05/26/2023 10:13:32 AM - https://dlr.de/mo/aas/74b8199bff764b60a1ed8986a0399a0c.ProductionManager - INFO - 
 #############################################################################
05/26/2023 10:13:32 AM - https://dlr.de/mo/aas/74b8199bff764b60a1ed8986a0399a0c.ProductionManager - INFO - StartState: sendProductionStepOrder
05/26/2023 10:13:32 AM - https://dlr.de/mo/aas/74b8199bff764b60a1ed8986a0399a0c.ProductionManager - INFO - OutputDocumentType : Order
05/26/2023 10:14:36 AM - https://dlr.de/mo/aas/74b8199bff764b60a1ed8986a0399a0c.ProductionManager - INFO - 
 #############################################################################
05/26/2023 10:14:36 AM - https://dlr.de/mo/aas/74b8199bff764b60a1ed8986a0399a0c.ProductionManager - INFO - StartState: WaitforNewOrder
05/26/2023 10:14:51 AM - https://dlr.de/mo/aas/74b8199bff764b60a1ed8986a0399a0c.ProductionManager - INFO - OutputDocumentType : NA
05/26/2023 10:14:51 AM - https://dlr.de/mo/aas/74b8199bff764b60a1ed8986a0399a0c.ProductionManager - INFO - 
 #############################################################################
05/26/2023 10:14:51 AM - https://dlr.de/mo/aas/74b8199bff764b60a1ed8986a0399a0c.ProductionManager - INFO - StartState: retrieveProductionStepSeq
05/26/2023 10:14:51 AM - https://dlr.de/mo/aas/74b8199bff764b60a1ed8986a0399a0c.ProductionManager - INFO - OutputDocumentType : NA
05/26/2023 10:14:51 AM - https://dlr.de/mo/aas/74b8199bff764b60a1ed8986a0399a0c.ProductionManager - INFO - 
 #############################################################################
05/26/2023 10:14:51 AM - https://dlr.de/mo/aas/74b8199bff764b60a1ed8986a0399a0c.ProductionManager - INFO - StartState: excProductionStepSeq
05/26/2023 10:14:51 AM - https://dlr.de/mo/aas/74b8199bff764b60a1ed8986a0399a0c.ProductionManager - INFO - OutputDocumentType : NA
05/26/2023 10:14:51 AM - https://dlr.de/mo/aas/74b8199bff764b60a1ed8986a0399a0c.ProductionManager - INFO - 
 #############################################################################
05/26/2023 10:14:51 AM - https://dlr.de/mo/aas/74b8199bff764b60a1ed8986a0399a0c.ProductionManager - INFO - StartState: sendProductionStepOrder
05/26/2023 10:14:51 AM - https://dlr.de/mo/aas/74b8199bff764b60a1ed8986a0399a0c.ProductionManager - INFO - OutputDocumentType : Order
05/26/2023 10:28:30 AM - https://dlr.de/mo/aas/74b8199bff764b60a1ed8986a0399a0c.ProductionManager - INFO - 
 #############################################################################
05/26/2023 10:28:30 AM - https://dlr.de/mo/aas/74b8199bff764b60a1ed8986a0399a0c.ProductionManager - INFO - StartState: WaitforNewOrder
05/26/2023 10:28:41 AM - https://dlr.de/mo/aas/74b8199bff764b60a1ed8986a0399a0c.ProductionManager - INFO - OutputDocumentType : NA
05/26/2023 10:28:41 AM - https://dlr.de/mo/aas/74b8199bff764b60a1ed8986a0399a0c.ProductionManager - INFO - 
 #############################################################################
05/26/2023 10:28:41 AM - https://dlr.de/mo/aas/74b8199bff764b60a1ed8986a0399a0c.ProductionManager - INFO - StartState: retrieveProductionStepSeq
05/26/2023 10:28:41 AM - https://dlr.de/mo/aas/74b8199bff764b60a1ed8986a0399a0c.ProductionManager - INFO - OutputDocumentType : NA
05/26/2023 10:28:41 AM - https://dlr.de/mo/aas/74b8199bff764b60a1ed8986a0399a0c.ProductionManager - INFO - 
 #############################################################################
05/26/2023 10:28:41 AM - https://dlr.de/mo/aas/74b8199bff764b60a1ed8986a0399a0c.ProductionManager - INFO - StartState: excProductionStepSeq
05/26/2023 10:28:41 AM - https://dlr.de/mo/aas/74b8199bff764b60a1ed8986a0399a0c.ProductionManager - INFO - OutputDocumentType : NA
05/26/2023 10:28:41 AM - https://dlr.de/mo/aas/74b8199bff764b60a1ed8986a0399a0c.ProductionManager - INFO - 
 #############################################################################
05/26/2023 10:28:41 AM - https://dlr.de/mo/aas/74b8199bff764b60a1ed8986a0399a0c.ProductionManager - INFO - StartState: sendProductionStepOrder
05/26/2023 10:28:41 AM - https://dlr.de/mo/aas/74b8199bff764b60a1ed8986a0399a0c.ProductionManager - INFO - OutputDocumentType : Order
05/26/2023 10:29:09 AM - https://dlr.de/mo/aas/74b8199bff764b60a1ed8986a0399a0c.ProductionManager - INFO - 
 #############################################################################
05/26/2023 10:29:09 AM - https://dlr.de/mo/aas/74b8199bff764b60a1ed8986a0399a0c.ProductionManager - INFO - StartState: WaitforNewOrder
05/26/2023 10:29:20 AM - https://dlr.de/mo/aas/74b8199bff764b60a1ed8986a0399a0c.ProductionManager - INFO - OutputDocumentType : NA
05/26/2023 10:29:20 AM - https://dlr.de/mo/aas/74b8199bff764b60a1ed8986a0399a0c.ProductionManager - INFO - 
 #############################################################################
05/26/2023 10:29:20 AM - https://dlr.de/mo/aas/74b8199bff764b60a1ed8986a0399a0c.ProductionManager - INFO - StartState: retrieveProductionStepSeq
05/26/2023 10:29:20 AM - https://dlr.de/mo/aas/74b8199bff764b60a1ed8986a0399a0c.ProductionManager - INFO - OutputDocumentType : NA
05/26/2023 10:29:20 AM - https://dlr.de/mo/aas/74b8199bff764b60a1ed8986a0399a0c.ProductionManager - INFO - 
 #############################################################################
05/26/2023 10:29:20 AM - https://dlr.de/mo/aas/74b8199bff764b60a1ed8986a0399a0c.ProductionManager - INFO - StartState: excProductionStepSeq
05/26/2023 10:29:20 AM - https://dlr.de/mo/aas/74b8199bff764b60a1ed8986a0399a0c.ProductionManager - INFO - OutputDocumentType : NA
05/26/2023 10:29:20 AM - https://dlr.de/mo/aas/74b8199bff764b60a1ed8986a0399a0c.ProductionManager - INFO - 
 #############################################################################
05/26/2023 10:29:20 AM - https://dlr.de/mo/aas/74b8199bff764b60a1ed8986a0399a0c.ProductionManager - INFO - StartState: sendProductionStepOrder
05/26/2023 10:29:20 AM - https://dlr.de/mo/aas/74b8199bff764b60a1ed8986a0399a0c.ProductionManager - INFO - OutputDocumentType : Order
05/26/2023 10:29:48 AM - https://dlr.de/mo/aas/74b8199bff764b60a1ed8986a0399a0c.ProductionManager - INFO - 
 #############################################################################
05/26/2023 10:29:48 AM - https://dlr.de/mo/aas/74b8199bff764b60a1ed8986a0399a0c.ProductionManager - INFO - StartState: WaitforNewOrder
05/26/2023 10:29:56 AM - https://dlr.de/mo/aas/74b8199bff764b60a1ed8986a0399a0c.ProductionManager - INFO - OutputDocumentType : NA
05/26/2023 10:29:56 AM - https://dlr.de/mo/aas/74b8199bff764b60a1ed8986a0399a0c.ProductionManager - INFO - 
 #############################################################################
05/26/2023 10:29:56 AM - https://dlr.de/mo/aas/74b8199bff764b60a1ed8986a0399a0c.ProductionManager - INFO - StartState: retrieveProductionStepSeq
05/26/2023 10:29:56 AM - https://dlr.de/mo/aas/74b8199bff764b60a1ed8986a0399a0c.ProductionManager - INFO - OutputDocumentType : NA
05/26/2023 10:29:56 AM - https://dlr.de/mo/aas/74b8199bff764b60a1ed8986a0399a0c.ProductionManager - INFO - 
 #############################################################################
05/26/2023 10:29:56 AM - https://dlr.de/mo/aas/74b8199bff764b60a1ed8986a0399a0c.ProductionManager - INFO - StartState: excProductionStepSeq
05/26/2023 10:29:56 AM - https://dlr.de/mo/aas/74b8199bff764b60a1ed8986a0399a0c.ProductionManager - INFO - OutputDocumentType : NA
05/26/2023 10:29:56 AM - https://dlr.de/mo/aas/74b8199bff764b60a1ed8986a0399a0c.ProductionManager - INFO - 
 #############################################################################
05/26/2023 10:29:56 AM - https://dlr.de/mo/aas/74b8199bff764b60a1ed8986a0399a0c.ProductionManager - INFO - StartState: sendProductionStepOrder
05/26/2023 10:29:56 AM - https://dlr.de/mo/aas/74b8199bff764b60a1ed8986a0399a0c.ProductionManager - INFO - OutputDocumentType : Order
05/26/2023 10:30:07 AM - https://dlr.de/mo/aas/74b8199bff764b60a1ed8986a0399a0c.ProductionManager - INFO - 
 #############################################################################
05/26/2023 10:30:07 AM - https://dlr.de/mo/aas/74b8199bff764b60a1ed8986a0399a0c.ProductionManager - INFO - StartState: WaitforNewOrder
05/26/2023 10:30:35 AM - https://dlr.de/mo/aas/74b8199bff764b60a1ed8986a0399a0c.ProductionManager - INFO - OutputDocumentType : NA
05/26/2023 10:30:35 AM - https://dlr.de/mo/aas/74b8199bff764b60a1ed8986a0399a0c.ProductionManager - INFO - 
 #############################################################################
05/26/2023 10:30:35 AM - https://dlr.de/mo/aas/74b8199bff764b60a1ed8986a0399a0c.ProductionManager - INFO - StartState: retrieveProductionStepSeq
05/26/2023 10:30:35 AM - https://dlr.de/mo/aas/74b8199bff764b60a1ed8986a0399a0c.ProductionManager - INFO - OutputDocumentType : NA
05/26/2023 10:30:35 AM - https://dlr.de/mo/aas/74b8199bff764b60a1ed8986a0399a0c.ProductionManager - INFO - 
 #############################################################################
05/26/2023 10:30:35 AM - https://dlr.de/mo/aas/74b8199bff764b60a1ed8986a0399a0c.ProductionManager - INFO - StartState: excProductionStepSeq
05/26/2023 10:30:35 AM - https://dlr.de/mo/aas/74b8199bff764b60a1ed8986a0399a0c.ProductionManager - INFO - OutputDocumentType : NA
05/26/2023 10:30:35 AM - https://dlr.de/mo/aas/74b8199bff764b60a1ed8986a0399a0c.ProductionManager - INFO - 
 #############################################################################
05/26/2023 10:30:35 AM - https://dlr.de/mo/aas/74b8199bff764b60a1ed8986a0399a0c.ProductionManager - INFO - StartState: sendProductionStepOrder
05/26/2023 10:30:35 AM - https://dlr.de/mo/aas/74b8199bff764b60a1ed8986a0399a0c.ProductionManager - INFO - OutputDocumentType : Order
05/26/2023 10:30:52 AM - https://dlr.de/mo/aas/74b8199bff764b60a1ed8986a0399a0c.ProductionManager - INFO - 
 #############################################################################
05/26/2023 10:30:52 AM - https://dlr.de/mo/aas/74b8199bff764b60a1ed8986a0399a0c.ProductionManager - INFO - StartState: WaitforNewOrder
05/26/2023 10:31:12 AM - https://dlr.de/mo/aas/74b8199bff764b60a1ed8986a0399a0c.ProductionManager - INFO - OutputDocumentType : NA
05/26/2023 10:31:12 AM - https://dlr.de/mo/aas/74b8199bff764b60a1ed8986a0399a0c.ProductionManager - INFO - 
 #############################################################################
05/26/2023 10:31:12 AM - https://dlr.de/mo/aas/74b8199bff764b60a1ed8986a0399a0c.ProductionManager - INFO - StartState: retrieveProductionStepSeq
05/26/2023 10:31:12 AM - https://dlr.de/mo/aas/74b8199bff764b60a1ed8986a0399a0c.ProductionManager - INFO - OutputDocumentType : NA
05/26/2023 10:31:12 AM - https://dlr.de/mo/aas/74b8199bff764b60a1ed8986a0399a0c.ProductionManager - INFO - 
 #############################################################################
05/26/2023 10:31:12 AM - https://dlr.de/mo/aas/74b8199bff764b60a1ed8986a0399a0c.ProductionManager - INFO - StartState: excProductionStepSeq
05/26/2023 10:31:12 AM - https://dlr.de/mo/aas/74b8199bff764b60a1ed8986a0399a0c.ProductionManager - INFO - OutputDocumentType : NA
05/26/2023 10:31:12 AM - https://dlr.de/mo/aas/74b8199bff764b60a1ed8986a0399a0c.ProductionManager - INFO - 
 #############################################################################
05/26/2023 10:31:12 AM - https://dlr.de/mo/aas/74b8199bff764b60a1ed8986a0399a0c.ProductionManager - INFO - StartState: sendProductionStepOrder
05/26/2023 10:31:12 AM - https://dlr.de/mo/aas/74b8199bff764b60a1ed8986a0399a0c.ProductionManager - INFO - OutputDocumentType : Order
05/26/2023 10:31:12 AM - https://dlr.de/mo/aas/74b8199bff764b60a1ed8986a0399a0c.ProductionManager - INFO - 
 #############################################################################
05/26/2023 10:31:12 AM - https://dlr.de/mo/aas/74b8199bff764b60a1ed8986a0399a0c.ProductionManager - INFO - StartState: waitforStepOrderCompletion
05/26/2023 10:42:34 AM - https://dlr.de/mo/aas/74b8199bff764b60a1ed8986a0399a0c.ProductionManager - INFO - 
 #############################################################################
05/26/2023 10:42:34 AM - https://dlr.de/mo/aas/74b8199bff764b60a1ed8986a0399a0c.ProductionManager - INFO - StartState: WaitforNewOrder
05/26/2023 04:02:43 PM - https://dlr.de/mo/aas/74b8199bff764b60a1ed8986a0399a0c.ProductionManager - INFO - 
 #############################################################################
05/26/2023 04:02:43 PM - https://dlr.de/mo/aas/74b8199bff764b60a1ed8986a0399a0c.ProductionManager - INFO - StartState: WaitforNewOrder
