04/12/2023 11:57:24 AM - f73957a0-fd22-4310-92e9-d2a91a682924_Register - INFO - 
 #############################################################################
04/12/2023 11:57:24 AM - f73957a0-fd22-4310-92e9-d2a91a682924_Register - INFO - StartState: WaitforNewOrder
04/12/2023 11:57:24 AM - f73957a0-fd22-4310-92e9-d2a91a682924_Register - INFO - InputDocument : Order
04/12/2023 12:05:20 PM - 7387ab1c-3630-4687-94b7-40c0e095bd1c_Register - INFO - 
 #############################################################################
04/12/2023 12:05:20 PM - 7387ab1c-3630-4687-94b7-40c0e095bd1c_Register - INFO - StartState: WaitforNewOrder
04/12/2023 12:05:20 PM - 7387ab1c-3630-4687-94b7-40c0e095bd1c_Register - INFO - InputDocument : Order
04/12/2023 12:08:33 PM - f9f9ce36-47cc-4590-9af2-8582da39210c_Register - INFO - 
 #############################################################################
04/12/2023 12:08:33 PM - f9f9ce36-47cc-4590-9af2-8582da39210c_Register - INFO - StartState: WaitforNewOrder
04/12/2023 12:08:33 PM - f9f9ce36-47cc-4590-9af2-8582da39210c_Register - INFO - InputDocument : Order
04/12/2023 12:18:21 PM - d92f15a8-bc60-48b2-99b9-9e6a7ea778a9_Register - INFO - 
 #############################################################################
04/12/2023 12:18:21 PM - d92f15a8-bc60-48b2-99b9-9e6a7ea778a9_Register - INFO - StartState: WaitforNewOrder
04/12/2023 12:18:21 PM - d92f15a8-bc60-48b2-99b9-9e6a7ea778a9_Register - INFO - InputDocument : Order
04/12/2023 12:20:57 PM - c38762e3-288a-4390-97e0-6094414f9de1_Register - INFO - 
 #############################################################################
04/12/2023 12:20:57 PM - c38762e3-288a-4390-97e0-6094414f9de1_Register - INFO - StartState: WaitforNewOrder
04/12/2023 12:20:57 PM - c38762e3-288a-4390-97e0-6094414f9de1_Register - INFO - InputDocument : Order
04/12/2023 12:22:13 PM - 24bdbf51-d20b-4622-8302-48c8986cff36_Register - INFO - 
 #############################################################################
04/12/2023 12:22:13 PM - 24bdbf51-d20b-4622-8302-48c8986cff36_Register - INFO - StartState: WaitforNewOrder
04/12/2023 12:22:13 PM - 24bdbf51-d20b-4622-8302-48c8986cff36_Register - INFO - InputDocument : Order
04/12/2023 12:24:04 PM - b432a787-bac1-4a43-9a95-9a646adcbe03_Register - INFO - 
 #############################################################################
04/12/2023 12:24:04 PM - b432a787-bac1-4a43-9a95-9a646adcbe03_Register - INFO - StartState: WaitforNewOrder
04/12/2023 12:24:04 PM - b432a787-bac1-4a43-9a95-9a646adcbe03_Register - INFO - InputDocument : Order
04/12/2023 12:41:41 PM - 07b99981-e5e1-4e7f-b578-0b92d7531f76_Register - INFO - 
 #############################################################################
04/12/2023 12:41:41 PM - 07b99981-e5e1-4e7f-b578-0b92d7531f76_Register - INFO - StartState: WaitforNewOrder
04/12/2023 12:41:41 PM - 07b99981-e5e1-4e7f-b578-0b92d7531f76_Register - INFO - InputDocument : Order
04/12/2023 12:46:52 PM - 9dec76be-2bed-470e-a931-1ecad8127bbe_Register - INFO - 
 #############################################################################
04/12/2023 12:46:52 PM - 9dec76be-2bed-470e-a931-1ecad8127bbe_Register - INFO - StartState: WaitforNewOrder
04/12/2023 12:46:52 PM - 9dec76be-2bed-470e-a931-1ecad8127bbe_Register - INFO - InputDocument : Order
04/12/2023 12:48:19 PM - 4c4502f6-313d-412e-a90d-ae42ee51561d_Register - INFO - 
 #############################################################################
04/12/2023 12:48:19 PM - 4c4502f6-313d-412e-a90d-ae42ee51561d_Register - INFO - StartState: WaitforNewOrder
04/12/2023 12:48:19 PM - 4c4502f6-313d-412e-a90d-ae42ee51561d_Register - INFO - InputDocument : Order
04/12/2023 12:53:31 PM - 51270f26-8fc2-4021-9f63-ff738a58b54d_Register - INFO - 
 #############################################################################
04/12/2023 12:53:31 PM - 51270f26-8fc2-4021-9f63-ff738a58b54d_Register - INFO - StartState: WaitforNewOrder
04/12/2023 12:53:31 PM - 51270f26-8fc2-4021-9f63-ff738a58b54d_Register - INFO - InputDocument : Order
04/12/2023 12:55:46 PM - 2ecc68e6-851b-4873-8516-9d9bd419eb94_Register - INFO - 
 #############################################################################
04/12/2023 12:55:46 PM - 2ecc68e6-851b-4873-8516-9d9bd419eb94_Register - INFO - StartState: WaitforNewOrder
04/12/2023 12:55:46 PM - 2ecc68e6-851b-4873-8516-9d9bd419eb94_Register - INFO - InputDocument : Order
04/12/2023 12:57:53 PM - 72b675f4-5b35-4432-bb81-ca569f289885_Register - INFO - 
 #############################################################################
04/12/2023 12:57:53 PM - 72b675f4-5b35-4432-bb81-ca569f289885_Register - INFO - StartState: WaitforNewOrder
04/12/2023 12:57:53 PM - 72b675f4-5b35-4432-bb81-ca569f289885_Register - INFO - InputDocument : Order
04/12/2023 01:05:00 PM - 42bcb51d-7695-473c-aa2a-91472f37d04b_Register - INFO - 
 #############################################################################
04/12/2023 01:05:00 PM - 42bcb51d-7695-473c-aa2a-91472f37d04b_Register - INFO - StartState: WaitforNewOrder
04/12/2023 01:05:00 PM - 42bcb51d-7695-473c-aa2a-91472f37d04b_Register - INFO - InputDocument : Order
04/12/2023 01:15:47 PM - 69e5025e-bdcb-46ad-977d-003fcf082714_Register - INFO - 
 #############################################################################
04/12/2023 01:15:47 PM - 69e5025e-bdcb-46ad-977d-003fcf082714_Register - INFO - StartState: WaitforNewOrder
04/12/2023 01:15:47 PM - 69e5025e-bdcb-46ad-977d-003fcf082714_Register - INFO - InputDocument : Order
04/12/2023 05:53:33 PM - c4a5fe2d-7c89-4373-b816-323f9004bf77_Register - INFO - 
 #############################################################################
04/12/2023 05:53:33 PM - c4a5fe2d-7c89-4373-b816-323f9004bf77_Register - INFO - StartState: WaitforNewOrder
04/12/2023 05:53:33 PM - c4a5fe2d-7c89-4373-b816-323f9004bf77_Register - INFO - InputDocument : Order
