04/05/2023 09:35:20 PM - https://ovgu.de/aas/product_live.BoringRequester - INFO - 
 #############################################################################
04/05/2023 09:35:20 PM - https://ovgu.de/aas/product_live.BoringRequester - INFO - StartState: WaitforNewOrder
04/05/2023 09:35:20 PM - https://ovgu.de/aas/product_live.BoringRequester - INFO - InputDocument : Order
04/05/2023 09:38:02 PM - https://ovgu.de/aas/product_live.BoringRequester - INFO - 
 #############################################################################
04/05/2023 09:38:02 PM - https://ovgu.de/aas/product_live.BoringRequester - INFO - StartState: WaitforNewOrder
04/05/2023 09:38:02 PM - https://ovgu.de/aas/product_live.BoringRequester - INFO - InputDocument : Order
04/05/2023 09:40:14 PM - https://ovgu.de/aas/product_live.BoringRequester - INFO - 
 #############################################################################
04/05/2023 09:40:14 PM - https://ovgu.de/aas/product_live.BoringRequester - INFO - StartState: WaitforNewOrder
04/05/2023 09:40:14 PM - https://ovgu.de/aas/product_live.BoringRequester - INFO - InputDocument : Order
04/05/2023 10:02:09 PM - https://ovgu.de/aas/product_live.BoringRequester - INFO - 
 #############################################################################
04/05/2023 10:02:09 PM - https://ovgu.de/aas/product_live.BoringRequester - INFO - StartState: WaitforNewOrder
04/05/2023 10:02:09 PM - https://ovgu.de/aas/product_live.BoringRequester - INFO - InputDocument : Order
04/05/2023 10:02:17 PM - https://ovgu.de/aas/product_live.BoringRequester - INFO - 
 #############################################################################
04/05/2023 10:02:17 PM - https://ovgu.de/aas/product_live.BoringRequester - INFO - StartState: WaitforNewOrder
04/05/2023 10:02:17 PM - https://ovgu.de/aas/product_live.BoringRequester - INFO - InputDocument : Order
04/05/2023 10:03:02 PM - https://ovgu.de/aas/product_live.BoringRequester - INFO - 
 #############################################################################
04/05/2023 10:03:02 PM - https://ovgu.de/aas/product_live.BoringRequester - INFO - StartState: WaitforNewOrder
04/05/2023 10:03:02 PM - https://ovgu.de/aas/product_live.BoringRequester - INFO - InputDocument : Order
04/05/2023 10:27:19 PM - https://ovgu.de/aas/product_live.BoringRequester - INFO - 
 #############################################################################
04/05/2023 10:27:19 PM - https://ovgu.de/aas/product_live.BoringRequester - INFO - StartState: WaitforNewOrder
04/05/2023 10:27:19 PM - https://ovgu.de/aas/product_live.BoringRequester - INFO - InputDocument : Order
04/05/2023 10:29:25 PM - https://ovgu.de/aas/product_live.BoringRequester - INFO - 
 #############################################################################
04/05/2023 10:29:25 PM - https://ovgu.de/aas/product_live.BoringRequester - INFO - StartState: WaitforNewOrder
04/05/2023 10:29:25 PM - https://ovgu.de/aas/product_live.BoringRequester - INFO - InputDocument : Order
04/05/2023 10:42:43 PM - https://ovgu.de/aas/product_live.BoringRequester - INFO - 
 #############################################################################
04/05/2023 10:42:43 PM - https://ovgu.de/aas/product_live.BoringRequester - INFO - StartState: WaitforNewOrder
04/05/2023 10:42:43 PM - https://ovgu.de/aas/product_live.BoringRequester - INFO - InputDocument : Order
04/05/2023 10:43:52 PM - https://ovgu.de/aas/product_live.BoringRequester - INFO - 
 #############################################################################
04/05/2023 10:43:52 PM - https://ovgu.de/aas/product_live.BoringRequester - INFO - StartState: WaitforNewOrder
04/05/2023 10:43:52 PM - https://ovgu.de/aas/product_live.BoringRequester - INFO - InputDocument : Order
04/05/2023 10:46:49 PM - https://ovgu.de/aas/product_live.BoringRequester - INFO - 
 #############################################################################
04/05/2023 10:46:49 PM - https://ovgu.de/aas/product_live.BoringRequester - INFO - StartState: WaitforNewOrder
04/05/2023 10:46:49 PM - https://ovgu.de/aas/product_live.BoringRequester - INFO - InputDocument : Order
04/05/2023 10:52:29 PM - https://ovgu.de/aas/product_live.BoringRequester - INFO - 
 #############################################################################
04/05/2023 10:52:29 PM - https://ovgu.de/aas/product_live.BoringRequester - INFO - StartState: WaitforNewOrder
04/05/2023 10:52:30 PM - https://ovgu.de/aas/product_live.BoringRequester - INFO - InputDocument : Order
04/05/2023 10:53:10 PM - https://ovgu.de/aas/product_live.BoringRequester - INFO - OutputDocumentType : NA
04/05/2023 10:53:10 PM - https://ovgu.de/aas/product_live.BoringRequester - INFO - Condition :-
04/05/2023 10:53:10 PM - https://ovgu.de/aas/product_live.BoringRequester - INFO - TargettState: cfpConfiguration
04/05/2023 10:53:10 PM - https://ovgu.de/aas/product_live.BoringRequester - INFO - ############################################################################# 

04/05/2023 10:53:10 PM - https://ovgu.de/aas/product_live.BoringRequester - INFO - 
 #############################################################################
04/05/2023 10:53:10 PM - https://ovgu.de/aas/product_live.BoringRequester - INFO - StartState: cfpConfiguration
04/05/2023 10:53:10 PM - https://ovgu.de/aas/product_live.BoringRequester - INFO - InputDocument : NA
04/05/2023 10:53:10 PM - https://ovgu.de/aas/product_live.BoringRequester - INFO - OutputDocumentType : NA
04/05/2023 10:53:10 PM - https://ovgu.de/aas/product_live.BoringRequester - INFO - Condition :-
04/05/2023 10:53:11 PM - https://ovgu.de/aas/product_live.BoringRequester - INFO - TargettState: sendCompletionResponse
04/05/2023 10:53:11 PM - https://ovgu.de/aas/product_live.BoringRequester - INFO - ############################################################################# 

04/05/2023 10:53:11 PM - https://ovgu.de/aas/product_live.BoringRequester - INFO - 
 #############################################################################
04/05/2023 10:53:11 PM - https://ovgu.de/aas/product_live.BoringRequester - INFO - StartState: sendCompletionResponse
04/05/2023 10:53:11 PM - https://ovgu.de/aas/product_live.BoringRequester - INFO - InputDocument : NA
04/05/2023 10:53:11 PM - https://ovgu.de/aas/product_live.BoringRequester - INFO - OutputDocumentType : OrderStatus
04/05/2023 10:53:11 PM - https://ovgu.de/aas/product_live.BoringRequester - INFO - Condition :-
04/05/2023 10:53:11 PM - https://ovgu.de/aas/product_live.BoringRequester - INFO - TargettState: WaitforNewOrder
04/05/2023 10:53:11 PM - https://ovgu.de/aas/product_live.BoringRequester - INFO - ############################################################################# 

04/05/2023 10:53:11 PM - https://ovgu.de/aas/product_live.BoringRequester - INFO - 
 #############################################################################
04/05/2023 10:53:11 PM - https://ovgu.de/aas/product_live.BoringRequester - INFO - StartState: WaitforNewOrder
04/05/2023 10:53:11 PM - https://ovgu.de/aas/product_live.BoringRequester - INFO - InputDocument : Order
04/05/2023 10:54:34 PM - https://ovgu.de/aas/product_live.BoringRequester - INFO - 
 #############################################################################
04/05/2023 10:54:34 PM - https://ovgu.de/aas/product_live.BoringRequester - INFO - StartState: WaitforNewOrder
04/05/2023 10:54:34 PM - https://ovgu.de/aas/product_live.BoringRequester - INFO - InputDocument : Order
04/05/2023 10:56:54 PM - https://ovgu.de/aas/product_live.BoringRequester - INFO - 
 #############################################################################
04/05/2023 10:56:54 PM - https://ovgu.de/aas/product_live.BoringRequester - INFO - StartState: WaitforNewOrder
04/05/2023 10:56:54 PM - https://ovgu.de/aas/product_live.BoringRequester - INFO - InputDocument : Order
04/05/2023 11:16:38 PM - https://ovgu.de/aas/product_live.BoringRequester - INFO - 
 #############################################################################
04/05/2023 11:16:38 PM - https://ovgu.de/aas/product_live.BoringRequester - INFO - StartState: WaitforNewOrder
04/05/2023 11:16:38 PM - https://ovgu.de/aas/product_live.BoringRequester - INFO - InputDocument : Order
04/05/2023 11:30:10 PM - https://ovgu.de/aas/product_live.BoringRequester - INFO - 
 #############################################################################
04/05/2023 11:30:10 PM - https://ovgu.de/aas/product_live.BoringRequester - INFO - StartState: WaitforNewOrder
04/05/2023 11:30:10 PM - https://ovgu.de/aas/product_live.BoringRequester - INFO - InputDocument : Order
04/05/2023 11:33:06 PM - https://ovgu.de/aas/product_live.BoringRequester - INFO - 
 #############################################################################
04/05/2023 11:33:06 PM - https://ovgu.de/aas/product_live.BoringRequester - INFO - StartState: WaitforNewOrder
04/05/2023 11:33:06 PM - https://ovgu.de/aas/product_live.BoringRequester - INFO - InputDocument : Order
04/06/2023 12:00:19 AM - https://ovgu.de/aas/product_live.BoringRequester - INFO - 
 #############################################################################
04/06/2023 12:00:19 AM - https://ovgu.de/aas/product_live.BoringRequester - INFO - StartState: WaitforNewOrder
04/06/2023 12:00:19 AM - https://ovgu.de/aas/product_live.BoringRequester - INFO - InputDocument : Order
04/06/2023 12:00:26 AM - https://ovgu.de/aas/product_live.BoringRequester - INFO - 
 #############################################################################
04/06/2023 12:00:26 AM - https://ovgu.de/aas/product_live.BoringRequester - INFO - StartState: WaitforNewOrder
04/06/2023 12:00:26 AM - https://ovgu.de/aas/product_live.BoringRequester - INFO - InputDocument : Order
04/06/2023 12:08:02 AM - https://ovgu.de/aas/product_live.BoringRequester - INFO - 
 #############################################################################
04/06/2023 12:08:02 AM - https://ovgu.de/aas/product_live.BoringRequester - INFO - StartState: WaitforNewOrder
04/06/2023 12:08:02 AM - https://ovgu.de/aas/product_live.BoringRequester - INFO - InputDocument : Order
