04/12/2023 11:57:24 AM - 2ebaf99b-c387-4557-b5f6-b847ef4de5b1_Register - INFO - 
 #############################################################################
04/12/2023 11:57:24 AM - 2ebaf99b-c387-4557-b5f6-b847ef4de5b1_Register - INFO - StartState: WaitforNewOrder
04/12/2023 11:57:24 AM - 2ebaf99b-c387-4557-b5f6-b847ef4de5b1_Register - INFO - InputDocument : Order
04/12/2023 12:05:20 PM - c660e308-c2e4-4526-9be8-db21274f6a58_Register - INFO - 
 #############################################################################
04/12/2023 12:05:20 PM - c660e308-c2e4-4526-9be8-db21274f6a58_Register - INFO - StartState: WaitforNewOrder
04/12/2023 12:05:20 PM - c660e308-c2e4-4526-9be8-db21274f6a58_Register - INFO - InputDocument : Order
04/12/2023 12:08:33 PM - a47f3da5-790c-44f0-b05f-4b3fc490115b_Register - INFO - 
 #############################################################################
04/12/2023 12:08:33 PM - a47f3da5-790c-44f0-b05f-4b3fc490115b_Register - INFO - StartState: WaitforNewOrder
04/12/2023 12:08:33 PM - a47f3da5-790c-44f0-b05f-4b3fc490115b_Register - INFO - InputDocument : Order
04/12/2023 12:18:21 PM - d8b84674-255d-4194-bc7e-3e475e3fc1e9_Register - INFO - 
 #############################################################################
04/12/2023 12:18:21 PM - d8b84674-255d-4194-bc7e-3e475e3fc1e9_Register - INFO - StartState: WaitforNewOrder
04/12/2023 12:18:21 PM - d8b84674-255d-4194-bc7e-3e475e3fc1e9_Register - INFO - InputDocument : Order
04/12/2023 12:20:57 PM - ff1dfa84-47ad-44ac-aa57-8acacd97153c_Register - INFO - 
 #############################################################################
04/12/2023 12:20:57 PM - ff1dfa84-47ad-44ac-aa57-8acacd97153c_Register - INFO - StartState: WaitforNewOrder
04/12/2023 12:20:57 PM - ff1dfa84-47ad-44ac-aa57-8acacd97153c_Register - INFO - InputDocument : Order
04/12/2023 12:22:13 PM - 54dc4010-8d05-45e5-8760-afd68c8830c4_Register - INFO - 
 #############################################################################
04/12/2023 12:22:13 PM - 54dc4010-8d05-45e5-8760-afd68c8830c4_Register - INFO - StartState: WaitforNewOrder
04/12/2023 12:22:13 PM - 54dc4010-8d05-45e5-8760-afd68c8830c4_Register - INFO - InputDocument : Order
04/12/2023 12:24:04 PM - 0b66b08c-7669-4de7-a413-82804cd73e1c_Register - INFO - 
 #############################################################################
04/12/2023 12:24:04 PM - 0b66b08c-7669-4de7-a413-82804cd73e1c_Register - INFO - StartState: WaitforNewOrder
04/12/2023 12:24:04 PM - 0b66b08c-7669-4de7-a413-82804cd73e1c_Register - INFO - InputDocument : Order
04/12/2023 12:41:41 PM - e5190393-4e71-4e2a-bc95-33b0f78bde06_Register - INFO - 
 #############################################################################
04/12/2023 12:41:41 PM - e5190393-4e71-4e2a-bc95-33b0f78bde06_Register - INFO - StartState: WaitforNewOrder
04/12/2023 12:41:41 PM - e5190393-4e71-4e2a-bc95-33b0f78bde06_Register - INFO - InputDocument : Order
04/12/2023 12:46:52 PM - dadb935e-3d38-4cae-a948-a80599314305_Register - INFO - 
 #############################################################################
04/12/2023 12:46:52 PM - dadb935e-3d38-4cae-a948-a80599314305_Register - INFO - StartState: WaitforNewOrder
04/12/2023 12:46:52 PM - dadb935e-3d38-4cae-a948-a80599314305_Register - INFO - InputDocument : Order
04/12/2023 12:48:19 PM - 50a5a020-c65f-4f99-8367-98e004f68e6b_Register - INFO - 
 #############################################################################
04/12/2023 12:48:19 PM - 50a5a020-c65f-4f99-8367-98e004f68e6b_Register - INFO - StartState: WaitforNewOrder
04/12/2023 12:48:19 PM - 50a5a020-c65f-4f99-8367-98e004f68e6b_Register - INFO - InputDocument : Order
04/12/2023 12:53:31 PM - 913e3bb5-7786-4e55-a319-16e9fb92f7c9_Register - INFO - 
 #############################################################################
04/12/2023 12:53:31 PM - 913e3bb5-7786-4e55-a319-16e9fb92f7c9_Register - INFO - StartState: WaitforNewOrder
04/12/2023 12:53:31 PM - 913e3bb5-7786-4e55-a319-16e9fb92f7c9_Register - INFO - InputDocument : Order
04/12/2023 12:55:46 PM - 1c033015-2a4e-407c-81a8-6f1fe5647bf9_Register - INFO - 
 #############################################################################
04/12/2023 12:55:46 PM - 1c033015-2a4e-407c-81a8-6f1fe5647bf9_Register - INFO - StartState: WaitforNewOrder
04/12/2023 12:55:46 PM - 1c033015-2a4e-407c-81a8-6f1fe5647bf9_Register - INFO - InputDocument : Order
04/12/2023 12:57:53 PM - 8cf3d368-1703-42e1-be02-212189bd9bef_Register - INFO - 
 #############################################################################
04/12/2023 12:57:53 PM - 8cf3d368-1703-42e1-be02-212189bd9bef_Register - INFO - StartState: WaitforNewOrder
04/12/2023 12:57:53 PM - 8cf3d368-1703-42e1-be02-212189bd9bef_Register - INFO - InputDocument : Order
04/12/2023 01:05:00 PM - b523d6d5-2a68-456f-9aea-c5b2df2d007b_Register - INFO - 
 #############################################################################
04/12/2023 01:05:00 PM - b523d6d5-2a68-456f-9aea-c5b2df2d007b_Register - INFO - StartState: WaitforNewOrder
04/12/2023 01:05:00 PM - b523d6d5-2a68-456f-9aea-c5b2df2d007b_Register - INFO - InputDocument : Order
04/12/2023 01:15:47 PM - 691e8920-d831-4211-a32f-19dbe16c9639_Register - INFO - 
 #############################################################################
04/12/2023 01:15:47 PM - 691e8920-d831-4211-a32f-19dbe16c9639_Register - INFO - StartState: WaitforNewOrder
04/12/2023 01:15:47 PM - 691e8920-d831-4211-a32f-19dbe16c9639_Register - INFO - InputDocument : Order
04/12/2023 05:53:33 PM - 763bef8b-6b0e-4022-9a19-3a160ecc03b6_Register - INFO - 
 #############################################################################
04/12/2023 05:53:33 PM - 763bef8b-6b0e-4022-9a19-3a160ecc03b6_Register - INFO - StartState: WaitforNewOrder
04/12/2023 05:53:33 PM - 763bef8b-6b0e-4022-9a19-3a160ecc03b6_Register - INFO - InputDocument : Order
