04/06/2023 12:07:56 AM - https://ovgu.de/aas/boringprovider2_Live.BoringProvider2 - INFO - 
 #############################################################################
04/06/2023 12:07:56 AM - https://ovgu.de/aas/boringprovider2_Live.BoringProvider2 - INFO - StartState: WaitForCallForProposal
04/06/2023 12:07:56 AM - https://ovgu.de/aas/boringprovider2_Live.BoringProvider2 - INFO - InputDocument : callForProposal
04/06/2023 12:08:47 AM - https://ovgu.de/aas/boringprovider2_Live.BoringProvider2 - INFO - OutputDocumentType : NA
04/06/2023 12:08:47 AM - https://ovgu.de/aas/boringprovider2_Live.BoringProvider2 - INFO - Condition :-
04/06/2023 12:08:47 AM - https://ovgu.de/aas/boringprovider2_Live.BoringProvider2 - INFO - TargettState: capabilitycheck
04/06/2023 12:08:47 AM - https://ovgu.de/aas/boringprovider2_Live.BoringProvider2 - INFO - ############################################################################# 

04/06/2023 12:08:47 AM - https://ovgu.de/aas/boringprovider2_Live.BoringProvider2 - INFO - 
 #############################################################################
04/06/2023 12:08:47 AM - https://ovgu.de/aas/boringprovider2_Live.BoringProvider2 - INFO - StartState: capabilitycheck
04/06/2023 12:08:47 AM - https://ovgu.de/aas/boringprovider2_Live.BoringProvider2 - INFO - InputDocument : NA
04/06/2023 12:08:47 AM - https://ovgu.de/aas/boringprovider2_Live.BoringProvider2 - INFO - one of the property missinghoningDiameter
04/06/2023 12:08:47 AM - https://ovgu.de/aas/boringprovider2_Live.BoringProvider2 - INFO - OutputDocumentType : NA
04/06/2023 12:08:47 AM - https://ovgu.de/aas/boringprovider2_Live.BoringProvider2 - INFO - Condition :-
04/06/2023 12:08:47 AM - https://ovgu.de/aas/boringprovider2_Live.BoringProvider2 - INFO - TargettState: sendingNotUnderstood
04/06/2023 12:08:47 AM - https://ovgu.de/aas/boringprovider2_Live.BoringProvider2 - INFO - ############################################################################# 

04/06/2023 12:08:47 AM - https://ovgu.de/aas/boringprovider2_Live.BoringProvider2 - INFO - 
 #############################################################################
04/06/2023 12:08:47 AM - https://ovgu.de/aas/boringprovider2_Live.BoringProvider2 - INFO - StartState: sendingNotUnderstood
04/06/2023 12:08:47 AM - https://ovgu.de/aas/boringprovider2_Live.BoringProvider2 - INFO - InputDocument : NA
04/06/2023 12:08:47 AM - https://ovgu.de/aas/boringprovider2_Live.BoringProvider2 - INFO - OutputDocumentType : notUnderstood
04/06/2023 12:08:47 AM - https://ovgu.de/aas/boringprovider2_Live.BoringProvider2 - INFO - Condition :-
04/06/2023 12:08:47 AM - https://ovgu.de/aas/boringprovider2_Live.BoringProvider2 - INFO - TargettState: WaitForCallForProposal
04/06/2023 12:08:47 AM - https://ovgu.de/aas/boringprovider2_Live.BoringProvider2 - INFO - ############################################################################# 

04/06/2023 12:08:47 AM - https://ovgu.de/aas/boringprovider2_Live.BoringProvider2 - INFO - 
 #############################################################################
04/06/2023 12:08:47 AM - https://ovgu.de/aas/boringprovider2_Live.BoringProvider2 - INFO - StartState: WaitForCallForProposal
04/06/2023 12:08:47 AM - https://ovgu.de/aas/boringprovider2_Live.BoringProvider2 - INFO - InputDocument : callForProposal
04/06/2023 12:08:52 AM - https://ovgu.de/aas/boringprovider2_Live.BoringProvider2 - INFO - OutputDocumentType : NA
04/06/2023 12:08:52 AM - https://ovgu.de/aas/boringprovider2_Live.BoringProvider2 - INFO - Condition :-
04/06/2023 12:08:52 AM - https://ovgu.de/aas/boringprovider2_Live.BoringProvider2 - INFO - TargettState: capabilitycheck
04/06/2023 12:08:52 AM - https://ovgu.de/aas/boringprovider2_Live.BoringProvider2 - INFO - ############################################################################# 

04/06/2023 12:08:52 AM - https://ovgu.de/aas/boringprovider2_Live.BoringProvider2 - INFO - 
 #############################################################################
04/06/2023 12:08:52 AM - https://ovgu.de/aas/boringprovider2_Live.BoringProvider2 - INFO - StartState: capabilitycheck
04/06/2023 12:08:52 AM - https://ovgu.de/aas/boringprovider2_Live.BoringProvider2 - INFO - InputDocument : NA
04/06/2023 12:08:52 AM - https://ovgu.de/aas/boringprovider2_Live.BoringProvider2 - INFO - one of the property missingcurrentLocation
04/06/2023 12:08:52 AM - https://ovgu.de/aas/boringprovider2_Live.BoringProvider2 - INFO - OutputDocumentType : NA
04/06/2023 12:08:52 AM - https://ovgu.de/aas/boringprovider2_Live.BoringProvider2 - INFO - Condition :-
04/06/2023 12:08:52 AM - https://ovgu.de/aas/boringprovider2_Live.BoringProvider2 - INFO - TargettState: sendingNotUnderstood
04/06/2023 12:08:52 AM - https://ovgu.de/aas/boringprovider2_Live.BoringProvider2 - INFO - ############################################################################# 

04/06/2023 12:08:52 AM - https://ovgu.de/aas/boringprovider2_Live.BoringProvider2 - INFO - 
 #############################################################################
04/06/2023 12:08:52 AM - https://ovgu.de/aas/boringprovider2_Live.BoringProvider2 - INFO - StartState: sendingNotUnderstood
04/06/2023 12:08:52 AM - https://ovgu.de/aas/boringprovider2_Live.BoringProvider2 - INFO - InputDocument : NA
04/06/2023 12:08:52 AM - https://ovgu.de/aas/boringprovider2_Live.BoringProvider2 - INFO - OutputDocumentType : notUnderstood
04/06/2023 12:08:52 AM - https://ovgu.de/aas/boringprovider2_Live.BoringProvider2 - INFO - Condition :-
04/06/2023 12:08:52 AM - https://ovgu.de/aas/boringprovider2_Live.BoringProvider2 - INFO - TargettState: WaitForCallForProposal
04/06/2023 12:08:52 AM - https://ovgu.de/aas/boringprovider2_Live.BoringProvider2 - INFO - ############################################################################# 

04/06/2023 12:08:52 AM - https://ovgu.de/aas/boringprovider2_Live.BoringProvider2 - INFO - 
 #############################################################################
04/06/2023 12:08:52 AM - https://ovgu.de/aas/boringprovider2_Live.BoringProvider2 - INFO - StartState: WaitForCallForProposal
04/06/2023 12:08:52 AM - https://ovgu.de/aas/boringprovider2_Live.BoringProvider2 - INFO - InputDocument : callForProposal
04/06/2023 12:10:29 AM - https://ovgu.de/aas/boringprovider2_Live.BoringProvider2 - INFO - OutputDocumentType : NA
04/06/2023 12:10:29 AM - https://ovgu.de/aas/boringprovider2_Live.BoringProvider2 - INFO - Condition :-
04/06/2023 12:10:29 AM - https://ovgu.de/aas/boringprovider2_Live.BoringProvider2 - INFO - TargettState: capabilitycheck
04/06/2023 12:10:29 AM - https://ovgu.de/aas/boringprovider2_Live.BoringProvider2 - INFO - ############################################################################# 

04/06/2023 12:10:29 AM - https://ovgu.de/aas/boringprovider2_Live.BoringProvider2 - INFO - 
 #############################################################################
04/06/2023 12:10:29 AM - https://ovgu.de/aas/boringprovider2_Live.BoringProvider2 - INFO - StartState: capabilitycheck
04/06/2023 12:10:29 AM - https://ovgu.de/aas/boringprovider2_Live.BoringProvider2 - INFO - InputDocument : NA
04/06/2023 12:10:29 AM - https://ovgu.de/aas/boringprovider2_Live.BoringProvider2 - INFO - OutputDocumentType : NA
04/06/2023 12:10:29 AM - https://ovgu.de/aas/boringprovider2_Live.BoringProvider2 - INFO - Condition :-
04/06/2023 12:10:29 AM - https://ovgu.de/aas/boringprovider2_Live.BoringProvider2 - INFO - TargettState: feasibilityCheck
04/06/2023 12:10:29 AM - https://ovgu.de/aas/boringprovider2_Live.BoringProvider2 - INFO - ############################################################################# 

04/06/2023 12:10:29 AM - https://ovgu.de/aas/boringprovider2_Live.BoringProvider2 - INFO - 
 #############################################################################
04/06/2023 12:10:29 AM - https://ovgu.de/aas/boringprovider2_Live.BoringProvider2 - INFO - StartState: feasibilityCheck
04/06/2023 12:10:29 AM - https://ovgu.de/aas/boringprovider2_Live.BoringProvider2 - INFO - InputDocument : NA
04/06/2023 12:10:29 AM - https://ovgu.de/aas/boringprovider2_Live.BoringProvider2 - INFO - OutputDocumentType : NA
04/06/2023 12:10:29 AM - https://ovgu.de/aas/boringprovider2_Live.BoringProvider2 - INFO - Condition :-
04/06/2023 12:10:29 AM - https://ovgu.de/aas/boringprovider2_Live.BoringProvider2 - INFO - TargettState: checkingSchedule
04/06/2023 12:10:29 AM - https://ovgu.de/aas/boringprovider2_Live.BoringProvider2 - INFO - ############################################################################# 

04/06/2023 12:10:29 AM - https://ovgu.de/aas/boringprovider2_Live.BoringProvider2 - INFO - 
 #############################################################################
04/06/2023 12:10:29 AM - https://ovgu.de/aas/boringprovider2_Live.BoringProvider2 - INFO - StartState: checkingSchedule
04/06/2023 12:10:29 AM - https://ovgu.de/aas/boringprovider2_Live.BoringProvider2 - INFO - InputDocument : NA
04/06/2023 12:10:29 AM - https://ovgu.de/aas/boringprovider2_Live.BoringProvider2 - INFO - OutputDocumentType : NA
04/06/2023 12:10:29 AM - https://ovgu.de/aas/boringprovider2_Live.BoringProvider2 - INFO - Condition :-
04/06/2023 12:10:29 AM - https://ovgu.de/aas/boringprovider2_Live.BoringProvider2 - INFO - TargettState: PriceCalculation
04/06/2023 12:10:29 AM - https://ovgu.de/aas/boringprovider2_Live.BoringProvider2 - INFO - ############################################################################# 

04/06/2023 12:10:29 AM - https://ovgu.de/aas/boringprovider2_Live.BoringProvider2 - INFO - 
 #############################################################################
04/06/2023 12:10:29 AM - https://ovgu.de/aas/boringprovider2_Live.BoringProvider2 - INFO - StartState: PriceCalculation
04/06/2023 12:10:29 AM - https://ovgu.de/aas/boringprovider2_Live.BoringProvider2 - INFO - InputDocument : NA
04/06/2023 12:10:29 AM - https://ovgu.de/aas/boringprovider2_Live.BoringProvider2 - INFO - OutputDocumentType : NA
04/06/2023 12:10:29 AM - https://ovgu.de/aas/boringprovider2_Live.BoringProvider2 - INFO - Condition :-
04/06/2023 12:10:29 AM - https://ovgu.de/aas/boringprovider2_Live.BoringProvider2 - INFO - TargettState: sendingProposal
04/06/2023 12:10:29 AM - https://ovgu.de/aas/boringprovider2_Live.BoringProvider2 - INFO - ############################################################################# 

04/06/2023 12:10:29 AM - https://ovgu.de/aas/boringprovider2_Live.BoringProvider2 - INFO - 
 #############################################################################
04/06/2023 12:10:29 AM - https://ovgu.de/aas/boringprovider2_Live.BoringProvider2 - INFO - StartState: sendingProposal
04/06/2023 12:10:29 AM - https://ovgu.de/aas/boringprovider2_Live.BoringProvider2 - INFO - InputDocument : NA
04/06/2023 12:10:29 AM - https://ovgu.de/aas/boringprovider2_Live.BoringProvider2 - INFO - OutputDocumentType : proposal
04/06/2023 12:10:29 AM - https://ovgu.de/aas/boringprovider2_Live.BoringProvider2 - INFO - Condition :-
04/06/2023 12:10:29 AM - https://ovgu.de/aas/boringprovider2_Live.BoringProvider2 - INFO - TargettState: waitingforServiceRequesterAnswer
04/06/2023 12:10:29 AM - https://ovgu.de/aas/boringprovider2_Live.BoringProvider2 - INFO - ############################################################################# 

04/06/2023 12:10:29 AM - https://ovgu.de/aas/boringprovider2_Live.BoringProvider2 - INFO - 
 #############################################################################
04/06/2023 12:10:29 AM - https://ovgu.de/aas/boringprovider2_Live.BoringProvider2 - INFO - StartState: waitingforServiceRequesterAnswer
04/06/2023 12:10:29 AM - https://ovgu.de/aas/boringprovider2_Live.BoringProvider2 - INFO - InputDocument : acceptProposal / rejectProposal
04/06/2023 12:10:31 AM - https://ovgu.de/aas/boringprovider2_Live.BoringProvider2 - INFO - OutputDocumentType : NA
04/06/2023 12:10:31 AM - https://ovgu.de/aas/boringprovider2_Live.BoringProvider2 - INFO - Condition :-
04/06/2023 12:10:31 AM - https://ovgu.de/aas/boringprovider2_Live.BoringProvider2 - INFO - TargettState: serviceProvision
04/06/2023 12:10:31 AM - https://ovgu.de/aas/boringprovider2_Live.BoringProvider2 - INFO - ############################################################################# 

04/06/2023 12:10:31 AM - https://ovgu.de/aas/boringprovider2_Live.BoringProvider2 - INFO - 
 #############################################################################
04/06/2023 12:10:31 AM - https://ovgu.de/aas/boringprovider2_Live.BoringProvider2 - INFO - StartState: serviceProvision
04/06/2023 12:10:31 AM - https://ovgu.de/aas/boringprovider2_Live.BoringProvider2 - INFO - InputDocument : NA
04/06/2023 12:10:51 AM - https://ovgu.de/aas/boringprovider2_Live.BoringProvider2 - INFO - OutputDocumentType : NA
04/06/2023 12:10:51 AM - https://ovgu.de/aas/boringprovider2_Live.BoringProvider2 - INFO - Condition :-
04/06/2023 12:10:51 AM - https://ovgu.de/aas/boringprovider2_Live.BoringProvider2 - INFO - TargettState: sendinPropoposalporvisionConfirm
04/06/2023 12:10:51 AM - https://ovgu.de/aas/boringprovider2_Live.BoringProvider2 - INFO - ############################################################################# 

04/06/2023 12:10:51 AM - https://ovgu.de/aas/boringprovider2_Live.BoringProvider2 - INFO - 
 #############################################################################
04/06/2023 12:10:51 AM - https://ovgu.de/aas/boringprovider2_Live.BoringProvider2 - INFO - StartState: sendinPropoposalporvisionConfirm
04/06/2023 12:10:51 AM - https://ovgu.de/aas/boringprovider2_Live.BoringProvider2 - INFO - InputDocument : NA
04/06/2023 12:10:51 AM - https://ovgu.de/aas/boringprovider2_Live.BoringProvider2 - INFO - OutputDocumentType : informConfirm
04/06/2023 12:10:51 AM - https://ovgu.de/aas/boringprovider2_Live.BoringProvider2 - INFO - Condition :-
04/06/2023 12:10:51 AM - https://ovgu.de/aas/boringprovider2_Live.BoringProvider2 - INFO - TargettState: WaitForCallForProposal
04/06/2023 12:10:51 AM - https://ovgu.de/aas/boringprovider2_Live.BoringProvider2 - INFO - ############################################################################# 

04/06/2023 12:10:51 AM - https://ovgu.de/aas/boringprovider2_Live.BoringProvider2 - INFO - 
 #############################################################################
04/06/2023 12:10:51 AM - https://ovgu.de/aas/boringprovider2_Live.BoringProvider2 - INFO - StartState: WaitForCallForProposal
04/06/2023 12:10:51 AM - https://ovgu.de/aas/boringprovider2_Live.BoringProvider2 - INFO - InputDocument : callForProposal
04/06/2023 12:10:51 AM - https://ovgu.de/aas/boringprovider2_Live.BoringProvider2 - INFO - OutputDocumentType : NA
04/06/2023 12:10:51 AM - https://ovgu.de/aas/boringprovider2_Live.BoringProvider2 - INFO - Condition :-
04/06/2023 12:10:51 AM - https://ovgu.de/aas/boringprovider2_Live.BoringProvider2 - INFO - TargettState: capabilitycheck
04/06/2023 12:10:51 AM - https://ovgu.de/aas/boringprovider2_Live.BoringProvider2 - INFO - ############################################################################# 

04/06/2023 12:10:51 AM - https://ovgu.de/aas/boringprovider2_Live.BoringProvider2 - INFO - 
 #############################################################################
04/06/2023 12:10:51 AM - https://ovgu.de/aas/boringprovider2_Live.BoringProvider2 - INFO - StartState: capabilitycheck
04/06/2023 12:10:51 AM - https://ovgu.de/aas/boringprovider2_Live.BoringProvider2 - INFO - InputDocument : NA
04/06/2023 12:10:51 AM - https://ovgu.de/aas/boringprovider2_Live.BoringProvider2 - INFO - one of the property missingcurrentLocation
04/06/2023 12:10:51 AM - https://ovgu.de/aas/boringprovider2_Live.BoringProvider2 - INFO - OutputDocumentType : NA
04/06/2023 12:10:51 AM - https://ovgu.de/aas/boringprovider2_Live.BoringProvider2 - INFO - Condition :-
04/06/2023 12:10:51 AM - https://ovgu.de/aas/boringprovider2_Live.BoringProvider2 - INFO - TargettState: sendingNotUnderstood
04/06/2023 12:10:51 AM - https://ovgu.de/aas/boringprovider2_Live.BoringProvider2 - INFO - ############################################################################# 

04/06/2023 12:10:51 AM - https://ovgu.de/aas/boringprovider2_Live.BoringProvider2 - INFO - 
 #############################################################################
04/06/2023 12:10:52 AM - https://ovgu.de/aas/boringprovider2_Live.BoringProvider2 - INFO - StartState: sendingNotUnderstood
04/06/2023 12:10:52 AM - https://ovgu.de/aas/boringprovider2_Live.BoringProvider2 - INFO - InputDocument : NA
04/06/2023 12:10:52 AM - https://ovgu.de/aas/boringprovider2_Live.BoringProvider2 - INFO - OutputDocumentType : notUnderstood
04/06/2023 12:10:52 AM - https://ovgu.de/aas/boringprovider2_Live.BoringProvider2 - INFO - Condition :-
04/06/2023 12:10:52 AM - https://ovgu.de/aas/boringprovider2_Live.BoringProvider2 - INFO - TargettState: WaitForCallForProposal
04/06/2023 12:10:52 AM - https://ovgu.de/aas/boringprovider2_Live.BoringProvider2 - INFO - ############################################################################# 

04/06/2023 12:10:52 AM - https://ovgu.de/aas/boringprovider2_Live.BoringProvider2 - INFO - 
 #############################################################################
04/06/2023 12:10:52 AM - https://ovgu.de/aas/boringprovider2_Live.BoringProvider2 - INFO - StartState: WaitForCallForProposal
04/06/2023 12:10:52 AM - https://ovgu.de/aas/boringprovider2_Live.BoringProvider2 - INFO - InputDocument : callForProposal
04/06/2023 12:11:02 AM - https://ovgu.de/aas/boringprovider2_Live.BoringProvider2 - INFO - OutputDocumentType : NA
04/06/2023 12:11:02 AM - https://ovgu.de/aas/boringprovider2_Live.BoringProvider2 - INFO - Condition :-
04/06/2023 12:11:02 AM - https://ovgu.de/aas/boringprovider2_Live.BoringProvider2 - INFO - TargettState: capabilitycheck
04/06/2023 12:11:02 AM - https://ovgu.de/aas/boringprovider2_Live.BoringProvider2 - INFO - ############################################################################# 

04/06/2023 12:11:02 AM - https://ovgu.de/aas/boringprovider2_Live.BoringProvider2 - INFO - 
 #############################################################################
04/06/2023 12:11:02 AM - https://ovgu.de/aas/boringprovider2_Live.BoringProvider2 - INFO - StartState: capabilitycheck
04/06/2023 12:11:02 AM - https://ovgu.de/aas/boringprovider2_Live.BoringProvider2 - INFO - InputDocument : NA
04/06/2023 12:11:02 AM - https://ovgu.de/aas/boringprovider2_Live.BoringProvider2 - INFO - one of the property missinghoningDiameter
04/06/2023 12:11:02 AM - https://ovgu.de/aas/boringprovider2_Live.BoringProvider2 - INFO - OutputDocumentType : NA
04/06/2023 12:11:02 AM - https://ovgu.de/aas/boringprovider2_Live.BoringProvider2 - INFO - Condition :-
04/06/2023 12:11:02 AM - https://ovgu.de/aas/boringprovider2_Live.BoringProvider2 - INFO - TargettState: sendingNotUnderstood
04/06/2023 12:11:02 AM - https://ovgu.de/aas/boringprovider2_Live.BoringProvider2 - INFO - ############################################################################# 

04/06/2023 12:11:02 AM - https://ovgu.de/aas/boringprovider2_Live.BoringProvider2 - INFO - 
 #############################################################################
04/06/2023 12:11:02 AM - https://ovgu.de/aas/boringprovider2_Live.BoringProvider2 - INFO - StartState: sendingNotUnderstood
04/06/2023 12:11:03 AM - https://ovgu.de/aas/boringprovider2_Live.BoringProvider2 - INFO - InputDocument : NA
04/06/2023 12:11:03 AM - https://ovgu.de/aas/boringprovider2_Live.BoringProvider2 - INFO - OutputDocumentType : notUnderstood
04/06/2023 12:11:03 AM - https://ovgu.de/aas/boringprovider2_Live.BoringProvider2 - INFO - Condition :-
04/06/2023 12:11:03 AM - https://ovgu.de/aas/boringprovider2_Live.BoringProvider2 - INFO - TargettState: WaitForCallForProposal
04/06/2023 12:11:03 AM - https://ovgu.de/aas/boringprovider2_Live.BoringProvider2 - INFO - ############################################################################# 

04/06/2023 12:11:03 AM - https://ovgu.de/aas/boringprovider2_Live.BoringProvider2 - INFO - 
 #############################################################################
04/06/2023 12:11:03 AM - https://ovgu.de/aas/boringprovider2_Live.BoringProvider2 - INFO - StartState: WaitForCallForProposal
04/06/2023 12:11:03 AM - https://ovgu.de/aas/boringprovider2_Live.BoringProvider2 - INFO - InputDocument : callForProposal
04/06/2023 12:11:06 AM - https://ovgu.de/aas/boringprovider2_Live.BoringProvider2 - INFO - OutputDocumentType : NA
04/06/2023 12:11:06 AM - https://ovgu.de/aas/boringprovider2_Live.BoringProvider2 - INFO - Condition :-
04/06/2023 12:11:06 AM - https://ovgu.de/aas/boringprovider2_Live.BoringProvider2 - INFO - TargettState: capabilitycheck
04/06/2023 12:11:06 AM - https://ovgu.de/aas/boringprovider2_Live.BoringProvider2 - INFO - ############################################################################# 

04/06/2023 12:11:06 AM - https://ovgu.de/aas/boringprovider2_Live.BoringProvider2 - INFO - 
 #############################################################################
04/06/2023 12:11:06 AM - https://ovgu.de/aas/boringprovider2_Live.BoringProvider2 - INFO - StartState: capabilitycheck
04/06/2023 12:11:06 AM - https://ovgu.de/aas/boringprovider2_Live.BoringProvider2 - INFO - InputDocument : NA
04/06/2023 12:11:06 AM - https://ovgu.de/aas/boringprovider2_Live.BoringProvider2 - INFO - one of the property missingcurrentLocation
04/06/2023 12:11:06 AM - https://ovgu.de/aas/boringprovider2_Live.BoringProvider2 - INFO - OutputDocumentType : NA
04/06/2023 12:11:06 AM - https://ovgu.de/aas/boringprovider2_Live.BoringProvider2 - INFO - Condition :-
04/06/2023 12:11:06 AM - https://ovgu.de/aas/boringprovider2_Live.BoringProvider2 - INFO - TargettState: sendingNotUnderstood
04/06/2023 12:11:06 AM - https://ovgu.de/aas/boringprovider2_Live.BoringProvider2 - INFO - ############################################################################# 

04/06/2023 12:11:06 AM - https://ovgu.de/aas/boringprovider2_Live.BoringProvider2 - INFO - 
 #############################################################################
04/06/2023 12:11:06 AM - https://ovgu.de/aas/boringprovider2_Live.BoringProvider2 - INFO - StartState: sendingNotUnderstood
04/06/2023 12:11:06 AM - https://ovgu.de/aas/boringprovider2_Live.BoringProvider2 - INFO - InputDocument : NA
04/06/2023 12:11:06 AM - https://ovgu.de/aas/boringprovider2_Live.BoringProvider2 - INFO - OutputDocumentType : notUnderstood
04/06/2023 12:11:06 AM - https://ovgu.de/aas/boringprovider2_Live.BoringProvider2 - INFO - Condition :-
04/06/2023 12:11:06 AM - https://ovgu.de/aas/boringprovider2_Live.BoringProvider2 - INFO - TargettState: WaitForCallForProposal
04/06/2023 12:11:06 AM - https://ovgu.de/aas/boringprovider2_Live.BoringProvider2 - INFO - ############################################################################# 

04/06/2023 12:11:06 AM - https://ovgu.de/aas/boringprovider2_Live.BoringProvider2 - INFO - 
 #############################################################################
04/06/2023 12:11:06 AM - https://ovgu.de/aas/boringprovider2_Live.BoringProvider2 - INFO - StartState: WaitForCallForProposal
04/06/2023 12:11:06 AM - https://ovgu.de/aas/boringprovider2_Live.BoringProvider2 - INFO - InputDocument : callForProposal
04/06/2023 12:11:35 AM - https://ovgu.de/aas/boringprovider2_Live.BoringProvider2 - INFO - OutputDocumentType : NA
04/06/2023 12:11:35 AM - https://ovgu.de/aas/boringprovider2_Live.BoringProvider2 - INFO - Condition :-
04/06/2023 12:11:35 AM - https://ovgu.de/aas/boringprovider2_Live.BoringProvider2 - INFO - TargettState: capabilitycheck
04/06/2023 12:11:35 AM - https://ovgu.de/aas/boringprovider2_Live.BoringProvider2 - INFO - ############################################################################# 

04/06/2023 12:11:35 AM - https://ovgu.de/aas/boringprovider2_Live.BoringProvider2 - INFO - 
 #############################################################################
04/06/2023 12:11:35 AM - https://ovgu.de/aas/boringprovider2_Live.BoringProvider2 - INFO - StartState: capabilitycheck
04/06/2023 12:11:35 AM - https://ovgu.de/aas/boringprovider2_Live.BoringProvider2 - INFO - InputDocument : NA
04/06/2023 12:11:35 AM - https://ovgu.de/aas/boringprovider2_Live.BoringProvider2 - INFO - one of the property missingcurrentLocation
04/06/2023 12:11:35 AM - https://ovgu.de/aas/boringprovider2_Live.BoringProvider2 - INFO - OutputDocumentType : NA
04/06/2023 12:11:35 AM - https://ovgu.de/aas/boringprovider2_Live.BoringProvider2 - INFO - Condition :-
04/06/2023 12:11:35 AM - https://ovgu.de/aas/boringprovider2_Live.BoringProvider2 - INFO - TargettState: sendingNotUnderstood
04/06/2023 12:11:35 AM - https://ovgu.de/aas/boringprovider2_Live.BoringProvider2 - INFO - ############################################################################# 

04/06/2023 12:11:35 AM - https://ovgu.de/aas/boringprovider2_Live.BoringProvider2 - INFO - 
 #############################################################################
04/06/2023 12:11:35 AM - https://ovgu.de/aas/boringprovider2_Live.BoringProvider2 - INFO - StartState: sendingNotUnderstood
04/06/2023 12:11:35 AM - https://ovgu.de/aas/boringprovider2_Live.BoringProvider2 - INFO - InputDocument : NA
04/06/2023 12:11:35 AM - https://ovgu.de/aas/boringprovider2_Live.BoringProvider2 - INFO - OutputDocumentType : notUnderstood
04/06/2023 12:11:35 AM - https://ovgu.de/aas/boringprovider2_Live.BoringProvider2 - INFO - Condition :-
04/06/2023 12:11:35 AM - https://ovgu.de/aas/boringprovider2_Live.BoringProvider2 - INFO - TargettState: WaitForCallForProposal
04/06/2023 12:11:35 AM - https://ovgu.de/aas/boringprovider2_Live.BoringProvider2 - INFO - ############################################################################# 

04/06/2023 12:11:35 AM - https://ovgu.de/aas/boringprovider2_Live.BoringProvider2 - INFO - 
 #############################################################################
04/06/2023 12:11:35 AM - https://ovgu.de/aas/boringprovider2_Live.BoringProvider2 - INFO - StartState: WaitForCallForProposal
04/06/2023 12:11:35 AM - https://ovgu.de/aas/boringprovider2_Live.BoringProvider2 - INFO - InputDocument : callForProposal
