05/09/2023 11:03:08 AM - 53a8300a-54df-4129-a30d-12f0fbe529f8_ProductionManager - INFO - 
 #############################################################################
05/09/2023 11:03:08 AM - 53a8300a-54df-4129-a30d-12f0fbe529f8_ProductionManager - INFO - StartState: WaitforNewOrder
05/09/2023 11:03:08 AM - 53a8300a-54df-4129-a30d-12f0fbe529f8_ProductionManager - INFO - InputDocument : ProductionOrder
05/09/2023 11:11:14 AM - 8e1b8753-7c1b-4cd3-8c00-2d413805149b_ProductionManager - INFO - 
 #############################################################################
05/09/2023 11:11:14 AM - 8e1b8753-7c1b-4cd3-8c00-2d413805149b_ProductionManager - INFO - StartState: WaitforNewOrder
05/09/2023 11:11:14 AM - 8e1b8753-7c1b-4cd3-8c00-2d413805149b_ProductionManager - INFO - InputDocument : ProductionOrder
05/09/2023 11:16:31 AM - 9b8e42d5-e665-444b-bd39-3b1cbd479609_ProductionManager - INFO - 
 #############################################################################
05/09/2023 11:16:31 AM - 9b8e42d5-e665-444b-bd39-3b1cbd479609_ProductionManager - INFO - StartState: WaitforNewOrder
05/09/2023 11:16:31 AM - 9b8e42d5-e665-444b-bd39-3b1cbd479609_ProductionManager - INFO - InputDocument : ProductionOrder
05/09/2023 11:17:05 AM - 529bc72f-06d4-4c1f-928b-ccb07401e23e_ProductionManager - INFO - 
 #############################################################################
05/09/2023 11:17:05 AM - 529bc72f-06d4-4c1f-928b-ccb07401e23e_ProductionManager - INFO - StartState: WaitforNewOrder
05/09/2023 11:17:05 AM - 529bc72f-06d4-4c1f-928b-ccb07401e23e_ProductionManager - INFO - InputDocument : ProductionOrder
05/09/2023 11:17:36 AM - ac979623-0531-4bf3-a439-d8f405bc20cf_ProductionManager - INFO - 
 #############################################################################
05/09/2023 11:17:36 AM - ac979623-0531-4bf3-a439-d8f405bc20cf_ProductionManager - INFO - StartState: WaitforNewOrder
05/09/2023 11:17:36 AM - ac979623-0531-4bf3-a439-d8f405bc20cf_ProductionManager - INFO - InputDocument : ProductionOrder
05/09/2023 11:29:49 AM - 363dbc13-b512-4834-91b4-4d49df9fe3b5_ProductionManager - INFO - 
 #############################################################################
05/09/2023 11:29:49 AM - 363dbc13-b512-4834-91b4-4d49df9fe3b5_ProductionManager - INFO - StartState: WaitforNewOrder
05/09/2023 11:29:49 AM - 363dbc13-b512-4834-91b4-4d49df9fe3b5_ProductionManager - INFO - InputDocument : ProductionOrder
05/09/2023 12:11:11 PM - a14e8070-15a1-444c-8f0a-59ed2fc7ec5e_ProductionManager - INFO - 
 #############################################################################
05/09/2023 12:11:11 PM - a14e8070-15a1-444c-8f0a-59ed2fc7ec5e_ProductionManager - INFO - StartState: WaitforNewOrder
05/09/2023 12:11:11 PM - a14e8070-15a1-444c-8f0a-59ed2fc7ec5e_ProductionManager - INFO - InputDocument : ProductionOrder
05/09/2023 12:11:50 PM - cd9cfb5c-3dbd-4e96-803c-9496cc0224f7_ProductionManager - INFO - 
 #############################################################################
05/09/2023 12:11:50 PM - cd9cfb5c-3dbd-4e96-803c-9496cc0224f7_ProductionManager - INFO - StartState: WaitforNewOrder
05/09/2023 12:11:50 PM - cd9cfb5c-3dbd-4e96-803c-9496cc0224f7_ProductionManager - INFO - InputDocument : ProductionOrder
05/09/2023 12:23:50 PM - a706d6b1-df5b-4d07-8f0e-bfd537aa3e5f_ProductionManager - INFO - 
 #############################################################################
05/09/2023 12:23:50 PM - a706d6b1-df5b-4d07-8f0e-bfd537aa3e5f_ProductionManager - INFO - StartState: WaitforNewOrder
05/09/2023 12:23:50 PM - a706d6b1-df5b-4d07-8f0e-bfd537aa3e5f_ProductionManager - INFO - InputDocument : ProductionOrder
05/09/2023 12:27:34 PM - 86ae372e-33c9-4dcc-8b90-8dda4fbe5e9a_ProductionManager - INFO - 
 #############################################################################
05/09/2023 12:27:34 PM - 86ae372e-33c9-4dcc-8b90-8dda4fbe5e9a_ProductionManager - INFO - StartState: WaitforNewOrder
05/09/2023 12:27:34 PM - 86ae372e-33c9-4dcc-8b90-8dda4fbe5e9a_ProductionManager - INFO - InputDocument : ProductionOrder
05/09/2023 12:34:04 PM - de63641b-3816-4dc9-bdac-b2c1660f3869_ProductionManager - INFO - 
 #############################################################################
05/09/2023 12:34:04 PM - de63641b-3816-4dc9-bdac-b2c1660f3869_ProductionManager - INFO - StartState: WaitforNewOrder
05/09/2023 12:34:04 PM - de63641b-3816-4dc9-bdac-b2c1660f3869_ProductionManager - INFO - InputDocument : ProductionOrder
05/09/2023 12:42:22 PM - 76c12ba7-bfe0-48ee-8011-eca5f93fb00e_ProductionManager - INFO - 
 #############################################################################
05/09/2023 12:42:22 PM - 76c12ba7-bfe0-48ee-8011-eca5f93fb00e_ProductionManager - INFO - StartState: WaitforNewOrder
05/09/2023 12:42:22 PM - 76c12ba7-bfe0-48ee-8011-eca5f93fb00e_ProductionManager - INFO - InputDocument : ProductionOrder
05/09/2023 12:43:42 PM - d56be7b8-2988-4ee0-a015-bf08c237fc56_ProductionManager - INFO - 
 #############################################################################
05/09/2023 12:43:42 PM - d56be7b8-2988-4ee0-a015-bf08c237fc56_ProductionManager - INFO - StartState: WaitforNewOrder
05/09/2023 12:43:42 PM - d56be7b8-2988-4ee0-a015-bf08c237fc56_ProductionManager - INFO - InputDocument : ProductionOrder
05/09/2023 12:44:43 PM - 77785fa9-08e9-46fc-9b8a-5c03e5f20639_ProductionManager - INFO - 
 #############################################################################
05/09/2023 12:44:43 PM - 77785fa9-08e9-46fc-9b8a-5c03e5f20639_ProductionManager - INFO - StartState: WaitforNewOrder
05/09/2023 12:44:43 PM - 77785fa9-08e9-46fc-9b8a-5c03e5f20639_ProductionManager - INFO - InputDocument : ProductionOrder
05/09/2023 12:48:20 PM - 80e010f0-18b4-4535-8006-cd23d60453fd_ProductionManager - INFO - 
 #############################################################################
05/09/2023 12:48:20 PM - 80e010f0-18b4-4535-8006-cd23d60453fd_ProductionManager - INFO - StartState: WaitforNewOrder
05/09/2023 12:48:20 PM - 80e010f0-18b4-4535-8006-cd23d60453fd_ProductionManager - INFO - InputDocument : ProductionOrder
05/09/2023 01:19:51 PM - 352c69db-8105-476f-9ece-85897e8606d7_ProductionManager - INFO - 
 #############################################################################
05/09/2023 01:19:51 PM - 352c69db-8105-476f-9ece-85897e8606d7_ProductionManager - INFO - StartState: WaitforNewOrder
05/09/2023 01:19:51 PM - 352c69db-8105-476f-9ece-85897e8606d7_ProductionManager - INFO - InputDocument : ProductionOrder
05/09/2023 01:21:38 PM - fc5a90ba-0def-4977-93b9-e079506a11a7_ProductionManager - INFO - 
 #############################################################################
05/09/2023 01:21:38 PM - fc5a90ba-0def-4977-93b9-e079506a11a7_ProductionManager - INFO - StartState: WaitforNewOrder
05/09/2023 01:21:38 PM - fc5a90ba-0def-4977-93b9-e079506a11a7_ProductionManager - INFO - InputDocument : ProductionOrder
05/09/2023 01:24:47 PM - 7e600916-e4d6-489a-9376-3bf90bc93aaa_ProductionManager - INFO - 
 #############################################################################
05/09/2023 01:24:47 PM - 7e600916-e4d6-489a-9376-3bf90bc93aaa_ProductionManager - INFO - StartState: WaitforNewOrder
05/09/2023 01:24:47 PM - 7e600916-e4d6-489a-9376-3bf90bc93aaa_ProductionManager - INFO - InputDocument : ProductionOrder
05/09/2023 01:26:40 PM - 97acda87-8c11-4c04-989f-1afc284aa062_ProductionManager - INFO - 
 #############################################################################
05/09/2023 01:26:40 PM - 97acda87-8c11-4c04-989f-1afc284aa062_ProductionManager - INFO - StartState: WaitforNewOrder
05/09/2023 01:26:40 PM - 97acda87-8c11-4c04-989f-1afc284aa062_ProductionManager - INFO - InputDocument : ProductionOrder
05/09/2023 01:31:02 PM - a96e650c-f340-4f4a-92a6-d3cfafccbc9d_ProductionManager - INFO - 
 #############################################################################
05/09/2023 01:31:02 PM - a96e650c-f340-4f4a-92a6-d3cfafccbc9d_ProductionManager - INFO - StartState: WaitforNewOrder
05/09/2023 01:31:02 PM - a96e650c-f340-4f4a-92a6-d3cfafccbc9d_ProductionManager - INFO - InputDocument : ProductionOrder
05/09/2023 01:31:29 PM - 36e66029-2d16-41d1-b70a-28613070976c_ProductionManager - INFO - 
 #############################################################################
05/09/2023 01:31:29 PM - 36e66029-2d16-41d1-b70a-28613070976c_ProductionManager - INFO - StartState: WaitforNewOrder
05/09/2023 01:31:29 PM - 36e66029-2d16-41d1-b70a-28613070976c_ProductionManager - INFO - InputDocument : ProductionOrder
05/09/2023 01:32:57 PM - 3e1fb0ab-2981-498c-8857-2d09b8cd827d_ProductionManager - INFO - 
 #############################################################################
05/09/2023 01:32:57 PM - 3e1fb0ab-2981-498c-8857-2d09b8cd827d_ProductionManager - INFO - StartState: WaitforNewOrder
05/09/2023 01:32:57 PM - 3e1fb0ab-2981-498c-8857-2d09b8cd827d_ProductionManager - INFO - InputDocument : ProductionOrder
05/09/2023 01:33:50 PM - 6b531e1b-ae43-4625-b770-264426954fe7_ProductionManager - INFO - 
 #############################################################################
05/09/2023 01:33:50 PM - 6b531e1b-ae43-4625-b770-264426954fe7_ProductionManager - INFO - StartState: WaitforNewOrder
05/09/2023 01:33:50 PM - 6b531e1b-ae43-4625-b770-264426954fe7_ProductionManager - INFO - InputDocument : ProductionOrder
05/09/2023 01:46:51 PM - 94046541-f32d-4525-b395-f9f00b4e24f3_ProductionManager - INFO - 
 #############################################################################
05/09/2023 01:46:51 PM - 94046541-f32d-4525-b395-f9f00b4e24f3_ProductionManager - INFO - StartState: WaitforNewOrder
05/09/2023 01:46:51 PM - 94046541-f32d-4525-b395-f9f00b4e24f3_ProductionManager - INFO - InputDocument : ProductionOrder
05/09/2023 01:49:43 PM - 845b31c9-1968-4cf2-b196-fe8b19b6c8a9_ProductionManager - INFO - 
 #############################################################################
05/09/2023 01:49:43 PM - 845b31c9-1968-4cf2-b196-fe8b19b6c8a9_ProductionManager - INFO - StartState: WaitforNewOrder
05/09/2023 01:49:44 PM - 845b31c9-1968-4cf2-b196-fe8b19b6c8a9_ProductionManager - INFO - InputDocument : ProductionOrder
05/09/2023 01:52:21 PM - e8b26450-b771-4243-b920-0ba0a271af8b_ProductionManager - INFO - 
 #############################################################################
05/09/2023 01:52:21 PM - e8b26450-b771-4243-b920-0ba0a271af8b_ProductionManager - INFO - StartState: WaitforNewOrder
05/09/2023 01:52:21 PM - e8b26450-b771-4243-b920-0ba0a271af8b_ProductionManager - INFO - InputDocument : ProductionOrder
05/09/2023 01:54:49 PM - 8cd97a93-b3af-45fa-87f1-9266779d86e2_ProductionManager - INFO - 
 #############################################################################
05/09/2023 01:54:49 PM - 8cd97a93-b3af-45fa-87f1-9266779d86e2_ProductionManager - INFO - StartState: WaitforNewOrder
05/09/2023 01:54:49 PM - 8cd97a93-b3af-45fa-87f1-9266779d86e2_ProductionManager - INFO - InputDocument : ProductionOrder
05/09/2023 03:28:47 PM - dfb43121-3848-4fd7-aedb-6c202f2143e8_ProductionManager - INFO - 
 #############################################################################
05/09/2023 03:28:47 PM - dfb43121-3848-4fd7-aedb-6c202f2143e8_ProductionManager - INFO - StartState: WaitforNewOrder
05/09/2023 03:28:47 PM - dfb43121-3848-4fd7-aedb-6c202f2143e8_ProductionManager - INFO - InputDocument : ProductionOrder
05/09/2023 03:29:24 PM - 4c4ea52c-a5a9-4ac2-ae25-f116fe3f8c9d_ProductionManager - INFO - 
 #############################################################################
05/09/2023 03:29:24 PM - 4c4ea52c-a5a9-4ac2-ae25-f116fe3f8c9d_ProductionManager - INFO - StartState: WaitforNewOrder
05/09/2023 03:29:24 PM - 4c4ea52c-a5a9-4ac2-ae25-f116fe3f8c9d_ProductionManager - INFO - InputDocument : ProductionOrder
05/09/2023 03:31:35 PM - 72b4af32-16d4-4fb7-b2ef-83cc5f7e3201_ProductionManager - INFO - 
 #############################################################################
05/09/2023 03:31:35 PM - 72b4af32-16d4-4fb7-b2ef-83cc5f7e3201_ProductionManager - INFO - StartState: WaitforNewOrder
05/09/2023 03:31:35 PM - 72b4af32-16d4-4fb7-b2ef-83cc5f7e3201_ProductionManager - INFO - InputDocument : ProductionOrder
05/09/2023 03:33:47 PM - d8e1714a-0bb6-420c-8d28-67c29258c805_ProductionManager - INFO - 
 #############################################################################
05/09/2023 03:33:47 PM - d8e1714a-0bb6-420c-8d28-67c29258c805_ProductionManager - INFO - StartState: WaitforNewOrder
05/09/2023 03:33:47 PM - d8e1714a-0bb6-420c-8d28-67c29258c805_ProductionManager - INFO - InputDocument : ProductionOrder
05/09/2023 03:36:20 PM - ef069ad0-7068-452f-9c29-7e1f1c5cc270_ProductionManager - INFO - 
 #############################################################################
05/09/2023 03:36:20 PM - ef069ad0-7068-452f-9c29-7e1f1c5cc270_ProductionManager - INFO - StartState: WaitforNewOrder
05/09/2023 03:36:20 PM - ef069ad0-7068-452f-9c29-7e1f1c5cc270_ProductionManager - INFO - InputDocument : ProductionOrder
05/09/2023 03:38:46 PM - 05ff577a-c93a-4ee3-9ab6-2ad94cf815a0_ProductionManager - INFO - 
 #############################################################################
05/09/2023 03:38:46 PM - 05ff577a-c93a-4ee3-9ab6-2ad94cf815a0_ProductionManager - INFO - StartState: WaitforNewOrder
05/09/2023 03:38:47 PM - 05ff577a-c93a-4ee3-9ab6-2ad94cf815a0_ProductionManager - INFO - InputDocument : ProductionOrder
05/09/2023 03:40:35 PM - 7bc4d410-40d1-45cc-a3a0-bcad9bc9ea85_ProductionManager - INFO - 
 #############################################################################
05/09/2023 03:40:35 PM - 7bc4d410-40d1-45cc-a3a0-bcad9bc9ea85_ProductionManager - INFO - StartState: WaitforNewOrder
05/09/2023 03:40:35 PM - 7bc4d410-40d1-45cc-a3a0-bcad9bc9ea85_ProductionManager - INFO - InputDocument : ProductionOrder
05/09/2023 03:41:56 PM - b483716a-e21f-49ac-bb62-3d44884a72dd_ProductionManager - INFO - 
 #############################################################################
05/09/2023 03:41:56 PM - b483716a-e21f-49ac-bb62-3d44884a72dd_ProductionManager - INFO - StartState: WaitforNewOrder
05/09/2023 03:41:56 PM - b483716a-e21f-49ac-bb62-3d44884a72dd_ProductionManager - INFO - InputDocument : ProductionOrder
05/09/2023 03:44:02 PM - 5bcec1e7-60f0-459f-84e3-50fa9d5f4b8a_ProductionManager - INFO - 
 #############################################################################
05/09/2023 03:44:02 PM - 5bcec1e7-60f0-459f-84e3-50fa9d5f4b8a_ProductionManager - INFO - StartState: WaitforNewOrder
05/09/2023 03:44:02 PM - 5bcec1e7-60f0-459f-84e3-50fa9d5f4b8a_ProductionManager - INFO - InputDocument : ProductionOrder
05/09/2023 03:45:05 PM - 027fc5d8-643c-469d-9e7f-f83c5e68d758_ProductionManager - INFO - 
 #############################################################################
05/09/2023 03:45:05 PM - 027fc5d8-643c-469d-9e7f-f83c5e68d758_ProductionManager - INFO - StartState: WaitforNewOrder
05/09/2023 03:45:05 PM - 027fc5d8-643c-469d-9e7f-f83c5e68d758_ProductionManager - INFO - InputDocument : ProductionOrder
05/09/2023 03:47:45 PM - 657dbaf5-03e4-4d1d-a497-b854adfef9a3_ProductionManager - INFO - 
 #############################################################################
05/09/2023 03:47:45 PM - 657dbaf5-03e4-4d1d-a497-b854adfef9a3_ProductionManager - INFO - StartState: WaitforNewOrder
05/09/2023 03:47:45 PM - 657dbaf5-03e4-4d1d-a497-b854adfef9a3_ProductionManager - INFO - InputDocument : ProductionOrder
05/09/2023 03:58:54 PM - 969079fa-03fa-420d-b523-d57812777a97_ProductionManager - INFO - 
 #############################################################################
05/09/2023 03:58:54 PM - 969079fa-03fa-420d-b523-d57812777a97_ProductionManager - INFO - StartState: WaitforNewOrder
05/09/2023 03:58:54 PM - 969079fa-03fa-420d-b523-d57812777a97_ProductionManager - INFO - InputDocument : ProductionOrder
05/09/2023 04:02:40 PM - 49e25c47-2511-45bf-a610-614f8b1b223d_ProductionManager - INFO - 
 #############################################################################
05/09/2023 04:02:40 PM - 49e25c47-2511-45bf-a610-614f8b1b223d_ProductionManager - INFO - StartState: WaitforNewOrder
05/09/2023 04:02:40 PM - 49e25c47-2511-45bf-a610-614f8b1b223d_ProductionManager - INFO - InputDocument : ProductionOrder
05/09/2023 04:03:59 PM - 77f832ad-01cc-4dc9-8143-b4c8a5534f50_ProductionManager - INFO - 
 #############################################################################
05/09/2023 04:03:59 PM - 77f832ad-01cc-4dc9-8143-b4c8a5534f50_ProductionManager - INFO - StartState: WaitforNewOrder
05/09/2023 04:03:59 PM - 77f832ad-01cc-4dc9-8143-b4c8a5534f50_ProductionManager - INFO - InputDocument : ProductionOrder
05/09/2023 04:05:51 PM - 88440290-7916-4b1c-b495-02ad92dad67b_ProductionManager - INFO - 
 #############################################################################
05/09/2023 04:05:51 PM - 88440290-7916-4b1c-b495-02ad92dad67b_ProductionManager - INFO - StartState: WaitforNewOrder
05/09/2023 04:05:51 PM - 88440290-7916-4b1c-b495-02ad92dad67b_ProductionManager - INFO - InputDocument : ProductionOrder
05/09/2023 04:06:59 PM - 1abc369c-f8ad-4d31-a533-1ea9596411ed_ProductionManager - INFO - 
 #############################################################################
05/09/2023 04:06:59 PM - 1abc369c-f8ad-4d31-a533-1ea9596411ed_ProductionManager - INFO - StartState: WaitforNewOrder
05/09/2023 04:06:59 PM - 1abc369c-f8ad-4d31-a533-1ea9596411ed_ProductionManager - INFO - InputDocument : ProductionOrder
05/09/2023 04:08:18 PM - a0492d38-bb14-4133-96d6-3889a06f2b96_ProductionManager - INFO - 
 #############################################################################
05/09/2023 04:08:18 PM - a0492d38-bb14-4133-96d6-3889a06f2b96_ProductionManager - INFO - StartState: WaitforNewOrder
05/09/2023 04:08:18 PM - a0492d38-bb14-4133-96d6-3889a06f2b96_ProductionManager - INFO - InputDocument : ProductionOrder
05/09/2023 04:09:18 PM - a2bef1cd-103c-4e89-a0bf-c5ed75be7f92_ProductionManager - INFO - 
 #############################################################################
05/09/2023 04:09:18 PM - a2bef1cd-103c-4e89-a0bf-c5ed75be7f92_ProductionManager - INFO - StartState: WaitforNewOrder
05/09/2023 04:09:18 PM - a2bef1cd-103c-4e89-a0bf-c5ed75be7f92_ProductionManager - INFO - InputDocument : ProductionOrder
05/09/2023 04:10:45 PM - 377835f2-1b7b-4ee7-a704-aa2104236daa_ProductionManager - INFO - 
 #############################################################################
05/09/2023 04:10:45 PM - 377835f2-1b7b-4ee7-a704-aa2104236daa_ProductionManager - INFO - StartState: WaitforNewOrder
05/09/2023 04:10:45 PM - 377835f2-1b7b-4ee7-a704-aa2104236daa_ProductionManager - INFO - InputDocument : ProductionOrder
05/09/2023 04:11:14 PM - b3f74c52-4353-410d-b4c6-ab63440fe684_ProductionManager - INFO - 
 #############################################################################
05/09/2023 04:11:14 PM - b3f74c52-4353-410d-b4c6-ab63440fe684_ProductionManager - INFO - StartState: WaitforNewOrder
05/09/2023 04:11:14 PM - b3f74c52-4353-410d-b4c6-ab63440fe684_ProductionManager - INFO - InputDocument : ProductionOrder
05/09/2023 04:11:46 PM - f7ef681e-78b0-4dc4-8b41-1a8a63962823_ProductionManager - INFO - 
 #############################################################################
05/09/2023 04:11:46 PM - f7ef681e-78b0-4dc4-8b41-1a8a63962823_ProductionManager - INFO - StartState: WaitforNewOrder
05/09/2023 04:11:46 PM - f7ef681e-78b0-4dc4-8b41-1a8a63962823_ProductionManager - INFO - InputDocument : ProductionOrder
05/09/2023 04:13:32 PM - bc321e5d-964b-47e8-8554-48152ec24ee4_ProductionManager - INFO - 
 #############################################################################
05/09/2023 04:13:32 PM - bc321e5d-964b-47e8-8554-48152ec24ee4_ProductionManager - INFO - StartState: WaitforNewOrder
05/09/2023 04:13:32 PM - bc321e5d-964b-47e8-8554-48152ec24ee4_ProductionManager - INFO - InputDocument : ProductionOrder
05/09/2023 04:14:50 PM - 5f9f885d-e431-4caf-b0ab-0ac6e68980ea_ProductionManager - INFO - 
 #############################################################################
05/09/2023 04:14:51 PM - 5f9f885d-e431-4caf-b0ab-0ac6e68980ea_ProductionManager - INFO - StartState: WaitforNewOrder
05/09/2023 04:14:51 PM - 5f9f885d-e431-4caf-b0ab-0ac6e68980ea_ProductionManager - INFO - InputDocument : ProductionOrder
05/09/2023 04:51:43 PM - dad62175-a53c-4c5e-8d06-1e35ea068a42_ProductionManager - INFO - 
 #############################################################################
05/09/2023 04:51:43 PM - dad62175-a53c-4c5e-8d06-1e35ea068a42_ProductionManager - INFO - StartState: WaitforNewOrder
05/09/2023 04:51:43 PM - dad62175-a53c-4c5e-8d06-1e35ea068a42_ProductionManager - INFO - InputDocument : ProductionOrder
05/09/2023 04:53:21 PM - bf63a22a-eb85-46a6-9141-c1a5c53e3381_ProductionManager - INFO - 
 #############################################################################
05/09/2023 04:53:21 PM - bf63a22a-eb85-46a6-9141-c1a5c53e3381_ProductionManager - INFO - StartState: WaitforNewOrder
05/09/2023 04:53:21 PM - bf63a22a-eb85-46a6-9141-c1a5c53e3381_ProductionManager - INFO - InputDocument : ProductionOrder
05/09/2023 04:54:12 PM - 3e628d38-5448-4e5b-8f38-585176e589fb_ProductionManager - INFO - 
 #############################################################################
05/09/2023 04:54:13 PM - 3e628d38-5448-4e5b-8f38-585176e589fb_ProductionManager - INFO - StartState: WaitforNewOrder
05/09/2023 04:54:13 PM - 3e628d38-5448-4e5b-8f38-585176e589fb_ProductionManager - INFO - InputDocument : ProductionOrder
05/09/2023 05:16:31 PM - 8a730a21-7c6f-4bc0-b575-a0286215144c_ProductionManager - INFO - 
 #############################################################################
05/09/2023 05:16:31 PM - 8a730a21-7c6f-4bc0-b575-a0286215144c_ProductionManager - INFO - StartState: WaitforNewOrder
05/09/2023 05:16:31 PM - 8a730a21-7c6f-4bc0-b575-a0286215144c_ProductionManager - INFO - InputDocument : ProductionOrder
05/09/2023 05:38:24 PM - 26da17c5-0b1e-4436-8fd0-eb18b7512bb9_ProductionManager - INFO - 
 #############################################################################
05/09/2023 05:38:24 PM - 26da17c5-0b1e-4436-8fd0-eb18b7512bb9_ProductionManager - INFO - StartState: WaitforNewOrder
05/09/2023 05:38:24 PM - 26da17c5-0b1e-4436-8fd0-eb18b7512bb9_ProductionManager - INFO - InputDocument : ProductionOrder
05/09/2023 05:38:59 PM - a69af5e9-2842-4e59-833f-ddc926caa342_ProductionManager - INFO - 
 #############################################################################
05/09/2023 05:38:59 PM - a69af5e9-2842-4e59-833f-ddc926caa342_ProductionManager - INFO - StartState: WaitforNewOrder
05/09/2023 05:38:59 PM - a69af5e9-2842-4e59-833f-ddc926caa342_ProductionManager - INFO - InputDocument : ProductionOrder
05/09/2023 05:40:54 PM - bfc84b62-a979-4c53-843d-3d0c4dedaabb_ProductionManager - INFO - 
 #############################################################################
05/09/2023 05:40:54 PM - bfc84b62-a979-4c53-843d-3d0c4dedaabb_ProductionManager - INFO - StartState: WaitforNewOrder
05/09/2023 05:40:54 PM - bfc84b62-a979-4c53-843d-3d0c4dedaabb_ProductionManager - INFO - InputDocument : ProductionOrder
05/09/2023 05:42:25 PM - 6efe3dcf-1afc-4df2-aa52-4a7a7004d8cd_ProductionManager - INFO - 
 #############################################################################
05/09/2023 05:42:26 PM - 6efe3dcf-1afc-4df2-aa52-4a7a7004d8cd_ProductionManager - INFO - StartState: WaitforNewOrder
05/09/2023 05:42:26 PM - 6efe3dcf-1afc-4df2-aa52-4a7a7004d8cd_ProductionManager - INFO - InputDocument : ProductionOrder
05/09/2023 05:44:46 PM - fc4f90c5-f33e-437a-bc92-34bf6072e7cb_ProductionManager - INFO - 
 #############################################################################
05/09/2023 05:44:46 PM - fc4f90c5-f33e-437a-bc92-34bf6072e7cb_ProductionManager - INFO - StartState: WaitforNewOrder
05/09/2023 05:44:46 PM - fc4f90c5-f33e-437a-bc92-34bf6072e7cb_ProductionManager - INFO - InputDocument : ProductionOrder
05/09/2023 05:47:46 PM - 94626c9b-8c83-48b3-86c8-acb2daba1a80_ProductionManager - INFO - 
 #############################################################################
05/09/2023 05:47:46 PM - 94626c9b-8c83-48b3-86c8-acb2daba1a80_ProductionManager - INFO - StartState: WaitforNewOrder
05/09/2023 05:47:46 PM - 94626c9b-8c83-48b3-86c8-acb2daba1a80_ProductionManager - INFO - InputDocument : ProductionOrder
05/09/2023 05:49:54 PM - e2dfb7e5-e173-4116-bbb1-dc518d00a3a9_ProductionManager - INFO - 
 #############################################################################
05/09/2023 05:49:54 PM - e2dfb7e5-e173-4116-bbb1-dc518d00a3a9_ProductionManager - INFO - StartState: WaitforNewOrder
05/09/2023 05:49:54 PM - e2dfb7e5-e173-4116-bbb1-dc518d00a3a9_ProductionManager - INFO - InputDocument : ProductionOrder
05/09/2023 05:50:58 PM - 3bbe4a23-08bc-4367-8b8b-c677a8233d79_ProductionManager - INFO - 
 #############################################################################
05/09/2023 05:50:59 PM - 3bbe4a23-08bc-4367-8b8b-c677a8233d79_ProductionManager - INFO - StartState: WaitforNewOrder
05/09/2023 05:50:59 PM - 3bbe4a23-08bc-4367-8b8b-c677a8233d79_ProductionManager - INFO - InputDocument : ProductionOrder
05/09/2023 05:51:51 PM - 370c8d35-ea95-4b8c-9da2-2e4c418afa72_ProductionManager - INFO - 
 #############################################################################
05/09/2023 05:51:51 PM - 370c8d35-ea95-4b8c-9da2-2e4c418afa72_ProductionManager - INFO - StartState: WaitforNewOrder
05/09/2023 05:51:51 PM - 370c8d35-ea95-4b8c-9da2-2e4c418afa72_ProductionManager - INFO - InputDocument : ProductionOrder
05/09/2023 05:55:30 PM - f3be9d2e-f263-4542-aa91-a017084e9841_ProductionManager - INFO - 
 #############################################################################
05/09/2023 05:55:30 PM - f3be9d2e-f263-4542-aa91-a017084e9841_ProductionManager - INFO - StartState: WaitforNewOrder
05/09/2023 05:55:30 PM - f3be9d2e-f263-4542-aa91-a017084e9841_ProductionManager - INFO - InputDocument : ProductionOrder
05/09/2023 05:56:41 PM - 8f5bb30b-1939-4d00-97e5-7fa8cb7c6cf0_ProductionManager - INFO - 
 #############################################################################
05/09/2023 05:56:41 PM - 8f5bb30b-1939-4d00-97e5-7fa8cb7c6cf0_ProductionManager - INFO - StartState: WaitforNewOrder
05/09/2023 05:56:41 PM - 8f5bb30b-1939-4d00-97e5-7fa8cb7c6cf0_ProductionManager - INFO - InputDocument : ProductionOrder
05/09/2023 06:03:04 PM - 351477c2-b3de-4559-af0c-111cc1ef4a77_ProductionManager - INFO - 
 #############################################################################
05/09/2023 06:03:04 PM - 351477c2-b3de-4559-af0c-111cc1ef4a77_ProductionManager - INFO - StartState: WaitforNewOrder
05/09/2023 06:03:04 PM - 351477c2-b3de-4559-af0c-111cc1ef4a77_ProductionManager - INFO - InputDocument : ProductionOrder
05/09/2023 06:04:34 PM - cede2bab-1cfa-4e2b-979d-cea73c33b642_ProductionManager - INFO - 
 #############################################################################
05/09/2023 06:04:34 PM - cede2bab-1cfa-4e2b-979d-cea73c33b642_ProductionManager - INFO - StartState: WaitforNewOrder
05/09/2023 06:04:34 PM - cede2bab-1cfa-4e2b-979d-cea73c33b642_ProductionManager - INFO - InputDocument : ProductionOrder
05/09/2023 06:21:17 PM - 2621bcb9-edb1-4908-af12-347061ed51a5_ProductionManager - INFO - 
 #############################################################################
05/09/2023 06:21:17 PM - 2621bcb9-edb1-4908-af12-347061ed51a5_ProductionManager - INFO - StartState: WaitforNewOrder
05/09/2023 06:21:17 PM - 2621bcb9-edb1-4908-af12-347061ed51a5_ProductionManager - INFO - InputDocument : ProductionOrder
05/09/2023 06:25:45 PM - a0c5f901-9391-490a-ae5c-611e987c8033_ProductionManager - INFO - 
 #############################################################################
05/09/2023 06:25:45 PM - a0c5f901-9391-490a-ae5c-611e987c8033_ProductionManager - INFO - StartState: WaitforNewOrder
05/09/2023 06:25:45 PM - a0c5f901-9391-490a-ae5c-611e987c8033_ProductionManager - INFO - InputDocument : ProductionOrder
05/09/2023 06:30:56 PM - d9ab28de-54a4-40b9-a76c-727e18d902a6_ProductionManager - INFO - 
 #############################################################################
05/09/2023 06:30:56 PM - d9ab28de-54a4-40b9-a76c-727e18d902a6_ProductionManager - INFO - StartState: WaitforNewOrder
05/09/2023 06:30:56 PM - d9ab28de-54a4-40b9-a76c-727e18d902a6_ProductionManager - INFO - InputDocument : ProductionOrder
05/09/2023 06:31:49 PM - 8c75d442-a9eb-4646-8d7e-0b7974f4e6a2_ProductionManager - INFO - 
 #############################################################################
05/09/2023 06:31:49 PM - 8c75d442-a9eb-4646-8d7e-0b7974f4e6a2_ProductionManager - INFO - StartState: WaitforNewOrder
05/09/2023 06:31:49 PM - 8c75d442-a9eb-4646-8d7e-0b7974f4e6a2_ProductionManager - INFO - InputDocument : ProductionOrder
05/09/2023 06:34:51 PM - 7e253798-c3b8-49b6-b25d-2ea7ab457e14_ProductionManager - INFO - 
 #############################################################################
05/09/2023 06:34:51 PM - 7e253798-c3b8-49b6-b25d-2ea7ab457e14_ProductionManager - INFO - StartState: WaitforNewOrder
05/09/2023 06:34:51 PM - 7e253798-c3b8-49b6-b25d-2ea7ab457e14_ProductionManager - INFO - InputDocument : ProductionOrder
05/09/2023 06:38:31 PM - 53ba3e42-87de-4d0a-8107-cc0101c7e836_ProductionManager - INFO - 
 #############################################################################
05/09/2023 06:38:31 PM - 53ba3e42-87de-4d0a-8107-cc0101c7e836_ProductionManager - INFO - StartState: WaitforNewOrder
05/09/2023 06:38:31 PM - 53ba3e42-87de-4d0a-8107-cc0101c7e836_ProductionManager - INFO - InputDocument : ProductionOrder
05/09/2023 06:47:13 PM - 0bf3696b-fa82-4662-a757-2f56fea7f1af_ProductionManager - INFO - 
 #############################################################################
05/09/2023 06:47:13 PM - 0bf3696b-fa82-4662-a757-2f56fea7f1af_ProductionManager - INFO - StartState: WaitforNewOrder
05/09/2023 06:47:13 PM - 0bf3696b-fa82-4662-a757-2f56fea7f1af_ProductionManager - INFO - InputDocument : ProductionOrder
05/09/2023 06:49:13 PM - a0e39831-de6b-4bf1-b839-53d6ea555e0c_ProductionManager - INFO - 
 #############################################################################
05/09/2023 06:49:13 PM - a0e39831-de6b-4bf1-b839-53d6ea555e0c_ProductionManager - INFO - StartState: WaitforNewOrder
05/09/2023 06:49:13 PM - a0e39831-de6b-4bf1-b839-53d6ea555e0c_ProductionManager - INFO - InputDocument : ProductionOrder
05/09/2023 06:50:14 PM - 8825ea47-11f1-405c-86f8-74d620d9048b_ProductionManager - INFO - 
 #############################################################################
05/09/2023 06:50:14 PM - 8825ea47-11f1-405c-86f8-74d620d9048b_ProductionManager - INFO - StartState: WaitforNewOrder
05/09/2023 06:50:14 PM - 8825ea47-11f1-405c-86f8-74d620d9048b_ProductionManager - INFO - InputDocument : ProductionOrder
05/09/2023 09:21:28 PM - 5a2bd7be-7d72-4e57-ae37-486551fcf3c7_ProductionManager - INFO - 
 #############################################################################
05/09/2023 09:21:28 PM - 5a2bd7be-7d72-4e57-ae37-486551fcf3c7_ProductionManager - INFO - StartState: WaitforNewOrder
05/09/2023 09:21:28 PM - 5a2bd7be-7d72-4e57-ae37-486551fcf3c7_ProductionManager - INFO - InputDocument : ProductionOrder
