05/09/2023 11:03:09 AM - c0cec656-9b6a-4107-a4b5-def07e0c280f_Register - INFO - 
 #############################################################################
05/09/2023 11:03:09 AM - c0cec656-9b6a-4107-a4b5-def07e0c280f_Register - INFO - StartState: WaitforNewOrder
05/09/2023 11:03:09 AM - c0cec656-9b6a-4107-a4b5-def07e0c280f_Register - INFO - InputDocument : Order
05/09/2023 11:11:14 AM - b64e2652-a249-44c1-80fa-8c71281f317f_Register - INFO - 
 #############################################################################
05/09/2023 11:11:14 AM - b64e2652-a249-44c1-80fa-8c71281f317f_Register - INFO - StartState: WaitforNewOrder
05/09/2023 11:11:14 AM - b64e2652-a249-44c1-80fa-8c71281f317f_Register - INFO - InputDocument : Order
05/09/2023 11:16:32 AM - 31691dc6-5bdf-4ea8-9fd8-0808d175fd09_Register - INFO - 
 #############################################################################
05/09/2023 11:16:32 AM - 31691dc6-5bdf-4ea8-9fd8-0808d175fd09_Register - INFO - StartState: WaitforNewOrder
05/09/2023 11:16:32 AM - 31691dc6-5bdf-4ea8-9fd8-0808d175fd09_Register - INFO - InputDocument : Order
05/09/2023 11:17:05 AM - dbf39f2f-14fc-454b-85ce-edf4aa929cd0_Register - INFO - 
 #############################################################################
05/09/2023 11:17:05 AM - dbf39f2f-14fc-454b-85ce-edf4aa929cd0_Register - INFO - StartState: WaitforNewOrder
05/09/2023 11:17:05 AM - dbf39f2f-14fc-454b-85ce-edf4aa929cd0_Register - INFO - InputDocument : Order
05/09/2023 11:17:36 AM - 0fa08ed0-3c3f-4d38-bd1c-ea8893fca42b_Register - INFO - 
 #############################################################################
05/09/2023 11:17:36 AM - 0fa08ed0-3c3f-4d38-bd1c-ea8893fca42b_Register - INFO - StartState: WaitforNewOrder
05/09/2023 11:17:36 AM - 0fa08ed0-3c3f-4d38-bd1c-ea8893fca42b_Register - INFO - InputDocument : Order
05/09/2023 11:29:50 AM - 8666c045-489b-47c4-bb75-29971f8f8355_Register - INFO - 
 #############################################################################
05/09/2023 11:29:50 AM - 8666c045-489b-47c4-bb75-29971f8f8355_Register - INFO - StartState: WaitforNewOrder
05/09/2023 11:29:50 AM - 8666c045-489b-47c4-bb75-29971f8f8355_Register - INFO - InputDocument : Order
05/09/2023 12:11:11 PM - 0b0359f1-55b1-4669-81ac-4f47974eda81_Register - INFO - 
 #############################################################################
05/09/2023 12:11:11 PM - 0b0359f1-55b1-4669-81ac-4f47974eda81_Register - INFO - StartState: WaitforNewOrder
05/09/2023 12:11:11 PM - 0b0359f1-55b1-4669-81ac-4f47974eda81_Register - INFO - InputDocument : Order
05/09/2023 12:11:51 PM - dbf2cfcf-678c-48aa-80fc-bdfa154942f9_Register - INFO - 
 #############################################################################
05/09/2023 12:11:51 PM - dbf2cfcf-678c-48aa-80fc-bdfa154942f9_Register - INFO - StartState: WaitforNewOrder
05/09/2023 12:11:51 PM - dbf2cfcf-678c-48aa-80fc-bdfa154942f9_Register - INFO - InputDocument : Order
05/09/2023 12:23:50 PM - 8d86c959-c2aa-4123-a2c5-aac56683548d_Register - INFO - 
 #############################################################################
05/09/2023 12:23:50 PM - 8d86c959-c2aa-4123-a2c5-aac56683548d_Register - INFO - StartState: WaitforNewOrder
05/09/2023 12:23:50 PM - 8d86c959-c2aa-4123-a2c5-aac56683548d_Register - INFO - InputDocument : Order
05/09/2023 12:27:35 PM - b170adbc-fa27-4de4-b2b3-cf99a06c9f0e_Register - INFO - 
 #############################################################################
05/09/2023 12:27:35 PM - b170adbc-fa27-4de4-b2b3-cf99a06c9f0e_Register - INFO - StartState: WaitforNewOrder
05/09/2023 12:27:35 PM - b170adbc-fa27-4de4-b2b3-cf99a06c9f0e_Register - INFO - InputDocument : Order
05/09/2023 12:34:05 PM - 107b5be0-663b-41a3-860c-23aeaa9d0109_Register - INFO - 
 #############################################################################
05/09/2023 12:34:05 PM - 107b5be0-663b-41a3-860c-23aeaa9d0109_Register - INFO - StartState: WaitforNewOrder
05/09/2023 12:34:05 PM - 107b5be0-663b-41a3-860c-23aeaa9d0109_Register - INFO - InputDocument : Order
05/09/2023 12:42:22 PM - 41fd62f8-a930-406d-9371-884cd66081a8_Register - INFO - 
 #############################################################################
05/09/2023 12:42:22 PM - 41fd62f8-a930-406d-9371-884cd66081a8_Register - INFO - StartState: WaitforNewOrder
05/09/2023 12:42:22 PM - 41fd62f8-a930-406d-9371-884cd66081a8_Register - INFO - InputDocument : Order
05/09/2023 12:43:42 PM - a924ff24-bf9c-4bac-998c-e797d8563bfe_Register - INFO - 
 #############################################################################
05/09/2023 12:43:42 PM - a924ff24-bf9c-4bac-998c-e797d8563bfe_Register - INFO - StartState: WaitforNewOrder
05/09/2023 12:43:42 PM - a924ff24-bf9c-4bac-998c-e797d8563bfe_Register - INFO - InputDocument : Order
05/09/2023 12:44:44 PM - f5094276-c2f1-40e2-b279-7b13b3af7c8f_Register - INFO - 
 #############################################################################
05/09/2023 12:44:44 PM - f5094276-c2f1-40e2-b279-7b13b3af7c8f_Register - INFO - StartState: WaitforNewOrder
05/09/2023 12:44:44 PM - f5094276-c2f1-40e2-b279-7b13b3af7c8f_Register - INFO - InputDocument : Order
05/09/2023 12:48:20 PM - 9b778d1c-595c-4d70-a793-3738e8d3eaf4_Register - INFO - 
 #############################################################################
05/09/2023 12:48:20 PM - 9b778d1c-595c-4d70-a793-3738e8d3eaf4_Register - INFO - StartState: WaitforNewOrder
05/09/2023 12:48:20 PM - 9b778d1c-595c-4d70-a793-3738e8d3eaf4_Register - INFO - InputDocument : Order
05/09/2023 01:19:51 PM - f7d945de-fb3d-4320-a69b-efbbdce04cfe_Register - INFO - 
 #############################################################################
05/09/2023 01:19:51 PM - f7d945de-fb3d-4320-a69b-efbbdce04cfe_Register - INFO - StartState: WaitforNewOrder
05/09/2023 01:19:51 PM - f7d945de-fb3d-4320-a69b-efbbdce04cfe_Register - INFO - InputDocument : Order
05/09/2023 01:21:39 PM - d56a41c8-05db-4d27-921d-0120cce6d77f_Register - INFO - 
 #############################################################################
05/09/2023 01:21:39 PM - d56a41c8-05db-4d27-921d-0120cce6d77f_Register - INFO - StartState: WaitforNewOrder
05/09/2023 01:21:39 PM - d56a41c8-05db-4d27-921d-0120cce6d77f_Register - INFO - InputDocument : Order
05/09/2023 01:24:48 PM - abc5267b-df6f-423b-8235-a27dd50c17bc_Register - INFO - 
 #############################################################################
05/09/2023 01:24:48 PM - abc5267b-df6f-423b-8235-a27dd50c17bc_Register - INFO - StartState: WaitforNewOrder
05/09/2023 01:24:48 PM - abc5267b-df6f-423b-8235-a27dd50c17bc_Register - INFO - InputDocument : Order
05/09/2023 01:26:41 PM - 28f58223-dc1d-430e-848b-4f2d5dced4e6_Register - INFO - 
 #############################################################################
05/09/2023 01:26:41 PM - 28f58223-dc1d-430e-848b-4f2d5dced4e6_Register - INFO - StartState: WaitforNewOrder
05/09/2023 01:26:41 PM - 28f58223-dc1d-430e-848b-4f2d5dced4e6_Register - INFO - InputDocument : Order
05/09/2023 01:31:02 PM - 56e910e8-6366-4dc3-83ed-4f40ecf99614_Register - INFO - 
 #############################################################################
05/09/2023 01:31:02 PM - 56e910e8-6366-4dc3-83ed-4f40ecf99614_Register - INFO - StartState: WaitforNewOrder
05/09/2023 01:31:02 PM - 56e910e8-6366-4dc3-83ed-4f40ecf99614_Register - INFO - InputDocument : Order
05/09/2023 01:31:30 PM - 63125bd4-be38-4104-819c-68d53befcd0c_Register - INFO - 
 #############################################################################
05/09/2023 01:31:30 PM - 63125bd4-be38-4104-819c-68d53befcd0c_Register - INFO - StartState: WaitforNewOrder
05/09/2023 01:31:30 PM - 63125bd4-be38-4104-819c-68d53befcd0c_Register - INFO - InputDocument : Order
05/09/2023 01:32:57 PM - 422d33d4-930f-4350-815a-b269f55029dd_Register - INFO - 
 #############################################################################
05/09/2023 01:32:57 PM - 422d33d4-930f-4350-815a-b269f55029dd_Register - INFO - StartState: WaitforNewOrder
05/09/2023 01:32:57 PM - 422d33d4-930f-4350-815a-b269f55029dd_Register - INFO - InputDocument : Order
05/09/2023 01:33:51 PM - b5215a2c-34ef-4821-83f4-bc207b5aa37f_Register - INFO - 
 #############################################################################
05/09/2023 01:33:51 PM - b5215a2c-34ef-4821-83f4-bc207b5aa37f_Register - INFO - StartState: WaitforNewOrder
05/09/2023 01:33:51 PM - b5215a2c-34ef-4821-83f4-bc207b5aa37f_Register - INFO - InputDocument : Order
05/09/2023 01:46:51 PM - 5ffa7610-3cdf-466a-860e-3a89beabdb70_Register - INFO - 
 #############################################################################
05/09/2023 01:46:51 PM - 5ffa7610-3cdf-466a-860e-3a89beabdb70_Register - INFO - StartState: WaitforNewOrder
05/09/2023 01:46:51 PM - 5ffa7610-3cdf-466a-860e-3a89beabdb70_Register - INFO - InputDocument : Order
05/09/2023 01:49:44 PM - 7ae91328-19fc-44fc-8cce-d428384dcafd_Register - INFO - 
 #############################################################################
05/09/2023 01:49:44 PM - 7ae91328-19fc-44fc-8cce-d428384dcafd_Register - INFO - StartState: WaitforNewOrder
05/09/2023 01:49:44 PM - 7ae91328-19fc-44fc-8cce-d428384dcafd_Register - INFO - InputDocument : Order
05/09/2023 01:52:22 PM - b1f2c239-0974-48f0-8ac7-9a799b5262c8_Register - INFO - 
 #############################################################################
05/09/2023 01:52:22 PM - b1f2c239-0974-48f0-8ac7-9a799b5262c8_Register - INFO - StartState: WaitforNewOrder
05/09/2023 01:52:22 PM - b1f2c239-0974-48f0-8ac7-9a799b5262c8_Register - INFO - InputDocument : Order
05/09/2023 01:54:49 PM - 9ef91008-f1f6-4563-8ddd-297cde4f9fbf_Register - INFO - 
 #############################################################################
05/09/2023 01:54:49 PM - 9ef91008-f1f6-4563-8ddd-297cde4f9fbf_Register - INFO - StartState: WaitforNewOrder
05/09/2023 01:54:49 PM - 9ef91008-f1f6-4563-8ddd-297cde4f9fbf_Register - INFO - InputDocument : Order
05/09/2023 03:28:47 PM - b0723a82-4255-4197-9cce-b90883bfc044_Register - INFO - 
 #############################################################################
05/09/2023 03:28:47 PM - b0723a82-4255-4197-9cce-b90883bfc044_Register - INFO - StartState: WaitforNewOrder
05/09/2023 03:28:47 PM - b0723a82-4255-4197-9cce-b90883bfc044_Register - INFO - InputDocument : Order
05/09/2023 03:29:25 PM - f897d208-c0da-462a-b7ba-ce158037da6d_Register - INFO - 
 #############################################################################
05/09/2023 03:29:25 PM - f897d208-c0da-462a-b7ba-ce158037da6d_Register - INFO - StartState: WaitforNewOrder
05/09/2023 03:29:25 PM - f897d208-c0da-462a-b7ba-ce158037da6d_Register - INFO - InputDocument : Order
05/09/2023 03:31:35 PM - 53decb30-8941-4e5e-92a0-fe74973b49f9_Register - INFO - 
 #############################################################################
05/09/2023 03:31:35 PM - 53decb30-8941-4e5e-92a0-fe74973b49f9_Register - INFO - StartState: WaitforNewOrder
05/09/2023 03:31:35 PM - 53decb30-8941-4e5e-92a0-fe74973b49f9_Register - INFO - InputDocument : Order
05/09/2023 03:33:47 PM - 6a18fd9b-1563-4593-9e53-e6cef62c7ff9_Register - INFO - 
 #############################################################################
05/09/2023 03:33:47 PM - 6a18fd9b-1563-4593-9e53-e6cef62c7ff9_Register - INFO - StartState: WaitforNewOrder
05/09/2023 03:33:47 PM - 6a18fd9b-1563-4593-9e53-e6cef62c7ff9_Register - INFO - InputDocument : Order
05/09/2023 03:36:20 PM - 75c68089-6271-4cea-836a-2d1d6d8a16ab_Register - INFO - 
 #############################################################################
05/09/2023 03:36:20 PM - 75c68089-6271-4cea-836a-2d1d6d8a16ab_Register - INFO - StartState: WaitforNewOrder
05/09/2023 03:36:20 PM - 75c68089-6271-4cea-836a-2d1d6d8a16ab_Register - INFO - InputDocument : Order
05/09/2023 03:38:47 PM - 72bdf70d-b32f-4980-9054-9805358f64ac_Register - INFO - 
 #############################################################################
05/09/2023 03:38:47 PM - 72bdf70d-b32f-4980-9054-9805358f64ac_Register - INFO - StartState: WaitforNewOrder
05/09/2023 03:38:47 PM - 72bdf70d-b32f-4980-9054-9805358f64ac_Register - INFO - InputDocument : Order
05/09/2023 03:40:35 PM - fd94038a-8d1e-4f20-8e2e-669fad232d22_Register - INFO - 
 #############################################################################
05/09/2023 03:40:35 PM - fd94038a-8d1e-4f20-8e2e-669fad232d22_Register - INFO - StartState: WaitforNewOrder
05/09/2023 03:40:35 PM - fd94038a-8d1e-4f20-8e2e-669fad232d22_Register - INFO - InputDocument : Order
05/09/2023 03:41:56 PM - d3cbd47c-2edb-4027-ac25-3e2dfc846e19_Register - INFO - 
 #############################################################################
05/09/2023 03:41:56 PM - d3cbd47c-2edb-4027-ac25-3e2dfc846e19_Register - INFO - StartState: WaitforNewOrder
05/09/2023 03:41:56 PM - d3cbd47c-2edb-4027-ac25-3e2dfc846e19_Register - INFO - InputDocument : Order
05/09/2023 03:44:02 PM - 6bb3cc2a-9a6e-46af-a356-eeea9f9dff8f_Register - INFO - 
 #############################################################################
05/09/2023 03:44:02 PM - 6bb3cc2a-9a6e-46af-a356-eeea9f9dff8f_Register - INFO - StartState: WaitforNewOrder
05/09/2023 03:44:02 PM - 6bb3cc2a-9a6e-46af-a356-eeea9f9dff8f_Register - INFO - InputDocument : Order
05/09/2023 03:45:05 PM - 9d4b9bc8-7141-4a4a-9f1c-6235b92b8dcb_Register - INFO - 
 #############################################################################
05/09/2023 03:45:05 PM - 9d4b9bc8-7141-4a4a-9f1c-6235b92b8dcb_Register - INFO - StartState: WaitforNewOrder
05/09/2023 03:45:05 PM - 9d4b9bc8-7141-4a4a-9f1c-6235b92b8dcb_Register - INFO - InputDocument : Order
05/09/2023 03:47:45 PM - 2faf40bd-0d55-4028-88aa-c3ea33437a6e_Register - INFO - 
 #############################################################################
05/09/2023 03:47:45 PM - 2faf40bd-0d55-4028-88aa-c3ea33437a6e_Register - INFO - StartState: WaitforNewOrder
05/09/2023 03:47:45 PM - 2faf40bd-0d55-4028-88aa-c3ea33437a6e_Register - INFO - InputDocument : Order
05/09/2023 03:58:54 PM - dcf827f0-84a3-40e2-b45a-986dbad380ed_Register - INFO - 
 #############################################################################
05/09/2023 03:58:54 PM - dcf827f0-84a3-40e2-b45a-986dbad380ed_Register - INFO - StartState: WaitforNewOrder
05/09/2023 03:58:54 PM - dcf827f0-84a3-40e2-b45a-986dbad380ed_Register - INFO - InputDocument : Order
05/09/2023 04:02:41 PM - 5c00699e-9145-4f01-b40e-6e47eedd6cd2_Register - INFO - 
 #############################################################################
05/09/2023 04:02:41 PM - 5c00699e-9145-4f01-b40e-6e47eedd6cd2_Register - INFO - StartState: WaitforNewOrder
05/09/2023 04:02:41 PM - 5c00699e-9145-4f01-b40e-6e47eedd6cd2_Register - INFO - InputDocument : Order
05/09/2023 04:03:59 PM - 396a3369-bb9a-493a-97e6-013c591a17d8_Register - INFO - 
 #############################################################################
05/09/2023 04:03:59 PM - 396a3369-bb9a-493a-97e6-013c591a17d8_Register - INFO - StartState: WaitforNewOrder
05/09/2023 04:03:59 PM - 396a3369-bb9a-493a-97e6-013c591a17d8_Register - INFO - InputDocument : Order
05/09/2023 04:05:51 PM - 1e72b498-f166-4727-888a-5b6362b06f6a_Register - INFO - 
 #############################################################################
05/09/2023 04:05:51 PM - 1e72b498-f166-4727-888a-5b6362b06f6a_Register - INFO - StartState: WaitforNewOrder
05/09/2023 04:05:51 PM - 1e72b498-f166-4727-888a-5b6362b06f6a_Register - INFO - InputDocument : Order
05/09/2023 04:06:59 PM - 523bfa81-a942-46c4-ac3c-9a603309f0e1_Register - INFO - 
 #############################################################################
05/09/2023 04:06:59 PM - 523bfa81-a942-46c4-ac3c-9a603309f0e1_Register - INFO - StartState: WaitforNewOrder
05/09/2023 04:06:59 PM - 523bfa81-a942-46c4-ac3c-9a603309f0e1_Register - INFO - InputDocument : Order
05/09/2023 04:08:18 PM - b690c6b7-17c8-4a8b-b13e-84ecf0a27d3b_Register - INFO - 
 #############################################################################
05/09/2023 04:08:18 PM - b690c6b7-17c8-4a8b-b13e-84ecf0a27d3b_Register - INFO - StartState: WaitforNewOrder
05/09/2023 04:08:18 PM - b690c6b7-17c8-4a8b-b13e-84ecf0a27d3b_Register - INFO - InputDocument : Order
05/09/2023 04:09:19 PM - 9ae2c8d8-f940-4e21-baa5-40f6fb323e8b_Register - INFO - 
 #############################################################################
05/09/2023 04:09:19 PM - 9ae2c8d8-f940-4e21-baa5-40f6fb323e8b_Register - INFO - StartState: WaitforNewOrder
05/09/2023 04:09:19 PM - 9ae2c8d8-f940-4e21-baa5-40f6fb323e8b_Register - INFO - InputDocument : Order
05/09/2023 04:10:46 PM - 57f9d9e0-ea42-4ae8-8fb8-6e1afd78a403_Register - INFO - 
 #############################################################################
05/09/2023 04:10:46 PM - 57f9d9e0-ea42-4ae8-8fb8-6e1afd78a403_Register - INFO - StartState: WaitforNewOrder
05/09/2023 04:10:46 PM - 57f9d9e0-ea42-4ae8-8fb8-6e1afd78a403_Register - INFO - InputDocument : Order
05/09/2023 04:11:14 PM - 61137244-7c7f-41c9-9436-61a542b24c8b_Register - INFO - 
 #############################################################################
05/09/2023 04:11:14 PM - 61137244-7c7f-41c9-9436-61a542b24c8b_Register - INFO - StartState: WaitforNewOrder
05/09/2023 04:11:14 PM - 61137244-7c7f-41c9-9436-61a542b24c8b_Register - INFO - InputDocument : Order
05/09/2023 04:11:46 PM - fa39392c-ebc4-42fb-9607-ff94872de3a2_Register - INFO - 
 #############################################################################
05/09/2023 04:11:46 PM - fa39392c-ebc4-42fb-9607-ff94872de3a2_Register - INFO - StartState: WaitforNewOrder
05/09/2023 04:11:46 PM - fa39392c-ebc4-42fb-9607-ff94872de3a2_Register - INFO - InputDocument : Order
05/09/2023 04:13:32 PM - 0b3a2f43-108a-4705-8289-3f71b887081d_Register - INFO - 
 #############################################################################
05/09/2023 04:13:32 PM - 0b3a2f43-108a-4705-8289-3f71b887081d_Register - INFO - StartState: WaitforNewOrder
05/09/2023 04:13:32 PM - 0b3a2f43-108a-4705-8289-3f71b887081d_Register - INFO - InputDocument : Order
05/09/2023 04:14:51 PM - 79786482-ed06-4f4e-87d7-8a9afdea286c_Register - INFO - 
 #############################################################################
05/09/2023 04:14:51 PM - 79786482-ed06-4f4e-87d7-8a9afdea286c_Register - INFO - StartState: WaitforNewOrder
05/09/2023 04:14:51 PM - 79786482-ed06-4f4e-87d7-8a9afdea286c_Register - INFO - InputDocument : Order
05/09/2023 04:51:43 PM - 84771095-b389-4cb1-aac0-ad2e886c3287_Register - INFO - 
 #############################################################################
05/09/2023 04:51:43 PM - 84771095-b389-4cb1-aac0-ad2e886c3287_Register - INFO - StartState: WaitforNewOrder
05/09/2023 04:51:44 PM - 84771095-b389-4cb1-aac0-ad2e886c3287_Register - INFO - InputDocument : Order
05/09/2023 04:53:22 PM - bd36188e-f733-46e9-bc39-81f08592dd44_Register - INFO - 
 #############################################################################
05/09/2023 04:53:22 PM - bd36188e-f733-46e9-bc39-81f08592dd44_Register - INFO - StartState: WaitforNewOrder
05/09/2023 04:53:22 PM - bd36188e-f733-46e9-bc39-81f08592dd44_Register - INFO - InputDocument : Order
05/09/2023 04:54:13 PM - 1ba395dc-b8d8-4863-a2a7-9759443bb99f_Register - INFO - 
 #############################################################################
05/09/2023 04:54:13 PM - 1ba395dc-b8d8-4863-a2a7-9759443bb99f_Register - INFO - StartState: WaitforNewOrder
05/09/2023 04:54:13 PM - 1ba395dc-b8d8-4863-a2a7-9759443bb99f_Register - INFO - InputDocument : Order
05/09/2023 05:16:32 PM - db37fb92-ce82-47b5-906d-6eb07a3a8bbf_Register - INFO - 
 #############################################################################
05/09/2023 05:16:32 PM - db37fb92-ce82-47b5-906d-6eb07a3a8bbf_Register - INFO - StartState: WaitforNewOrder
05/09/2023 05:16:32 PM - db37fb92-ce82-47b5-906d-6eb07a3a8bbf_Register - INFO - InputDocument : Order
05/09/2023 05:38:24 PM - d8646b70-6899-4fa7-9afc-e64df0e5b860_Register - INFO - 
 #############################################################################
05/09/2023 05:38:24 PM - d8646b70-6899-4fa7-9afc-e64df0e5b860_Register - INFO - StartState: WaitforNewOrder
05/09/2023 05:38:24 PM - d8646b70-6899-4fa7-9afc-e64df0e5b860_Register - INFO - InputDocument : Order
05/09/2023 05:39:00 PM - 6e8c8618-e1b5-4f38-99e5-d14f9b2c2ff6_Register - INFO - 
 #############################################################################
05/09/2023 05:39:00 PM - 6e8c8618-e1b5-4f38-99e5-d14f9b2c2ff6_Register - INFO - StartState: WaitforNewOrder
05/09/2023 05:39:00 PM - 6e8c8618-e1b5-4f38-99e5-d14f9b2c2ff6_Register - INFO - InputDocument : Order
05/09/2023 05:40:54 PM - 5addaef5-52c4-4f3e-aa4f-9a657d85d990_Register - INFO - 
 #############################################################################
05/09/2023 05:40:54 PM - 5addaef5-52c4-4f3e-aa4f-9a657d85d990_Register - INFO - StartState: WaitforNewOrder
05/09/2023 05:40:54 PM - 5addaef5-52c4-4f3e-aa4f-9a657d85d990_Register - INFO - InputDocument : Order
05/09/2023 05:42:26 PM - 17f2ea6c-37ea-4402-9a2d-15ac282ca1ea_Register - INFO - 
 #############################################################################
05/09/2023 05:42:26 PM - 17f2ea6c-37ea-4402-9a2d-15ac282ca1ea_Register - INFO - StartState: WaitforNewOrder
05/09/2023 05:42:26 PM - 17f2ea6c-37ea-4402-9a2d-15ac282ca1ea_Register - INFO - InputDocument : Order
05/09/2023 05:44:46 PM - 9f27ee5a-e2a2-42e2-833e-f74aacdd6e0c_Register - INFO - 
 #############################################################################
05/09/2023 05:44:46 PM - 9f27ee5a-e2a2-42e2-833e-f74aacdd6e0c_Register - INFO - StartState: WaitforNewOrder
05/09/2023 05:44:46 PM - 9f27ee5a-e2a2-42e2-833e-f74aacdd6e0c_Register - INFO - InputDocument : Order
05/09/2023 05:47:46 PM - e7288a0b-5ca2-43f6-a83c-20b5aaab3a76_Register - INFO - 
 #############################################################################
05/09/2023 05:47:46 PM - e7288a0b-5ca2-43f6-a83c-20b5aaab3a76_Register - INFO - StartState: WaitforNewOrder
05/09/2023 05:47:46 PM - e7288a0b-5ca2-43f6-a83c-20b5aaab3a76_Register - INFO - InputDocument : Order
05/09/2023 05:49:54 PM - 56481f74-3c68-4ae3-af5a-441ca793345c_Register - INFO - 
 #############################################################################
05/09/2023 05:49:54 PM - 56481f74-3c68-4ae3-af5a-441ca793345c_Register - INFO - StartState: WaitforNewOrder
05/09/2023 05:49:54 PM - 56481f74-3c68-4ae3-af5a-441ca793345c_Register - INFO - InputDocument : Order
05/09/2023 05:50:59 PM - c106c065-9205-4248-849b-3cdab2ed33c1_Register - INFO - 
 #############################################################################
05/09/2023 05:50:59 PM - c106c065-9205-4248-849b-3cdab2ed33c1_Register - INFO - StartState: WaitforNewOrder
05/09/2023 05:50:59 PM - c106c065-9205-4248-849b-3cdab2ed33c1_Register - INFO - InputDocument : Order
05/09/2023 05:51:51 PM - 7d123618-0036-485d-b03a-678aefcd39ba_Register - INFO - 
 #############################################################################
05/09/2023 05:51:51 PM - 7d123618-0036-485d-b03a-678aefcd39ba_Register - INFO - StartState: WaitforNewOrder
05/09/2023 05:51:51 PM - 7d123618-0036-485d-b03a-678aefcd39ba_Register - INFO - InputDocument : Order
05/09/2023 05:55:30 PM - ffa4cfa1-8d9d-4986-a408-d5e4a0b67d81_Register - INFO - 
 #############################################################################
05/09/2023 05:55:30 PM - ffa4cfa1-8d9d-4986-a408-d5e4a0b67d81_Register - INFO - StartState: WaitforNewOrder
05/09/2023 05:55:30 PM - ffa4cfa1-8d9d-4986-a408-d5e4a0b67d81_Register - INFO - InputDocument : Order
05/09/2023 05:56:41 PM - c7cd4c58-55a4-4585-b5ba-27dd777e85e7_Register - INFO - 
 #############################################################################
05/09/2023 05:56:41 PM - c7cd4c58-55a4-4585-b5ba-27dd777e85e7_Register - INFO - StartState: WaitforNewOrder
05/09/2023 05:56:41 PM - c7cd4c58-55a4-4585-b5ba-27dd777e85e7_Register - INFO - InputDocument : Order
05/09/2023 06:03:04 PM - d62f2917-008b-4cfa-974e-784193d6db08_Register - INFO - 
 #############################################################################
05/09/2023 06:03:04 PM - d62f2917-008b-4cfa-974e-784193d6db08_Register - INFO - StartState: WaitforNewOrder
05/09/2023 06:03:04 PM - d62f2917-008b-4cfa-974e-784193d6db08_Register - INFO - InputDocument : Order
05/09/2023 06:04:34 PM - a6349138-501d-4fbe-9c60-8884202118e7_Register - INFO - 
 #############################################################################
05/09/2023 06:04:35 PM - a6349138-501d-4fbe-9c60-8884202118e7_Register - INFO - StartState: WaitforNewOrder
05/09/2023 06:04:35 PM - a6349138-501d-4fbe-9c60-8884202118e7_Register - INFO - InputDocument : Order
05/09/2023 06:21:17 PM - 75fd5bf6-ed9d-4c44-a17e-bccdd465bfff_Register - INFO - 
 #############################################################################
05/09/2023 06:21:17 PM - 75fd5bf6-ed9d-4c44-a17e-bccdd465bfff_Register - INFO - StartState: WaitforNewOrder
05/09/2023 06:21:17 PM - 75fd5bf6-ed9d-4c44-a17e-bccdd465bfff_Register - INFO - InputDocument : Order
05/09/2023 06:25:45 PM - 72130763-2e07-4559-8a08-d6fec9d2afd2_Register - INFO - 
 #############################################################################
05/09/2023 06:25:45 PM - 72130763-2e07-4559-8a08-d6fec9d2afd2_Register - INFO - StartState: WaitforNewOrder
05/09/2023 06:25:45 PM - 72130763-2e07-4559-8a08-d6fec9d2afd2_Register - INFO - InputDocument : Order
05/09/2023 06:30:56 PM - 1001a348-1130-465d-b99c-3ccd773cc6bc_Register - INFO - 
 #############################################################################
05/09/2023 06:30:56 PM - 1001a348-1130-465d-b99c-3ccd773cc6bc_Register - INFO - StartState: WaitforNewOrder
05/09/2023 06:30:56 PM - 1001a348-1130-465d-b99c-3ccd773cc6bc_Register - INFO - InputDocument : Order
05/09/2023 06:31:49 PM - 96bae27f-5cbb-416a-a7e2-4e76598534de_Register - INFO - 
 #############################################################################
05/09/2023 06:31:49 PM - 96bae27f-5cbb-416a-a7e2-4e76598534de_Register - INFO - StartState: WaitforNewOrder
05/09/2023 06:31:49 PM - 96bae27f-5cbb-416a-a7e2-4e76598534de_Register - INFO - InputDocument : Order
05/09/2023 06:34:51 PM - 120321ef-7824-4b08-90dd-207b98e9f242_Register - INFO - 
 #############################################################################
05/09/2023 06:34:51 PM - 120321ef-7824-4b08-90dd-207b98e9f242_Register - INFO - StartState: WaitforNewOrder
05/09/2023 06:34:51 PM - 120321ef-7824-4b08-90dd-207b98e9f242_Register - INFO - InputDocument : Order
05/09/2023 06:38:32 PM - 38402d16-8d57-48dc-b1a3-ce8fe9f58130_Register - INFO - 
 #############################################################################
05/09/2023 06:38:32 PM - 38402d16-8d57-48dc-b1a3-ce8fe9f58130_Register - INFO - StartState: WaitforNewOrder
05/09/2023 06:38:32 PM - 38402d16-8d57-48dc-b1a3-ce8fe9f58130_Register - INFO - InputDocument : Order
05/09/2023 06:47:13 PM - 5f118e08-8979-4aba-ad90-2a21937a5691_Register - INFO - 
 #############################################################################
05/09/2023 06:47:13 PM - 5f118e08-8979-4aba-ad90-2a21937a5691_Register - INFO - StartState: WaitforNewOrder
05/09/2023 06:47:13 PM - 5f118e08-8979-4aba-ad90-2a21937a5691_Register - INFO - InputDocument : Order
05/09/2023 06:49:13 PM - deb0e097-0d2a-4a81-bafe-47685a3c204f_Register - INFO - 
 #############################################################################
05/09/2023 06:49:13 PM - deb0e097-0d2a-4a81-bafe-47685a3c204f_Register - INFO - StartState: WaitforNewOrder
05/09/2023 06:49:13 PM - deb0e097-0d2a-4a81-bafe-47685a3c204f_Register - INFO - InputDocument : Order
05/09/2023 06:50:14 PM - 4c72ab4d-7dbe-4737-a967-1f619802fea0_Register - INFO - 
 #############################################################################
05/09/2023 06:50:15 PM - 4c72ab4d-7dbe-4737-a967-1f619802fea0_Register - INFO - StartState: WaitforNewOrder
05/09/2023 06:50:15 PM - 4c72ab4d-7dbe-4737-a967-1f619802fea0_Register - INFO - InputDocument : Order
05/09/2023 09:21:29 PM - e23672cf-c593-4660-8da9-d94688df05a6_Register - INFO - 
 #############################################################################
05/09/2023 09:21:29 PM - e23672cf-c593-4660-8da9-d94688df05a6_Register - INFO - StartState: WaitforNewOrder
05/09/2023 09:21:29 PM - e23672cf-c593-4660-8da9-d94688df05a6_Register - INFO - InputDocument : Order
