04/12/2023 11:47:04 AM - ww.ovgu.de/aas/67e882ad-7027-4854-b6db-8f5b30e21e1e.HoningRequester - INFO - 
 #############################################################################
04/12/2023 11:47:04 AM - ww.ovgu.de/aas/67e882ad-7027-4854-b6db-8f5b30e21e1e.HoningRequester - INFO - StartState: WaitforNewOrder
04/12/2023 11:47:04 AM - ww.ovgu.de/aas/67e882ad-7027-4854-b6db-8f5b30e21e1e.HoningRequester - INFO - InputDocument : Order
04/12/2023 12:04:13 PM - ww.ovgu.de/aas/67e882ad-7027-4854-b6db-8f5b30e21e1e.HoningRequester - INFO - 
 #############################################################################
04/12/2023 12:04:13 PM - ww.ovgu.de/aas/67e882ad-7027-4854-b6db-8f5b30e21e1e.HoningRequester - INFO - StartState: WaitforNewOrder
04/12/2023 12:04:13 PM - ww.ovgu.de/aas/67e882ad-7027-4854-b6db-8f5b30e21e1e.HoningRequester - INFO - InputDocument : Order
04/12/2023 12:07:39 PM - ww.ovgu.de/aas/67e882ad-7027-4854-b6db-8f5b30e21e1e.HoningRequester - INFO - 
 #############################################################################
04/12/2023 12:07:39 PM - ww.ovgu.de/aas/67e882ad-7027-4854-b6db-8f5b30e21e1e.HoningRequester - INFO - StartState: WaitforNewOrder
04/12/2023 12:07:39 PM - ww.ovgu.de/aas/67e882ad-7027-4854-b6db-8f5b30e21e1e.HoningRequester - INFO - InputDocument : Order
04/12/2023 12:09:01 PM - ww.ovgu.de/aas/67e882ad-7027-4854-b6db-8f5b30e21e1e.HoningRequester - INFO - 
 #############################################################################
04/12/2023 12:09:01 PM - ww.ovgu.de/aas/67e882ad-7027-4854-b6db-8f5b30e21e1e.HoningRequester - INFO - StartState: WaitforNewOrder
04/12/2023 12:09:01 PM - ww.ovgu.de/aas/67e882ad-7027-4854-b6db-8f5b30e21e1e.HoningRequester - INFO - InputDocument : Order
04/12/2023 12:21:07 PM - ww.ovgu.de/aas/67e882ad-7027-4854-b6db-8f5b30e21e1e.HoningRequester - INFO - 
 #############################################################################
04/12/2023 12:21:07 PM - ww.ovgu.de/aas/67e882ad-7027-4854-b6db-8f5b30e21e1e.HoningRequester - INFO - StartState: WaitforNewOrder
04/12/2023 12:21:07 PM - ww.ovgu.de/aas/67e882ad-7027-4854-b6db-8f5b30e21e1e.HoningRequester - INFO - InputDocument : Order
04/12/2023 12:23:50 PM - ww.ovgu.de/aas/67e882ad-7027-4854-b6db-8f5b30e21e1e.HoningRequester - INFO - 
 #############################################################################
04/12/2023 12:23:50 PM - ww.ovgu.de/aas/67e882ad-7027-4854-b6db-8f5b30e21e1e.HoningRequester - INFO - StartState: WaitforNewOrder
04/12/2023 12:23:50 PM - ww.ovgu.de/aas/67e882ad-7027-4854-b6db-8f5b30e21e1e.HoningRequester - INFO - InputDocument : Order
04/12/2023 12:43:32 PM - ww.ovgu.de/aas/67e882ad-7027-4854-b6db-8f5b30e21e1e.HoningRequester - INFO - 
 #############################################################################
04/12/2023 12:43:32 PM - ww.ovgu.de/aas/67e882ad-7027-4854-b6db-8f5b30e21e1e.HoningRequester - INFO - StartState: WaitforNewOrder
04/12/2023 12:43:32 PM - ww.ovgu.de/aas/67e882ad-7027-4854-b6db-8f5b30e21e1e.HoningRequester - INFO - InputDocument : Order
04/12/2023 12:46:56 PM - ww.ovgu.de/aas/67e882ad-7027-4854-b6db-8f5b30e21e1e.HoningRequester - INFO - 
 #############################################################################
04/12/2023 12:46:56 PM - ww.ovgu.de/aas/67e882ad-7027-4854-b6db-8f5b30e21e1e.HoningRequester - INFO - StartState: WaitforNewOrder
04/12/2023 12:46:56 PM - ww.ovgu.de/aas/67e882ad-7027-4854-b6db-8f5b30e21e1e.HoningRequester - INFO - InputDocument : Order
04/12/2023 12:48:22 PM - ww.ovgu.de/aas/67e882ad-7027-4854-b6db-8f5b30e21e1e.HoningRequester - INFO - 
 #############################################################################
04/12/2023 12:48:22 PM - ww.ovgu.de/aas/67e882ad-7027-4854-b6db-8f5b30e21e1e.HoningRequester - INFO - StartState: WaitforNewOrder
04/12/2023 12:48:22 PM - ww.ovgu.de/aas/67e882ad-7027-4854-b6db-8f5b30e21e1e.HoningRequester - INFO - InputDocument : Order
04/12/2023 12:53:33 PM - ww.ovgu.de/aas/67e882ad-7027-4854-b6db-8f5b30e21e1e.HoningRequester - INFO - 
 #############################################################################
04/12/2023 12:53:33 PM - ww.ovgu.de/aas/67e882ad-7027-4854-b6db-8f5b30e21e1e.HoningRequester - INFO - StartState: WaitforNewOrder
04/12/2023 12:53:33 PM - ww.ovgu.de/aas/67e882ad-7027-4854-b6db-8f5b30e21e1e.HoningRequester - INFO - InputDocument : Order
04/12/2023 12:55:49 PM - ww.ovgu.de/aas/67e882ad-7027-4854-b6db-8f5b30e21e1e.HoningRequester - INFO - 
 #############################################################################
04/12/2023 12:55:49 PM - ww.ovgu.de/aas/67e882ad-7027-4854-b6db-8f5b30e21e1e.HoningRequester - INFO - StartState: WaitforNewOrder
04/12/2023 12:55:49 PM - ww.ovgu.de/aas/67e882ad-7027-4854-b6db-8f5b30e21e1e.HoningRequester - INFO - InputDocument : Order
04/12/2023 12:57:55 PM - ww.ovgu.de/aas/67e882ad-7027-4854-b6db-8f5b30e21e1e.HoningRequester - INFO - 
 #############################################################################
04/12/2023 12:57:55 PM - ww.ovgu.de/aas/67e882ad-7027-4854-b6db-8f5b30e21e1e.HoningRequester - INFO - StartState: WaitforNewOrder
04/12/2023 12:57:55 PM - ww.ovgu.de/aas/67e882ad-7027-4854-b6db-8f5b30e21e1e.HoningRequester - INFO - InputDocument : Order
04/12/2023 01:05:02 PM - ww.ovgu.de/aas/67e882ad-7027-4854-b6db-8f5b30e21e1e.HoningRequester - INFO - 
 #############################################################################
04/12/2023 01:05:02 PM - ww.ovgu.de/aas/67e882ad-7027-4854-b6db-8f5b30e21e1e.HoningRequester - INFO - StartState: WaitforNewOrder
04/12/2023 01:05:02 PM - ww.ovgu.de/aas/67e882ad-7027-4854-b6db-8f5b30e21e1e.HoningRequester - INFO - InputDocument : Order
04/12/2023 01:08:57 PM - ww.ovgu.de/aas/67e882ad-7027-4854-b6db-8f5b30e21e1e.HoningRequester - INFO - OutputDocumentType : NA
04/12/2023 01:08:57 PM - ww.ovgu.de/aas/67e882ad-7027-4854-b6db-8f5b30e21e1e.HoningRequester - INFO - Condition :-
04/12/2023 01:08:57 PM - ww.ovgu.de/aas/67e882ad-7027-4854-b6db-8f5b30e21e1e.HoningRequester - INFO - TargettState: cfpConfiguration
04/12/2023 01:08:57 PM - ww.ovgu.de/aas/67e882ad-7027-4854-b6db-8f5b30e21e1e.HoningRequester - INFO - ############################################################################# 

04/12/2023 01:08:57 PM - ww.ovgu.de/aas/67e882ad-7027-4854-b6db-8f5b30e21e1e.HoningRequester - INFO - 
 #############################################################################
04/12/2023 01:08:57 PM - ww.ovgu.de/aas/67e882ad-7027-4854-b6db-8f5b30e21e1e.HoningRequester - INFO - StartState: cfpConfiguration
04/12/2023 01:08:57 PM - ww.ovgu.de/aas/67e882ad-7027-4854-b6db-8f5b30e21e1e.HoningRequester - INFO - InputDocument : NA
04/12/2023 01:08:57 PM - ww.ovgu.de/aas/67e882ad-7027-4854-b6db-8f5b30e21e1e.HoningRequester - INFO - OutputDocumentType : NA
04/12/2023 01:08:57 PM - ww.ovgu.de/aas/67e882ad-7027-4854-b6db-8f5b30e21e1e.HoningRequester - INFO - Condition :-
04/12/2023 01:08:57 PM - ww.ovgu.de/aas/67e882ad-7027-4854-b6db-8f5b30e21e1e.HoningRequester - INFO - TargettState: SendCFP
04/12/2023 01:08:57 PM - ww.ovgu.de/aas/67e882ad-7027-4854-b6db-8f5b30e21e1e.HoningRequester - INFO - ############################################################################# 

04/12/2023 01:08:57 PM - ww.ovgu.de/aas/67e882ad-7027-4854-b6db-8f5b30e21e1e.HoningRequester - INFO - 
 #############################################################################
04/12/2023 01:08:57 PM - ww.ovgu.de/aas/67e882ad-7027-4854-b6db-8f5b30e21e1e.HoningRequester - INFO - StartState: SendCFP
04/12/2023 01:08:57 PM - ww.ovgu.de/aas/67e882ad-7027-4854-b6db-8f5b30e21e1e.HoningRequester - INFO - InputDocument : NA
04/12/2023 01:08:57 PM - ww.ovgu.de/aas/67e882ad-7027-4854-b6db-8f5b30e21e1e.HoningRequester - INFO - OutputDocumentType : callForProposal
04/12/2023 01:08:57 PM - ww.ovgu.de/aas/67e882ad-7027-4854-b6db-8f5b30e21e1e.HoningRequester - INFO - Condition :-
04/12/2023 01:08:57 PM - ww.ovgu.de/aas/67e882ad-7027-4854-b6db-8f5b30e21e1e.HoningRequester - INFO - TargettState: WaitForSPProposal
04/12/2023 01:08:57 PM - ww.ovgu.de/aas/67e882ad-7027-4854-b6db-8f5b30e21e1e.HoningRequester - INFO - ############################################################################# 

04/12/2023 01:08:57 PM - ww.ovgu.de/aas/67e882ad-7027-4854-b6db-8f5b30e21e1e.HoningRequester - INFO - 
 #############################################################################
04/12/2023 01:08:57 PM - ww.ovgu.de/aas/67e882ad-7027-4854-b6db-8f5b30e21e1e.HoningRequester - INFO - StartState: WaitForSPProposal
04/12/2023 01:08:57 PM - ww.ovgu.de/aas/67e882ad-7027-4854-b6db-8f5b30e21e1e.HoningRequester - INFO - InputDocument : proposal
04/12/2023 01:09:08 PM - ww.ovgu.de/aas/67e882ad-7027-4854-b6db-8f5b30e21e1e.HoningRequester - INFO - OutputDocumentType : NA
04/12/2023 01:09:08 PM - ww.ovgu.de/aas/67e882ad-7027-4854-b6db-8f5b30e21e1e.HoningRequester - INFO - Condition :-
04/12/2023 01:09:08 PM - ww.ovgu.de/aas/67e882ad-7027-4854-b6db-8f5b30e21e1e.HoningRequester - INFO - TargettState: EvaluateProposal
04/12/2023 01:09:08 PM - ww.ovgu.de/aas/67e882ad-7027-4854-b6db-8f5b30e21e1e.HoningRequester - INFO - ############################################################################# 

04/12/2023 01:09:08 PM - ww.ovgu.de/aas/67e882ad-7027-4854-b6db-8f5b30e21e1e.HoningRequester - INFO - 
 #############################################################################
04/12/2023 01:09:08 PM - ww.ovgu.de/aas/67e882ad-7027-4854-b6db-8f5b30e21e1e.HoningRequester - INFO - StartState: EvaluateProposal
04/12/2023 01:09:08 PM - ww.ovgu.de/aas/67e882ad-7027-4854-b6db-8f5b30e21e1e.HoningRequester - INFO - InputDocument : NA
04/12/2023 01:09:08 PM - ww.ovgu.de/aas/67e882ad-7027-4854-b6db-8f5b30e21e1e.HoningRequester - INFO - OutputDocumentType : NA
04/12/2023 01:09:08 PM - ww.ovgu.de/aas/67e882ad-7027-4854-b6db-8f5b30e21e1e.HoningRequester - INFO - Condition :-
04/12/2023 01:09:08 PM - ww.ovgu.de/aas/67e882ad-7027-4854-b6db-8f5b30e21e1e.HoningRequester - INFO - TargettState: sendrejectProposal
04/12/2023 01:09:08 PM - ww.ovgu.de/aas/67e882ad-7027-4854-b6db-8f5b30e21e1e.HoningRequester - INFO - ############################################################################# 

04/12/2023 01:09:08 PM - ww.ovgu.de/aas/67e882ad-7027-4854-b6db-8f5b30e21e1e.HoningRequester - INFO - 
 #############################################################################
04/12/2023 01:09:08 PM - ww.ovgu.de/aas/67e882ad-7027-4854-b6db-8f5b30e21e1e.HoningRequester - INFO - StartState: sendrejectProposal
04/12/2023 01:09:08 PM - ww.ovgu.de/aas/67e882ad-7027-4854-b6db-8f5b30e21e1e.HoningRequester - INFO - InputDocument : NA
04/12/2023 01:09:08 PM - ww.ovgu.de/aas/67e882ad-7027-4854-b6db-8f5b30e21e1e.HoningRequester - INFO - OutputDocumentType : rejectProposal
04/12/2023 01:09:08 PM - ww.ovgu.de/aas/67e882ad-7027-4854-b6db-8f5b30e21e1e.HoningRequester - INFO - Condition :-
04/12/2023 01:09:08 PM - ww.ovgu.de/aas/67e882ad-7027-4854-b6db-8f5b30e21e1e.HoningRequester - INFO - TargettState: sendacceptProposal
04/12/2023 01:09:08 PM - ww.ovgu.de/aas/67e882ad-7027-4854-b6db-8f5b30e21e1e.HoningRequester - INFO - ############################################################################# 

04/12/2023 01:09:08 PM - ww.ovgu.de/aas/67e882ad-7027-4854-b6db-8f5b30e21e1e.HoningRequester - INFO - 
 #############################################################################
04/12/2023 01:09:08 PM - ww.ovgu.de/aas/67e882ad-7027-4854-b6db-8f5b30e21e1e.HoningRequester - INFO - StartState: sendacceptProposal
04/12/2023 01:09:08 PM - ww.ovgu.de/aas/67e882ad-7027-4854-b6db-8f5b30e21e1e.HoningRequester - INFO - InputDocument : NA
04/12/2023 01:09:08 PM - ww.ovgu.de/aas/67e882ad-7027-4854-b6db-8f5b30e21e1e.HoningRequester - INFO - OutputDocumentType : acceptProposal
04/12/2023 01:09:08 PM - ww.ovgu.de/aas/67e882ad-7027-4854-b6db-8f5b30e21e1e.HoningRequester - INFO - Condition :-
04/12/2023 01:09:08 PM - ww.ovgu.de/aas/67e882ad-7027-4854-b6db-8f5b30e21e1e.HoningRequester - INFO - TargettState: sendTransportOrder
04/12/2023 01:09:08 PM - ww.ovgu.de/aas/67e882ad-7027-4854-b6db-8f5b30e21e1e.HoningRequester - INFO - ############################################################################# 

04/12/2023 01:09:08 PM - ww.ovgu.de/aas/67e882ad-7027-4854-b6db-8f5b30e21e1e.HoningRequester - INFO - 
 #############################################################################
04/12/2023 01:09:08 PM - ww.ovgu.de/aas/67e882ad-7027-4854-b6db-8f5b30e21e1e.HoningRequester - INFO - StartState: sendTransportOrder
04/12/2023 01:09:08 PM - ww.ovgu.de/aas/67e882ad-7027-4854-b6db-8f5b30e21e1e.HoningRequester - INFO - InputDocument : NA
04/12/2023 01:09:08 PM - ww.ovgu.de/aas/67e882ad-7027-4854-b6db-8f5b30e21e1e.HoningRequester - INFO - OutputDocumentType : Order
04/12/2023 01:09:08 PM - ww.ovgu.de/aas/67e882ad-7027-4854-b6db-8f5b30e21e1e.HoningRequester - INFO - Condition :-
04/12/2023 01:09:08 PM - ww.ovgu.de/aas/67e882ad-7027-4854-b6db-8f5b30e21e1e.HoningRequester - INFO - TargettState: WaitforTransportOrderCompletion
04/12/2023 01:09:08 PM - ww.ovgu.de/aas/67e882ad-7027-4854-b6db-8f5b30e21e1e.HoningRequester - INFO - ############################################################################# 

04/12/2023 01:09:08 PM - ww.ovgu.de/aas/67e882ad-7027-4854-b6db-8f5b30e21e1e.HoningRequester - INFO - 
 #############################################################################
04/12/2023 01:09:08 PM - ww.ovgu.de/aas/67e882ad-7027-4854-b6db-8f5b30e21e1e.HoningRequester - INFO - StartState: WaitforTransportOrderCompletion
04/12/2023 01:09:08 PM - ww.ovgu.de/aas/67e882ad-7027-4854-b6db-8f5b30e21e1e.HoningRequester - INFO - InputDocument : OrderStatus
04/12/2023 01:09:51 PM - ww.ovgu.de/aas/67e882ad-7027-4854-b6db-8f5b30e21e1e.HoningRequester - INFO - OutputDocumentType : NA
04/12/2023 01:09:51 PM - ww.ovgu.de/aas/67e882ad-7027-4854-b6db-8f5b30e21e1e.HoningRequester - INFO - Condition :-
04/12/2023 01:09:51 PM - ww.ovgu.de/aas/67e882ad-7027-4854-b6db-8f5b30e21e1e.HoningRequester - INFO - TargettState: WaitforInformConfirm
04/12/2023 01:09:51 PM - ww.ovgu.de/aas/67e882ad-7027-4854-b6db-8f5b30e21e1e.HoningRequester - INFO - ############################################################################# 

04/12/2023 01:09:51 PM - ww.ovgu.de/aas/67e882ad-7027-4854-b6db-8f5b30e21e1e.HoningRequester - INFO - 
 #############################################################################
04/12/2023 01:09:51 PM - ww.ovgu.de/aas/67e882ad-7027-4854-b6db-8f5b30e21e1e.HoningRequester - INFO - StartState: WaitforInformConfirm
04/12/2023 01:09:51 PM - ww.ovgu.de/aas/67e882ad-7027-4854-b6db-8f5b30e21e1e.HoningRequester - INFO - InputDocument : informConfirm
04/12/2023 01:09:56 PM - ww.ovgu.de/aas/67e882ad-7027-4854-b6db-8f5b30e21e1e.HoningRequester - INFO - OutputDocumentType : NA
04/12/2023 01:09:56 PM - ww.ovgu.de/aas/67e882ad-7027-4854-b6db-8f5b30e21e1e.HoningRequester - INFO - Condition :-
04/12/2023 01:09:56 PM - ww.ovgu.de/aas/67e882ad-7027-4854-b6db-8f5b30e21e1e.HoningRequester - INFO - TargettState: sendCompletionResponse
04/12/2023 01:09:56 PM - ww.ovgu.de/aas/67e882ad-7027-4854-b6db-8f5b30e21e1e.HoningRequester - INFO - ############################################################################# 

04/12/2023 01:09:56 PM - ww.ovgu.de/aas/67e882ad-7027-4854-b6db-8f5b30e21e1e.HoningRequester - INFO - 
 #############################################################################
04/12/2023 01:09:56 PM - ww.ovgu.de/aas/67e882ad-7027-4854-b6db-8f5b30e21e1e.HoningRequester - INFO - StartState: sendCompletionResponse
04/12/2023 01:09:56 PM - ww.ovgu.de/aas/67e882ad-7027-4854-b6db-8f5b30e21e1e.HoningRequester - INFO - InputDocument : NA
04/12/2023 01:09:56 PM - ww.ovgu.de/aas/67e882ad-7027-4854-b6db-8f5b30e21e1e.HoningRequester - INFO - OutputDocumentType : OrderStatus
04/12/2023 01:09:56 PM - ww.ovgu.de/aas/67e882ad-7027-4854-b6db-8f5b30e21e1e.HoningRequester - INFO - Condition :-
04/12/2023 01:09:56 PM - ww.ovgu.de/aas/67e882ad-7027-4854-b6db-8f5b30e21e1e.HoningRequester - INFO - TargettState: WaitforNewOrder
04/12/2023 01:09:56 PM - ww.ovgu.de/aas/67e882ad-7027-4854-b6db-8f5b30e21e1e.HoningRequester - INFO - ############################################################################# 

04/12/2023 01:09:56 PM - ww.ovgu.de/aas/67e882ad-7027-4854-b6db-8f5b30e21e1e.HoningRequester - INFO - 
 #############################################################################
04/12/2023 01:09:56 PM - ww.ovgu.de/aas/67e882ad-7027-4854-b6db-8f5b30e21e1e.HoningRequester - INFO - StartState: WaitforNewOrder
04/12/2023 01:09:56 PM - ww.ovgu.de/aas/67e882ad-7027-4854-b6db-8f5b30e21e1e.HoningRequester - INFO - InputDocument : Order
04/12/2023 01:12:23 PM - ww.ovgu.de/aas/67e882ad-7027-4854-b6db-8f5b30e21e1e.HoningRequester - INFO - OutputDocumentType : NA
04/12/2023 01:12:23 PM - ww.ovgu.de/aas/67e882ad-7027-4854-b6db-8f5b30e21e1e.HoningRequester - INFO - Condition :-
04/12/2023 01:12:23 PM - ww.ovgu.de/aas/67e882ad-7027-4854-b6db-8f5b30e21e1e.HoningRequester - INFO - TargettState: cfpConfiguration
04/12/2023 01:12:23 PM - ww.ovgu.de/aas/67e882ad-7027-4854-b6db-8f5b30e21e1e.HoningRequester - INFO - ############################################################################# 

04/12/2023 01:12:23 PM - ww.ovgu.de/aas/67e882ad-7027-4854-b6db-8f5b30e21e1e.HoningRequester - INFO - 
 #############################################################################
04/12/2023 01:12:23 PM - ww.ovgu.de/aas/67e882ad-7027-4854-b6db-8f5b30e21e1e.HoningRequester - INFO - StartState: cfpConfiguration
04/12/2023 01:12:23 PM - ww.ovgu.de/aas/67e882ad-7027-4854-b6db-8f5b30e21e1e.HoningRequester - INFO - InputDocument : NA
04/12/2023 01:12:23 PM - ww.ovgu.de/aas/67e882ad-7027-4854-b6db-8f5b30e21e1e.HoningRequester - INFO - OutputDocumentType : NA
04/12/2023 01:12:23 PM - ww.ovgu.de/aas/67e882ad-7027-4854-b6db-8f5b30e21e1e.HoningRequester - INFO - Condition :-
04/12/2023 01:12:23 PM - ww.ovgu.de/aas/67e882ad-7027-4854-b6db-8f5b30e21e1e.HoningRequester - INFO - TargettState: SendCFP
04/12/2023 01:12:23 PM - ww.ovgu.de/aas/67e882ad-7027-4854-b6db-8f5b30e21e1e.HoningRequester - INFO - ############################################################################# 

04/12/2023 01:12:23 PM - ww.ovgu.de/aas/67e882ad-7027-4854-b6db-8f5b30e21e1e.HoningRequester - INFO - 
 #############################################################################
04/12/2023 01:12:23 PM - ww.ovgu.de/aas/67e882ad-7027-4854-b6db-8f5b30e21e1e.HoningRequester - INFO - StartState: SendCFP
04/12/2023 01:12:23 PM - ww.ovgu.de/aas/67e882ad-7027-4854-b6db-8f5b30e21e1e.HoningRequester - INFO - InputDocument : NA
04/12/2023 01:12:23 PM - ww.ovgu.de/aas/67e882ad-7027-4854-b6db-8f5b30e21e1e.HoningRequester - INFO - OutputDocumentType : callForProposal
04/12/2023 01:12:23 PM - ww.ovgu.de/aas/67e882ad-7027-4854-b6db-8f5b30e21e1e.HoningRequester - INFO - Condition :-
04/12/2023 01:12:23 PM - ww.ovgu.de/aas/67e882ad-7027-4854-b6db-8f5b30e21e1e.HoningRequester - INFO - TargettState: WaitForSPProposal
04/12/2023 01:12:23 PM - ww.ovgu.de/aas/67e882ad-7027-4854-b6db-8f5b30e21e1e.HoningRequester - INFO - ############################################################################# 

04/12/2023 01:12:23 PM - ww.ovgu.de/aas/67e882ad-7027-4854-b6db-8f5b30e21e1e.HoningRequester - INFO - 
 #############################################################################
04/12/2023 01:12:23 PM - ww.ovgu.de/aas/67e882ad-7027-4854-b6db-8f5b30e21e1e.HoningRequester - INFO - StartState: WaitForSPProposal
04/12/2023 01:12:23 PM - ww.ovgu.de/aas/67e882ad-7027-4854-b6db-8f5b30e21e1e.HoningRequester - INFO - InputDocument : proposal
04/12/2023 01:12:34 PM - ww.ovgu.de/aas/67e882ad-7027-4854-b6db-8f5b30e21e1e.HoningRequester - INFO - OutputDocumentType : NA
04/12/2023 01:12:34 PM - ww.ovgu.de/aas/67e882ad-7027-4854-b6db-8f5b30e21e1e.HoningRequester - INFO - Condition :-
04/12/2023 01:12:34 PM - ww.ovgu.de/aas/67e882ad-7027-4854-b6db-8f5b30e21e1e.HoningRequester - INFO - TargettState: EvaluateProposal
04/12/2023 01:12:34 PM - ww.ovgu.de/aas/67e882ad-7027-4854-b6db-8f5b30e21e1e.HoningRequester - INFO - ############################################################################# 

04/12/2023 01:12:34 PM - ww.ovgu.de/aas/67e882ad-7027-4854-b6db-8f5b30e21e1e.HoningRequester - INFO - 
 #############################################################################
04/12/2023 01:12:34 PM - ww.ovgu.de/aas/67e882ad-7027-4854-b6db-8f5b30e21e1e.HoningRequester - INFO - StartState: EvaluateProposal
04/12/2023 01:12:34 PM - ww.ovgu.de/aas/67e882ad-7027-4854-b6db-8f5b30e21e1e.HoningRequester - INFO - InputDocument : NA
04/12/2023 01:12:34 PM - ww.ovgu.de/aas/67e882ad-7027-4854-b6db-8f5b30e21e1e.HoningRequester - INFO - OutputDocumentType : NA
04/12/2023 01:12:34 PM - ww.ovgu.de/aas/67e882ad-7027-4854-b6db-8f5b30e21e1e.HoningRequester - INFO - Condition :-
04/12/2023 01:12:34 PM - ww.ovgu.de/aas/67e882ad-7027-4854-b6db-8f5b30e21e1e.HoningRequester - INFO - TargettState: sendrejectProposal
04/12/2023 01:12:34 PM - ww.ovgu.de/aas/67e882ad-7027-4854-b6db-8f5b30e21e1e.HoningRequester - INFO - ############################################################################# 

04/12/2023 01:12:34 PM - ww.ovgu.de/aas/67e882ad-7027-4854-b6db-8f5b30e21e1e.HoningRequester - INFO - 
 #############################################################################
04/12/2023 01:12:34 PM - ww.ovgu.de/aas/67e882ad-7027-4854-b6db-8f5b30e21e1e.HoningRequester - INFO - StartState: sendrejectProposal
04/12/2023 01:12:34 PM - ww.ovgu.de/aas/67e882ad-7027-4854-b6db-8f5b30e21e1e.HoningRequester - INFO - InputDocument : NA
04/12/2023 01:12:34 PM - ww.ovgu.de/aas/67e882ad-7027-4854-b6db-8f5b30e21e1e.HoningRequester - INFO - OutputDocumentType : rejectProposal
04/12/2023 01:12:34 PM - ww.ovgu.de/aas/67e882ad-7027-4854-b6db-8f5b30e21e1e.HoningRequester - INFO - Condition :-
04/12/2023 01:12:34 PM - ww.ovgu.de/aas/67e882ad-7027-4854-b6db-8f5b30e21e1e.HoningRequester - INFO - TargettState: sendacceptProposal
04/12/2023 01:12:34 PM - ww.ovgu.de/aas/67e882ad-7027-4854-b6db-8f5b30e21e1e.HoningRequester - INFO - ############################################################################# 

04/12/2023 01:12:34 PM - ww.ovgu.de/aas/67e882ad-7027-4854-b6db-8f5b30e21e1e.HoningRequester - INFO - 
 #############################################################################
04/12/2023 01:12:34 PM - ww.ovgu.de/aas/67e882ad-7027-4854-b6db-8f5b30e21e1e.HoningRequester - INFO - StartState: sendacceptProposal
04/12/2023 01:12:34 PM - ww.ovgu.de/aas/67e882ad-7027-4854-b6db-8f5b30e21e1e.HoningRequester - INFO - InputDocument : NA
04/12/2023 01:12:34 PM - ww.ovgu.de/aas/67e882ad-7027-4854-b6db-8f5b30e21e1e.HoningRequester - INFO - OutputDocumentType : acceptProposal
04/12/2023 01:12:34 PM - ww.ovgu.de/aas/67e882ad-7027-4854-b6db-8f5b30e21e1e.HoningRequester - INFO - Condition :-
04/12/2023 01:12:34 PM - ww.ovgu.de/aas/67e882ad-7027-4854-b6db-8f5b30e21e1e.HoningRequester - INFO - TargettState: sendTransportOrder
04/12/2023 01:12:34 PM - ww.ovgu.de/aas/67e882ad-7027-4854-b6db-8f5b30e21e1e.HoningRequester - INFO - ############################################################################# 

04/12/2023 01:12:34 PM - ww.ovgu.de/aas/67e882ad-7027-4854-b6db-8f5b30e21e1e.HoningRequester - INFO - 
 #############################################################################
04/12/2023 01:12:34 PM - ww.ovgu.de/aas/67e882ad-7027-4854-b6db-8f5b30e21e1e.HoningRequester - INFO - StartState: sendTransportOrder
04/12/2023 01:12:34 PM - ww.ovgu.de/aas/67e882ad-7027-4854-b6db-8f5b30e21e1e.HoningRequester - INFO - InputDocument : NA
04/12/2023 01:12:34 PM - ww.ovgu.de/aas/67e882ad-7027-4854-b6db-8f5b30e21e1e.HoningRequester - INFO - OutputDocumentType : Order
04/12/2023 01:12:34 PM - ww.ovgu.de/aas/67e882ad-7027-4854-b6db-8f5b30e21e1e.HoningRequester - INFO - Condition :-
04/12/2023 01:12:34 PM - ww.ovgu.de/aas/67e882ad-7027-4854-b6db-8f5b30e21e1e.HoningRequester - INFO - TargettState: WaitforTransportOrderCompletion
04/12/2023 01:12:34 PM - ww.ovgu.de/aas/67e882ad-7027-4854-b6db-8f5b30e21e1e.HoningRequester - INFO - ############################################################################# 

04/12/2023 01:12:34 PM - ww.ovgu.de/aas/67e882ad-7027-4854-b6db-8f5b30e21e1e.HoningRequester - INFO - 
 #############################################################################
04/12/2023 01:12:34 PM - ww.ovgu.de/aas/67e882ad-7027-4854-b6db-8f5b30e21e1e.HoningRequester - INFO - StartState: WaitforTransportOrderCompletion
04/12/2023 01:12:34 PM - ww.ovgu.de/aas/67e882ad-7027-4854-b6db-8f5b30e21e1e.HoningRequester - INFO - InputDocument : OrderStatus
04/12/2023 01:13:17 PM - ww.ovgu.de/aas/67e882ad-7027-4854-b6db-8f5b30e21e1e.HoningRequester - INFO - OutputDocumentType : NA
04/12/2023 01:13:17 PM - ww.ovgu.de/aas/67e882ad-7027-4854-b6db-8f5b30e21e1e.HoningRequester - INFO - Condition :-
04/12/2023 01:13:17 PM - ww.ovgu.de/aas/67e882ad-7027-4854-b6db-8f5b30e21e1e.HoningRequester - INFO - TargettState: WaitforInformConfirm
04/12/2023 01:13:17 PM - ww.ovgu.de/aas/67e882ad-7027-4854-b6db-8f5b30e21e1e.HoningRequester - INFO - ############################################################################# 

04/12/2023 01:13:17 PM - ww.ovgu.de/aas/67e882ad-7027-4854-b6db-8f5b30e21e1e.HoningRequester - INFO - 
 #############################################################################
04/12/2023 01:13:17 PM - ww.ovgu.de/aas/67e882ad-7027-4854-b6db-8f5b30e21e1e.HoningRequester - INFO - StartState: WaitforInformConfirm
04/12/2023 01:13:17 PM - ww.ovgu.de/aas/67e882ad-7027-4854-b6db-8f5b30e21e1e.HoningRequester - INFO - InputDocument : informConfirm
04/12/2023 01:13:21 PM - ww.ovgu.de/aas/67e882ad-7027-4854-b6db-8f5b30e21e1e.HoningRequester - INFO - OutputDocumentType : NA
04/12/2023 01:13:21 PM - ww.ovgu.de/aas/67e882ad-7027-4854-b6db-8f5b30e21e1e.HoningRequester - INFO - Condition :-
04/12/2023 01:13:21 PM - ww.ovgu.de/aas/67e882ad-7027-4854-b6db-8f5b30e21e1e.HoningRequester - INFO - TargettState: sendCompletionResponse
04/12/2023 01:13:21 PM - ww.ovgu.de/aas/67e882ad-7027-4854-b6db-8f5b30e21e1e.HoningRequester - INFO - ############################################################################# 

04/12/2023 01:13:21 PM - ww.ovgu.de/aas/67e882ad-7027-4854-b6db-8f5b30e21e1e.HoningRequester - INFO - 
 #############################################################################
04/12/2023 01:13:21 PM - ww.ovgu.de/aas/67e882ad-7027-4854-b6db-8f5b30e21e1e.HoningRequester - INFO - StartState: sendCompletionResponse
04/12/2023 01:13:21 PM - ww.ovgu.de/aas/67e882ad-7027-4854-b6db-8f5b30e21e1e.HoningRequester - INFO - InputDocument : NA
04/12/2023 01:13:21 PM - ww.ovgu.de/aas/67e882ad-7027-4854-b6db-8f5b30e21e1e.HoningRequester - INFO - OutputDocumentType : OrderStatus
04/12/2023 01:13:21 PM - ww.ovgu.de/aas/67e882ad-7027-4854-b6db-8f5b30e21e1e.HoningRequester - INFO - Condition :-
04/12/2023 01:13:21 PM - ww.ovgu.de/aas/67e882ad-7027-4854-b6db-8f5b30e21e1e.HoningRequester - INFO - TargettState: WaitforNewOrder
04/12/2023 01:13:21 PM - ww.ovgu.de/aas/67e882ad-7027-4854-b6db-8f5b30e21e1e.HoningRequester - INFO - ############################################################################# 

04/12/2023 01:13:21 PM - ww.ovgu.de/aas/67e882ad-7027-4854-b6db-8f5b30e21e1e.HoningRequester - INFO - 
 #############################################################################
04/12/2023 01:13:21 PM - ww.ovgu.de/aas/67e882ad-7027-4854-b6db-8f5b30e21e1e.HoningRequester - INFO - StartState: WaitforNewOrder
04/12/2023 01:13:21 PM - ww.ovgu.de/aas/67e882ad-7027-4854-b6db-8f5b30e21e1e.HoningRequester - INFO - InputDocument : Order
04/12/2023 01:15:41 PM - ww.ovgu.de/aas/67e882ad-7027-4854-b6db-8f5b30e21e1e.HoningRequester - INFO - 
 #############################################################################
04/12/2023 01:15:41 PM - ww.ovgu.de/aas/67e882ad-7027-4854-b6db-8f5b30e21e1e.HoningRequester - INFO - StartState: WaitforNewOrder
04/12/2023 01:15:41 PM - ww.ovgu.de/aas/67e882ad-7027-4854-b6db-8f5b30e21e1e.HoningRequester - INFO - InputDocument : Order
04/12/2023 02:09:01 PM - ww.ovgu.de/aas/67e882ad-7027-4854-b6db-8f5b30e21e1e.HoningRequester - INFO - OutputDocumentType : NA
04/12/2023 02:09:01 PM - ww.ovgu.de/aas/67e882ad-7027-4854-b6db-8f5b30e21e1e.HoningRequester - INFO - Condition :-
04/12/2023 02:09:01 PM - ww.ovgu.de/aas/67e882ad-7027-4854-b6db-8f5b30e21e1e.HoningRequester - INFO - TargettState: cfpConfiguration
04/12/2023 02:09:01 PM - ww.ovgu.de/aas/67e882ad-7027-4854-b6db-8f5b30e21e1e.HoningRequester - INFO - ############################################################################# 

04/12/2023 02:09:01 PM - ww.ovgu.de/aas/67e882ad-7027-4854-b6db-8f5b30e21e1e.HoningRequester - INFO - 
 #############################################################################
04/12/2023 02:09:01 PM - ww.ovgu.de/aas/67e882ad-7027-4854-b6db-8f5b30e21e1e.HoningRequester - INFO - StartState: cfpConfiguration
04/12/2023 02:09:01 PM - ww.ovgu.de/aas/67e882ad-7027-4854-b6db-8f5b30e21e1e.HoningRequester - INFO - InputDocument : NA
04/12/2023 02:09:01 PM - ww.ovgu.de/aas/67e882ad-7027-4854-b6db-8f5b30e21e1e.HoningRequester - INFO - OutputDocumentType : NA
04/12/2023 02:09:01 PM - ww.ovgu.de/aas/67e882ad-7027-4854-b6db-8f5b30e21e1e.HoningRequester - INFO - Condition :-
04/12/2023 02:09:01 PM - ww.ovgu.de/aas/67e882ad-7027-4854-b6db-8f5b30e21e1e.HoningRequester - INFO - TargettState: SendCFP
04/12/2023 02:09:01 PM - ww.ovgu.de/aas/67e882ad-7027-4854-b6db-8f5b30e21e1e.HoningRequester - INFO - ############################################################################# 

04/12/2023 02:09:01 PM - ww.ovgu.de/aas/67e882ad-7027-4854-b6db-8f5b30e21e1e.HoningRequester - INFO - 
 #############################################################################
04/12/2023 02:09:01 PM - ww.ovgu.de/aas/67e882ad-7027-4854-b6db-8f5b30e21e1e.HoningRequester - INFO - StartState: SendCFP
04/12/2023 02:09:01 PM - ww.ovgu.de/aas/67e882ad-7027-4854-b6db-8f5b30e21e1e.HoningRequester - INFO - InputDocument : NA
04/12/2023 02:09:01 PM - ww.ovgu.de/aas/67e882ad-7027-4854-b6db-8f5b30e21e1e.HoningRequester - INFO - OutputDocumentType : callForProposal
04/12/2023 02:09:01 PM - ww.ovgu.de/aas/67e882ad-7027-4854-b6db-8f5b30e21e1e.HoningRequester - INFO - Condition :-
04/12/2023 02:09:01 PM - ww.ovgu.de/aas/67e882ad-7027-4854-b6db-8f5b30e21e1e.HoningRequester - INFO - TargettState: WaitForSPProposal
04/12/2023 02:09:01 PM - ww.ovgu.de/aas/67e882ad-7027-4854-b6db-8f5b30e21e1e.HoningRequester - INFO - ############################################################################# 

04/12/2023 02:09:01 PM - ww.ovgu.de/aas/67e882ad-7027-4854-b6db-8f5b30e21e1e.HoningRequester - INFO - 
 #############################################################################
04/12/2023 02:09:01 PM - ww.ovgu.de/aas/67e882ad-7027-4854-b6db-8f5b30e21e1e.HoningRequester - INFO - StartState: WaitForSPProposal
04/12/2023 02:09:01 PM - ww.ovgu.de/aas/67e882ad-7027-4854-b6db-8f5b30e21e1e.HoningRequester - INFO - InputDocument : proposal
04/12/2023 02:09:12 PM - ww.ovgu.de/aas/67e882ad-7027-4854-b6db-8f5b30e21e1e.HoningRequester - INFO - OutputDocumentType : NA
04/12/2023 02:09:12 PM - ww.ovgu.de/aas/67e882ad-7027-4854-b6db-8f5b30e21e1e.HoningRequester - INFO - Condition :-
04/12/2023 02:09:12 PM - ww.ovgu.de/aas/67e882ad-7027-4854-b6db-8f5b30e21e1e.HoningRequester - INFO - TargettState: EvaluateProposal
04/12/2023 02:09:12 PM - ww.ovgu.de/aas/67e882ad-7027-4854-b6db-8f5b30e21e1e.HoningRequester - INFO - ############################################################################# 

04/12/2023 02:09:12 PM - ww.ovgu.de/aas/67e882ad-7027-4854-b6db-8f5b30e21e1e.HoningRequester - INFO - 
 #############################################################################
04/12/2023 02:09:12 PM - ww.ovgu.de/aas/67e882ad-7027-4854-b6db-8f5b30e21e1e.HoningRequester - INFO - StartState: EvaluateProposal
04/12/2023 02:09:12 PM - ww.ovgu.de/aas/67e882ad-7027-4854-b6db-8f5b30e21e1e.HoningRequester - INFO - InputDocument : NA
04/12/2023 02:09:12 PM - ww.ovgu.de/aas/67e882ad-7027-4854-b6db-8f5b30e21e1e.HoningRequester - INFO - OutputDocumentType : NA
04/12/2023 02:09:12 PM - ww.ovgu.de/aas/67e882ad-7027-4854-b6db-8f5b30e21e1e.HoningRequester - INFO - Condition :-
04/12/2023 02:09:12 PM - ww.ovgu.de/aas/67e882ad-7027-4854-b6db-8f5b30e21e1e.HoningRequester - INFO - TargettState: sendrejectProposal
04/12/2023 02:09:12 PM - ww.ovgu.de/aas/67e882ad-7027-4854-b6db-8f5b30e21e1e.HoningRequester - INFO - ############################################################################# 

04/12/2023 02:09:12 PM - ww.ovgu.de/aas/67e882ad-7027-4854-b6db-8f5b30e21e1e.HoningRequester - INFO - 
 #############################################################################
04/12/2023 02:09:12 PM - ww.ovgu.de/aas/67e882ad-7027-4854-b6db-8f5b30e21e1e.HoningRequester - INFO - StartState: sendrejectProposal
04/12/2023 02:09:12 PM - ww.ovgu.de/aas/67e882ad-7027-4854-b6db-8f5b30e21e1e.HoningRequester - INFO - InputDocument : NA
04/12/2023 02:09:12 PM - ww.ovgu.de/aas/67e882ad-7027-4854-b6db-8f5b30e21e1e.HoningRequester - INFO - OutputDocumentType : rejectProposal
04/12/2023 02:09:12 PM - ww.ovgu.de/aas/67e882ad-7027-4854-b6db-8f5b30e21e1e.HoningRequester - INFO - Condition :-
04/12/2023 02:09:12 PM - ww.ovgu.de/aas/67e882ad-7027-4854-b6db-8f5b30e21e1e.HoningRequester - INFO - TargettState: sendacceptProposal
04/12/2023 02:09:12 PM - ww.ovgu.de/aas/67e882ad-7027-4854-b6db-8f5b30e21e1e.HoningRequester - INFO - ############################################################################# 

04/12/2023 02:09:12 PM - ww.ovgu.de/aas/67e882ad-7027-4854-b6db-8f5b30e21e1e.HoningRequester - INFO - 
 #############################################################################
04/12/2023 02:09:12 PM - ww.ovgu.de/aas/67e882ad-7027-4854-b6db-8f5b30e21e1e.HoningRequester - INFO - StartState: sendacceptProposal
04/12/2023 02:09:12 PM - ww.ovgu.de/aas/67e882ad-7027-4854-b6db-8f5b30e21e1e.HoningRequester - INFO - InputDocument : NA
04/12/2023 02:09:12 PM - ww.ovgu.de/aas/67e882ad-7027-4854-b6db-8f5b30e21e1e.HoningRequester - INFO - OutputDocumentType : acceptProposal
04/12/2023 02:09:12 PM - ww.ovgu.de/aas/67e882ad-7027-4854-b6db-8f5b30e21e1e.HoningRequester - INFO - Condition :-
04/12/2023 02:09:12 PM - ww.ovgu.de/aas/67e882ad-7027-4854-b6db-8f5b30e21e1e.HoningRequester - INFO - TargettState: sendTransportOrder
04/12/2023 02:09:12 PM - ww.ovgu.de/aas/67e882ad-7027-4854-b6db-8f5b30e21e1e.HoningRequester - INFO - ############################################################################# 

04/12/2023 02:09:12 PM - ww.ovgu.de/aas/67e882ad-7027-4854-b6db-8f5b30e21e1e.HoningRequester - INFO - 
 #############################################################################
04/12/2023 02:09:12 PM - ww.ovgu.de/aas/67e882ad-7027-4854-b6db-8f5b30e21e1e.HoningRequester - INFO - StartState: sendTransportOrder
04/12/2023 02:09:12 PM - ww.ovgu.de/aas/67e882ad-7027-4854-b6db-8f5b30e21e1e.HoningRequester - INFO - InputDocument : NA
04/12/2023 02:09:12 PM - ww.ovgu.de/aas/67e882ad-7027-4854-b6db-8f5b30e21e1e.HoningRequester - INFO - OutputDocumentType : Order
04/12/2023 02:09:12 PM - ww.ovgu.de/aas/67e882ad-7027-4854-b6db-8f5b30e21e1e.HoningRequester - INFO - Condition :-
04/12/2023 02:09:12 PM - ww.ovgu.de/aas/67e882ad-7027-4854-b6db-8f5b30e21e1e.HoningRequester - INFO - TargettState: WaitforTransportOrderCompletion
04/12/2023 02:09:12 PM - ww.ovgu.de/aas/67e882ad-7027-4854-b6db-8f5b30e21e1e.HoningRequester - INFO - ############################################################################# 

04/12/2023 02:09:12 PM - ww.ovgu.de/aas/67e882ad-7027-4854-b6db-8f5b30e21e1e.HoningRequester - INFO - 
 #############################################################################
04/12/2023 02:09:12 PM - ww.ovgu.de/aas/67e882ad-7027-4854-b6db-8f5b30e21e1e.HoningRequester - INFO - StartState: WaitforTransportOrderCompletion
04/12/2023 02:09:12 PM - ww.ovgu.de/aas/67e882ad-7027-4854-b6db-8f5b30e21e1e.HoningRequester - INFO - InputDocument : OrderStatus
04/12/2023 02:09:55 PM - ww.ovgu.de/aas/67e882ad-7027-4854-b6db-8f5b30e21e1e.HoningRequester - INFO - OutputDocumentType : NA
04/12/2023 02:09:55 PM - ww.ovgu.de/aas/67e882ad-7027-4854-b6db-8f5b30e21e1e.HoningRequester - INFO - Condition :-
04/12/2023 02:09:55 PM - ww.ovgu.de/aas/67e882ad-7027-4854-b6db-8f5b30e21e1e.HoningRequester - INFO - TargettState: WaitforInformConfirm
04/12/2023 02:09:55 PM - ww.ovgu.de/aas/67e882ad-7027-4854-b6db-8f5b30e21e1e.HoningRequester - INFO - ############################################################################# 

04/12/2023 02:09:55 PM - ww.ovgu.de/aas/67e882ad-7027-4854-b6db-8f5b30e21e1e.HoningRequester - INFO - 
 #############################################################################
04/12/2023 02:09:55 PM - ww.ovgu.de/aas/67e882ad-7027-4854-b6db-8f5b30e21e1e.HoningRequester - INFO - StartState: WaitforInformConfirm
04/12/2023 02:09:55 PM - ww.ovgu.de/aas/67e882ad-7027-4854-b6db-8f5b30e21e1e.HoningRequester - INFO - InputDocument : informConfirm
04/12/2023 02:09:59 PM - ww.ovgu.de/aas/67e882ad-7027-4854-b6db-8f5b30e21e1e.HoningRequester - INFO - OutputDocumentType : NA
04/12/2023 02:09:59 PM - ww.ovgu.de/aas/67e882ad-7027-4854-b6db-8f5b30e21e1e.HoningRequester - INFO - Condition :-
04/12/2023 02:09:59 PM - ww.ovgu.de/aas/67e882ad-7027-4854-b6db-8f5b30e21e1e.HoningRequester - INFO - TargettState: sendCompletionResponse
04/12/2023 02:09:59 PM - ww.ovgu.de/aas/67e882ad-7027-4854-b6db-8f5b30e21e1e.HoningRequester - INFO - ############################################################################# 

04/12/2023 02:09:59 PM - ww.ovgu.de/aas/67e882ad-7027-4854-b6db-8f5b30e21e1e.HoningRequester - INFO - 
 #############################################################################
04/12/2023 02:09:59 PM - ww.ovgu.de/aas/67e882ad-7027-4854-b6db-8f5b30e21e1e.HoningRequester - INFO - StartState: sendCompletionResponse
04/12/2023 02:09:59 PM - ww.ovgu.de/aas/67e882ad-7027-4854-b6db-8f5b30e21e1e.HoningRequester - INFO - InputDocument : NA
04/12/2023 02:09:59 PM - ww.ovgu.de/aas/67e882ad-7027-4854-b6db-8f5b30e21e1e.HoningRequester - INFO - OutputDocumentType : OrderStatus
04/12/2023 02:09:59 PM - ww.ovgu.de/aas/67e882ad-7027-4854-b6db-8f5b30e21e1e.HoningRequester - INFO - Condition :-
04/12/2023 02:09:59 PM - ww.ovgu.de/aas/67e882ad-7027-4854-b6db-8f5b30e21e1e.HoningRequester - INFO - TargettState: WaitforNewOrder
04/12/2023 02:09:59 PM - ww.ovgu.de/aas/67e882ad-7027-4854-b6db-8f5b30e21e1e.HoningRequester - INFO - ############################################################################# 

04/12/2023 02:09:59 PM - ww.ovgu.de/aas/67e882ad-7027-4854-b6db-8f5b30e21e1e.HoningRequester - INFO - 
 #############################################################################
04/12/2023 02:09:59 PM - ww.ovgu.de/aas/67e882ad-7027-4854-b6db-8f5b30e21e1e.HoningRequester - INFO - StartState: WaitforNewOrder
04/12/2023 02:09:59 PM - ww.ovgu.de/aas/67e882ad-7027-4854-b6db-8f5b30e21e1e.HoningRequester - INFO - InputDocument : Order
04/12/2023 02:12:24 PM - ww.ovgu.de/aas/67e882ad-7027-4854-b6db-8f5b30e21e1e.HoningRequester - INFO - OutputDocumentType : NA
04/12/2023 02:12:24 PM - ww.ovgu.de/aas/67e882ad-7027-4854-b6db-8f5b30e21e1e.HoningRequester - INFO - Condition :-
04/12/2023 02:12:24 PM - ww.ovgu.de/aas/67e882ad-7027-4854-b6db-8f5b30e21e1e.HoningRequester - INFO - TargettState: cfpConfiguration
04/12/2023 02:12:24 PM - ww.ovgu.de/aas/67e882ad-7027-4854-b6db-8f5b30e21e1e.HoningRequester - INFO - ############################################################################# 

04/12/2023 02:12:24 PM - ww.ovgu.de/aas/67e882ad-7027-4854-b6db-8f5b30e21e1e.HoningRequester - INFO - 
 #############################################################################
04/12/2023 02:12:24 PM - ww.ovgu.de/aas/67e882ad-7027-4854-b6db-8f5b30e21e1e.HoningRequester - INFO - StartState: cfpConfiguration
04/12/2023 02:12:24 PM - ww.ovgu.de/aas/67e882ad-7027-4854-b6db-8f5b30e21e1e.HoningRequester - INFO - InputDocument : NA
04/12/2023 02:12:24 PM - ww.ovgu.de/aas/67e882ad-7027-4854-b6db-8f5b30e21e1e.HoningRequester - INFO - OutputDocumentType : NA
04/12/2023 02:12:24 PM - ww.ovgu.de/aas/67e882ad-7027-4854-b6db-8f5b30e21e1e.HoningRequester - INFO - Condition :-
04/12/2023 02:12:24 PM - ww.ovgu.de/aas/67e882ad-7027-4854-b6db-8f5b30e21e1e.HoningRequester - INFO - TargettState: SendCFP
04/12/2023 02:12:24 PM - ww.ovgu.de/aas/67e882ad-7027-4854-b6db-8f5b30e21e1e.HoningRequester - INFO - ############################################################################# 

04/12/2023 02:12:24 PM - ww.ovgu.de/aas/67e882ad-7027-4854-b6db-8f5b30e21e1e.HoningRequester - INFO - 
 #############################################################################
04/12/2023 02:12:24 PM - ww.ovgu.de/aas/67e882ad-7027-4854-b6db-8f5b30e21e1e.HoningRequester - INFO - StartState: SendCFP
04/12/2023 02:12:24 PM - ww.ovgu.de/aas/67e882ad-7027-4854-b6db-8f5b30e21e1e.HoningRequester - INFO - InputDocument : NA
04/12/2023 02:12:24 PM - ww.ovgu.de/aas/67e882ad-7027-4854-b6db-8f5b30e21e1e.HoningRequester - INFO - OutputDocumentType : callForProposal
04/12/2023 02:12:24 PM - ww.ovgu.de/aas/67e882ad-7027-4854-b6db-8f5b30e21e1e.HoningRequester - INFO - Condition :-
04/12/2023 02:12:24 PM - ww.ovgu.de/aas/67e882ad-7027-4854-b6db-8f5b30e21e1e.HoningRequester - INFO - TargettState: WaitForSPProposal
04/12/2023 02:12:24 PM - ww.ovgu.de/aas/67e882ad-7027-4854-b6db-8f5b30e21e1e.HoningRequester - INFO - ############################################################################# 

04/12/2023 02:12:24 PM - ww.ovgu.de/aas/67e882ad-7027-4854-b6db-8f5b30e21e1e.HoningRequester - INFO - 
 #############################################################################
04/12/2023 02:12:24 PM - ww.ovgu.de/aas/67e882ad-7027-4854-b6db-8f5b30e21e1e.HoningRequester - INFO - StartState: WaitForSPProposal
04/12/2023 02:12:24 PM - ww.ovgu.de/aas/67e882ad-7027-4854-b6db-8f5b30e21e1e.HoningRequester - INFO - InputDocument : proposal
04/12/2023 02:12:35 PM - ww.ovgu.de/aas/67e882ad-7027-4854-b6db-8f5b30e21e1e.HoningRequester - INFO - OutputDocumentType : NA
04/12/2023 02:12:35 PM - ww.ovgu.de/aas/67e882ad-7027-4854-b6db-8f5b30e21e1e.HoningRequester - INFO - Condition :-
04/12/2023 02:12:35 PM - ww.ovgu.de/aas/67e882ad-7027-4854-b6db-8f5b30e21e1e.HoningRequester - INFO - TargettState: EvaluateProposal
04/12/2023 02:12:35 PM - ww.ovgu.de/aas/67e882ad-7027-4854-b6db-8f5b30e21e1e.HoningRequester - INFO - ############################################################################# 

04/12/2023 02:12:35 PM - ww.ovgu.de/aas/67e882ad-7027-4854-b6db-8f5b30e21e1e.HoningRequester - INFO - 
 #############################################################################
04/12/2023 02:12:35 PM - ww.ovgu.de/aas/67e882ad-7027-4854-b6db-8f5b30e21e1e.HoningRequester - INFO - StartState: EvaluateProposal
04/12/2023 02:12:35 PM - ww.ovgu.de/aas/67e882ad-7027-4854-b6db-8f5b30e21e1e.HoningRequester - INFO - InputDocument : NA
04/12/2023 02:12:35 PM - ww.ovgu.de/aas/67e882ad-7027-4854-b6db-8f5b30e21e1e.HoningRequester - INFO - OutputDocumentType : NA
04/12/2023 02:12:35 PM - ww.ovgu.de/aas/67e882ad-7027-4854-b6db-8f5b30e21e1e.HoningRequester - INFO - Condition :-
04/12/2023 02:12:35 PM - ww.ovgu.de/aas/67e882ad-7027-4854-b6db-8f5b30e21e1e.HoningRequester - INFO - TargettState: sendrejectProposal
04/12/2023 02:12:35 PM - ww.ovgu.de/aas/67e882ad-7027-4854-b6db-8f5b30e21e1e.HoningRequester - INFO - ############################################################################# 

04/12/2023 02:12:35 PM - ww.ovgu.de/aas/67e882ad-7027-4854-b6db-8f5b30e21e1e.HoningRequester - INFO - 
 #############################################################################
04/12/2023 02:12:35 PM - ww.ovgu.de/aas/67e882ad-7027-4854-b6db-8f5b30e21e1e.HoningRequester - INFO - StartState: sendrejectProposal
04/12/2023 02:12:35 PM - ww.ovgu.de/aas/67e882ad-7027-4854-b6db-8f5b30e21e1e.HoningRequester - INFO - InputDocument : NA
04/12/2023 02:12:35 PM - ww.ovgu.de/aas/67e882ad-7027-4854-b6db-8f5b30e21e1e.HoningRequester - INFO - OutputDocumentType : rejectProposal
04/12/2023 02:12:35 PM - ww.ovgu.de/aas/67e882ad-7027-4854-b6db-8f5b30e21e1e.HoningRequester - INFO - Condition :-
04/12/2023 02:12:35 PM - ww.ovgu.de/aas/67e882ad-7027-4854-b6db-8f5b30e21e1e.HoningRequester - INFO - TargettState: sendacceptProposal
04/12/2023 02:12:35 PM - ww.ovgu.de/aas/67e882ad-7027-4854-b6db-8f5b30e21e1e.HoningRequester - INFO - ############################################################################# 

04/12/2023 02:12:35 PM - ww.ovgu.de/aas/67e882ad-7027-4854-b6db-8f5b30e21e1e.HoningRequester - INFO - 
 #############################################################################
04/12/2023 02:12:35 PM - ww.ovgu.de/aas/67e882ad-7027-4854-b6db-8f5b30e21e1e.HoningRequester - INFO - StartState: sendacceptProposal
04/12/2023 02:12:35 PM - ww.ovgu.de/aas/67e882ad-7027-4854-b6db-8f5b30e21e1e.HoningRequester - INFO - InputDocument : NA
04/12/2023 02:12:35 PM - ww.ovgu.de/aas/67e882ad-7027-4854-b6db-8f5b30e21e1e.HoningRequester - INFO - OutputDocumentType : acceptProposal
04/12/2023 02:12:35 PM - ww.ovgu.de/aas/67e882ad-7027-4854-b6db-8f5b30e21e1e.HoningRequester - INFO - Condition :-
04/12/2023 02:12:35 PM - ww.ovgu.de/aas/67e882ad-7027-4854-b6db-8f5b30e21e1e.HoningRequester - INFO - TargettState: sendTransportOrder
04/12/2023 02:12:35 PM - ww.ovgu.de/aas/67e882ad-7027-4854-b6db-8f5b30e21e1e.HoningRequester - INFO - ############################################################################# 

04/12/2023 02:12:35 PM - ww.ovgu.de/aas/67e882ad-7027-4854-b6db-8f5b30e21e1e.HoningRequester - INFO - 
 #############################################################################
04/12/2023 02:12:35 PM - ww.ovgu.de/aas/67e882ad-7027-4854-b6db-8f5b30e21e1e.HoningRequester - INFO - StartState: sendTransportOrder
04/12/2023 02:12:35 PM - ww.ovgu.de/aas/67e882ad-7027-4854-b6db-8f5b30e21e1e.HoningRequester - INFO - InputDocument : NA
04/12/2023 02:12:36 PM - ww.ovgu.de/aas/67e882ad-7027-4854-b6db-8f5b30e21e1e.HoningRequester - INFO - OutputDocumentType : Order
04/12/2023 02:12:36 PM - ww.ovgu.de/aas/67e882ad-7027-4854-b6db-8f5b30e21e1e.HoningRequester - INFO - Condition :-
04/12/2023 02:12:36 PM - ww.ovgu.de/aas/67e882ad-7027-4854-b6db-8f5b30e21e1e.HoningRequester - INFO - TargettState: WaitforTransportOrderCompletion
04/12/2023 02:12:36 PM - ww.ovgu.de/aas/67e882ad-7027-4854-b6db-8f5b30e21e1e.HoningRequester - INFO - ############################################################################# 

04/12/2023 02:12:36 PM - ww.ovgu.de/aas/67e882ad-7027-4854-b6db-8f5b30e21e1e.HoningRequester - INFO - 
 #############################################################################
04/12/2023 02:12:36 PM - ww.ovgu.de/aas/67e882ad-7027-4854-b6db-8f5b30e21e1e.HoningRequester - INFO - StartState: WaitforTransportOrderCompletion
04/12/2023 02:12:36 PM - ww.ovgu.de/aas/67e882ad-7027-4854-b6db-8f5b30e21e1e.HoningRequester - INFO - InputDocument : OrderStatus
04/12/2023 02:13:20 PM - ww.ovgu.de/aas/67e882ad-7027-4854-b6db-8f5b30e21e1e.HoningRequester - INFO - OutputDocumentType : NA
04/12/2023 02:13:20 PM - ww.ovgu.de/aas/67e882ad-7027-4854-b6db-8f5b30e21e1e.HoningRequester - INFO - Condition :-
04/12/2023 02:13:20 PM - ww.ovgu.de/aas/67e882ad-7027-4854-b6db-8f5b30e21e1e.HoningRequester - INFO - TargettState: WaitforInformConfirm
04/12/2023 02:13:20 PM - ww.ovgu.de/aas/67e882ad-7027-4854-b6db-8f5b30e21e1e.HoningRequester - INFO - ############################################################################# 

04/12/2023 02:13:20 PM - ww.ovgu.de/aas/67e882ad-7027-4854-b6db-8f5b30e21e1e.HoningRequester - INFO - 
 #############################################################################
04/12/2023 02:13:20 PM - ww.ovgu.de/aas/67e882ad-7027-4854-b6db-8f5b30e21e1e.HoningRequester - INFO - StartState: WaitforInformConfirm
04/12/2023 02:13:20 PM - ww.ovgu.de/aas/67e882ad-7027-4854-b6db-8f5b30e21e1e.HoningRequester - INFO - InputDocument : informConfirm
04/12/2023 02:13:24 PM - ww.ovgu.de/aas/67e882ad-7027-4854-b6db-8f5b30e21e1e.HoningRequester - INFO - OutputDocumentType : NA
04/12/2023 02:13:24 PM - ww.ovgu.de/aas/67e882ad-7027-4854-b6db-8f5b30e21e1e.HoningRequester - INFO - Condition :-
04/12/2023 02:13:24 PM - ww.ovgu.de/aas/67e882ad-7027-4854-b6db-8f5b30e21e1e.HoningRequester - INFO - TargettState: sendCompletionResponse
04/12/2023 02:13:24 PM - ww.ovgu.de/aas/67e882ad-7027-4854-b6db-8f5b30e21e1e.HoningRequester - INFO - ############################################################################# 

04/12/2023 02:13:24 PM - ww.ovgu.de/aas/67e882ad-7027-4854-b6db-8f5b30e21e1e.HoningRequester - INFO - 
 #############################################################################
04/12/2023 02:13:24 PM - ww.ovgu.de/aas/67e882ad-7027-4854-b6db-8f5b30e21e1e.HoningRequester - INFO - StartState: sendCompletionResponse
04/12/2023 02:13:24 PM - ww.ovgu.de/aas/67e882ad-7027-4854-b6db-8f5b30e21e1e.HoningRequester - INFO - InputDocument : NA
04/12/2023 02:13:24 PM - ww.ovgu.de/aas/67e882ad-7027-4854-b6db-8f5b30e21e1e.HoningRequester - INFO - OutputDocumentType : OrderStatus
04/12/2023 02:13:24 PM - ww.ovgu.de/aas/67e882ad-7027-4854-b6db-8f5b30e21e1e.HoningRequester - INFO - Condition :-
04/12/2023 02:13:24 PM - ww.ovgu.de/aas/67e882ad-7027-4854-b6db-8f5b30e21e1e.HoningRequester - INFO - TargettState: WaitforNewOrder
04/12/2023 02:13:24 PM - ww.ovgu.de/aas/67e882ad-7027-4854-b6db-8f5b30e21e1e.HoningRequester - INFO - ############################################################################# 

04/12/2023 02:13:24 PM - ww.ovgu.de/aas/67e882ad-7027-4854-b6db-8f5b30e21e1e.HoningRequester - INFO - 
 #############################################################################
04/12/2023 02:13:24 PM - ww.ovgu.de/aas/67e882ad-7027-4854-b6db-8f5b30e21e1e.HoningRequester - INFO - StartState: WaitforNewOrder
04/12/2023 02:13:24 PM - ww.ovgu.de/aas/67e882ad-7027-4854-b6db-8f5b30e21e1e.HoningRequester - INFO - InputDocument : Order
04/12/2023 03:02:15 PM - ww.ovgu.de/aas/67e882ad-7027-4854-b6db-8f5b30e21e1e.HoningRequester - INFO - 
 #############################################################################
04/12/2023 03:02:15 PM - ww.ovgu.de/aas/67e882ad-7027-4854-b6db-8f5b30e21e1e.HoningRequester - INFO - StartState: WaitforNewOrder
04/12/2023 03:02:15 PM - ww.ovgu.de/aas/67e882ad-7027-4854-b6db-8f5b30e21e1e.HoningRequester - INFO - InputDocument : Order
04/12/2023 03:07:40 PM - ww.ovgu.de/aas/67e882ad-7027-4854-b6db-8f5b30e21e1e.HoningRequester - INFO - 
 #############################################################################
04/12/2023 03:07:40 PM - ww.ovgu.de/aas/67e882ad-7027-4854-b6db-8f5b30e21e1e.HoningRequester - INFO - StartState: WaitforNewOrder
04/12/2023 03:07:40 PM - ww.ovgu.de/aas/67e882ad-7027-4854-b6db-8f5b30e21e1e.HoningRequester - INFO - InputDocument : Order
