04/03/2023 08:22:39 PM - ww.ovgu.de/aas/900473a5-7207-4ea1-99a2-6f9983a3dc6e.HoningProvider - INFO - 
 #############################################################################
04/03/2023 08:22:39 PM - ww.ovgu.de/aas/900473a5-7207-4ea1-99a2-6f9983a3dc6e.HoningProvider - INFO - StartState: WaitForCallForProposal
04/03/2023 08:22:39 PM - ww.ovgu.de/aas/900473a5-7207-4ea1-99a2-6f9983a3dc6e.HoningProvider - INFO - InputDocument : callForProposal
04/04/2023 12:43:57 PM - ww.ovgu.de/aas/900473a5-7207-4ea1-99a2-6f9983a3dc6e.HoningProvider - INFO - 
 #############################################################################
04/04/2023 12:43:57 PM - ww.ovgu.de/aas/900473a5-7207-4ea1-99a2-6f9983a3dc6e.HoningProvider - INFO - StartState: WaitForCallForProposal
04/04/2023 12:43:57 PM - ww.ovgu.de/aas/900473a5-7207-4ea1-99a2-6f9983a3dc6e.HoningProvider - INFO - InputDocument : callForProposal
04/04/2023 12:44:25 PM - ww.ovgu.de/aas/900473a5-7207-4ea1-99a2-6f9983a3dc6e.HoningProvider - INFO - 
 #############################################################################
04/04/2023 12:44:25 PM - ww.ovgu.de/aas/900473a5-7207-4ea1-99a2-6f9983a3dc6e.HoningProvider - INFO - StartState: WaitForCallForProposal
04/04/2023 12:44:25 PM - ww.ovgu.de/aas/900473a5-7207-4ea1-99a2-6f9983a3dc6e.HoningProvider - INFO - InputDocument : callForProposal
04/04/2023 12:53:33 PM - ww.ovgu.de/aas/900473a5-7207-4ea1-99a2-6f9983a3dc6e.HoningProvider - INFO - 
 #############################################################################
04/04/2023 12:53:33 PM - ww.ovgu.de/aas/900473a5-7207-4ea1-99a2-6f9983a3dc6e.HoningProvider - INFO - StartState: WaitForCallForProposal
04/04/2023 12:53:33 PM - ww.ovgu.de/aas/900473a5-7207-4ea1-99a2-6f9983a3dc6e.HoningProvider - INFO - InputDocument : callForProposal
04/04/2023 12:59:20 PM - ww.ovgu.de/aas/900473a5-7207-4ea1-99a2-6f9983a3dc6e.HoningProvider - INFO - 
 #############################################################################
04/04/2023 12:59:20 PM - ww.ovgu.de/aas/900473a5-7207-4ea1-99a2-6f9983a3dc6e.HoningProvider - INFO - StartState: WaitForCallForProposal
04/04/2023 12:59:20 PM - ww.ovgu.de/aas/900473a5-7207-4ea1-99a2-6f9983a3dc6e.HoningProvider - INFO - InputDocument : callForProposal
04/04/2023 01:01:56 PM - ww.ovgu.de/aas/900473a5-7207-4ea1-99a2-6f9983a3dc6e.HoningProvider - INFO - 
 #############################################################################
04/04/2023 01:01:56 PM - ww.ovgu.de/aas/900473a5-7207-4ea1-99a2-6f9983a3dc6e.HoningProvider - INFO - StartState: WaitForCallForProposal
04/04/2023 01:01:56 PM - ww.ovgu.de/aas/900473a5-7207-4ea1-99a2-6f9983a3dc6e.HoningProvider - INFO - InputDocument : callForProposal
04/04/2023 01:12:48 PM - ww.ovgu.de/aas/900473a5-7207-4ea1-99a2-6f9983a3dc6e.HoningProvider - INFO - 
 #############################################################################
04/04/2023 01:12:48 PM - ww.ovgu.de/aas/900473a5-7207-4ea1-99a2-6f9983a3dc6e.HoningProvider - INFO - StartState: WaitForCallForProposal
04/04/2023 01:12:48 PM - ww.ovgu.de/aas/900473a5-7207-4ea1-99a2-6f9983a3dc6e.HoningProvider - INFO - InputDocument : callForProposal
04/04/2023 01:41:02 PM - ww.ovgu.de/aas/900473a5-7207-4ea1-99a2-6f9983a3dc6e.HoningProvider - INFO - 
 #############################################################################
04/04/2023 01:41:02 PM - ww.ovgu.de/aas/900473a5-7207-4ea1-99a2-6f9983a3dc6e.HoningProvider - INFO - StartState: WaitForCallForProposal
04/04/2023 01:41:02 PM - ww.ovgu.de/aas/900473a5-7207-4ea1-99a2-6f9983a3dc6e.HoningProvider - INFO - InputDocument : callForProposal
04/04/2023 02:26:02 PM - ww.ovgu.de/aas/900473a5-7207-4ea1-99a2-6f9983a3dc6e.HoningProvider - INFO - 
 #############################################################################
04/04/2023 02:26:02 PM - ww.ovgu.de/aas/900473a5-7207-4ea1-99a2-6f9983a3dc6e.HoningProvider - INFO - StartState: WaitForCallForProposal
04/04/2023 02:26:02 PM - ww.ovgu.de/aas/900473a5-7207-4ea1-99a2-6f9983a3dc6e.HoningProvider - INFO - InputDocument : callForProposal
04/04/2023 02:29:10 PM - ww.ovgu.de/aas/900473a5-7207-4ea1-99a2-6f9983a3dc6e.HoningProvider - INFO - 
 #############################################################################
04/04/2023 02:29:10 PM - ww.ovgu.de/aas/900473a5-7207-4ea1-99a2-6f9983a3dc6e.HoningProvider - INFO - StartState: WaitForCallForProposal
04/04/2023 02:29:10 PM - ww.ovgu.de/aas/900473a5-7207-4ea1-99a2-6f9983a3dc6e.HoningProvider - INFO - InputDocument : callForProposal
04/04/2023 02:32:50 PM - ww.ovgu.de/aas/900473a5-7207-4ea1-99a2-6f9983a3dc6e.HoningProvider - INFO - 
 #############################################################################
04/04/2023 02:32:50 PM - ww.ovgu.de/aas/900473a5-7207-4ea1-99a2-6f9983a3dc6e.HoningProvider - INFO - StartState: WaitForCallForProposal
04/04/2023 02:32:50 PM - ww.ovgu.de/aas/900473a5-7207-4ea1-99a2-6f9983a3dc6e.HoningProvider - INFO - InputDocument : callForProposal
04/04/2023 02:34:53 PM - ww.ovgu.de/aas/900473a5-7207-4ea1-99a2-6f9983a3dc6e.HoningProvider - INFO - 
 #############################################################################
04/04/2023 02:34:53 PM - ww.ovgu.de/aas/900473a5-7207-4ea1-99a2-6f9983a3dc6e.HoningProvider - INFO - StartState: WaitForCallForProposal
04/04/2023 02:34:53 PM - ww.ovgu.de/aas/900473a5-7207-4ea1-99a2-6f9983a3dc6e.HoningProvider - INFO - InputDocument : callForProposal
04/04/2023 02:38:19 PM - ww.ovgu.de/aas/900473a5-7207-4ea1-99a2-6f9983a3dc6e.HoningProvider - INFO - 
 #############################################################################
04/04/2023 02:38:19 PM - ww.ovgu.de/aas/900473a5-7207-4ea1-99a2-6f9983a3dc6e.HoningProvider - INFO - StartState: WaitForCallForProposal
04/04/2023 02:38:19 PM - ww.ovgu.de/aas/900473a5-7207-4ea1-99a2-6f9983a3dc6e.HoningProvider - INFO - InputDocument : callForProposal
04/04/2023 02:40:14 PM - ww.ovgu.de/aas/900473a5-7207-4ea1-99a2-6f9983a3dc6e.HoningProvider - INFO - 
 #############################################################################
04/04/2023 02:40:14 PM - ww.ovgu.de/aas/900473a5-7207-4ea1-99a2-6f9983a3dc6e.HoningProvider - INFO - StartState: WaitForCallForProposal
04/04/2023 02:40:14 PM - ww.ovgu.de/aas/900473a5-7207-4ea1-99a2-6f9983a3dc6e.HoningProvider - INFO - InputDocument : callForProposal
04/04/2023 02:42:25 PM - ww.ovgu.de/aas/900473a5-7207-4ea1-99a2-6f9983a3dc6e.HoningProvider - INFO - 
 #############################################################################
04/04/2023 02:42:25 PM - ww.ovgu.de/aas/900473a5-7207-4ea1-99a2-6f9983a3dc6e.HoningProvider - INFO - StartState: WaitForCallForProposal
04/04/2023 02:42:25 PM - ww.ovgu.de/aas/900473a5-7207-4ea1-99a2-6f9983a3dc6e.HoningProvider - INFO - InputDocument : callForProposal
04/04/2023 02:48:06 PM - ww.ovgu.de/aas/900473a5-7207-4ea1-99a2-6f9983a3dc6e.HoningProvider - INFO - 
 #############################################################################
04/04/2023 02:48:06 PM - ww.ovgu.de/aas/900473a5-7207-4ea1-99a2-6f9983a3dc6e.HoningProvider - INFO - StartState: WaitForCallForProposal
04/04/2023 02:48:06 PM - ww.ovgu.de/aas/900473a5-7207-4ea1-99a2-6f9983a3dc6e.HoningProvider - INFO - InputDocument : callForProposal
04/04/2023 02:50:09 PM - ww.ovgu.de/aas/900473a5-7207-4ea1-99a2-6f9983a3dc6e.HoningProvider - INFO - 
 #############################################################################
04/04/2023 02:50:09 PM - ww.ovgu.de/aas/900473a5-7207-4ea1-99a2-6f9983a3dc6e.HoningProvider - INFO - StartState: WaitForCallForProposal
04/04/2023 02:50:09 PM - ww.ovgu.de/aas/900473a5-7207-4ea1-99a2-6f9983a3dc6e.HoningProvider - INFO - InputDocument : callForProposal
04/04/2023 02:51:10 PM - ww.ovgu.de/aas/900473a5-7207-4ea1-99a2-6f9983a3dc6e.HoningProvider - INFO - OutputDocumentType : NA
04/04/2023 02:51:10 PM - ww.ovgu.de/aas/900473a5-7207-4ea1-99a2-6f9983a3dc6e.HoningProvider - INFO - Condition :-
04/04/2023 02:51:10 PM - ww.ovgu.de/aas/900473a5-7207-4ea1-99a2-6f9983a3dc6e.HoningProvider - INFO - TargettState: capabilitycheck
04/04/2023 02:51:10 PM - ww.ovgu.de/aas/900473a5-7207-4ea1-99a2-6f9983a3dc6e.HoningProvider - INFO - ############################################################################# 

04/04/2023 02:51:10 PM - ww.ovgu.de/aas/900473a5-7207-4ea1-99a2-6f9983a3dc6e.HoningProvider - INFO - 
 #############################################################################
04/04/2023 02:51:10 PM - ww.ovgu.de/aas/900473a5-7207-4ea1-99a2-6f9983a3dc6e.HoningProvider - INFO - StartState: capabilitycheck
04/04/2023 02:51:10 PM - ww.ovgu.de/aas/900473a5-7207-4ea1-99a2-6f9983a3dc6e.HoningProvider - INFO - InputDocument : NA
04/04/2023 02:51:10 PM - ww.ovgu.de/aas/900473a5-7207-4ea1-99a2-6f9983a3dc6e.HoningProvider - INFO - OutputDocumentType : NA
04/04/2023 02:51:10 PM - ww.ovgu.de/aas/900473a5-7207-4ea1-99a2-6f9983a3dc6e.HoningProvider - INFO - Condition :-
04/04/2023 02:51:10 PM - ww.ovgu.de/aas/900473a5-7207-4ea1-99a2-6f9983a3dc6e.HoningProvider - INFO - TargettState: feasibilityCheck
04/04/2023 02:51:10 PM - ww.ovgu.de/aas/900473a5-7207-4ea1-99a2-6f9983a3dc6e.HoningProvider - INFO - ############################################################################# 

04/04/2023 02:51:10 PM - ww.ovgu.de/aas/900473a5-7207-4ea1-99a2-6f9983a3dc6e.HoningProvider - INFO - 
 #############################################################################
04/04/2023 02:51:10 PM - ww.ovgu.de/aas/900473a5-7207-4ea1-99a2-6f9983a3dc6e.HoningProvider - INFO - StartState: feasibilityCheck
04/04/2023 02:51:10 PM - ww.ovgu.de/aas/900473a5-7207-4ea1-99a2-6f9983a3dc6e.HoningProvider - INFO - InputDocument : NA
04/04/2023 03:05:44 PM - ww.ovgu.de/aas/900473a5-7207-4ea1-99a2-6f9983a3dc6e.HoningProvider - INFO - 
 #############################################################################
04/04/2023 03:05:44 PM - ww.ovgu.de/aas/900473a5-7207-4ea1-99a2-6f9983a3dc6e.HoningProvider - INFO - StartState: WaitForCallForProposal
04/04/2023 03:05:44 PM - ww.ovgu.de/aas/900473a5-7207-4ea1-99a2-6f9983a3dc6e.HoningProvider - INFO - InputDocument : callForProposal
04/04/2023 03:06:44 PM - ww.ovgu.de/aas/900473a5-7207-4ea1-99a2-6f9983a3dc6e.HoningProvider - INFO - OutputDocumentType : NA
04/04/2023 03:06:44 PM - ww.ovgu.de/aas/900473a5-7207-4ea1-99a2-6f9983a3dc6e.HoningProvider - INFO - Condition :-
04/04/2023 03:06:44 PM - ww.ovgu.de/aas/900473a5-7207-4ea1-99a2-6f9983a3dc6e.HoningProvider - INFO - TargettState: capabilitycheck
04/04/2023 03:06:44 PM - ww.ovgu.de/aas/900473a5-7207-4ea1-99a2-6f9983a3dc6e.HoningProvider - INFO - ############################################################################# 

04/04/2023 03:06:44 PM - ww.ovgu.de/aas/900473a5-7207-4ea1-99a2-6f9983a3dc6e.HoningProvider - INFO - 
 #############################################################################
04/04/2023 03:06:44 PM - ww.ovgu.de/aas/900473a5-7207-4ea1-99a2-6f9983a3dc6e.HoningProvider - INFO - StartState: capabilitycheck
04/04/2023 03:06:44 PM - ww.ovgu.de/aas/900473a5-7207-4ea1-99a2-6f9983a3dc6e.HoningProvider - INFO - InputDocument : NA
04/04/2023 03:06:44 PM - ww.ovgu.de/aas/900473a5-7207-4ea1-99a2-6f9983a3dc6e.HoningProvider - INFO - OutputDocumentType : NA
04/04/2023 03:06:44 PM - ww.ovgu.de/aas/900473a5-7207-4ea1-99a2-6f9983a3dc6e.HoningProvider - INFO - Condition :-
04/04/2023 03:06:44 PM - ww.ovgu.de/aas/900473a5-7207-4ea1-99a2-6f9983a3dc6e.HoningProvider - INFO - TargettState: feasibilityCheck
04/04/2023 03:06:45 PM - ww.ovgu.de/aas/900473a5-7207-4ea1-99a2-6f9983a3dc6e.HoningProvider - INFO - ############################################################################# 

04/04/2023 03:06:45 PM - ww.ovgu.de/aas/900473a5-7207-4ea1-99a2-6f9983a3dc6e.HoningProvider - INFO - 
 #############################################################################
04/04/2023 03:06:45 PM - ww.ovgu.de/aas/900473a5-7207-4ea1-99a2-6f9983a3dc6e.HoningProvider - INFO - StartState: feasibilityCheck
04/04/2023 03:06:45 PM - ww.ovgu.de/aas/900473a5-7207-4ea1-99a2-6f9983a3dc6e.HoningProvider - INFO - InputDocument : NA
04/04/2023 03:07:59 PM - ww.ovgu.de/aas/900473a5-7207-4ea1-99a2-6f9983a3dc6e.HoningProvider - INFO - 
 #############################################################################
04/04/2023 03:07:59 PM - ww.ovgu.de/aas/900473a5-7207-4ea1-99a2-6f9983a3dc6e.HoningProvider - INFO - StartState: WaitForCallForProposal
04/04/2023 03:07:59 PM - ww.ovgu.de/aas/900473a5-7207-4ea1-99a2-6f9983a3dc6e.HoningProvider - INFO - InputDocument : callForProposal
04/04/2023 03:08:13 PM - ww.ovgu.de/aas/900473a5-7207-4ea1-99a2-6f9983a3dc6e.HoningProvider - INFO - OutputDocumentType : NA
04/04/2023 03:08:13 PM - ww.ovgu.de/aas/900473a5-7207-4ea1-99a2-6f9983a3dc6e.HoningProvider - INFO - Condition :-
04/04/2023 03:08:13 PM - ww.ovgu.de/aas/900473a5-7207-4ea1-99a2-6f9983a3dc6e.HoningProvider - INFO - TargettState: capabilitycheck
04/04/2023 03:08:13 PM - ww.ovgu.de/aas/900473a5-7207-4ea1-99a2-6f9983a3dc6e.HoningProvider - INFO - ############################################################################# 

04/04/2023 03:08:13 PM - ww.ovgu.de/aas/900473a5-7207-4ea1-99a2-6f9983a3dc6e.HoningProvider - INFO - 
 #############################################################################
04/04/2023 03:08:13 PM - ww.ovgu.de/aas/900473a5-7207-4ea1-99a2-6f9983a3dc6e.HoningProvider - INFO - StartState: capabilitycheck
04/04/2023 03:08:13 PM - ww.ovgu.de/aas/900473a5-7207-4ea1-99a2-6f9983a3dc6e.HoningProvider - INFO - InputDocument : NA
04/04/2023 03:08:13 PM - ww.ovgu.de/aas/900473a5-7207-4ea1-99a2-6f9983a3dc6e.HoningProvider - INFO - OutputDocumentType : NA
04/04/2023 03:08:13 PM - ww.ovgu.de/aas/900473a5-7207-4ea1-99a2-6f9983a3dc6e.HoningProvider - INFO - Condition :-
04/04/2023 03:08:13 PM - ww.ovgu.de/aas/900473a5-7207-4ea1-99a2-6f9983a3dc6e.HoningProvider - INFO - TargettState: feasibilityCheck
04/04/2023 03:08:13 PM - ww.ovgu.de/aas/900473a5-7207-4ea1-99a2-6f9983a3dc6e.HoningProvider - INFO - ############################################################################# 

04/04/2023 03:08:13 PM - ww.ovgu.de/aas/900473a5-7207-4ea1-99a2-6f9983a3dc6e.HoningProvider - INFO - 
 #############################################################################
04/04/2023 03:08:13 PM - ww.ovgu.de/aas/900473a5-7207-4ea1-99a2-6f9983a3dc6e.HoningProvider - INFO - StartState: feasibilityCheck
04/04/2023 03:08:13 PM - ww.ovgu.de/aas/900473a5-7207-4ea1-99a2-6f9983a3dc6e.HoningProvider - INFO - InputDocument : NA
04/04/2023 03:08:13 PM - ww.ovgu.de/aas/900473a5-7207-4ea1-99a2-6f9983a3dc6e.HoningProvider - INFO - OutputDocumentType : NA
04/04/2023 03:08:13 PM - ww.ovgu.de/aas/900473a5-7207-4ea1-99a2-6f9983a3dc6e.HoningProvider - INFO - Condition :-
04/04/2023 03:08:13 PM - ww.ovgu.de/aas/900473a5-7207-4ea1-99a2-6f9983a3dc6e.HoningProvider - INFO - TargettState: checkingSchedule
04/04/2023 03:08:13 PM - ww.ovgu.de/aas/900473a5-7207-4ea1-99a2-6f9983a3dc6e.HoningProvider - INFO - ############################################################################# 

04/04/2023 03:08:13 PM - ww.ovgu.de/aas/900473a5-7207-4ea1-99a2-6f9983a3dc6e.HoningProvider - INFO - 
 #############################################################################
04/04/2023 03:08:13 PM - ww.ovgu.de/aas/900473a5-7207-4ea1-99a2-6f9983a3dc6e.HoningProvider - INFO - StartState: checkingSchedule
04/04/2023 03:08:13 PM - ww.ovgu.de/aas/900473a5-7207-4ea1-99a2-6f9983a3dc6e.HoningProvider - INFO - InputDocument : NA
04/04/2023 03:08:13 PM - ww.ovgu.de/aas/900473a5-7207-4ea1-99a2-6f9983a3dc6e.HoningProvider - INFO - OutputDocumentType : NA
04/04/2023 03:08:13 PM - ww.ovgu.de/aas/900473a5-7207-4ea1-99a2-6f9983a3dc6e.HoningProvider - INFO - Condition :-
04/04/2023 03:08:13 PM - ww.ovgu.de/aas/900473a5-7207-4ea1-99a2-6f9983a3dc6e.HoningProvider - INFO - TargettState: PriceCalculation
04/04/2023 03:08:13 PM - ww.ovgu.de/aas/900473a5-7207-4ea1-99a2-6f9983a3dc6e.HoningProvider - INFO - ############################################################################# 

04/04/2023 03:08:13 PM - ww.ovgu.de/aas/900473a5-7207-4ea1-99a2-6f9983a3dc6e.HoningProvider - INFO - 
 #############################################################################
04/04/2023 03:08:13 PM - ww.ovgu.de/aas/900473a5-7207-4ea1-99a2-6f9983a3dc6e.HoningProvider - INFO - StartState: PriceCalculation
04/04/2023 03:08:13 PM - ww.ovgu.de/aas/900473a5-7207-4ea1-99a2-6f9983a3dc6e.HoningProvider - INFO - InputDocument : NA
04/04/2023 03:08:13 PM - ww.ovgu.de/aas/900473a5-7207-4ea1-99a2-6f9983a3dc6e.HoningProvider - INFO - OutputDocumentType : NA
04/04/2023 03:08:14 PM - ww.ovgu.de/aas/900473a5-7207-4ea1-99a2-6f9983a3dc6e.HoningProvider - INFO - Condition :-
04/04/2023 03:08:14 PM - ww.ovgu.de/aas/900473a5-7207-4ea1-99a2-6f9983a3dc6e.HoningProvider - INFO - TargettState: sendingProposal
04/04/2023 03:08:14 PM - ww.ovgu.de/aas/900473a5-7207-4ea1-99a2-6f9983a3dc6e.HoningProvider - INFO - ############################################################################# 

04/04/2023 03:08:14 PM - ww.ovgu.de/aas/900473a5-7207-4ea1-99a2-6f9983a3dc6e.HoningProvider - INFO - 
 #############################################################################
04/04/2023 03:08:14 PM - ww.ovgu.de/aas/900473a5-7207-4ea1-99a2-6f9983a3dc6e.HoningProvider - INFO - StartState: sendingProposal
04/04/2023 03:08:14 PM - ww.ovgu.de/aas/900473a5-7207-4ea1-99a2-6f9983a3dc6e.HoningProvider - INFO - InputDocument : NA
04/04/2023 03:08:14 PM - ww.ovgu.de/aas/900473a5-7207-4ea1-99a2-6f9983a3dc6e.HoningProvider - INFO - OutputDocumentType : proposal
04/04/2023 03:08:14 PM - ww.ovgu.de/aas/900473a5-7207-4ea1-99a2-6f9983a3dc6e.HoningProvider - INFO - Condition :-
04/04/2023 03:08:14 PM - ww.ovgu.de/aas/900473a5-7207-4ea1-99a2-6f9983a3dc6e.HoningProvider - INFO - TargettState: waitingforServiceRequesterAnswer
04/04/2023 03:08:14 PM - ww.ovgu.de/aas/900473a5-7207-4ea1-99a2-6f9983a3dc6e.HoningProvider - INFO - ############################################################################# 

04/04/2023 03:08:14 PM - ww.ovgu.de/aas/900473a5-7207-4ea1-99a2-6f9983a3dc6e.HoningProvider - INFO - 
 #############################################################################
04/04/2023 03:08:14 PM - ww.ovgu.de/aas/900473a5-7207-4ea1-99a2-6f9983a3dc6e.HoningProvider - INFO - StartState: waitingforServiceRequesterAnswer
04/04/2023 03:08:14 PM - ww.ovgu.de/aas/900473a5-7207-4ea1-99a2-6f9983a3dc6e.HoningProvider - INFO - InputDocument : acceptProposal / rejectProposal
04/04/2023 03:16:03 PM - ww.ovgu.de/aas/900473a5-7207-4ea1-99a2-6f9983a3dc6e.HoningProvider - INFO - 
 #############################################################################
04/04/2023 03:16:03 PM - ww.ovgu.de/aas/900473a5-7207-4ea1-99a2-6f9983a3dc6e.HoningProvider - INFO - StartState: WaitForCallForProposal
04/04/2023 03:16:03 PM - ww.ovgu.de/aas/900473a5-7207-4ea1-99a2-6f9983a3dc6e.HoningProvider - INFO - InputDocument : callForProposal
04/04/2023 03:16:22 PM - ww.ovgu.de/aas/900473a5-7207-4ea1-99a2-6f9983a3dc6e.HoningProvider - INFO - OutputDocumentType : NA
04/04/2023 03:16:22 PM - ww.ovgu.de/aas/900473a5-7207-4ea1-99a2-6f9983a3dc6e.HoningProvider - INFO - Condition :-
04/04/2023 03:16:22 PM - ww.ovgu.de/aas/900473a5-7207-4ea1-99a2-6f9983a3dc6e.HoningProvider - INFO - TargettState: capabilitycheck
04/04/2023 03:16:22 PM - ww.ovgu.de/aas/900473a5-7207-4ea1-99a2-6f9983a3dc6e.HoningProvider - INFO - ############################################################################# 

04/04/2023 03:16:22 PM - ww.ovgu.de/aas/900473a5-7207-4ea1-99a2-6f9983a3dc6e.HoningProvider - INFO - 
 #############################################################################
04/04/2023 03:16:22 PM - ww.ovgu.de/aas/900473a5-7207-4ea1-99a2-6f9983a3dc6e.HoningProvider - INFO - StartState: capabilitycheck
04/04/2023 03:16:22 PM - ww.ovgu.de/aas/900473a5-7207-4ea1-99a2-6f9983a3dc6e.HoningProvider - INFO - InputDocument : NA
04/04/2023 03:16:22 PM - ww.ovgu.de/aas/900473a5-7207-4ea1-99a2-6f9983a3dc6e.HoningProvider - INFO - OutputDocumentType : NA
04/04/2023 03:16:22 PM - ww.ovgu.de/aas/900473a5-7207-4ea1-99a2-6f9983a3dc6e.HoningProvider - INFO - Condition :-
04/04/2023 03:16:22 PM - ww.ovgu.de/aas/900473a5-7207-4ea1-99a2-6f9983a3dc6e.HoningProvider - INFO - TargettState: feasibilityCheck
04/04/2023 03:16:22 PM - ww.ovgu.de/aas/900473a5-7207-4ea1-99a2-6f9983a3dc6e.HoningProvider - INFO - ############################################################################# 

04/04/2023 03:16:22 PM - ww.ovgu.de/aas/900473a5-7207-4ea1-99a2-6f9983a3dc6e.HoningProvider - INFO - 
 #############################################################################
04/04/2023 03:16:22 PM - ww.ovgu.de/aas/900473a5-7207-4ea1-99a2-6f9983a3dc6e.HoningProvider - INFO - StartState: feasibilityCheck
04/04/2023 03:16:22 PM - ww.ovgu.de/aas/900473a5-7207-4ea1-99a2-6f9983a3dc6e.HoningProvider - INFO - InputDocument : NA
04/04/2023 03:16:22 PM - ww.ovgu.de/aas/900473a5-7207-4ea1-99a2-6f9983a3dc6e.HoningProvider - INFO - OutputDocumentType : NA
04/04/2023 03:16:22 PM - ww.ovgu.de/aas/900473a5-7207-4ea1-99a2-6f9983a3dc6e.HoningProvider - INFO - Condition :-
04/04/2023 03:16:22 PM - ww.ovgu.de/aas/900473a5-7207-4ea1-99a2-6f9983a3dc6e.HoningProvider - INFO - TargettState: checkingSchedule
04/04/2023 03:16:22 PM - ww.ovgu.de/aas/900473a5-7207-4ea1-99a2-6f9983a3dc6e.HoningProvider - INFO - ############################################################################# 

04/04/2023 03:16:22 PM - ww.ovgu.de/aas/900473a5-7207-4ea1-99a2-6f9983a3dc6e.HoningProvider - INFO - 
 #############################################################################
04/04/2023 03:16:22 PM - ww.ovgu.de/aas/900473a5-7207-4ea1-99a2-6f9983a3dc6e.HoningProvider - INFO - StartState: checkingSchedule
04/04/2023 03:16:22 PM - ww.ovgu.de/aas/900473a5-7207-4ea1-99a2-6f9983a3dc6e.HoningProvider - INFO - InputDocument : NA
04/04/2023 03:16:22 PM - ww.ovgu.de/aas/900473a5-7207-4ea1-99a2-6f9983a3dc6e.HoningProvider - INFO - OutputDocumentType : NA
04/04/2023 03:16:22 PM - ww.ovgu.de/aas/900473a5-7207-4ea1-99a2-6f9983a3dc6e.HoningProvider - INFO - Condition :-
04/04/2023 03:16:22 PM - ww.ovgu.de/aas/900473a5-7207-4ea1-99a2-6f9983a3dc6e.HoningProvider - INFO - TargettState: PriceCalculation
04/04/2023 03:16:22 PM - ww.ovgu.de/aas/900473a5-7207-4ea1-99a2-6f9983a3dc6e.HoningProvider - INFO - ############################################################################# 

04/04/2023 03:16:23 PM - ww.ovgu.de/aas/900473a5-7207-4ea1-99a2-6f9983a3dc6e.HoningProvider - INFO - 
 #############################################################################
04/04/2023 03:16:23 PM - ww.ovgu.de/aas/900473a5-7207-4ea1-99a2-6f9983a3dc6e.HoningProvider - INFO - StartState: PriceCalculation
04/04/2023 03:16:23 PM - ww.ovgu.de/aas/900473a5-7207-4ea1-99a2-6f9983a3dc6e.HoningProvider - INFO - InputDocument : NA
04/04/2023 03:16:23 PM - ww.ovgu.de/aas/900473a5-7207-4ea1-99a2-6f9983a3dc6e.HoningProvider - INFO - OutputDocumentType : NA
04/04/2023 03:16:23 PM - ww.ovgu.de/aas/900473a5-7207-4ea1-99a2-6f9983a3dc6e.HoningProvider - INFO - Condition :-
04/04/2023 03:16:23 PM - ww.ovgu.de/aas/900473a5-7207-4ea1-99a2-6f9983a3dc6e.HoningProvider - INFO - TargettState: sendingProposal
04/04/2023 03:16:23 PM - ww.ovgu.de/aas/900473a5-7207-4ea1-99a2-6f9983a3dc6e.HoningProvider - INFO - ############################################################################# 

04/04/2023 03:16:23 PM - ww.ovgu.de/aas/900473a5-7207-4ea1-99a2-6f9983a3dc6e.HoningProvider - INFO - 
 #############################################################################
04/04/2023 03:16:23 PM - ww.ovgu.de/aas/900473a5-7207-4ea1-99a2-6f9983a3dc6e.HoningProvider - INFO - StartState: sendingProposal
04/04/2023 03:16:23 PM - ww.ovgu.de/aas/900473a5-7207-4ea1-99a2-6f9983a3dc6e.HoningProvider - INFO - InputDocument : NA
04/04/2023 03:16:23 PM - ww.ovgu.de/aas/900473a5-7207-4ea1-99a2-6f9983a3dc6e.HoningProvider - INFO - OutputDocumentType : proposal
04/04/2023 03:16:23 PM - ww.ovgu.de/aas/900473a5-7207-4ea1-99a2-6f9983a3dc6e.HoningProvider - INFO - Condition :-
04/04/2023 03:16:23 PM - ww.ovgu.de/aas/900473a5-7207-4ea1-99a2-6f9983a3dc6e.HoningProvider - INFO - TargettState: waitingforServiceRequesterAnswer
04/04/2023 03:16:23 PM - ww.ovgu.de/aas/900473a5-7207-4ea1-99a2-6f9983a3dc6e.HoningProvider - INFO - ############################################################################# 

04/04/2023 03:16:23 PM - ww.ovgu.de/aas/900473a5-7207-4ea1-99a2-6f9983a3dc6e.HoningProvider - INFO - 
 #############################################################################
04/04/2023 03:16:23 PM - ww.ovgu.de/aas/900473a5-7207-4ea1-99a2-6f9983a3dc6e.HoningProvider - INFO - StartState: waitingforServiceRequesterAnswer
04/04/2023 03:16:23 PM - ww.ovgu.de/aas/900473a5-7207-4ea1-99a2-6f9983a3dc6e.HoningProvider - INFO - InputDocument : acceptProposal / rejectProposal
04/04/2023 03:16:56 PM - ww.ovgu.de/aas/900473a5-7207-4ea1-99a2-6f9983a3dc6e.HoningProvider - INFO - 
 #############################################################################
04/04/2023 03:16:56 PM - ww.ovgu.de/aas/900473a5-7207-4ea1-99a2-6f9983a3dc6e.HoningProvider - INFO - StartState: WaitForCallForProposal
04/04/2023 03:16:56 PM - ww.ovgu.de/aas/900473a5-7207-4ea1-99a2-6f9983a3dc6e.HoningProvider - INFO - InputDocument : callForProposal
04/04/2023 03:17:19 PM - ww.ovgu.de/aas/900473a5-7207-4ea1-99a2-6f9983a3dc6e.HoningProvider - INFO - OutputDocumentType : NA
04/04/2023 03:17:19 PM - ww.ovgu.de/aas/900473a5-7207-4ea1-99a2-6f9983a3dc6e.HoningProvider - INFO - Condition :-
04/04/2023 03:17:19 PM - ww.ovgu.de/aas/900473a5-7207-4ea1-99a2-6f9983a3dc6e.HoningProvider - INFO - TargettState: capabilitycheck
04/04/2023 03:17:19 PM - ww.ovgu.de/aas/900473a5-7207-4ea1-99a2-6f9983a3dc6e.HoningProvider - INFO - ############################################################################# 

04/04/2023 03:17:19 PM - ww.ovgu.de/aas/900473a5-7207-4ea1-99a2-6f9983a3dc6e.HoningProvider - INFO - 
 #############################################################################
04/04/2023 03:17:19 PM - ww.ovgu.de/aas/900473a5-7207-4ea1-99a2-6f9983a3dc6e.HoningProvider - INFO - StartState: capabilitycheck
04/04/2023 03:17:19 PM - ww.ovgu.de/aas/900473a5-7207-4ea1-99a2-6f9983a3dc6e.HoningProvider - INFO - InputDocument : NA
04/04/2023 03:17:19 PM - ww.ovgu.de/aas/900473a5-7207-4ea1-99a2-6f9983a3dc6e.HoningProvider - INFO - OutputDocumentType : NA
04/04/2023 03:17:19 PM - ww.ovgu.de/aas/900473a5-7207-4ea1-99a2-6f9983a3dc6e.HoningProvider - INFO - Condition :-
04/04/2023 03:17:19 PM - ww.ovgu.de/aas/900473a5-7207-4ea1-99a2-6f9983a3dc6e.HoningProvider - INFO - TargettState: feasibilityCheck
04/04/2023 03:17:19 PM - ww.ovgu.de/aas/900473a5-7207-4ea1-99a2-6f9983a3dc6e.HoningProvider - INFO - ############################################################################# 

04/04/2023 03:17:19 PM - ww.ovgu.de/aas/900473a5-7207-4ea1-99a2-6f9983a3dc6e.HoningProvider - INFO - 
 #############################################################################
04/04/2023 03:17:19 PM - ww.ovgu.de/aas/900473a5-7207-4ea1-99a2-6f9983a3dc6e.HoningProvider - INFO - StartState: feasibilityCheck
04/04/2023 03:17:19 PM - ww.ovgu.de/aas/900473a5-7207-4ea1-99a2-6f9983a3dc6e.HoningProvider - INFO - InputDocument : NA
04/04/2023 03:17:19 PM - ww.ovgu.de/aas/900473a5-7207-4ea1-99a2-6f9983a3dc6e.HoningProvider - INFO - OutputDocumentType : NA
04/04/2023 03:17:19 PM - ww.ovgu.de/aas/900473a5-7207-4ea1-99a2-6f9983a3dc6e.HoningProvider - INFO - Condition :-
04/04/2023 03:17:19 PM - ww.ovgu.de/aas/900473a5-7207-4ea1-99a2-6f9983a3dc6e.HoningProvider - INFO - TargettState: checkingSchedule
04/04/2023 03:17:19 PM - ww.ovgu.de/aas/900473a5-7207-4ea1-99a2-6f9983a3dc6e.HoningProvider - INFO - ############################################################################# 

04/04/2023 03:17:19 PM - ww.ovgu.de/aas/900473a5-7207-4ea1-99a2-6f9983a3dc6e.HoningProvider - INFO - 
 #############################################################################
04/04/2023 03:17:19 PM - ww.ovgu.de/aas/900473a5-7207-4ea1-99a2-6f9983a3dc6e.HoningProvider - INFO - StartState: checkingSchedule
04/04/2023 03:17:19 PM - ww.ovgu.de/aas/900473a5-7207-4ea1-99a2-6f9983a3dc6e.HoningProvider - INFO - InputDocument : NA
04/04/2023 03:17:19 PM - ww.ovgu.de/aas/900473a5-7207-4ea1-99a2-6f9983a3dc6e.HoningProvider - INFO - OutputDocumentType : NA
04/04/2023 03:17:19 PM - ww.ovgu.de/aas/900473a5-7207-4ea1-99a2-6f9983a3dc6e.HoningProvider - INFO - Condition :-
04/04/2023 03:17:19 PM - ww.ovgu.de/aas/900473a5-7207-4ea1-99a2-6f9983a3dc6e.HoningProvider - INFO - TargettState: PriceCalculation
04/04/2023 03:17:19 PM - ww.ovgu.de/aas/900473a5-7207-4ea1-99a2-6f9983a3dc6e.HoningProvider - INFO - ############################################################################# 

04/04/2023 03:17:19 PM - ww.ovgu.de/aas/900473a5-7207-4ea1-99a2-6f9983a3dc6e.HoningProvider - INFO - 
 #############################################################################
04/04/2023 03:17:19 PM - ww.ovgu.de/aas/900473a5-7207-4ea1-99a2-6f9983a3dc6e.HoningProvider - INFO - StartState: PriceCalculation
04/04/2023 03:17:19 PM - ww.ovgu.de/aas/900473a5-7207-4ea1-99a2-6f9983a3dc6e.HoningProvider - INFO - InputDocument : NA
04/04/2023 03:17:19 PM - ww.ovgu.de/aas/900473a5-7207-4ea1-99a2-6f9983a3dc6e.HoningProvider - INFO - OutputDocumentType : NA
04/04/2023 03:17:19 PM - ww.ovgu.de/aas/900473a5-7207-4ea1-99a2-6f9983a3dc6e.HoningProvider - INFO - Condition :-
04/04/2023 03:17:19 PM - ww.ovgu.de/aas/900473a5-7207-4ea1-99a2-6f9983a3dc6e.HoningProvider - INFO - TargettState: sendingProposal
04/04/2023 03:17:19 PM - ww.ovgu.de/aas/900473a5-7207-4ea1-99a2-6f9983a3dc6e.HoningProvider - INFO - ############################################################################# 

04/04/2023 03:17:19 PM - ww.ovgu.de/aas/900473a5-7207-4ea1-99a2-6f9983a3dc6e.HoningProvider - INFO - 
 #############################################################################
04/04/2023 03:17:19 PM - ww.ovgu.de/aas/900473a5-7207-4ea1-99a2-6f9983a3dc6e.HoningProvider - INFO - StartState: sendingProposal
04/04/2023 03:17:19 PM - ww.ovgu.de/aas/900473a5-7207-4ea1-99a2-6f9983a3dc6e.HoningProvider - INFO - InputDocument : NA
04/04/2023 03:17:19 PM - ww.ovgu.de/aas/900473a5-7207-4ea1-99a2-6f9983a3dc6e.HoningProvider - INFO - OutputDocumentType : proposal
04/04/2023 03:17:19 PM - ww.ovgu.de/aas/900473a5-7207-4ea1-99a2-6f9983a3dc6e.HoningProvider - INFO - Condition :-
04/04/2023 03:17:19 PM - ww.ovgu.de/aas/900473a5-7207-4ea1-99a2-6f9983a3dc6e.HoningProvider - INFO - TargettState: waitingforServiceRequesterAnswer
04/04/2023 03:17:19 PM - ww.ovgu.de/aas/900473a5-7207-4ea1-99a2-6f9983a3dc6e.HoningProvider - INFO - ############################################################################# 

04/04/2023 03:17:19 PM - ww.ovgu.de/aas/900473a5-7207-4ea1-99a2-6f9983a3dc6e.HoningProvider - INFO - 
 #############################################################################
04/04/2023 03:17:19 PM - ww.ovgu.de/aas/900473a5-7207-4ea1-99a2-6f9983a3dc6e.HoningProvider - INFO - StartState: waitingforServiceRequesterAnswer
04/04/2023 03:17:19 PM - ww.ovgu.de/aas/900473a5-7207-4ea1-99a2-6f9983a3dc6e.HoningProvider - INFO - InputDocument : acceptProposal / rejectProposal
04/04/2023 03:18:23 PM - ww.ovgu.de/aas/900473a5-7207-4ea1-99a2-6f9983a3dc6e.HoningProvider - INFO - OutputDocumentType : NA
04/04/2023 03:18:23 PM - ww.ovgu.de/aas/900473a5-7207-4ea1-99a2-6f9983a3dc6e.HoningProvider - INFO - Condition :-
04/04/2023 03:18:23 PM - ww.ovgu.de/aas/900473a5-7207-4ea1-99a2-6f9983a3dc6e.HoningProvider - INFO - TargettState: WaitForCallForProposal
04/04/2023 03:18:23 PM - ww.ovgu.de/aas/900473a5-7207-4ea1-99a2-6f9983a3dc6e.HoningProvider - INFO - ############################################################################# 

04/04/2023 03:18:23 PM - ww.ovgu.de/aas/900473a5-7207-4ea1-99a2-6f9983a3dc6e.HoningProvider - INFO - 
 #############################################################################
04/04/2023 03:18:23 PM - ww.ovgu.de/aas/900473a5-7207-4ea1-99a2-6f9983a3dc6e.HoningProvider - INFO - StartState: WaitForCallForProposal
04/04/2023 03:18:23 PM - ww.ovgu.de/aas/900473a5-7207-4ea1-99a2-6f9983a3dc6e.HoningProvider - INFO - InputDocument : callForProposal
04/04/2023 03:23:52 PM - ww.ovgu.de/aas/900473a5-7207-4ea1-99a2-6f9983a3dc6e.HoningProvider - INFO - 
 #############################################################################
04/04/2023 03:23:52 PM - ww.ovgu.de/aas/900473a5-7207-4ea1-99a2-6f9983a3dc6e.HoningProvider - INFO - StartState: WaitForCallForProposal
04/04/2023 03:23:52 PM - ww.ovgu.de/aas/900473a5-7207-4ea1-99a2-6f9983a3dc6e.HoningProvider - INFO - InputDocument : callForProposal
04/04/2023 03:24:14 PM - ww.ovgu.de/aas/900473a5-7207-4ea1-99a2-6f9983a3dc6e.HoningProvider - INFO - OutputDocumentType : NA
04/04/2023 03:24:14 PM - ww.ovgu.de/aas/900473a5-7207-4ea1-99a2-6f9983a3dc6e.HoningProvider - INFO - Condition :-
04/04/2023 03:24:14 PM - ww.ovgu.de/aas/900473a5-7207-4ea1-99a2-6f9983a3dc6e.HoningProvider - INFO - TargettState: capabilitycheck
04/04/2023 03:24:14 PM - ww.ovgu.de/aas/900473a5-7207-4ea1-99a2-6f9983a3dc6e.HoningProvider - INFO - ############################################################################# 

04/04/2023 03:24:14 PM - ww.ovgu.de/aas/900473a5-7207-4ea1-99a2-6f9983a3dc6e.HoningProvider - INFO - 
 #############################################################################
04/04/2023 03:24:14 PM - ww.ovgu.de/aas/900473a5-7207-4ea1-99a2-6f9983a3dc6e.HoningProvider - INFO - StartState: capabilitycheck
04/04/2023 03:24:14 PM - ww.ovgu.de/aas/900473a5-7207-4ea1-99a2-6f9983a3dc6e.HoningProvider - INFO - InputDocument : NA
04/04/2023 03:24:14 PM - ww.ovgu.de/aas/900473a5-7207-4ea1-99a2-6f9983a3dc6e.HoningProvider - INFO - OutputDocumentType : NA
04/04/2023 03:24:14 PM - ww.ovgu.de/aas/900473a5-7207-4ea1-99a2-6f9983a3dc6e.HoningProvider - INFO - Condition :-
04/04/2023 03:24:14 PM - ww.ovgu.de/aas/900473a5-7207-4ea1-99a2-6f9983a3dc6e.HoningProvider - INFO - TargettState: feasibilityCheck
04/04/2023 03:24:14 PM - ww.ovgu.de/aas/900473a5-7207-4ea1-99a2-6f9983a3dc6e.HoningProvider - INFO - ############################################################################# 

04/04/2023 03:24:14 PM - ww.ovgu.de/aas/900473a5-7207-4ea1-99a2-6f9983a3dc6e.HoningProvider - INFO - 
 #############################################################################
04/04/2023 03:24:14 PM - ww.ovgu.de/aas/900473a5-7207-4ea1-99a2-6f9983a3dc6e.HoningProvider - INFO - StartState: feasibilityCheck
04/04/2023 03:24:14 PM - ww.ovgu.de/aas/900473a5-7207-4ea1-99a2-6f9983a3dc6e.HoningProvider - INFO - InputDocument : NA
04/04/2023 03:24:14 PM - ww.ovgu.de/aas/900473a5-7207-4ea1-99a2-6f9983a3dc6e.HoningProvider - INFO - OutputDocumentType : NA
04/04/2023 03:24:14 PM - ww.ovgu.de/aas/900473a5-7207-4ea1-99a2-6f9983a3dc6e.HoningProvider - INFO - Condition :-
04/04/2023 03:24:14 PM - ww.ovgu.de/aas/900473a5-7207-4ea1-99a2-6f9983a3dc6e.HoningProvider - INFO - TargettState: checkingSchedule
04/04/2023 03:24:14 PM - ww.ovgu.de/aas/900473a5-7207-4ea1-99a2-6f9983a3dc6e.HoningProvider - INFO - ############################################################################# 

04/04/2023 03:24:14 PM - ww.ovgu.de/aas/900473a5-7207-4ea1-99a2-6f9983a3dc6e.HoningProvider - INFO - 
 #############################################################################
04/04/2023 03:24:14 PM - ww.ovgu.de/aas/900473a5-7207-4ea1-99a2-6f9983a3dc6e.HoningProvider - INFO - StartState: checkingSchedule
04/04/2023 03:24:14 PM - ww.ovgu.de/aas/900473a5-7207-4ea1-99a2-6f9983a3dc6e.HoningProvider - INFO - InputDocument : NA
04/04/2023 03:24:14 PM - ww.ovgu.de/aas/900473a5-7207-4ea1-99a2-6f9983a3dc6e.HoningProvider - INFO - OutputDocumentType : NA
04/04/2023 03:24:14 PM - ww.ovgu.de/aas/900473a5-7207-4ea1-99a2-6f9983a3dc6e.HoningProvider - INFO - Condition :-
04/04/2023 03:24:14 PM - ww.ovgu.de/aas/900473a5-7207-4ea1-99a2-6f9983a3dc6e.HoningProvider - INFO - TargettState: PriceCalculation
04/04/2023 03:24:14 PM - ww.ovgu.de/aas/900473a5-7207-4ea1-99a2-6f9983a3dc6e.HoningProvider - INFO - ############################################################################# 

04/04/2023 03:24:14 PM - ww.ovgu.de/aas/900473a5-7207-4ea1-99a2-6f9983a3dc6e.HoningProvider - INFO - 
 #############################################################################
04/04/2023 03:24:14 PM - ww.ovgu.de/aas/900473a5-7207-4ea1-99a2-6f9983a3dc6e.HoningProvider - INFO - StartState: PriceCalculation
04/04/2023 03:24:14 PM - ww.ovgu.de/aas/900473a5-7207-4ea1-99a2-6f9983a3dc6e.HoningProvider - INFO - InputDocument : NA
04/04/2023 03:24:14 PM - ww.ovgu.de/aas/900473a5-7207-4ea1-99a2-6f9983a3dc6e.HoningProvider - INFO - OutputDocumentType : NA
04/04/2023 03:24:14 PM - ww.ovgu.de/aas/900473a5-7207-4ea1-99a2-6f9983a3dc6e.HoningProvider - INFO - Condition :-
04/04/2023 03:24:14 PM - ww.ovgu.de/aas/900473a5-7207-4ea1-99a2-6f9983a3dc6e.HoningProvider - INFO - TargettState: sendingProposal
04/04/2023 03:24:14 PM - ww.ovgu.de/aas/900473a5-7207-4ea1-99a2-6f9983a3dc6e.HoningProvider - INFO - ############################################################################# 

04/04/2023 03:24:14 PM - ww.ovgu.de/aas/900473a5-7207-4ea1-99a2-6f9983a3dc6e.HoningProvider - INFO - 
 #############################################################################
04/04/2023 03:24:14 PM - ww.ovgu.de/aas/900473a5-7207-4ea1-99a2-6f9983a3dc6e.HoningProvider - INFO - StartState: sendingProposal
04/04/2023 03:24:14 PM - ww.ovgu.de/aas/900473a5-7207-4ea1-99a2-6f9983a3dc6e.HoningProvider - INFO - InputDocument : NA
04/04/2023 03:24:14 PM - ww.ovgu.de/aas/900473a5-7207-4ea1-99a2-6f9983a3dc6e.HoningProvider - INFO - OutputDocumentType : proposal
04/04/2023 03:24:14 PM - ww.ovgu.de/aas/900473a5-7207-4ea1-99a2-6f9983a3dc6e.HoningProvider - INFO - Condition :-
04/04/2023 03:24:15 PM - ww.ovgu.de/aas/900473a5-7207-4ea1-99a2-6f9983a3dc6e.HoningProvider - INFO - TargettState: waitingforServiceRequesterAnswer
04/04/2023 03:24:15 PM - ww.ovgu.de/aas/900473a5-7207-4ea1-99a2-6f9983a3dc6e.HoningProvider - INFO - ############################################################################# 

04/04/2023 03:24:15 PM - ww.ovgu.de/aas/900473a5-7207-4ea1-99a2-6f9983a3dc6e.HoningProvider - INFO - 
 #############################################################################
04/04/2023 03:24:15 PM - ww.ovgu.de/aas/900473a5-7207-4ea1-99a2-6f9983a3dc6e.HoningProvider - INFO - StartState: waitingforServiceRequesterAnswer
04/04/2023 03:24:15 PM - ww.ovgu.de/aas/900473a5-7207-4ea1-99a2-6f9983a3dc6e.HoningProvider - INFO - InputDocument : acceptProposal / rejectProposal
04/04/2023 03:24:16 PM - ww.ovgu.de/aas/900473a5-7207-4ea1-99a2-6f9983a3dc6e.HoningProvider - INFO - OutputDocumentType : NA
04/04/2023 03:24:16 PM - ww.ovgu.de/aas/900473a5-7207-4ea1-99a2-6f9983a3dc6e.HoningProvider - INFO - Condition :-
04/04/2023 03:24:16 PM - ww.ovgu.de/aas/900473a5-7207-4ea1-99a2-6f9983a3dc6e.HoningProvider - INFO - TargettState: serviceProvision
04/04/2023 03:24:16 PM - ww.ovgu.de/aas/900473a5-7207-4ea1-99a2-6f9983a3dc6e.HoningProvider - INFO - ############################################################################# 

04/04/2023 03:24:16 PM - ww.ovgu.de/aas/900473a5-7207-4ea1-99a2-6f9983a3dc6e.HoningProvider - INFO - 
 #############################################################################
04/04/2023 03:24:16 PM - ww.ovgu.de/aas/900473a5-7207-4ea1-99a2-6f9983a3dc6e.HoningProvider - INFO - StartState: serviceProvision
04/04/2023 03:24:16 PM - ww.ovgu.de/aas/900473a5-7207-4ea1-99a2-6f9983a3dc6e.HoningProvider - INFO - InputDocument : NA
04/04/2023 03:24:36 PM - ww.ovgu.de/aas/900473a5-7207-4ea1-99a2-6f9983a3dc6e.HoningProvider - INFO - OutputDocumentType : NA
04/04/2023 03:24:36 PM - ww.ovgu.de/aas/900473a5-7207-4ea1-99a2-6f9983a3dc6e.HoningProvider - INFO - Condition :-
04/04/2023 03:24:36 PM - ww.ovgu.de/aas/900473a5-7207-4ea1-99a2-6f9983a3dc6e.HoningProvider - INFO - TargettState: sendinPropoposalporvisionConfirm
04/04/2023 03:24:36 PM - ww.ovgu.de/aas/900473a5-7207-4ea1-99a2-6f9983a3dc6e.HoningProvider - INFO - ############################################################################# 

04/04/2023 03:24:36 PM - ww.ovgu.de/aas/900473a5-7207-4ea1-99a2-6f9983a3dc6e.HoningProvider - INFO - 
 #############################################################################
04/04/2023 03:24:36 PM - ww.ovgu.de/aas/900473a5-7207-4ea1-99a2-6f9983a3dc6e.HoningProvider - INFO - StartState: sendinPropoposalporvisionConfirm
04/04/2023 03:24:36 PM - ww.ovgu.de/aas/900473a5-7207-4ea1-99a2-6f9983a3dc6e.HoningProvider - INFO - InputDocument : NA
04/04/2023 03:24:36 PM - ww.ovgu.de/aas/900473a5-7207-4ea1-99a2-6f9983a3dc6e.HoningProvider - INFO - OutputDocumentType : informConfirm
04/04/2023 03:24:36 PM - ww.ovgu.de/aas/900473a5-7207-4ea1-99a2-6f9983a3dc6e.HoningProvider - INFO - Condition :-
04/04/2023 03:24:36 PM - ww.ovgu.de/aas/900473a5-7207-4ea1-99a2-6f9983a3dc6e.HoningProvider - INFO - TargettState: WaitForCallForProposal
04/04/2023 03:24:36 PM - ww.ovgu.de/aas/900473a5-7207-4ea1-99a2-6f9983a3dc6e.HoningProvider - INFO - ############################################################################# 

04/04/2023 03:24:36 PM - ww.ovgu.de/aas/900473a5-7207-4ea1-99a2-6f9983a3dc6e.HoningProvider - INFO - 
 #############################################################################
04/04/2023 03:24:36 PM - ww.ovgu.de/aas/900473a5-7207-4ea1-99a2-6f9983a3dc6e.HoningProvider - INFO - StartState: WaitForCallForProposal
04/04/2023 03:24:36 PM - ww.ovgu.de/aas/900473a5-7207-4ea1-99a2-6f9983a3dc6e.HoningProvider - INFO - InputDocument : callForProposal
04/04/2023 03:36:29 PM - ww.ovgu.de/aas/900473a5-7207-4ea1-99a2-6f9983a3dc6e.HoningProvider - INFO - 
 #############################################################################
04/04/2023 03:36:29 PM - ww.ovgu.de/aas/900473a5-7207-4ea1-99a2-6f9983a3dc6e.HoningProvider - INFO - StartState: WaitForCallForProposal
04/04/2023 03:36:29 PM - ww.ovgu.de/aas/900473a5-7207-4ea1-99a2-6f9983a3dc6e.HoningProvider - INFO - InputDocument : callForProposal
04/04/2023 03:38:03 PM - ww.ovgu.de/aas/900473a5-7207-4ea1-99a2-6f9983a3dc6e.HoningProvider - INFO - OutputDocumentType : NA
04/04/2023 03:38:03 PM - ww.ovgu.de/aas/900473a5-7207-4ea1-99a2-6f9983a3dc6e.HoningProvider - INFO - Condition :-
04/04/2023 03:38:03 PM - ww.ovgu.de/aas/900473a5-7207-4ea1-99a2-6f9983a3dc6e.HoningProvider - INFO - TargettState: capabilitycheck
04/04/2023 03:38:03 PM - ww.ovgu.de/aas/900473a5-7207-4ea1-99a2-6f9983a3dc6e.HoningProvider - INFO - ############################################################################# 

04/04/2023 03:38:03 PM - ww.ovgu.de/aas/900473a5-7207-4ea1-99a2-6f9983a3dc6e.HoningProvider - INFO - 
 #############################################################################
04/04/2023 03:38:03 PM - ww.ovgu.de/aas/900473a5-7207-4ea1-99a2-6f9983a3dc6e.HoningProvider - INFO - StartState: capabilitycheck
04/04/2023 03:38:03 PM - ww.ovgu.de/aas/900473a5-7207-4ea1-99a2-6f9983a3dc6e.HoningProvider - INFO - InputDocument : NA
04/04/2023 03:38:03 PM - ww.ovgu.de/aas/900473a5-7207-4ea1-99a2-6f9983a3dc6e.HoningProvider - INFO - OutputDocumentType : NA
04/04/2023 03:38:03 PM - ww.ovgu.de/aas/900473a5-7207-4ea1-99a2-6f9983a3dc6e.HoningProvider - INFO - Condition :-
04/04/2023 03:38:03 PM - ww.ovgu.de/aas/900473a5-7207-4ea1-99a2-6f9983a3dc6e.HoningProvider - INFO - TargettState: feasibilityCheck
04/04/2023 03:38:03 PM - ww.ovgu.de/aas/900473a5-7207-4ea1-99a2-6f9983a3dc6e.HoningProvider - INFO - ############################################################################# 

04/04/2023 03:38:03 PM - ww.ovgu.de/aas/900473a5-7207-4ea1-99a2-6f9983a3dc6e.HoningProvider - INFO - 
 #############################################################################
04/04/2023 03:38:03 PM - ww.ovgu.de/aas/900473a5-7207-4ea1-99a2-6f9983a3dc6e.HoningProvider - INFO - StartState: feasibilityCheck
04/04/2023 03:38:03 PM - ww.ovgu.de/aas/900473a5-7207-4ea1-99a2-6f9983a3dc6e.HoningProvider - INFO - InputDocument : NA
04/04/2023 03:38:03 PM - ww.ovgu.de/aas/900473a5-7207-4ea1-99a2-6f9983a3dc6e.HoningProvider - INFO - OutputDocumentType : NA
04/04/2023 03:38:03 PM - ww.ovgu.de/aas/900473a5-7207-4ea1-99a2-6f9983a3dc6e.HoningProvider - INFO - Condition :-
04/04/2023 03:38:03 PM - ww.ovgu.de/aas/900473a5-7207-4ea1-99a2-6f9983a3dc6e.HoningProvider - INFO - TargettState: checkingSchedule
04/04/2023 03:38:04 PM - ww.ovgu.de/aas/900473a5-7207-4ea1-99a2-6f9983a3dc6e.HoningProvider - INFO - ############################################################################# 

04/04/2023 03:38:04 PM - ww.ovgu.de/aas/900473a5-7207-4ea1-99a2-6f9983a3dc6e.HoningProvider - INFO - 
 #############################################################################
04/04/2023 03:38:04 PM - ww.ovgu.de/aas/900473a5-7207-4ea1-99a2-6f9983a3dc6e.HoningProvider - INFO - StartState: checkingSchedule
04/04/2023 03:38:04 PM - ww.ovgu.de/aas/900473a5-7207-4ea1-99a2-6f9983a3dc6e.HoningProvider - INFO - InputDocument : NA
04/04/2023 03:38:04 PM - ww.ovgu.de/aas/900473a5-7207-4ea1-99a2-6f9983a3dc6e.HoningProvider - INFO - OutputDocumentType : NA
04/04/2023 03:38:04 PM - ww.ovgu.de/aas/900473a5-7207-4ea1-99a2-6f9983a3dc6e.HoningProvider - INFO - Condition :-
04/04/2023 03:38:04 PM - ww.ovgu.de/aas/900473a5-7207-4ea1-99a2-6f9983a3dc6e.HoningProvider - INFO - TargettState: PriceCalculation
04/04/2023 03:38:04 PM - ww.ovgu.de/aas/900473a5-7207-4ea1-99a2-6f9983a3dc6e.HoningProvider - INFO - ############################################################################# 

04/04/2023 03:38:04 PM - ww.ovgu.de/aas/900473a5-7207-4ea1-99a2-6f9983a3dc6e.HoningProvider - INFO - 
 #############################################################################
04/04/2023 03:38:04 PM - ww.ovgu.de/aas/900473a5-7207-4ea1-99a2-6f9983a3dc6e.HoningProvider - INFO - StartState: PriceCalculation
04/04/2023 03:38:04 PM - ww.ovgu.de/aas/900473a5-7207-4ea1-99a2-6f9983a3dc6e.HoningProvider - INFO - InputDocument : NA
04/04/2023 03:38:04 PM - ww.ovgu.de/aas/900473a5-7207-4ea1-99a2-6f9983a3dc6e.HoningProvider - INFO - OutputDocumentType : NA
04/04/2023 03:38:04 PM - ww.ovgu.de/aas/900473a5-7207-4ea1-99a2-6f9983a3dc6e.HoningProvider - INFO - Condition :-
04/04/2023 03:38:04 PM - ww.ovgu.de/aas/900473a5-7207-4ea1-99a2-6f9983a3dc6e.HoningProvider - INFO - TargettState: sendingProposal
04/04/2023 03:38:04 PM - ww.ovgu.de/aas/900473a5-7207-4ea1-99a2-6f9983a3dc6e.HoningProvider - INFO - ############################################################################# 

04/04/2023 03:38:04 PM - ww.ovgu.de/aas/900473a5-7207-4ea1-99a2-6f9983a3dc6e.HoningProvider - INFO - 
 #############################################################################
04/04/2023 03:38:04 PM - ww.ovgu.de/aas/900473a5-7207-4ea1-99a2-6f9983a3dc6e.HoningProvider - INFO - StartState: sendingProposal
04/04/2023 03:38:04 PM - ww.ovgu.de/aas/900473a5-7207-4ea1-99a2-6f9983a3dc6e.HoningProvider - INFO - InputDocument : NA
04/04/2023 03:38:04 PM - ww.ovgu.de/aas/900473a5-7207-4ea1-99a2-6f9983a3dc6e.HoningProvider - INFO - OutputDocumentType : proposal
04/04/2023 03:38:04 PM - ww.ovgu.de/aas/900473a5-7207-4ea1-99a2-6f9983a3dc6e.HoningProvider - INFO - Condition :-
04/04/2023 03:38:04 PM - ww.ovgu.de/aas/900473a5-7207-4ea1-99a2-6f9983a3dc6e.HoningProvider - INFO - TargettState: waitingforServiceRequesterAnswer
04/04/2023 03:38:04 PM - ww.ovgu.de/aas/900473a5-7207-4ea1-99a2-6f9983a3dc6e.HoningProvider - INFO - ############################################################################# 

04/04/2023 03:38:04 PM - ww.ovgu.de/aas/900473a5-7207-4ea1-99a2-6f9983a3dc6e.HoningProvider - INFO - 
 #############################################################################
04/04/2023 03:38:04 PM - ww.ovgu.de/aas/900473a5-7207-4ea1-99a2-6f9983a3dc6e.HoningProvider - INFO - StartState: waitingforServiceRequesterAnswer
04/04/2023 03:38:04 PM - ww.ovgu.de/aas/900473a5-7207-4ea1-99a2-6f9983a3dc6e.HoningProvider - INFO - InputDocument : acceptProposal / rejectProposal
04/04/2023 03:38:06 PM - ww.ovgu.de/aas/900473a5-7207-4ea1-99a2-6f9983a3dc6e.HoningProvider - INFO - OutputDocumentType : NA
04/04/2023 03:38:06 PM - ww.ovgu.de/aas/900473a5-7207-4ea1-99a2-6f9983a3dc6e.HoningProvider - INFO - Condition :-
04/04/2023 03:38:06 PM - ww.ovgu.de/aas/900473a5-7207-4ea1-99a2-6f9983a3dc6e.HoningProvider - INFO - TargettState: serviceProvision
04/04/2023 03:38:06 PM - ww.ovgu.de/aas/900473a5-7207-4ea1-99a2-6f9983a3dc6e.HoningProvider - INFO - ############################################################################# 

04/04/2023 03:38:06 PM - ww.ovgu.de/aas/900473a5-7207-4ea1-99a2-6f9983a3dc6e.HoningProvider - INFO - 
 #############################################################################
04/04/2023 03:38:06 PM - ww.ovgu.de/aas/900473a5-7207-4ea1-99a2-6f9983a3dc6e.HoningProvider - INFO - StartState: serviceProvision
04/04/2023 03:38:06 PM - ww.ovgu.de/aas/900473a5-7207-4ea1-99a2-6f9983a3dc6e.HoningProvider - INFO - InputDocument : NA
04/04/2023 03:38:26 PM - ww.ovgu.de/aas/900473a5-7207-4ea1-99a2-6f9983a3dc6e.HoningProvider - INFO - OutputDocumentType : NA
04/04/2023 03:38:26 PM - ww.ovgu.de/aas/900473a5-7207-4ea1-99a2-6f9983a3dc6e.HoningProvider - INFO - Condition :-
04/04/2023 03:38:26 PM - ww.ovgu.de/aas/900473a5-7207-4ea1-99a2-6f9983a3dc6e.HoningProvider - INFO - TargettState: sendinPropoposalporvisionConfirm
04/04/2023 03:38:26 PM - ww.ovgu.de/aas/900473a5-7207-4ea1-99a2-6f9983a3dc6e.HoningProvider - INFO - ############################################################################# 

04/04/2023 03:38:26 PM - ww.ovgu.de/aas/900473a5-7207-4ea1-99a2-6f9983a3dc6e.HoningProvider - INFO - 
 #############################################################################
04/04/2023 03:38:26 PM - ww.ovgu.de/aas/900473a5-7207-4ea1-99a2-6f9983a3dc6e.HoningProvider - INFO - StartState: sendinPropoposalporvisionConfirm
04/04/2023 03:38:26 PM - ww.ovgu.de/aas/900473a5-7207-4ea1-99a2-6f9983a3dc6e.HoningProvider - INFO - InputDocument : NA
04/04/2023 03:38:26 PM - ww.ovgu.de/aas/900473a5-7207-4ea1-99a2-6f9983a3dc6e.HoningProvider - INFO - OutputDocumentType : informConfirm
04/04/2023 03:38:26 PM - ww.ovgu.de/aas/900473a5-7207-4ea1-99a2-6f9983a3dc6e.HoningProvider - INFO - Condition :-
04/04/2023 03:38:26 PM - ww.ovgu.de/aas/900473a5-7207-4ea1-99a2-6f9983a3dc6e.HoningProvider - INFO - TargettState: WaitForCallForProposal
04/04/2023 03:38:26 PM - ww.ovgu.de/aas/900473a5-7207-4ea1-99a2-6f9983a3dc6e.HoningProvider - INFO - ############################################################################# 

04/04/2023 03:38:26 PM - ww.ovgu.de/aas/900473a5-7207-4ea1-99a2-6f9983a3dc6e.HoningProvider - INFO - 
 #############################################################################
04/04/2023 03:38:26 PM - ww.ovgu.de/aas/900473a5-7207-4ea1-99a2-6f9983a3dc6e.HoningProvider - INFO - StartState: WaitForCallForProposal
04/04/2023 03:38:26 PM - ww.ovgu.de/aas/900473a5-7207-4ea1-99a2-6f9983a3dc6e.HoningProvider - INFO - InputDocument : callForProposal
04/04/2023 03:41:05 PM - ww.ovgu.de/aas/900473a5-7207-4ea1-99a2-6f9983a3dc6e.HoningProvider - INFO - 
 #############################################################################
04/04/2023 03:41:05 PM - ww.ovgu.de/aas/900473a5-7207-4ea1-99a2-6f9983a3dc6e.HoningProvider - INFO - StartState: WaitForCallForProposal
04/04/2023 03:41:05 PM - ww.ovgu.de/aas/900473a5-7207-4ea1-99a2-6f9983a3dc6e.HoningProvider - INFO - InputDocument : callForProposal
04/04/2023 03:42:27 PM - ww.ovgu.de/aas/900473a5-7207-4ea1-99a2-6f9983a3dc6e.HoningProvider - INFO - OutputDocumentType : NA
04/04/2023 03:42:27 PM - ww.ovgu.de/aas/900473a5-7207-4ea1-99a2-6f9983a3dc6e.HoningProvider - INFO - Condition :-
04/04/2023 03:42:27 PM - ww.ovgu.de/aas/900473a5-7207-4ea1-99a2-6f9983a3dc6e.HoningProvider - INFO - TargettState: capabilitycheck
04/04/2023 03:42:27 PM - ww.ovgu.de/aas/900473a5-7207-4ea1-99a2-6f9983a3dc6e.HoningProvider - INFO - ############################################################################# 

04/04/2023 03:42:27 PM - ww.ovgu.de/aas/900473a5-7207-4ea1-99a2-6f9983a3dc6e.HoningProvider - INFO - 
 #############################################################################
04/04/2023 03:42:27 PM - ww.ovgu.de/aas/900473a5-7207-4ea1-99a2-6f9983a3dc6e.HoningProvider - INFO - StartState: capabilitycheck
04/04/2023 03:42:27 PM - ww.ovgu.de/aas/900473a5-7207-4ea1-99a2-6f9983a3dc6e.HoningProvider - INFO - InputDocument : NA
04/04/2023 03:42:27 PM - ww.ovgu.de/aas/900473a5-7207-4ea1-99a2-6f9983a3dc6e.HoningProvider - INFO - OutputDocumentType : NA
04/04/2023 03:42:27 PM - ww.ovgu.de/aas/900473a5-7207-4ea1-99a2-6f9983a3dc6e.HoningProvider - INFO - Condition :-
04/04/2023 03:42:27 PM - ww.ovgu.de/aas/900473a5-7207-4ea1-99a2-6f9983a3dc6e.HoningProvider - INFO - TargettState: feasibilityCheck
04/04/2023 03:42:27 PM - ww.ovgu.de/aas/900473a5-7207-4ea1-99a2-6f9983a3dc6e.HoningProvider - INFO - ############################################################################# 

04/04/2023 03:42:27 PM - ww.ovgu.de/aas/900473a5-7207-4ea1-99a2-6f9983a3dc6e.HoningProvider - INFO - 
 #############################################################################
04/04/2023 03:42:27 PM - ww.ovgu.de/aas/900473a5-7207-4ea1-99a2-6f9983a3dc6e.HoningProvider - INFO - StartState: feasibilityCheck
04/04/2023 03:42:27 PM - ww.ovgu.de/aas/900473a5-7207-4ea1-99a2-6f9983a3dc6e.HoningProvider - INFO - InputDocument : NA
04/04/2023 03:42:27 PM - ww.ovgu.de/aas/900473a5-7207-4ea1-99a2-6f9983a3dc6e.HoningProvider - INFO - OutputDocumentType : NA
04/04/2023 03:42:27 PM - ww.ovgu.de/aas/900473a5-7207-4ea1-99a2-6f9983a3dc6e.HoningProvider - INFO - Condition :-
04/04/2023 03:42:28 PM - ww.ovgu.de/aas/900473a5-7207-4ea1-99a2-6f9983a3dc6e.HoningProvider - INFO - TargettState: checkingSchedule
04/04/2023 03:42:28 PM - ww.ovgu.de/aas/900473a5-7207-4ea1-99a2-6f9983a3dc6e.HoningProvider - INFO - ############################################################################# 

04/04/2023 03:42:28 PM - ww.ovgu.de/aas/900473a5-7207-4ea1-99a2-6f9983a3dc6e.HoningProvider - INFO - 
 #############################################################################
04/04/2023 03:42:28 PM - ww.ovgu.de/aas/900473a5-7207-4ea1-99a2-6f9983a3dc6e.HoningProvider - INFO - StartState: checkingSchedule
04/04/2023 03:42:28 PM - ww.ovgu.de/aas/900473a5-7207-4ea1-99a2-6f9983a3dc6e.HoningProvider - INFO - InputDocument : NA
04/04/2023 03:42:28 PM - ww.ovgu.de/aas/900473a5-7207-4ea1-99a2-6f9983a3dc6e.HoningProvider - INFO - OutputDocumentType : NA
04/04/2023 03:42:28 PM - ww.ovgu.de/aas/900473a5-7207-4ea1-99a2-6f9983a3dc6e.HoningProvider - INFO - Condition :-
04/04/2023 03:42:28 PM - ww.ovgu.de/aas/900473a5-7207-4ea1-99a2-6f9983a3dc6e.HoningProvider - INFO - TargettState: PriceCalculation
04/04/2023 03:42:28 PM - ww.ovgu.de/aas/900473a5-7207-4ea1-99a2-6f9983a3dc6e.HoningProvider - INFO - ############################################################################# 

04/04/2023 03:42:28 PM - ww.ovgu.de/aas/900473a5-7207-4ea1-99a2-6f9983a3dc6e.HoningProvider - INFO - 
 #############################################################################
04/04/2023 03:42:28 PM - ww.ovgu.de/aas/900473a5-7207-4ea1-99a2-6f9983a3dc6e.HoningProvider - INFO - StartState: PriceCalculation
04/04/2023 03:42:28 PM - ww.ovgu.de/aas/900473a5-7207-4ea1-99a2-6f9983a3dc6e.HoningProvider - INFO - InputDocument : NA
04/04/2023 03:42:28 PM - ww.ovgu.de/aas/900473a5-7207-4ea1-99a2-6f9983a3dc6e.HoningProvider - INFO - OutputDocumentType : NA
04/04/2023 03:42:28 PM - ww.ovgu.de/aas/900473a5-7207-4ea1-99a2-6f9983a3dc6e.HoningProvider - INFO - Condition :-
04/04/2023 03:42:28 PM - ww.ovgu.de/aas/900473a5-7207-4ea1-99a2-6f9983a3dc6e.HoningProvider - INFO - TargettState: sendingProposal
04/04/2023 03:42:28 PM - ww.ovgu.de/aas/900473a5-7207-4ea1-99a2-6f9983a3dc6e.HoningProvider - INFO - ############################################################################# 

04/04/2023 03:42:28 PM - ww.ovgu.de/aas/900473a5-7207-4ea1-99a2-6f9983a3dc6e.HoningProvider - INFO - 
 #############################################################################
04/04/2023 03:42:28 PM - ww.ovgu.de/aas/900473a5-7207-4ea1-99a2-6f9983a3dc6e.HoningProvider - INFO - StartState: sendingProposal
04/04/2023 03:42:28 PM - ww.ovgu.de/aas/900473a5-7207-4ea1-99a2-6f9983a3dc6e.HoningProvider - INFO - InputDocument : NA
04/04/2023 03:42:28 PM - ww.ovgu.de/aas/900473a5-7207-4ea1-99a2-6f9983a3dc6e.HoningProvider - INFO - OutputDocumentType : proposal
04/04/2023 03:42:28 PM - ww.ovgu.de/aas/900473a5-7207-4ea1-99a2-6f9983a3dc6e.HoningProvider - INFO - Condition :-
04/04/2023 03:42:28 PM - ww.ovgu.de/aas/900473a5-7207-4ea1-99a2-6f9983a3dc6e.HoningProvider - INFO - TargettState: waitingforServiceRequesterAnswer
04/04/2023 03:42:28 PM - ww.ovgu.de/aas/900473a5-7207-4ea1-99a2-6f9983a3dc6e.HoningProvider - INFO - ############################################################################# 

04/04/2023 03:42:28 PM - ww.ovgu.de/aas/900473a5-7207-4ea1-99a2-6f9983a3dc6e.HoningProvider - INFO - 
 #############################################################################
04/04/2023 03:42:28 PM - ww.ovgu.de/aas/900473a5-7207-4ea1-99a2-6f9983a3dc6e.HoningProvider - INFO - StartState: waitingforServiceRequesterAnswer
04/04/2023 03:42:28 PM - ww.ovgu.de/aas/900473a5-7207-4ea1-99a2-6f9983a3dc6e.HoningProvider - INFO - InputDocument : acceptProposal / rejectProposal
04/04/2023 03:42:30 PM - ww.ovgu.de/aas/900473a5-7207-4ea1-99a2-6f9983a3dc6e.HoningProvider - INFO - OutputDocumentType : NA
04/04/2023 03:42:30 PM - ww.ovgu.de/aas/900473a5-7207-4ea1-99a2-6f9983a3dc6e.HoningProvider - INFO - Condition :-
04/04/2023 03:42:30 PM - ww.ovgu.de/aas/900473a5-7207-4ea1-99a2-6f9983a3dc6e.HoningProvider - INFO - TargettState: serviceProvision
04/04/2023 03:42:30 PM - ww.ovgu.de/aas/900473a5-7207-4ea1-99a2-6f9983a3dc6e.HoningProvider - INFO - ############################################################################# 

04/04/2023 03:42:30 PM - ww.ovgu.de/aas/900473a5-7207-4ea1-99a2-6f9983a3dc6e.HoningProvider - INFO - 
 #############################################################################
04/04/2023 03:42:31 PM - ww.ovgu.de/aas/900473a5-7207-4ea1-99a2-6f9983a3dc6e.HoningProvider - INFO - StartState: serviceProvision
04/04/2023 03:42:31 PM - ww.ovgu.de/aas/900473a5-7207-4ea1-99a2-6f9983a3dc6e.HoningProvider - INFO - InputDocument : NA
04/04/2023 03:42:51 PM - ww.ovgu.de/aas/900473a5-7207-4ea1-99a2-6f9983a3dc6e.HoningProvider - INFO - OutputDocumentType : NA
04/04/2023 03:42:51 PM - ww.ovgu.de/aas/900473a5-7207-4ea1-99a2-6f9983a3dc6e.HoningProvider - INFO - Condition :-
04/04/2023 03:42:51 PM - ww.ovgu.de/aas/900473a5-7207-4ea1-99a2-6f9983a3dc6e.HoningProvider - INFO - TargettState: sendinPropoposalporvisionConfirm
04/04/2023 03:42:51 PM - ww.ovgu.de/aas/900473a5-7207-4ea1-99a2-6f9983a3dc6e.HoningProvider - INFO - ############################################################################# 

04/04/2023 03:42:51 PM - ww.ovgu.de/aas/900473a5-7207-4ea1-99a2-6f9983a3dc6e.HoningProvider - INFO - 
 #############################################################################
04/04/2023 03:42:51 PM - ww.ovgu.de/aas/900473a5-7207-4ea1-99a2-6f9983a3dc6e.HoningProvider - INFO - StartState: sendinPropoposalporvisionConfirm
04/04/2023 03:42:51 PM - ww.ovgu.de/aas/900473a5-7207-4ea1-99a2-6f9983a3dc6e.HoningProvider - INFO - InputDocument : NA
04/04/2023 03:42:51 PM - ww.ovgu.de/aas/900473a5-7207-4ea1-99a2-6f9983a3dc6e.HoningProvider - INFO - OutputDocumentType : informConfirm
04/04/2023 03:42:51 PM - ww.ovgu.de/aas/900473a5-7207-4ea1-99a2-6f9983a3dc6e.HoningProvider - INFO - Condition :-
04/04/2023 03:42:51 PM - ww.ovgu.de/aas/900473a5-7207-4ea1-99a2-6f9983a3dc6e.HoningProvider - INFO - TargettState: WaitForCallForProposal
04/04/2023 03:42:51 PM - ww.ovgu.de/aas/900473a5-7207-4ea1-99a2-6f9983a3dc6e.HoningProvider - INFO - ############################################################################# 

04/04/2023 03:42:51 PM - ww.ovgu.de/aas/900473a5-7207-4ea1-99a2-6f9983a3dc6e.HoningProvider - INFO - 
 #############################################################################
04/04/2023 03:42:51 PM - ww.ovgu.de/aas/900473a5-7207-4ea1-99a2-6f9983a3dc6e.HoningProvider - INFO - StartState: WaitForCallForProposal
04/04/2023 03:42:51 PM - ww.ovgu.de/aas/900473a5-7207-4ea1-99a2-6f9983a3dc6e.HoningProvider - INFO - InputDocument : callForProposal
04/04/2023 03:44:22 PM - ww.ovgu.de/aas/900473a5-7207-4ea1-99a2-6f9983a3dc6e.HoningProvider - INFO - OutputDocumentType : NA
04/04/2023 03:44:22 PM - ww.ovgu.de/aas/900473a5-7207-4ea1-99a2-6f9983a3dc6e.HoningProvider - INFO - Condition :-
04/04/2023 03:44:22 PM - ww.ovgu.de/aas/900473a5-7207-4ea1-99a2-6f9983a3dc6e.HoningProvider - INFO - TargettState: capabilitycheck
04/04/2023 03:44:22 PM - ww.ovgu.de/aas/900473a5-7207-4ea1-99a2-6f9983a3dc6e.HoningProvider - INFO - ############################################################################# 

04/04/2023 03:44:22 PM - ww.ovgu.de/aas/900473a5-7207-4ea1-99a2-6f9983a3dc6e.HoningProvider - INFO - 
 #############################################################################
04/04/2023 03:44:22 PM - ww.ovgu.de/aas/900473a5-7207-4ea1-99a2-6f9983a3dc6e.HoningProvider - INFO - StartState: capabilitycheck
04/04/2023 03:44:22 PM - ww.ovgu.de/aas/900473a5-7207-4ea1-99a2-6f9983a3dc6e.HoningProvider - INFO - InputDocument : NA
04/04/2023 03:44:22 PM - ww.ovgu.de/aas/900473a5-7207-4ea1-99a2-6f9983a3dc6e.HoningProvider - INFO - OutputDocumentType : NA
04/04/2023 03:44:22 PM - ww.ovgu.de/aas/900473a5-7207-4ea1-99a2-6f9983a3dc6e.HoningProvider - INFO - Condition :-
04/04/2023 03:44:22 PM - ww.ovgu.de/aas/900473a5-7207-4ea1-99a2-6f9983a3dc6e.HoningProvider - INFO - TargettState: feasibilityCheck
04/04/2023 03:44:22 PM - ww.ovgu.de/aas/900473a5-7207-4ea1-99a2-6f9983a3dc6e.HoningProvider - INFO - ############################################################################# 

04/04/2023 03:44:22 PM - ww.ovgu.de/aas/900473a5-7207-4ea1-99a2-6f9983a3dc6e.HoningProvider - INFO - 
 #############################################################################
04/04/2023 03:44:22 PM - ww.ovgu.de/aas/900473a5-7207-4ea1-99a2-6f9983a3dc6e.HoningProvider - INFO - StartState: feasibilityCheck
04/04/2023 03:44:22 PM - ww.ovgu.de/aas/900473a5-7207-4ea1-99a2-6f9983a3dc6e.HoningProvider - INFO - InputDocument : NA
04/04/2023 03:44:22 PM - ww.ovgu.de/aas/900473a5-7207-4ea1-99a2-6f9983a3dc6e.HoningProvider - INFO - OutputDocumentType : NA
04/04/2023 03:44:22 PM - ww.ovgu.de/aas/900473a5-7207-4ea1-99a2-6f9983a3dc6e.HoningProvider - INFO - Condition :-
04/04/2023 03:44:22 PM - ww.ovgu.de/aas/900473a5-7207-4ea1-99a2-6f9983a3dc6e.HoningProvider - INFO - TargettState: checkingSchedule
04/04/2023 03:44:22 PM - ww.ovgu.de/aas/900473a5-7207-4ea1-99a2-6f9983a3dc6e.HoningProvider - INFO - ############################################################################# 

04/04/2023 03:44:22 PM - ww.ovgu.de/aas/900473a5-7207-4ea1-99a2-6f9983a3dc6e.HoningProvider - INFO - 
 #############################################################################
04/04/2023 03:44:22 PM - ww.ovgu.de/aas/900473a5-7207-4ea1-99a2-6f9983a3dc6e.HoningProvider - INFO - StartState: checkingSchedule
04/04/2023 03:44:22 PM - ww.ovgu.de/aas/900473a5-7207-4ea1-99a2-6f9983a3dc6e.HoningProvider - INFO - InputDocument : NA
04/04/2023 03:44:22 PM - ww.ovgu.de/aas/900473a5-7207-4ea1-99a2-6f9983a3dc6e.HoningProvider - INFO - OutputDocumentType : NA
04/04/2023 03:44:22 PM - ww.ovgu.de/aas/900473a5-7207-4ea1-99a2-6f9983a3dc6e.HoningProvider - INFO - Condition :-
04/04/2023 03:44:22 PM - ww.ovgu.de/aas/900473a5-7207-4ea1-99a2-6f9983a3dc6e.HoningProvider - INFO - TargettState: PriceCalculation
04/04/2023 03:44:22 PM - ww.ovgu.de/aas/900473a5-7207-4ea1-99a2-6f9983a3dc6e.HoningProvider - INFO - ############################################################################# 

04/04/2023 03:44:22 PM - ww.ovgu.de/aas/900473a5-7207-4ea1-99a2-6f9983a3dc6e.HoningProvider - INFO - 
 #############################################################################
04/04/2023 03:44:22 PM - ww.ovgu.de/aas/900473a5-7207-4ea1-99a2-6f9983a3dc6e.HoningProvider - INFO - StartState: PriceCalculation
04/04/2023 03:44:22 PM - ww.ovgu.de/aas/900473a5-7207-4ea1-99a2-6f9983a3dc6e.HoningProvider - INFO - InputDocument : NA
04/04/2023 03:44:22 PM - ww.ovgu.de/aas/900473a5-7207-4ea1-99a2-6f9983a3dc6e.HoningProvider - INFO - OutputDocumentType : NA
04/04/2023 03:44:22 PM - ww.ovgu.de/aas/900473a5-7207-4ea1-99a2-6f9983a3dc6e.HoningProvider - INFO - Condition :-
04/04/2023 03:44:22 PM - ww.ovgu.de/aas/900473a5-7207-4ea1-99a2-6f9983a3dc6e.HoningProvider - INFO - TargettState: sendingProposal
04/04/2023 03:44:22 PM - ww.ovgu.de/aas/900473a5-7207-4ea1-99a2-6f9983a3dc6e.HoningProvider - INFO - ############################################################################# 

04/04/2023 03:44:22 PM - ww.ovgu.de/aas/900473a5-7207-4ea1-99a2-6f9983a3dc6e.HoningProvider - INFO - 
 #############################################################################
04/04/2023 03:44:22 PM - ww.ovgu.de/aas/900473a5-7207-4ea1-99a2-6f9983a3dc6e.HoningProvider - INFO - StartState: sendingProposal
04/04/2023 03:44:22 PM - ww.ovgu.de/aas/900473a5-7207-4ea1-99a2-6f9983a3dc6e.HoningProvider - INFO - InputDocument : NA
04/04/2023 03:44:22 PM - ww.ovgu.de/aas/900473a5-7207-4ea1-99a2-6f9983a3dc6e.HoningProvider - INFO - OutputDocumentType : proposal
04/04/2023 03:44:22 PM - ww.ovgu.de/aas/900473a5-7207-4ea1-99a2-6f9983a3dc6e.HoningProvider - INFO - Condition :-
04/04/2023 03:44:22 PM - ww.ovgu.de/aas/900473a5-7207-4ea1-99a2-6f9983a3dc6e.HoningProvider - INFO - TargettState: waitingforServiceRequesterAnswer
04/04/2023 03:44:23 PM - ww.ovgu.de/aas/900473a5-7207-4ea1-99a2-6f9983a3dc6e.HoningProvider - INFO - ############################################################################# 

04/04/2023 03:44:23 PM - ww.ovgu.de/aas/900473a5-7207-4ea1-99a2-6f9983a3dc6e.HoningProvider - INFO - 
 #############################################################################
04/04/2023 03:44:23 PM - ww.ovgu.de/aas/900473a5-7207-4ea1-99a2-6f9983a3dc6e.HoningProvider - INFO - StartState: waitingforServiceRequesterAnswer
04/04/2023 03:44:23 PM - ww.ovgu.de/aas/900473a5-7207-4ea1-99a2-6f9983a3dc6e.HoningProvider - INFO - InputDocument : acceptProposal / rejectProposal
04/04/2023 03:44:24 PM - ww.ovgu.de/aas/900473a5-7207-4ea1-99a2-6f9983a3dc6e.HoningProvider - INFO - OutputDocumentType : NA
04/04/2023 03:44:24 PM - ww.ovgu.de/aas/900473a5-7207-4ea1-99a2-6f9983a3dc6e.HoningProvider - INFO - Condition :-
04/04/2023 03:44:24 PM - ww.ovgu.de/aas/900473a5-7207-4ea1-99a2-6f9983a3dc6e.HoningProvider - INFO - TargettState: serviceProvision
04/04/2023 03:44:24 PM - ww.ovgu.de/aas/900473a5-7207-4ea1-99a2-6f9983a3dc6e.HoningProvider - INFO - ############################################################################# 

04/04/2023 03:44:24 PM - ww.ovgu.de/aas/900473a5-7207-4ea1-99a2-6f9983a3dc6e.HoningProvider - INFO - 
 #############################################################################
04/04/2023 03:44:24 PM - ww.ovgu.de/aas/900473a5-7207-4ea1-99a2-6f9983a3dc6e.HoningProvider - INFO - StartState: serviceProvision
04/04/2023 03:44:24 PM - ww.ovgu.de/aas/900473a5-7207-4ea1-99a2-6f9983a3dc6e.HoningProvider - INFO - InputDocument : NA
04/04/2023 03:44:44 PM - ww.ovgu.de/aas/900473a5-7207-4ea1-99a2-6f9983a3dc6e.HoningProvider - INFO - OutputDocumentType : NA
04/04/2023 03:44:44 PM - ww.ovgu.de/aas/900473a5-7207-4ea1-99a2-6f9983a3dc6e.HoningProvider - INFO - Condition :-
04/04/2023 03:44:44 PM - ww.ovgu.de/aas/900473a5-7207-4ea1-99a2-6f9983a3dc6e.HoningProvider - INFO - TargettState: sendinPropoposalporvisionConfirm
04/04/2023 03:44:44 PM - ww.ovgu.de/aas/900473a5-7207-4ea1-99a2-6f9983a3dc6e.HoningProvider - INFO - ############################################################################# 

04/04/2023 03:44:44 PM - ww.ovgu.de/aas/900473a5-7207-4ea1-99a2-6f9983a3dc6e.HoningProvider - INFO - 
 #############################################################################
04/04/2023 03:44:44 PM - ww.ovgu.de/aas/900473a5-7207-4ea1-99a2-6f9983a3dc6e.HoningProvider - INFO - StartState: sendinPropoposalporvisionConfirm
04/04/2023 03:44:44 PM - ww.ovgu.de/aas/900473a5-7207-4ea1-99a2-6f9983a3dc6e.HoningProvider - INFO - InputDocument : NA
04/04/2023 03:44:44 PM - ww.ovgu.de/aas/900473a5-7207-4ea1-99a2-6f9983a3dc6e.HoningProvider - INFO - OutputDocumentType : informConfirm
04/04/2023 03:44:44 PM - ww.ovgu.de/aas/900473a5-7207-4ea1-99a2-6f9983a3dc6e.HoningProvider - INFO - Condition :-
04/04/2023 03:44:44 PM - ww.ovgu.de/aas/900473a5-7207-4ea1-99a2-6f9983a3dc6e.HoningProvider - INFO - TargettState: WaitForCallForProposal
04/04/2023 03:44:44 PM - ww.ovgu.de/aas/900473a5-7207-4ea1-99a2-6f9983a3dc6e.HoningProvider - INFO - ############################################################################# 

04/04/2023 03:44:44 PM - ww.ovgu.de/aas/900473a5-7207-4ea1-99a2-6f9983a3dc6e.HoningProvider - INFO - 
 #############################################################################
04/04/2023 03:44:44 PM - ww.ovgu.de/aas/900473a5-7207-4ea1-99a2-6f9983a3dc6e.HoningProvider - INFO - StartState: WaitForCallForProposal
04/04/2023 03:44:44 PM - ww.ovgu.de/aas/900473a5-7207-4ea1-99a2-6f9983a3dc6e.HoningProvider - INFO - InputDocument : callForProposal
