05/09/2023 11:03:09 AM - ww.ovgu.de/aas/900473a5-7207-4ea1-99a2-6f9983a3dc6e.TransportProvider - INFO - 
 #############################################################################
05/09/2023 11:03:09 AM - ww.ovgu.de/aas/900473a5-7207-4ea1-99a2-6f9983a3dc6e.TransportProvider - INFO - StartState: WaitForCallForProposal
05/09/2023 11:03:09 AM - ww.ovgu.de/aas/900473a5-7207-4ea1-99a2-6f9983a3dc6e.TransportProvider - INFO - InputDocument : callForProposal
05/09/2023 11:11:14 AM - ww.ovgu.de/aas/900473a5-7207-4ea1-99a2-6f9983a3dc6e.TransportProvider - INFO - 
 #############################################################################
05/09/2023 11:11:14 AM - ww.ovgu.de/aas/900473a5-7207-4ea1-99a2-6f9983a3dc6e.TransportProvider - INFO - StartState: WaitForCallForProposal
05/09/2023 11:11:14 AM - ww.ovgu.de/aas/900473a5-7207-4ea1-99a2-6f9983a3dc6e.TransportProvider - INFO - InputDocument : callForProposal
05/09/2023 11:16:32 AM - ww.ovgu.de/aas/900473a5-7207-4ea1-99a2-6f9983a3dc6e.TransportProvider - INFO - 
 #############################################################################
05/09/2023 11:16:32 AM - ww.ovgu.de/aas/900473a5-7207-4ea1-99a2-6f9983a3dc6e.TransportProvider - INFO - StartState: WaitForCallForProposal
05/09/2023 11:16:32 AM - ww.ovgu.de/aas/900473a5-7207-4ea1-99a2-6f9983a3dc6e.TransportProvider - INFO - InputDocument : callForProposal
05/09/2023 11:17:05 AM - ww.ovgu.de/aas/900473a5-7207-4ea1-99a2-6f9983a3dc6e.TransportProvider - INFO - 
 #############################################################################
05/09/2023 11:17:05 AM - ww.ovgu.de/aas/900473a5-7207-4ea1-99a2-6f9983a3dc6e.TransportProvider - INFO - StartState: WaitForCallForProposal
05/09/2023 11:17:06 AM - ww.ovgu.de/aas/900473a5-7207-4ea1-99a2-6f9983a3dc6e.TransportProvider - INFO - InputDocument : callForProposal
05/09/2023 11:17:36 AM - ww.ovgu.de/aas/900473a5-7207-4ea1-99a2-6f9983a3dc6e.TransportProvider - INFO - 
 #############################################################################
05/09/2023 11:17:36 AM - ww.ovgu.de/aas/900473a5-7207-4ea1-99a2-6f9983a3dc6e.TransportProvider - INFO - StartState: WaitForCallForProposal
05/09/2023 11:17:36 AM - ww.ovgu.de/aas/900473a5-7207-4ea1-99a2-6f9983a3dc6e.TransportProvider - INFO - InputDocument : callForProposal
05/09/2023 11:29:50 AM - ww.ovgu.de/aas/900473a5-7207-4ea1-99a2-6f9983a3dc6e.TransportProvider - INFO - 
 #############################################################################
05/09/2023 11:29:50 AM - ww.ovgu.de/aas/900473a5-7207-4ea1-99a2-6f9983a3dc6e.TransportProvider - INFO - StartState: WaitForCallForProposal
05/09/2023 11:29:50 AM - ww.ovgu.de/aas/900473a5-7207-4ea1-99a2-6f9983a3dc6e.TransportProvider - INFO - InputDocument : callForProposal
05/09/2023 12:11:11 PM - ww.ovgu.de/aas/900473a5-7207-4ea1-99a2-6f9983a3dc6e.TransportProvider - INFO - 
 #############################################################################
05/09/2023 12:11:11 PM - ww.ovgu.de/aas/900473a5-7207-4ea1-99a2-6f9983a3dc6e.TransportProvider - INFO - StartState: WaitForCallForProposal
05/09/2023 12:11:11 PM - ww.ovgu.de/aas/900473a5-7207-4ea1-99a2-6f9983a3dc6e.TransportProvider - INFO - InputDocument : callForProposal
05/09/2023 12:11:51 PM - ww.ovgu.de/aas/900473a5-7207-4ea1-99a2-6f9983a3dc6e.TransportProvider - INFO - 
 #############################################################################
05/09/2023 12:11:51 PM - ww.ovgu.de/aas/900473a5-7207-4ea1-99a2-6f9983a3dc6e.TransportProvider - INFO - StartState: WaitForCallForProposal
05/09/2023 12:11:51 PM - ww.ovgu.de/aas/900473a5-7207-4ea1-99a2-6f9983a3dc6e.TransportProvider - INFO - InputDocument : callForProposal
05/09/2023 12:23:50 PM - ww.ovgu.de/aas/900473a5-7207-4ea1-99a2-6f9983a3dc6e.TransportProvider - INFO - 
 #############################################################################
05/09/2023 12:23:50 PM - ww.ovgu.de/aas/900473a5-7207-4ea1-99a2-6f9983a3dc6e.TransportProvider - INFO - StartState: WaitForCallForProposal
05/09/2023 12:23:50 PM - ww.ovgu.de/aas/900473a5-7207-4ea1-99a2-6f9983a3dc6e.TransportProvider - INFO - InputDocument : callForProposal
05/09/2023 12:27:35 PM - ww.ovgu.de/aas/900473a5-7207-4ea1-99a2-6f9983a3dc6e.TransportProvider - INFO - 
 #############################################################################
05/09/2023 12:27:35 PM - ww.ovgu.de/aas/900473a5-7207-4ea1-99a2-6f9983a3dc6e.TransportProvider - INFO - StartState: WaitForCallForProposal
05/09/2023 12:27:35 PM - ww.ovgu.de/aas/900473a5-7207-4ea1-99a2-6f9983a3dc6e.TransportProvider - INFO - InputDocument : callForProposal
05/09/2023 12:34:05 PM - ww.ovgu.de/aas/900473a5-7207-4ea1-99a2-6f9983a3dc6e.TransportProvider - INFO - 
 #############################################################################
05/09/2023 12:34:05 PM - ww.ovgu.de/aas/900473a5-7207-4ea1-99a2-6f9983a3dc6e.TransportProvider - INFO - StartState: WaitForCallForProposal
05/09/2023 12:34:05 PM - ww.ovgu.de/aas/900473a5-7207-4ea1-99a2-6f9983a3dc6e.TransportProvider - INFO - InputDocument : callForProposal
05/09/2023 12:42:22 PM - ww.ovgu.de/aas/900473a5-7207-4ea1-99a2-6f9983a3dc6e.TransportProvider - INFO - 
 #############################################################################
05/09/2023 12:42:22 PM - ww.ovgu.de/aas/900473a5-7207-4ea1-99a2-6f9983a3dc6e.TransportProvider - INFO - StartState: WaitForCallForProposal
05/09/2023 12:42:22 PM - ww.ovgu.de/aas/900473a5-7207-4ea1-99a2-6f9983a3dc6e.TransportProvider - INFO - InputDocument : callForProposal
05/09/2023 12:43:43 PM - ww.ovgu.de/aas/900473a5-7207-4ea1-99a2-6f9983a3dc6e.TransportProvider - INFO - 
 #############################################################################
05/09/2023 12:43:43 PM - ww.ovgu.de/aas/900473a5-7207-4ea1-99a2-6f9983a3dc6e.TransportProvider - INFO - StartState: WaitForCallForProposal
05/09/2023 12:43:43 PM - ww.ovgu.de/aas/900473a5-7207-4ea1-99a2-6f9983a3dc6e.TransportProvider - INFO - InputDocument : callForProposal
05/09/2023 12:44:44 PM - ww.ovgu.de/aas/900473a5-7207-4ea1-99a2-6f9983a3dc6e.TransportProvider - INFO - 
 #############################################################################
05/09/2023 12:44:44 PM - ww.ovgu.de/aas/900473a5-7207-4ea1-99a2-6f9983a3dc6e.TransportProvider - INFO - StartState: WaitForCallForProposal
05/09/2023 12:44:44 PM - ww.ovgu.de/aas/900473a5-7207-4ea1-99a2-6f9983a3dc6e.TransportProvider - INFO - InputDocument : callForProposal
05/09/2023 12:48:20 PM - ww.ovgu.de/aas/900473a5-7207-4ea1-99a2-6f9983a3dc6e.TransportProvider - INFO - 
 #############################################################################
05/09/2023 12:48:20 PM - ww.ovgu.de/aas/900473a5-7207-4ea1-99a2-6f9983a3dc6e.TransportProvider - INFO - StartState: WaitForCallForProposal
05/09/2023 12:48:21 PM - ww.ovgu.de/aas/900473a5-7207-4ea1-99a2-6f9983a3dc6e.TransportProvider - INFO - InputDocument : callForProposal
05/09/2023 01:19:51 PM - ww.ovgu.de/aas/900473a5-7207-4ea1-99a2-6f9983a3dc6e.TransportProvider - INFO - 
 #############################################################################
05/09/2023 01:19:51 PM - ww.ovgu.de/aas/900473a5-7207-4ea1-99a2-6f9983a3dc6e.TransportProvider - INFO - StartState: WaitForCallForProposal
05/09/2023 01:19:51 PM - ww.ovgu.de/aas/900473a5-7207-4ea1-99a2-6f9983a3dc6e.TransportProvider - INFO - InputDocument : callForProposal
05/09/2023 01:21:39 PM - ww.ovgu.de/aas/900473a5-7207-4ea1-99a2-6f9983a3dc6e.TransportProvider - INFO - 
 #############################################################################
05/09/2023 01:21:39 PM - ww.ovgu.de/aas/900473a5-7207-4ea1-99a2-6f9983a3dc6e.TransportProvider - INFO - StartState: WaitForCallForProposal
05/09/2023 01:21:39 PM - ww.ovgu.de/aas/900473a5-7207-4ea1-99a2-6f9983a3dc6e.TransportProvider - INFO - InputDocument : callForProposal
05/09/2023 01:24:48 PM - ww.ovgu.de/aas/900473a5-7207-4ea1-99a2-6f9983a3dc6e.TransportProvider - INFO - 
 #############################################################################
05/09/2023 01:24:48 PM - ww.ovgu.de/aas/900473a5-7207-4ea1-99a2-6f9983a3dc6e.TransportProvider - INFO - StartState: WaitForCallForProposal
05/09/2023 01:24:48 PM - ww.ovgu.de/aas/900473a5-7207-4ea1-99a2-6f9983a3dc6e.TransportProvider - INFO - InputDocument : callForProposal
05/09/2023 01:26:41 PM - ww.ovgu.de/aas/900473a5-7207-4ea1-99a2-6f9983a3dc6e.TransportProvider - INFO - 
 #############################################################################
05/09/2023 01:26:41 PM - ww.ovgu.de/aas/900473a5-7207-4ea1-99a2-6f9983a3dc6e.TransportProvider - INFO - StartState: WaitForCallForProposal
05/09/2023 01:26:41 PM - ww.ovgu.de/aas/900473a5-7207-4ea1-99a2-6f9983a3dc6e.TransportProvider - INFO - InputDocument : callForProposal
05/09/2023 01:31:02 PM - ww.ovgu.de/aas/900473a5-7207-4ea1-99a2-6f9983a3dc6e.TransportProvider - INFO - 
 #############################################################################
05/09/2023 01:31:02 PM - ww.ovgu.de/aas/900473a5-7207-4ea1-99a2-6f9983a3dc6e.TransportProvider - INFO - StartState: WaitForCallForProposal
05/09/2023 01:31:02 PM - ww.ovgu.de/aas/900473a5-7207-4ea1-99a2-6f9983a3dc6e.TransportProvider - INFO - InputDocument : callForProposal
05/09/2023 01:31:30 PM - ww.ovgu.de/aas/900473a5-7207-4ea1-99a2-6f9983a3dc6e.TransportProvider - INFO - 
 #############################################################################
05/09/2023 01:31:30 PM - ww.ovgu.de/aas/900473a5-7207-4ea1-99a2-6f9983a3dc6e.TransportProvider - INFO - StartState: WaitForCallForProposal
05/09/2023 01:31:30 PM - ww.ovgu.de/aas/900473a5-7207-4ea1-99a2-6f9983a3dc6e.TransportProvider - INFO - InputDocument : callForProposal
05/09/2023 01:32:57 PM - ww.ovgu.de/aas/900473a5-7207-4ea1-99a2-6f9983a3dc6e.TransportProvider - INFO - 
 #############################################################################
05/09/2023 01:32:57 PM - ww.ovgu.de/aas/900473a5-7207-4ea1-99a2-6f9983a3dc6e.TransportProvider - INFO - StartState: WaitForCallForProposal
05/09/2023 01:32:57 PM - ww.ovgu.de/aas/900473a5-7207-4ea1-99a2-6f9983a3dc6e.TransportProvider - INFO - InputDocument : callForProposal
05/09/2023 01:33:51 PM - ww.ovgu.de/aas/900473a5-7207-4ea1-99a2-6f9983a3dc6e.TransportProvider - INFO - 
 #############################################################################
05/09/2023 01:33:51 PM - ww.ovgu.de/aas/900473a5-7207-4ea1-99a2-6f9983a3dc6e.TransportProvider - INFO - StartState: WaitForCallForProposal
05/09/2023 01:33:51 PM - ww.ovgu.de/aas/900473a5-7207-4ea1-99a2-6f9983a3dc6e.TransportProvider - INFO - InputDocument : callForProposal
05/09/2023 01:46:51 PM - ww.ovgu.de/aas/900473a5-7207-4ea1-99a2-6f9983a3dc6e.TransportProvider - INFO - 
 #############################################################################
05/09/2023 01:46:51 PM - ww.ovgu.de/aas/900473a5-7207-4ea1-99a2-6f9983a3dc6e.TransportProvider - INFO - StartState: WaitForCallForProposal
05/09/2023 01:46:51 PM - ww.ovgu.de/aas/900473a5-7207-4ea1-99a2-6f9983a3dc6e.TransportProvider - INFO - InputDocument : callForProposal
05/09/2023 01:49:44 PM - ww.ovgu.de/aas/900473a5-7207-4ea1-99a2-6f9983a3dc6e.TransportProvider - INFO - 
 #############################################################################
05/09/2023 01:49:44 PM - ww.ovgu.de/aas/900473a5-7207-4ea1-99a2-6f9983a3dc6e.TransportProvider - INFO - StartState: WaitForCallForProposal
05/09/2023 01:49:44 PM - ww.ovgu.de/aas/900473a5-7207-4ea1-99a2-6f9983a3dc6e.TransportProvider - INFO - InputDocument : callForProposal
05/09/2023 01:52:22 PM - ww.ovgu.de/aas/900473a5-7207-4ea1-99a2-6f9983a3dc6e.TransportProvider - INFO - 
 #############################################################################
05/09/2023 01:52:22 PM - ww.ovgu.de/aas/900473a5-7207-4ea1-99a2-6f9983a3dc6e.TransportProvider - INFO - StartState: WaitForCallForProposal
05/09/2023 01:52:22 PM - ww.ovgu.de/aas/900473a5-7207-4ea1-99a2-6f9983a3dc6e.TransportProvider - INFO - InputDocument : callForProposal
05/09/2023 01:54:50 PM - ww.ovgu.de/aas/900473a5-7207-4ea1-99a2-6f9983a3dc6e.TransportProvider - INFO - 
 #############################################################################
05/09/2023 01:54:50 PM - ww.ovgu.de/aas/900473a5-7207-4ea1-99a2-6f9983a3dc6e.TransportProvider - INFO - StartState: WaitForCallForProposal
05/09/2023 01:54:50 PM - ww.ovgu.de/aas/900473a5-7207-4ea1-99a2-6f9983a3dc6e.TransportProvider - INFO - InputDocument : callForProposal
05/09/2023 03:28:47 PM - ww.ovgu.de/aas/900473a5-7207-4ea1-99a2-6f9983a3dc6e.TransportProvider - INFO - 
 #############################################################################
05/09/2023 03:28:47 PM - ww.ovgu.de/aas/900473a5-7207-4ea1-99a2-6f9983a3dc6e.TransportProvider - INFO - StartState: WaitForCallForProposal
05/09/2023 03:28:47 PM - ww.ovgu.de/aas/900473a5-7207-4ea1-99a2-6f9983a3dc6e.TransportProvider - INFO - InputDocument : callForProposal
05/09/2023 03:29:25 PM - ww.ovgu.de/aas/900473a5-7207-4ea1-99a2-6f9983a3dc6e.TransportProvider - INFO - 
 #############################################################################
05/09/2023 03:29:25 PM - ww.ovgu.de/aas/900473a5-7207-4ea1-99a2-6f9983a3dc6e.TransportProvider - INFO - StartState: WaitForCallForProposal
05/09/2023 03:29:25 PM - ww.ovgu.de/aas/900473a5-7207-4ea1-99a2-6f9983a3dc6e.TransportProvider - INFO - InputDocument : callForProposal
05/09/2023 03:31:35 PM - ww.ovgu.de/aas/900473a5-7207-4ea1-99a2-6f9983a3dc6e.TransportProvider - INFO - 
 #############################################################################
05/09/2023 03:31:35 PM - ww.ovgu.de/aas/900473a5-7207-4ea1-99a2-6f9983a3dc6e.TransportProvider - INFO - StartState: WaitForCallForProposal
05/09/2023 03:31:35 PM - ww.ovgu.de/aas/900473a5-7207-4ea1-99a2-6f9983a3dc6e.TransportProvider - INFO - InputDocument : callForProposal
05/09/2023 03:33:47 PM - ww.ovgu.de/aas/900473a5-7207-4ea1-99a2-6f9983a3dc6e.TransportProvider - INFO - 
 #############################################################################
05/09/2023 03:33:47 PM - ww.ovgu.de/aas/900473a5-7207-4ea1-99a2-6f9983a3dc6e.TransportProvider - INFO - StartState: WaitForCallForProposal
05/09/2023 03:33:47 PM - ww.ovgu.de/aas/900473a5-7207-4ea1-99a2-6f9983a3dc6e.TransportProvider - INFO - InputDocument : callForProposal
05/09/2023 03:36:20 PM - ww.ovgu.de/aas/900473a5-7207-4ea1-99a2-6f9983a3dc6e.TransportProvider - INFO - 
 #############################################################################
05/09/2023 03:36:20 PM - ww.ovgu.de/aas/900473a5-7207-4ea1-99a2-6f9983a3dc6e.TransportProvider - INFO - StartState: WaitForCallForProposal
05/09/2023 03:36:20 PM - ww.ovgu.de/aas/900473a5-7207-4ea1-99a2-6f9983a3dc6e.TransportProvider - INFO - InputDocument : callForProposal
05/09/2023 03:38:47 PM - ww.ovgu.de/aas/900473a5-7207-4ea1-99a2-6f9983a3dc6e.TransportProvider - INFO - 
 #############################################################################
05/09/2023 03:38:47 PM - ww.ovgu.de/aas/900473a5-7207-4ea1-99a2-6f9983a3dc6e.TransportProvider - INFO - StartState: WaitForCallForProposal
05/09/2023 03:38:47 PM - ww.ovgu.de/aas/900473a5-7207-4ea1-99a2-6f9983a3dc6e.TransportProvider - INFO - InputDocument : callForProposal
05/09/2023 03:40:36 PM - ww.ovgu.de/aas/900473a5-7207-4ea1-99a2-6f9983a3dc6e.TransportProvider - INFO - 
 #############################################################################
05/09/2023 03:40:36 PM - ww.ovgu.de/aas/900473a5-7207-4ea1-99a2-6f9983a3dc6e.TransportProvider - INFO - StartState: WaitForCallForProposal
05/09/2023 03:40:36 PM - ww.ovgu.de/aas/900473a5-7207-4ea1-99a2-6f9983a3dc6e.TransportProvider - INFO - InputDocument : callForProposal
05/09/2023 03:41:56 PM - ww.ovgu.de/aas/900473a5-7207-4ea1-99a2-6f9983a3dc6e.TransportProvider - INFO - 
 #############################################################################
05/09/2023 03:41:56 PM - ww.ovgu.de/aas/900473a5-7207-4ea1-99a2-6f9983a3dc6e.TransportProvider - INFO - StartState: WaitForCallForProposal
05/09/2023 03:41:56 PM - ww.ovgu.de/aas/900473a5-7207-4ea1-99a2-6f9983a3dc6e.TransportProvider - INFO - InputDocument : callForProposal
05/09/2023 03:44:02 PM - ww.ovgu.de/aas/900473a5-7207-4ea1-99a2-6f9983a3dc6e.TransportProvider - INFO - 
 #############################################################################
05/09/2023 03:44:02 PM - ww.ovgu.de/aas/900473a5-7207-4ea1-99a2-6f9983a3dc6e.TransportProvider - INFO - StartState: WaitForCallForProposal
05/09/2023 03:44:02 PM - ww.ovgu.de/aas/900473a5-7207-4ea1-99a2-6f9983a3dc6e.TransportProvider - INFO - InputDocument : callForProposal
05/09/2023 03:45:05 PM - ww.ovgu.de/aas/900473a5-7207-4ea1-99a2-6f9983a3dc6e.TransportProvider - INFO - 
 #############################################################################
05/09/2023 03:45:05 PM - ww.ovgu.de/aas/900473a5-7207-4ea1-99a2-6f9983a3dc6e.TransportProvider - INFO - StartState: WaitForCallForProposal
05/09/2023 03:45:05 PM - ww.ovgu.de/aas/900473a5-7207-4ea1-99a2-6f9983a3dc6e.TransportProvider - INFO - InputDocument : callForProposal
05/09/2023 03:47:45 PM - ww.ovgu.de/aas/900473a5-7207-4ea1-99a2-6f9983a3dc6e.TransportProvider - INFO - 
 #############################################################################
05/09/2023 03:47:45 PM - ww.ovgu.de/aas/900473a5-7207-4ea1-99a2-6f9983a3dc6e.TransportProvider - INFO - StartState: WaitForCallForProposal
05/09/2023 03:47:45 PM - ww.ovgu.de/aas/900473a5-7207-4ea1-99a2-6f9983a3dc6e.TransportProvider - INFO - InputDocument : callForProposal
05/09/2023 03:58:54 PM - ww.ovgu.de/aas/900473a5-7207-4ea1-99a2-6f9983a3dc6e.TransportProvider - INFO - 
 #############################################################################
05/09/2023 03:58:54 PM - ww.ovgu.de/aas/900473a5-7207-4ea1-99a2-6f9983a3dc6e.TransportProvider - INFO - StartState: WaitForCallForProposal
05/09/2023 03:58:54 PM - ww.ovgu.de/aas/900473a5-7207-4ea1-99a2-6f9983a3dc6e.TransportProvider - INFO - InputDocument : callForProposal
05/09/2023 04:02:41 PM - ww.ovgu.de/aas/900473a5-7207-4ea1-99a2-6f9983a3dc6e.TransportProvider - INFO - 
 #############################################################################
05/09/2023 04:02:41 PM - ww.ovgu.de/aas/900473a5-7207-4ea1-99a2-6f9983a3dc6e.TransportProvider - INFO - StartState: WaitForCallForProposal
05/09/2023 04:02:41 PM - ww.ovgu.de/aas/900473a5-7207-4ea1-99a2-6f9983a3dc6e.TransportProvider - INFO - InputDocument : callForProposal
05/09/2023 04:04:00 PM - ww.ovgu.de/aas/900473a5-7207-4ea1-99a2-6f9983a3dc6e.TransportProvider - INFO - 
 #############################################################################
05/09/2023 04:04:00 PM - ww.ovgu.de/aas/900473a5-7207-4ea1-99a2-6f9983a3dc6e.TransportProvider - INFO - StartState: WaitForCallForProposal
05/09/2023 04:04:00 PM - ww.ovgu.de/aas/900473a5-7207-4ea1-99a2-6f9983a3dc6e.TransportProvider - INFO - InputDocument : callForProposal
05/09/2023 04:05:51 PM - ww.ovgu.de/aas/900473a5-7207-4ea1-99a2-6f9983a3dc6e.TransportProvider - INFO - 
 #############################################################################
05/09/2023 04:05:51 PM - ww.ovgu.de/aas/900473a5-7207-4ea1-99a2-6f9983a3dc6e.TransportProvider - INFO - StartState: WaitForCallForProposal
05/09/2023 04:05:51 PM - ww.ovgu.de/aas/900473a5-7207-4ea1-99a2-6f9983a3dc6e.TransportProvider - INFO - InputDocument : callForProposal
05/09/2023 04:06:59 PM - ww.ovgu.de/aas/900473a5-7207-4ea1-99a2-6f9983a3dc6e.TransportProvider - INFO - 
 #############################################################################
05/09/2023 04:06:59 PM - ww.ovgu.de/aas/900473a5-7207-4ea1-99a2-6f9983a3dc6e.TransportProvider - INFO - StartState: WaitForCallForProposal
05/09/2023 04:06:59 PM - ww.ovgu.de/aas/900473a5-7207-4ea1-99a2-6f9983a3dc6e.TransportProvider - INFO - InputDocument : callForProposal
05/09/2023 04:08:18 PM - ww.ovgu.de/aas/900473a5-7207-4ea1-99a2-6f9983a3dc6e.TransportProvider - INFO - 
 #############################################################################
05/09/2023 04:08:18 PM - ww.ovgu.de/aas/900473a5-7207-4ea1-99a2-6f9983a3dc6e.TransportProvider - INFO - StartState: WaitForCallForProposal
05/09/2023 04:08:18 PM - ww.ovgu.de/aas/900473a5-7207-4ea1-99a2-6f9983a3dc6e.TransportProvider - INFO - InputDocument : callForProposal
05/09/2023 04:09:19 PM - ww.ovgu.de/aas/900473a5-7207-4ea1-99a2-6f9983a3dc6e.TransportProvider - INFO - 
 #############################################################################
05/09/2023 04:09:19 PM - ww.ovgu.de/aas/900473a5-7207-4ea1-99a2-6f9983a3dc6e.TransportProvider - INFO - StartState: WaitForCallForProposal
05/09/2023 04:09:19 PM - ww.ovgu.de/aas/900473a5-7207-4ea1-99a2-6f9983a3dc6e.TransportProvider - INFO - InputDocument : callForProposal
05/09/2023 04:10:46 PM - ww.ovgu.de/aas/900473a5-7207-4ea1-99a2-6f9983a3dc6e.TransportProvider - INFO - 
 #############################################################################
05/09/2023 04:10:46 PM - ww.ovgu.de/aas/900473a5-7207-4ea1-99a2-6f9983a3dc6e.TransportProvider - INFO - StartState: WaitForCallForProposal
05/09/2023 04:10:46 PM - ww.ovgu.de/aas/900473a5-7207-4ea1-99a2-6f9983a3dc6e.TransportProvider - INFO - InputDocument : callForProposal
05/09/2023 04:11:14 PM - ww.ovgu.de/aas/900473a5-7207-4ea1-99a2-6f9983a3dc6e.TransportProvider - INFO - 
 #############################################################################
05/09/2023 04:11:14 PM - ww.ovgu.de/aas/900473a5-7207-4ea1-99a2-6f9983a3dc6e.TransportProvider - INFO - StartState: WaitForCallForProposal
05/09/2023 04:11:14 PM - ww.ovgu.de/aas/900473a5-7207-4ea1-99a2-6f9983a3dc6e.TransportProvider - INFO - InputDocument : callForProposal
05/09/2023 04:11:47 PM - ww.ovgu.de/aas/900473a5-7207-4ea1-99a2-6f9983a3dc6e.TransportProvider - INFO - 
 #############################################################################
05/09/2023 04:11:47 PM - ww.ovgu.de/aas/900473a5-7207-4ea1-99a2-6f9983a3dc6e.TransportProvider - INFO - StartState: WaitForCallForProposal
05/09/2023 04:11:47 PM - ww.ovgu.de/aas/900473a5-7207-4ea1-99a2-6f9983a3dc6e.TransportProvider - INFO - InputDocument : callForProposal
05/09/2023 04:13:32 PM - ww.ovgu.de/aas/900473a5-7207-4ea1-99a2-6f9983a3dc6e.TransportProvider - INFO - 
 #############################################################################
05/09/2023 04:13:32 PM - ww.ovgu.de/aas/900473a5-7207-4ea1-99a2-6f9983a3dc6e.TransportProvider - INFO - StartState: WaitForCallForProposal
05/09/2023 04:13:32 PM - ww.ovgu.de/aas/900473a5-7207-4ea1-99a2-6f9983a3dc6e.TransportProvider - INFO - InputDocument : callForProposal
05/09/2023 04:14:51 PM - ww.ovgu.de/aas/900473a5-7207-4ea1-99a2-6f9983a3dc6e.TransportProvider - INFO - 
 #############################################################################
05/09/2023 04:14:51 PM - ww.ovgu.de/aas/900473a5-7207-4ea1-99a2-6f9983a3dc6e.TransportProvider - INFO - StartState: WaitForCallForProposal
05/09/2023 04:14:51 PM - ww.ovgu.de/aas/900473a5-7207-4ea1-99a2-6f9983a3dc6e.TransportProvider - INFO - InputDocument : callForProposal
05/09/2023 04:51:44 PM - ww.ovgu.de/aas/900473a5-7207-4ea1-99a2-6f9983a3dc6e.TransportProvider - INFO - 
 #############################################################################
05/09/2023 04:51:44 PM - ww.ovgu.de/aas/900473a5-7207-4ea1-99a2-6f9983a3dc6e.TransportProvider - INFO - StartState: WaitForCallForProposal
05/09/2023 04:51:44 PM - ww.ovgu.de/aas/900473a5-7207-4ea1-99a2-6f9983a3dc6e.TransportProvider - INFO - InputDocument : callForProposal
05/09/2023 04:53:22 PM - ww.ovgu.de/aas/900473a5-7207-4ea1-99a2-6f9983a3dc6e.TransportProvider - INFO - 
 #############################################################################
05/09/2023 04:53:22 PM - ww.ovgu.de/aas/900473a5-7207-4ea1-99a2-6f9983a3dc6e.TransportProvider - INFO - StartState: WaitForCallForProposal
05/09/2023 04:53:22 PM - ww.ovgu.de/aas/900473a5-7207-4ea1-99a2-6f9983a3dc6e.TransportProvider - INFO - InputDocument : callForProposal
05/09/2023 04:54:13 PM - ww.ovgu.de/aas/900473a5-7207-4ea1-99a2-6f9983a3dc6e.TransportProvider - INFO - 
 #############################################################################
05/09/2023 04:54:13 PM - ww.ovgu.de/aas/900473a5-7207-4ea1-99a2-6f9983a3dc6e.TransportProvider - INFO - StartState: WaitForCallForProposal
05/09/2023 04:54:13 PM - ww.ovgu.de/aas/900473a5-7207-4ea1-99a2-6f9983a3dc6e.TransportProvider - INFO - InputDocument : callForProposal
05/09/2023 05:16:32 PM - ww.ovgu.de/aas/900473a5-7207-4ea1-99a2-6f9983a3dc6e.TransportProvider - INFO - 
 #############################################################################
05/09/2023 05:16:32 PM - ww.ovgu.de/aas/900473a5-7207-4ea1-99a2-6f9983a3dc6e.TransportProvider - INFO - StartState: WaitForCallForProposal
05/09/2023 05:16:32 PM - ww.ovgu.de/aas/900473a5-7207-4ea1-99a2-6f9983a3dc6e.TransportProvider - INFO - InputDocument : callForProposal
05/09/2023 05:38:24 PM - ww.ovgu.de/aas/900473a5-7207-4ea1-99a2-6f9983a3dc6e.TransportProvider - INFO - 
 #############################################################################
05/09/2023 05:38:24 PM - ww.ovgu.de/aas/900473a5-7207-4ea1-99a2-6f9983a3dc6e.TransportProvider - INFO - StartState: WaitForCallForProposal
05/09/2023 05:38:24 PM - ww.ovgu.de/aas/900473a5-7207-4ea1-99a2-6f9983a3dc6e.TransportProvider - INFO - InputDocument : callForProposal
05/09/2023 05:39:00 PM - ww.ovgu.de/aas/900473a5-7207-4ea1-99a2-6f9983a3dc6e.TransportProvider - INFO - 
 #############################################################################
05/09/2023 05:39:00 PM - ww.ovgu.de/aas/900473a5-7207-4ea1-99a2-6f9983a3dc6e.TransportProvider - INFO - StartState: WaitForCallForProposal
05/09/2023 05:39:00 PM - ww.ovgu.de/aas/900473a5-7207-4ea1-99a2-6f9983a3dc6e.TransportProvider - INFO - InputDocument : callForProposal
05/09/2023 05:40:54 PM - ww.ovgu.de/aas/900473a5-7207-4ea1-99a2-6f9983a3dc6e.TransportProvider - INFO - 
 #############################################################################
05/09/2023 05:40:54 PM - ww.ovgu.de/aas/900473a5-7207-4ea1-99a2-6f9983a3dc6e.TransportProvider - INFO - StartState: WaitForCallForProposal
05/09/2023 05:40:54 PM - ww.ovgu.de/aas/900473a5-7207-4ea1-99a2-6f9983a3dc6e.TransportProvider - INFO - InputDocument : callForProposal
05/09/2023 06:21:17 PM - ww.ovgu.de/aas/900473a5-7207-4ea1-99a2-6f9983a3dc6e.TransportProvider - INFO - 
 #############################################################################
05/09/2023 06:21:17 PM - ww.ovgu.de/aas/900473a5-7207-4ea1-99a2-6f9983a3dc6e.TransportProvider - INFO - StartState: WaitForCallForProposal
05/09/2023 06:21:17 PM - ww.ovgu.de/aas/900473a5-7207-4ea1-99a2-6f9983a3dc6e.TransportProvider - INFO - InputDocument : callForProposal
05/09/2023 06:25:45 PM - ww.ovgu.de/aas/900473a5-7207-4ea1-99a2-6f9983a3dc6e.TransportProvider - INFO - 
 #############################################################################
05/09/2023 06:25:45 PM - ww.ovgu.de/aas/900473a5-7207-4ea1-99a2-6f9983a3dc6e.TransportProvider - INFO - StartState: WaitForCallForProposal
05/09/2023 06:25:45 PM - ww.ovgu.de/aas/900473a5-7207-4ea1-99a2-6f9983a3dc6e.TransportProvider - INFO - InputDocument : callForProposal
05/09/2023 06:30:56 PM - ww.ovgu.de/aas/900473a5-7207-4ea1-99a2-6f9983a3dc6e.TransportProvider - INFO - 
 #############################################################################
05/09/2023 06:30:56 PM - ww.ovgu.de/aas/900473a5-7207-4ea1-99a2-6f9983a3dc6e.TransportProvider - INFO - StartState: WaitForCallForProposal
05/09/2023 06:30:56 PM - ww.ovgu.de/aas/900473a5-7207-4ea1-99a2-6f9983a3dc6e.TransportProvider - INFO - InputDocument : callForProposal
05/09/2023 06:31:49 PM - ww.ovgu.de/aas/900473a5-7207-4ea1-99a2-6f9983a3dc6e.TransportProvider - INFO - 
 #############################################################################
05/09/2023 06:31:49 PM - ww.ovgu.de/aas/900473a5-7207-4ea1-99a2-6f9983a3dc6e.TransportProvider - INFO - StartState: WaitForCallForProposal
05/09/2023 06:31:49 PM - ww.ovgu.de/aas/900473a5-7207-4ea1-99a2-6f9983a3dc6e.TransportProvider - INFO - InputDocument : callForProposal
05/09/2023 06:34:51 PM - ww.ovgu.de/aas/900473a5-7207-4ea1-99a2-6f9983a3dc6e.TransportProvider - INFO - 
 #############################################################################
05/09/2023 06:34:51 PM - ww.ovgu.de/aas/900473a5-7207-4ea1-99a2-6f9983a3dc6e.TransportProvider - INFO - StartState: WaitForCallForProposal
05/09/2023 06:34:51 PM - ww.ovgu.de/aas/900473a5-7207-4ea1-99a2-6f9983a3dc6e.TransportProvider - INFO - InputDocument : callForProposal
05/09/2023 06:38:32 PM - ww.ovgu.de/aas/900473a5-7207-4ea1-99a2-6f9983a3dc6e.TransportProvider - INFO - 
 #############################################################################
05/09/2023 06:38:32 PM - ww.ovgu.de/aas/900473a5-7207-4ea1-99a2-6f9983a3dc6e.TransportProvider - INFO - StartState: WaitForCallForProposal
05/09/2023 06:38:32 PM - ww.ovgu.de/aas/900473a5-7207-4ea1-99a2-6f9983a3dc6e.TransportProvider - INFO - InputDocument : callForProposal
05/09/2023 06:47:13 PM - ww.ovgu.de/aas/900473a5-7207-4ea1-99a2-6f9983a3dc6e.TransportProvider - INFO - 
 #############################################################################
05/09/2023 06:47:13 PM - ww.ovgu.de/aas/900473a5-7207-4ea1-99a2-6f9983a3dc6e.TransportProvider - INFO - StartState: WaitForCallForProposal
05/09/2023 06:47:13 PM - ww.ovgu.de/aas/900473a5-7207-4ea1-99a2-6f9983a3dc6e.TransportProvider - INFO - InputDocument : callForProposal
05/09/2023 06:49:13 PM - ww.ovgu.de/aas/900473a5-7207-4ea1-99a2-6f9983a3dc6e.TransportProvider - INFO - 
 #############################################################################
05/09/2023 06:49:13 PM - ww.ovgu.de/aas/900473a5-7207-4ea1-99a2-6f9983a3dc6e.TransportProvider - INFO - StartState: WaitForCallForProposal
05/09/2023 06:49:13 PM - ww.ovgu.de/aas/900473a5-7207-4ea1-99a2-6f9983a3dc6e.TransportProvider - INFO - InputDocument : callForProposal
05/09/2023 06:50:15 PM - ww.ovgu.de/aas/900473a5-7207-4ea1-99a2-6f9983a3dc6e.TransportProvider - INFO - 
 #############################################################################
05/09/2023 06:50:15 PM - ww.ovgu.de/aas/900473a5-7207-4ea1-99a2-6f9983a3dc6e.TransportProvider - INFO - StartState: WaitForCallForProposal
05/09/2023 06:50:15 PM - ww.ovgu.de/aas/900473a5-7207-4ea1-99a2-6f9983a3dc6e.TransportProvider - INFO - InputDocument : callForProposal
05/09/2023 09:21:29 PM - ww.ovgu.de/aas/900473a5-7207-4ea1-99a2-6f9983a3dc6e.TransportProvider - INFO - 
 #############################################################################
05/09/2023 09:21:29 PM - ww.ovgu.de/aas/900473a5-7207-4ea1-99a2-6f9983a3dc6e.TransportProvider - INFO - StartState: WaitForCallForProposal
05/09/2023 09:21:29 PM - ww.ovgu.de/aas/900473a5-7207-4ea1-99a2-6f9983a3dc6e.TransportProvider - INFO - InputDocument : callForProposal
