04/05/2023 09:35:20 PM - ww.ovgu.de/aas/ca7ae6ef-1c40-4392-9a6c-88b191ea594e.TransportRequester - INFO - 
 #############################################################################
04/05/2023 09:35:20 PM - ww.ovgu.de/aas/ca7ae6ef-1c40-4392-9a6c-88b191ea594e.TransportRequester - INFO - StartState: WaitforNewOrder
04/05/2023 09:35:20 PM - ww.ovgu.de/aas/ca7ae6ef-1c40-4392-9a6c-88b191ea594e.TransportRequester - INFO - InputDocument : Order
04/05/2023 09:38:02 PM - ww.ovgu.de/aas/ca7ae6ef-1c40-4392-9a6c-88b191ea594e.TransportRequester - INFO - 
 #############################################################################
04/05/2023 09:38:02 PM - ww.ovgu.de/aas/ca7ae6ef-1c40-4392-9a6c-88b191ea594e.TransportRequester - INFO - StartState: WaitforNewOrder
04/05/2023 09:38:02 PM - ww.ovgu.de/aas/ca7ae6ef-1c40-4392-9a6c-88b191ea594e.TransportRequester - INFO - InputDocument : Order
04/05/2023 09:40:14 PM - ww.ovgu.de/aas/ca7ae6ef-1c40-4392-9a6c-88b191ea594e.TransportRequester - INFO - 
 #############################################################################
04/05/2023 09:40:14 PM - ww.ovgu.de/aas/ca7ae6ef-1c40-4392-9a6c-88b191ea594e.TransportRequester - INFO - StartState: WaitforNewOrder
04/05/2023 09:40:14 PM - ww.ovgu.de/aas/ca7ae6ef-1c40-4392-9a6c-88b191ea594e.TransportRequester - INFO - InputDocument : Order
04/05/2023 10:02:09 PM - ww.ovgu.de/aas/ca7ae6ef-1c40-4392-9a6c-88b191ea594e.TransportRequester - INFO - 
 #############################################################################
04/05/2023 10:02:09 PM - ww.ovgu.de/aas/ca7ae6ef-1c40-4392-9a6c-88b191ea594e.TransportRequester - INFO - StartState: WaitforNewOrder
04/05/2023 10:02:10 PM - ww.ovgu.de/aas/ca7ae6ef-1c40-4392-9a6c-88b191ea594e.TransportRequester - INFO - InputDocument : Order
04/05/2023 10:02:17 PM - ww.ovgu.de/aas/ca7ae6ef-1c40-4392-9a6c-88b191ea594e.TransportRequester - INFO - 
 #############################################################################
04/05/2023 10:02:17 PM - ww.ovgu.de/aas/ca7ae6ef-1c40-4392-9a6c-88b191ea594e.TransportRequester - INFO - StartState: WaitforNewOrder
04/05/2023 10:02:17 PM - ww.ovgu.de/aas/ca7ae6ef-1c40-4392-9a6c-88b191ea594e.TransportRequester - INFO - InputDocument : Order
04/05/2023 10:03:03 PM - ww.ovgu.de/aas/ca7ae6ef-1c40-4392-9a6c-88b191ea594e.TransportRequester - INFO - 
 #############################################################################
04/05/2023 10:03:03 PM - ww.ovgu.de/aas/ca7ae6ef-1c40-4392-9a6c-88b191ea594e.TransportRequester - INFO - StartState: WaitforNewOrder
04/05/2023 10:03:03 PM - ww.ovgu.de/aas/ca7ae6ef-1c40-4392-9a6c-88b191ea594e.TransportRequester - INFO - InputDocument : Order
04/05/2023 10:27:20 PM - ww.ovgu.de/aas/ca7ae6ef-1c40-4392-9a6c-88b191ea594e.TransportRequester - INFO - 
 #############################################################################
04/05/2023 10:27:20 PM - ww.ovgu.de/aas/ca7ae6ef-1c40-4392-9a6c-88b191ea594e.TransportRequester - INFO - StartState: WaitforNewOrder
04/05/2023 10:27:20 PM - ww.ovgu.de/aas/ca7ae6ef-1c40-4392-9a6c-88b191ea594e.TransportRequester - INFO - InputDocument : Order
04/05/2023 10:29:25 PM - ww.ovgu.de/aas/ca7ae6ef-1c40-4392-9a6c-88b191ea594e.TransportRequester - INFO - 
 #############################################################################
04/05/2023 10:29:25 PM - ww.ovgu.de/aas/ca7ae6ef-1c40-4392-9a6c-88b191ea594e.TransportRequester - INFO - StartState: WaitforNewOrder
04/05/2023 10:29:25 PM - ww.ovgu.de/aas/ca7ae6ef-1c40-4392-9a6c-88b191ea594e.TransportRequester - INFO - InputDocument : Order
04/05/2023 10:42:44 PM - ww.ovgu.de/aas/ca7ae6ef-1c40-4392-9a6c-88b191ea594e.TransportRequester - INFO - 
 #############################################################################
04/05/2023 10:42:44 PM - ww.ovgu.de/aas/ca7ae6ef-1c40-4392-9a6c-88b191ea594e.TransportRequester - INFO - StartState: WaitforNewOrder
04/05/2023 10:42:44 PM - ww.ovgu.de/aas/ca7ae6ef-1c40-4392-9a6c-88b191ea594e.TransportRequester - INFO - InputDocument : Order
04/05/2023 10:43:52 PM - ww.ovgu.de/aas/ca7ae6ef-1c40-4392-9a6c-88b191ea594e.TransportRequester - INFO - 
 #############################################################################
04/05/2023 10:43:52 PM - ww.ovgu.de/aas/ca7ae6ef-1c40-4392-9a6c-88b191ea594e.TransportRequester - INFO - StartState: WaitforNewOrder
04/05/2023 10:43:52 PM - ww.ovgu.de/aas/ca7ae6ef-1c40-4392-9a6c-88b191ea594e.TransportRequester - INFO - InputDocument : Order
04/05/2023 10:46:49 PM - ww.ovgu.de/aas/ca7ae6ef-1c40-4392-9a6c-88b191ea594e.TransportRequester - INFO - 
 #############################################################################
04/05/2023 10:46:49 PM - ww.ovgu.de/aas/ca7ae6ef-1c40-4392-9a6c-88b191ea594e.TransportRequester - INFO - StartState: WaitforNewOrder
04/05/2023 10:46:50 PM - ww.ovgu.de/aas/ca7ae6ef-1c40-4392-9a6c-88b191ea594e.TransportRequester - INFO - InputDocument : Order
04/05/2023 10:52:30 PM - ww.ovgu.de/aas/ca7ae6ef-1c40-4392-9a6c-88b191ea594e.TransportRequester - INFO - 
 #############################################################################
04/05/2023 10:52:30 PM - ww.ovgu.de/aas/ca7ae6ef-1c40-4392-9a6c-88b191ea594e.TransportRequester - INFO - StartState: WaitforNewOrder
04/05/2023 10:52:30 PM - ww.ovgu.de/aas/ca7ae6ef-1c40-4392-9a6c-88b191ea594e.TransportRequester - INFO - InputDocument : Order
04/05/2023 10:53:10 PM - ww.ovgu.de/aas/ca7ae6ef-1c40-4392-9a6c-88b191ea594e.TransportRequester - INFO - OutputDocumentType : NA
04/05/2023 10:53:10 PM - ww.ovgu.de/aas/ca7ae6ef-1c40-4392-9a6c-88b191ea594e.TransportRequester - INFO - Condition :-
04/05/2023 10:53:10 PM - ww.ovgu.de/aas/ca7ae6ef-1c40-4392-9a6c-88b191ea594e.TransportRequester - INFO - TargettState: cfpConfiguration
04/05/2023 10:53:10 PM - ww.ovgu.de/aas/ca7ae6ef-1c40-4392-9a6c-88b191ea594e.TransportRequester - INFO - ############################################################################# 

04/05/2023 10:53:10 PM - ww.ovgu.de/aas/ca7ae6ef-1c40-4392-9a6c-88b191ea594e.TransportRequester - INFO - 
 #############################################################################
04/05/2023 10:53:10 PM - ww.ovgu.de/aas/ca7ae6ef-1c40-4392-9a6c-88b191ea594e.TransportRequester - INFO - StartState: cfpConfiguration
04/05/2023 10:53:10 PM - ww.ovgu.de/aas/ca7ae6ef-1c40-4392-9a6c-88b191ea594e.TransportRequester - INFO - InputDocument : NA
04/05/2023 10:53:10 PM - ww.ovgu.de/aas/ca7ae6ef-1c40-4392-9a6c-88b191ea594e.TransportRequester - INFO - OutputDocumentType : NA
04/05/2023 10:53:10 PM - ww.ovgu.de/aas/ca7ae6ef-1c40-4392-9a6c-88b191ea594e.TransportRequester - INFO - Condition :-
04/05/2023 10:53:10 PM - ww.ovgu.de/aas/ca7ae6ef-1c40-4392-9a6c-88b191ea594e.TransportRequester - INFO - TargettState: SendCFP
04/05/2023 10:53:10 PM - ww.ovgu.de/aas/ca7ae6ef-1c40-4392-9a6c-88b191ea594e.TransportRequester - INFO - ############################################################################# 

04/05/2023 10:53:10 PM - ww.ovgu.de/aas/ca7ae6ef-1c40-4392-9a6c-88b191ea594e.TransportRequester - INFO - 
 #############################################################################
04/05/2023 10:53:10 PM - ww.ovgu.de/aas/ca7ae6ef-1c40-4392-9a6c-88b191ea594e.TransportRequester - INFO - StartState: SendCFP
04/05/2023 10:53:10 PM - ww.ovgu.de/aas/ca7ae6ef-1c40-4392-9a6c-88b191ea594e.TransportRequester - INFO - InputDocument : NA
04/05/2023 10:53:10 PM - ww.ovgu.de/aas/ca7ae6ef-1c40-4392-9a6c-88b191ea594e.TransportRequester - INFO - OutputDocumentType : callForProposal
04/05/2023 10:53:10 PM - ww.ovgu.de/aas/ca7ae6ef-1c40-4392-9a6c-88b191ea594e.TransportRequester - INFO - Condition :-
04/05/2023 10:53:10 PM - ww.ovgu.de/aas/ca7ae6ef-1c40-4392-9a6c-88b191ea594e.TransportRequester - INFO - TargettState: WaitForSPProposal
04/05/2023 10:53:10 PM - ww.ovgu.de/aas/ca7ae6ef-1c40-4392-9a6c-88b191ea594e.TransportRequester - INFO - ############################################################################# 

04/05/2023 10:53:10 PM - ww.ovgu.de/aas/ca7ae6ef-1c40-4392-9a6c-88b191ea594e.TransportRequester - INFO - 
 #############################################################################
04/05/2023 10:53:10 PM - ww.ovgu.de/aas/ca7ae6ef-1c40-4392-9a6c-88b191ea594e.TransportRequester - INFO - StartState: WaitForSPProposal
04/05/2023 10:53:10 PM - ww.ovgu.de/aas/ca7ae6ef-1c40-4392-9a6c-88b191ea594e.TransportRequester - INFO - InputDocument : proposal
04/05/2023 10:53:32 PM - ww.ovgu.de/aas/ca7ae6ef-1c40-4392-9a6c-88b191ea594e.TransportRequester - INFO - OutputDocumentType : NA
04/05/2023 10:53:32 PM - ww.ovgu.de/aas/ca7ae6ef-1c40-4392-9a6c-88b191ea594e.TransportRequester - INFO - Condition :-
04/05/2023 10:53:32 PM - ww.ovgu.de/aas/ca7ae6ef-1c40-4392-9a6c-88b191ea594e.TransportRequester - INFO - TargettState: noProposalReceived
04/05/2023 10:53:32 PM - ww.ovgu.de/aas/ca7ae6ef-1c40-4392-9a6c-88b191ea594e.TransportRequester - INFO - ############################################################################# 

04/05/2023 10:53:32 PM - ww.ovgu.de/aas/ca7ae6ef-1c40-4392-9a6c-88b191ea594e.TransportRequester - INFO - 
 #############################################################################
04/05/2023 10:53:32 PM - ww.ovgu.de/aas/ca7ae6ef-1c40-4392-9a6c-88b191ea594e.TransportRequester - INFO - StartState: noProposalReceived
04/05/2023 10:53:32 PM - ww.ovgu.de/aas/ca7ae6ef-1c40-4392-9a6c-88b191ea594e.TransportRequester - INFO - InputDocument : NA
04/05/2023 10:53:32 PM - ww.ovgu.de/aas/ca7ae6ef-1c40-4392-9a6c-88b191ea594e.TransportRequester - INFO - OutputDocumentType : NA
04/05/2023 10:53:32 PM - ww.ovgu.de/aas/ca7ae6ef-1c40-4392-9a6c-88b191ea594e.TransportRequester - INFO - Condition :-
04/05/2023 10:53:32 PM - ww.ovgu.de/aas/ca7ae6ef-1c40-4392-9a6c-88b191ea594e.TransportRequester - INFO - TargettState: sendCompletionResponse
04/05/2023 10:53:32 PM - ww.ovgu.de/aas/ca7ae6ef-1c40-4392-9a6c-88b191ea594e.TransportRequester - INFO - ############################################################################# 

04/05/2023 10:53:32 PM - ww.ovgu.de/aas/ca7ae6ef-1c40-4392-9a6c-88b191ea594e.TransportRequester - INFO - 
 #############################################################################
04/05/2023 10:53:32 PM - ww.ovgu.de/aas/ca7ae6ef-1c40-4392-9a6c-88b191ea594e.TransportRequester - INFO - StartState: sendCompletionResponse
04/05/2023 10:53:32 PM - ww.ovgu.de/aas/ca7ae6ef-1c40-4392-9a6c-88b191ea594e.TransportRequester - INFO - InputDocument : NA
04/05/2023 10:53:32 PM - ww.ovgu.de/aas/ca7ae6ef-1c40-4392-9a6c-88b191ea594e.TransportRequester - INFO - OutputDocumentType : OrderStatus
04/05/2023 10:53:32 PM - ww.ovgu.de/aas/ca7ae6ef-1c40-4392-9a6c-88b191ea594e.TransportRequester - INFO - Condition :-
04/05/2023 10:53:32 PM - ww.ovgu.de/aas/ca7ae6ef-1c40-4392-9a6c-88b191ea594e.TransportRequester - INFO - TargettState: WaitforNewOrder
04/05/2023 10:53:32 PM - ww.ovgu.de/aas/ca7ae6ef-1c40-4392-9a6c-88b191ea594e.TransportRequester - INFO - ############################################################################# 

04/05/2023 10:53:32 PM - ww.ovgu.de/aas/ca7ae6ef-1c40-4392-9a6c-88b191ea594e.TransportRequester - INFO - 
 #############################################################################
04/05/2023 10:53:32 PM - ww.ovgu.de/aas/ca7ae6ef-1c40-4392-9a6c-88b191ea594e.TransportRequester - INFO - StartState: WaitforNewOrder
04/05/2023 10:53:32 PM - ww.ovgu.de/aas/ca7ae6ef-1c40-4392-9a6c-88b191ea594e.TransportRequester - INFO - InputDocument : Order
04/05/2023 10:54:35 PM - ww.ovgu.de/aas/ca7ae6ef-1c40-4392-9a6c-88b191ea594e.TransportRequester - INFO - 
 #############################################################################
04/05/2023 10:54:35 PM - ww.ovgu.de/aas/ca7ae6ef-1c40-4392-9a6c-88b191ea594e.TransportRequester - INFO - StartState: WaitforNewOrder
04/05/2023 10:54:35 PM - ww.ovgu.de/aas/ca7ae6ef-1c40-4392-9a6c-88b191ea594e.TransportRequester - INFO - InputDocument : Order
04/05/2023 10:56:55 PM - ww.ovgu.de/aas/ca7ae6ef-1c40-4392-9a6c-88b191ea594e.TransportRequester - INFO - 
 #############################################################################
04/05/2023 10:56:55 PM - ww.ovgu.de/aas/ca7ae6ef-1c40-4392-9a6c-88b191ea594e.TransportRequester - INFO - StartState: WaitforNewOrder
04/05/2023 10:56:55 PM - ww.ovgu.de/aas/ca7ae6ef-1c40-4392-9a6c-88b191ea594e.TransportRequester - INFO - InputDocument : Order
04/05/2023 11:16:38 PM - ww.ovgu.de/aas/ca7ae6ef-1c40-4392-9a6c-88b191ea594e.TransportRequester - INFO - 
 #############################################################################
04/05/2023 11:16:38 PM - ww.ovgu.de/aas/ca7ae6ef-1c40-4392-9a6c-88b191ea594e.TransportRequester - INFO - StartState: WaitforNewOrder
04/05/2023 11:16:38 PM - ww.ovgu.de/aas/ca7ae6ef-1c40-4392-9a6c-88b191ea594e.TransportRequester - INFO - InputDocument : Order
04/05/2023 11:30:11 PM - ww.ovgu.de/aas/ca7ae6ef-1c40-4392-9a6c-88b191ea594e.TransportRequester - INFO - 
 #############################################################################
04/05/2023 11:30:11 PM - ww.ovgu.de/aas/ca7ae6ef-1c40-4392-9a6c-88b191ea594e.TransportRequester - INFO - StartState: WaitforNewOrder
04/05/2023 11:30:11 PM - ww.ovgu.de/aas/ca7ae6ef-1c40-4392-9a6c-88b191ea594e.TransportRequester - INFO - InputDocument : Order
04/05/2023 11:33:06 PM - ww.ovgu.de/aas/ca7ae6ef-1c40-4392-9a6c-88b191ea594e.TransportRequester - INFO - 
 #############################################################################
04/05/2023 11:33:06 PM - ww.ovgu.de/aas/ca7ae6ef-1c40-4392-9a6c-88b191ea594e.TransportRequester - INFO - StartState: WaitforNewOrder
04/05/2023 11:33:06 PM - ww.ovgu.de/aas/ca7ae6ef-1c40-4392-9a6c-88b191ea594e.TransportRequester - INFO - InputDocument : Order
04/06/2023 12:00:19 AM - ww.ovgu.de/aas/ca7ae6ef-1c40-4392-9a6c-88b191ea594e.TransportRequester - INFO - 
 #############################################################################
04/06/2023 12:00:19 AM - ww.ovgu.de/aas/ca7ae6ef-1c40-4392-9a6c-88b191ea594e.TransportRequester - INFO - StartState: WaitforNewOrder
04/06/2023 12:00:19 AM - ww.ovgu.de/aas/ca7ae6ef-1c40-4392-9a6c-88b191ea594e.TransportRequester - INFO - InputDocument : Order
04/06/2023 12:00:27 AM - ww.ovgu.de/aas/ca7ae6ef-1c40-4392-9a6c-88b191ea594e.TransportRequester - INFO - 
 #############################################################################
04/06/2023 12:00:27 AM - ww.ovgu.de/aas/ca7ae6ef-1c40-4392-9a6c-88b191ea594e.TransportRequester - INFO - StartState: WaitforNewOrder
04/06/2023 12:00:27 AM - ww.ovgu.de/aas/ca7ae6ef-1c40-4392-9a6c-88b191ea594e.TransportRequester - INFO - InputDocument : Order
04/06/2023 12:08:02 AM - ww.ovgu.de/aas/ca7ae6ef-1c40-4392-9a6c-88b191ea594e.TransportRequester - INFO - 
 #############################################################################
04/06/2023 12:08:02 AM - ww.ovgu.de/aas/ca7ae6ef-1c40-4392-9a6c-88b191ea594e.TransportRequester - INFO - StartState: WaitforNewOrder
04/06/2023 12:08:02 AM - ww.ovgu.de/aas/ca7ae6ef-1c40-4392-9a6c-88b191ea594e.TransportRequester - INFO - InputDocument : Order
