04/03/2023 04:54:43 PM - 840cd319-e4e2-4c9b-8dd1-bc168ee5048e_ProductionManager - INFO - 
 #############################################################################
04/03/2023 04:54:43 PM - 840cd319-e4e2-4c9b-8dd1-bc168ee5048e_ProductionManager - INFO - StartState: WaitforNewOrder
04/03/2023 04:54:43 PM - 840cd319-e4e2-4c9b-8dd1-bc168ee5048e_ProductionManager - INFO - InputDocument : ProductionOrder
04/03/2023 04:55:33 PM - 3916c8ea-afb4-4f54-98dd-5755cdafbfce_ProductionManager - INFO - 
 #############################################################################
04/03/2023 04:55:33 PM - 3916c8ea-afb4-4f54-98dd-5755cdafbfce_ProductionManager - INFO - StartState: WaitforNewOrder
04/03/2023 04:55:33 PM - 3916c8ea-afb4-4f54-98dd-5755cdafbfce_ProductionManager - INFO - InputDocument : ProductionOrder
04/03/2023 04:55:39 PM - cfca824b-f93c-4d59-8655-3c17650a82c7_ProductionManager - INFO - 
 #############################################################################
04/03/2023 04:55:39 PM - cfca824b-f93c-4d59-8655-3c17650a82c7_ProductionManager - INFO - StartState: WaitforNewOrder
04/03/2023 04:55:40 PM - cfca824b-f93c-4d59-8655-3c17650a82c7_ProductionManager - INFO - InputDocument : ProductionOrder
04/03/2023 04:56:25 PM - 505fb3f5-de1b-4a60-9ba7-26ca3b9fa825_ProductionManager - INFO - 
 #############################################################################
04/03/2023 04:56:25 PM - 505fb3f5-de1b-4a60-9ba7-26ca3b9fa825_ProductionManager - INFO - StartState: WaitforNewOrder
04/03/2023 04:56:25 PM - 505fb3f5-de1b-4a60-9ba7-26ca3b9fa825_ProductionManager - INFO - InputDocument : ProductionOrder
04/03/2023 04:57:16 PM - 2090b0fd-83b3-4b6f-990c-ea8f57cf1c63_ProductionManager - INFO - 
 #############################################################################
04/03/2023 04:57:16 PM - 2090b0fd-83b3-4b6f-990c-ea8f57cf1c63_ProductionManager - INFO - StartState: WaitforNewOrder
04/03/2023 04:57:16 PM - 2090b0fd-83b3-4b6f-990c-ea8f57cf1c63_ProductionManager - INFO - InputDocument : ProductionOrder
04/03/2023 04:58:48 PM - 8c771300-7688-4d6e-a429-ef49dec1ad36_ProductionManager - INFO - 
 #############################################################################
04/03/2023 04:58:48 PM - 8c771300-7688-4d6e-a429-ef49dec1ad36_ProductionManager - INFO - StartState: WaitforNewOrder
04/03/2023 04:58:48 PM - 8c771300-7688-4d6e-a429-ef49dec1ad36_ProductionManager - INFO - InputDocument : ProductionOrder
04/03/2023 05:00:06 PM - 47b8e311-85a1-4e91-8029-b4c84b072278_ProductionManager - INFO - 
 #############################################################################
04/03/2023 05:00:06 PM - 47b8e311-85a1-4e91-8029-b4c84b072278_ProductionManager - INFO - StartState: WaitforNewOrder
04/03/2023 05:00:06 PM - 47b8e311-85a1-4e91-8029-b4c84b072278_ProductionManager - INFO - InputDocument : ProductionOrder
04/03/2023 05:01:28 PM - d6dcc361-53dd-4789-905d-27dc6010248a_ProductionManager - INFO - 
 #############################################################################
04/03/2023 05:01:28 PM - d6dcc361-53dd-4789-905d-27dc6010248a_ProductionManager - INFO - StartState: WaitforNewOrder
04/03/2023 05:01:28 PM - d6dcc361-53dd-4789-905d-27dc6010248a_ProductionManager - INFO - InputDocument : ProductionOrder
04/03/2023 05:02:25 PM - e07d34b0-8ecf-4b7e-9edb-274525c81d27_ProductionManager - INFO - 
 #############################################################################
04/03/2023 05:02:25 PM - e07d34b0-8ecf-4b7e-9edb-274525c81d27_ProductionManager - INFO - StartState: WaitforNewOrder
04/03/2023 05:02:25 PM - e07d34b0-8ecf-4b7e-9edb-274525c81d27_ProductionManager - INFO - InputDocument : ProductionOrder
04/03/2023 05:03:11 PM - 77493b88-d613-450e-b94d-71f1ce5335b7_ProductionManager - INFO - 
 #############################################################################
04/03/2023 05:03:11 PM - 77493b88-d613-450e-b94d-71f1ce5335b7_ProductionManager - INFO - StartState: WaitforNewOrder
04/03/2023 05:03:11 PM - 77493b88-d613-450e-b94d-71f1ce5335b7_ProductionManager - INFO - InputDocument : ProductionOrder
04/03/2023 05:05:14 PM - ca0558f2-1454-4b1e-8198-342a501bee4c_ProductionManager - INFO - 
 #############################################################################
04/03/2023 05:05:14 PM - ca0558f2-1454-4b1e-8198-342a501bee4c_ProductionManager - INFO - StartState: WaitforNewOrder
04/03/2023 05:05:14 PM - ca0558f2-1454-4b1e-8198-342a501bee4c_ProductionManager - INFO - InputDocument : ProductionOrder
04/03/2023 05:08:34 PM - a8904ac2-148f-462f-ae59-e1778b258280_ProductionManager - INFO - 
 #############################################################################
04/03/2023 05:08:34 PM - a8904ac2-148f-462f-ae59-e1778b258280_ProductionManager - INFO - StartState: WaitforNewOrder
04/03/2023 05:08:34 PM - a8904ac2-148f-462f-ae59-e1778b258280_ProductionManager - INFO - InputDocument : ProductionOrder
04/03/2023 05:09:12 PM - 56b4550c-b7fe-4c55-b95b-84054c2fce93_ProductionManager - INFO - 
 #############################################################################
04/03/2023 05:09:12 PM - 56b4550c-b7fe-4c55-b95b-84054c2fce93_ProductionManager - INFO - StartState: WaitforNewOrder
04/03/2023 05:09:12 PM - 56b4550c-b7fe-4c55-b95b-84054c2fce93_ProductionManager - INFO - InputDocument : ProductionOrder
04/03/2023 05:17:22 PM - 43f39357-7182-4119-ab6b-77ac649c1caf_ProductionManager - INFO - 
 #############################################################################
04/03/2023 05:17:22 PM - 43f39357-7182-4119-ab6b-77ac649c1caf_ProductionManager - INFO - StartState: WaitforNewOrder
04/03/2023 05:17:22 PM - 43f39357-7182-4119-ab6b-77ac649c1caf_ProductionManager - INFO - InputDocument : ProductionOrder
04/03/2023 05:17:32 PM - aa2eccf5-3641-466b-9a05-d490e2a24b62_ProductionManager - INFO - 
 #############################################################################
04/03/2023 05:17:32 PM - aa2eccf5-3641-466b-9a05-d490e2a24b62_ProductionManager - INFO - StartState: WaitforNewOrder
04/03/2023 05:17:32 PM - aa2eccf5-3641-466b-9a05-d490e2a24b62_ProductionManager - INFO - InputDocument : ProductionOrder
04/03/2023 05:19:19 PM - e4478ca8-08f4-4969-bbee-1d0f1931ffac_ProductionManager - INFO - 
 #############################################################################
04/03/2023 05:19:19 PM - e4478ca8-08f4-4969-bbee-1d0f1931ffac_ProductionManager - INFO - StartState: WaitforNewOrder
04/03/2023 05:19:19 PM - e4478ca8-08f4-4969-bbee-1d0f1931ffac_ProductionManager - INFO - InputDocument : ProductionOrder
04/03/2023 05:22:26 PM - 6731e937-98f2-4706-a655-6d3f6cf61480_ProductionManager - INFO - 
 #############################################################################
04/03/2023 05:22:26 PM - 6731e937-98f2-4706-a655-6d3f6cf61480_ProductionManager - INFO - StartState: WaitforNewOrder
04/03/2023 05:22:26 PM - 6731e937-98f2-4706-a655-6d3f6cf61480_ProductionManager - INFO - InputDocument : ProductionOrder
04/03/2023 05:25:37 PM - fa755663-b040-4fe0-b4cc-b89dd54a3050_ProductionManager - INFO - 
 #############################################################################
04/03/2023 05:25:37 PM - fa755663-b040-4fe0-b4cc-b89dd54a3050_ProductionManager - INFO - StartState: WaitforNewOrder
04/03/2023 05:25:37 PM - fa755663-b040-4fe0-b4cc-b89dd54a3050_ProductionManager - INFO - InputDocument : ProductionOrder
04/03/2023 05:27:21 PM - e9e4cf43-88eb-4cc4-afec-110d2458d803_ProductionManager - INFO - 
 #############################################################################
04/03/2023 05:27:21 PM - e9e4cf43-88eb-4cc4-afec-110d2458d803_ProductionManager - INFO - StartState: WaitforNewOrder
04/03/2023 05:27:21 PM - e9e4cf43-88eb-4cc4-afec-110d2458d803_ProductionManager - INFO - InputDocument : ProductionOrder
04/03/2023 05:30:00 PM - 938bb3bd-d8d0-478d-8644-ab0e8f5077de_ProductionManager - INFO - 
 #############################################################################
04/03/2023 05:30:00 PM - 938bb3bd-d8d0-478d-8644-ab0e8f5077de_ProductionManager - INFO - StartState: WaitforNewOrder
04/03/2023 05:30:00 PM - 938bb3bd-d8d0-478d-8644-ab0e8f5077de_ProductionManager - INFO - InputDocument : ProductionOrder
04/03/2023 05:31:56 PM - 94585865-d568-4301-88e3-9c861b1a09bc_ProductionManager - INFO - 
 #############################################################################
04/03/2023 05:31:57 PM - 94585865-d568-4301-88e3-9c861b1a09bc_ProductionManager - INFO - StartState: WaitforNewOrder
04/03/2023 05:31:57 PM - 94585865-d568-4301-88e3-9c861b1a09bc_ProductionManager - INFO - InputDocument : ProductionOrder
04/03/2023 06:08:00 PM - 086e3e91-0b65-40f5-8f55-9916af8ae70b_ProductionManager - INFO - 
 #############################################################################
04/03/2023 06:08:00 PM - 086e3e91-0b65-40f5-8f55-9916af8ae70b_ProductionManager - INFO - StartState: WaitforNewOrder
04/03/2023 06:08:00 PM - 086e3e91-0b65-40f5-8f55-9916af8ae70b_ProductionManager - INFO - InputDocument : ProductionOrder
04/03/2023 06:10:12 PM - bf07b89c-abbc-4206-b71d-fd5dc73d0aea_ProductionManager - INFO - 
 #############################################################################
04/03/2023 06:10:12 PM - bf07b89c-abbc-4206-b71d-fd5dc73d0aea_ProductionManager - INFO - StartState: WaitforNewOrder
04/03/2023 06:10:12 PM - bf07b89c-abbc-4206-b71d-fd5dc73d0aea_ProductionManager - INFO - InputDocument : ProductionOrder
04/03/2023 06:13:00 PM - 2a1e96a5-f767-4d90-9fcb-14461a215b91_ProductionManager - INFO - 
 #############################################################################
04/03/2023 06:13:00 PM - 2a1e96a5-f767-4d90-9fcb-14461a215b91_ProductionManager - INFO - StartState: WaitforNewOrder
04/03/2023 06:13:00 PM - 2a1e96a5-f767-4d90-9fcb-14461a215b91_ProductionManager - INFO - InputDocument : ProductionOrder
04/03/2023 06:27:34 PM - 5e2f9134-ba87-4d26-b123-c5398b90d1b5_ProductionManager - INFO - 
 #############################################################################
04/03/2023 06:27:34 PM - 5e2f9134-ba87-4d26-b123-c5398b90d1b5_ProductionManager - INFO - StartState: WaitforNewOrder
04/03/2023 06:27:34 PM - 5e2f9134-ba87-4d26-b123-c5398b90d1b5_ProductionManager - INFO - InputDocument : ProductionOrder
04/03/2023 07:10:36 PM - 2def3bd1-694e-4cf4-9994-62b947fae4a6_ProductionManager - INFO - 
 #############################################################################
04/03/2023 07:10:36 PM - 2def3bd1-694e-4cf4-9994-62b947fae4a6_ProductionManager - INFO - StartState: WaitforNewOrder
04/03/2023 07:10:36 PM - 2def3bd1-694e-4cf4-9994-62b947fae4a6_ProductionManager - INFO - InputDocument : ProductionOrder
04/03/2023 07:13:40 PM - 909ce784-2319-460f-85e4-128837c07625_ProductionManager - INFO - 
 #############################################################################
04/03/2023 07:13:40 PM - 909ce784-2319-460f-85e4-128837c07625_ProductionManager - INFO - StartState: WaitforNewOrder
04/03/2023 07:13:40 PM - 909ce784-2319-460f-85e4-128837c07625_ProductionManager - INFO - InputDocument : ProductionOrder
04/03/2023 07:16:49 PM - a6785eda-dff5-481c-9cc9-004cdb75a7d9_ProductionManager - INFO - 
 #############################################################################
04/03/2023 07:16:49 PM - a6785eda-dff5-481c-9cc9-004cdb75a7d9_ProductionManager - INFO - StartState: WaitforNewOrder
04/03/2023 07:16:49 PM - a6785eda-dff5-481c-9cc9-004cdb75a7d9_ProductionManager - INFO - InputDocument : ProductionOrder
04/03/2023 07:17:45 PM - 6aced471-d21a-47b5-bb2c-a30c451ccdad_ProductionManager - INFO - 
 #############################################################################
04/03/2023 07:17:45 PM - 6aced471-d21a-47b5-bb2c-a30c451ccdad_ProductionManager - INFO - StartState: WaitforNewOrder
04/03/2023 07:17:45 PM - 6aced471-d21a-47b5-bb2c-a30c451ccdad_ProductionManager - INFO - InputDocument : ProductionOrder
04/03/2023 07:18:18 PM - 3043896a-c58b-4e2d-b3bd-1b0312f8056f_ProductionManager - INFO - 
 #############################################################################
04/03/2023 07:18:18 PM - 3043896a-c58b-4e2d-b3bd-1b0312f8056f_ProductionManager - INFO - StartState: WaitforNewOrder
04/03/2023 07:18:18 PM - 3043896a-c58b-4e2d-b3bd-1b0312f8056f_ProductionManager - INFO - InputDocument : ProductionOrder
04/03/2023 07:19:32 PM - 5131e4b2-fd30-4052-847b-8baf516da700_ProductionManager - INFO - 
 #############################################################################
04/03/2023 07:19:32 PM - 5131e4b2-fd30-4052-847b-8baf516da700_ProductionManager - INFO - StartState: WaitforNewOrder
04/03/2023 07:19:32 PM - 5131e4b2-fd30-4052-847b-8baf516da700_ProductionManager - INFO - InputDocument : ProductionOrder
04/03/2023 07:20:34 PM - 09e7fc70-ad7c-4854-93ad-6f5852872687_ProductionManager - INFO - 
 #############################################################################
04/03/2023 07:20:34 PM - 09e7fc70-ad7c-4854-93ad-6f5852872687_ProductionManager - INFO - StartState: WaitforNewOrder
04/03/2023 07:20:34 PM - 09e7fc70-ad7c-4854-93ad-6f5852872687_ProductionManager - INFO - InputDocument : ProductionOrder
04/03/2023 07:21:47 PM - ee64b335-6a8b-4fb5-b349-2702465845bb_ProductionManager - INFO - 
 #############################################################################
04/03/2023 07:21:47 PM - ee64b335-6a8b-4fb5-b349-2702465845bb_ProductionManager - INFO - StartState: WaitforNewOrder
04/03/2023 07:21:47 PM - ee64b335-6a8b-4fb5-b349-2702465845bb_ProductionManager - INFO - InputDocument : ProductionOrder
04/03/2023 07:23:00 PM - 34121965-1f4b-4a7e-8fd4-b322cf1d0298_ProductionManager - INFO - 
 #############################################################################
04/03/2023 07:23:00 PM - 34121965-1f4b-4a7e-8fd4-b322cf1d0298_ProductionManager - INFO - StartState: WaitforNewOrder
04/03/2023 07:23:00 PM - 34121965-1f4b-4a7e-8fd4-b322cf1d0298_ProductionManager - INFO - InputDocument : ProductionOrder
04/03/2023 07:36:52 PM - b6d6b64a-4a23-41d5-8290-f35f986bad44_ProductionManager - INFO - 
 #############################################################################
04/03/2023 07:36:52 PM - b6d6b64a-4a23-41d5-8290-f35f986bad44_ProductionManager - INFO - StartState: WaitforNewOrder
04/03/2023 07:36:52 PM - b6d6b64a-4a23-41d5-8290-f35f986bad44_ProductionManager - INFO - InputDocument : ProductionOrder
04/03/2023 07:38:46 PM - 865e3e07-a6a3-42d9-af99-e4894ae1935c_ProductionManager - INFO - 
 #############################################################################
04/03/2023 07:38:46 PM - 865e3e07-a6a3-42d9-af99-e4894ae1935c_ProductionManager - INFO - StartState: WaitforNewOrder
04/03/2023 07:38:46 PM - 865e3e07-a6a3-42d9-af99-e4894ae1935c_ProductionManager - INFO - InputDocument : ProductionOrder
04/03/2023 07:43:13 PM - 852fd83b-2533-4e9a-9b6f-42c3a87523f2_ProductionManager - INFO - 
 #############################################################################
04/03/2023 07:43:13 PM - 852fd83b-2533-4e9a-9b6f-42c3a87523f2_ProductionManager - INFO - StartState: WaitforNewOrder
04/03/2023 07:43:13 PM - 852fd83b-2533-4e9a-9b6f-42c3a87523f2_ProductionManager - INFO - InputDocument : ProductionOrder
04/03/2023 07:46:43 PM - 6e3c6337-27be-433c-8218-6d98388a3cf0_ProductionManager - INFO - 
 #############################################################################
04/03/2023 07:46:43 PM - 6e3c6337-27be-433c-8218-6d98388a3cf0_ProductionManager - INFO - StartState: WaitforNewOrder
04/03/2023 07:46:43 PM - 6e3c6337-27be-433c-8218-6d98388a3cf0_ProductionManager - INFO - InputDocument : ProductionOrder
04/03/2023 07:49:04 PM - 069e55dc-ed62-45ab-9e18-d04f1687335b_ProductionManager - INFO - 
 #############################################################################
04/03/2023 07:49:04 PM - 069e55dc-ed62-45ab-9e18-d04f1687335b_ProductionManager - INFO - StartState: WaitforNewOrder
04/03/2023 07:49:04 PM - 069e55dc-ed62-45ab-9e18-d04f1687335b_ProductionManager - INFO - InputDocument : ProductionOrder
04/03/2023 07:55:25 PM - 580bd64a-704c-49ec-8418-b3915e34300c_ProductionManager - INFO - 
 #############################################################################
04/03/2023 07:55:25 PM - 580bd64a-704c-49ec-8418-b3915e34300c_ProductionManager - INFO - StartState: WaitforNewOrder
04/03/2023 07:55:25 PM - 580bd64a-704c-49ec-8418-b3915e34300c_ProductionManager - INFO - InputDocument : ProductionOrder
04/03/2023 07:57:13 PM - db9178c5-b15f-4b24-a849-bc401d6d23c9_ProductionManager - INFO - 
 #############################################################################
04/03/2023 07:57:13 PM - db9178c5-b15f-4b24-a849-bc401d6d23c9_ProductionManager - INFO - StartState: WaitforNewOrder
04/03/2023 07:57:13 PM - db9178c5-b15f-4b24-a849-bc401d6d23c9_ProductionManager - INFO - InputDocument : ProductionOrder
04/03/2023 07:57:32 PM - 31aa9345-c06b-4e34-8374-2b507272d54a_ProductionManager - INFO - 
 #############################################################################
04/03/2023 07:57:32 PM - 31aa9345-c06b-4e34-8374-2b507272d54a_ProductionManager - INFO - StartState: WaitforNewOrder
04/03/2023 07:57:32 PM - 31aa9345-c06b-4e34-8374-2b507272d54a_ProductionManager - INFO - InputDocument : ProductionOrder
04/03/2023 08:01:06 PM - 8f0c8b92-347c-4aa2-a977-d0a676a91c96_ProductionManager - INFO - 
 #############################################################################
04/03/2023 08:01:06 PM - 8f0c8b92-347c-4aa2-a977-d0a676a91c96_ProductionManager - INFO - StartState: WaitforNewOrder
04/03/2023 08:01:06 PM - 8f0c8b92-347c-4aa2-a977-d0a676a91c96_ProductionManager - INFO - InputDocument : ProductionOrder
04/03/2023 08:03:52 PM - de8c7ce1-be2b-4269-ae4c-1d8473f1f33a_ProductionManager - INFO - 
 #############################################################################
04/03/2023 08:03:52 PM - de8c7ce1-be2b-4269-ae4c-1d8473f1f33a_ProductionManager - INFO - StartState: WaitforNewOrder
04/03/2023 08:03:52 PM - de8c7ce1-be2b-4269-ae4c-1d8473f1f33a_ProductionManager - INFO - InputDocument : ProductionOrder
04/03/2023 08:09:28 PM - 16238676-999f-4e18-9b72-53e4e55cbcaf_ProductionManager - INFO - 
 #############################################################################
04/03/2023 08:09:28 PM - 16238676-999f-4e18-9b72-53e4e55cbcaf_ProductionManager - INFO - StartState: WaitforNewOrder
04/03/2023 08:09:28 PM - 16238676-999f-4e18-9b72-53e4e55cbcaf_ProductionManager - INFO - InputDocument : ProductionOrder
04/03/2023 08:13:28 PM - 9fe2b171-77db-41c2-adde-e171300576f6_ProductionManager - INFO - 
 #############################################################################
04/03/2023 08:13:28 PM - 9fe2b171-77db-41c2-adde-e171300576f6_ProductionManager - INFO - StartState: WaitforNewOrder
04/03/2023 08:13:28 PM - 9fe2b171-77db-41c2-adde-e171300576f6_ProductionManager - INFO - InputDocument : ProductionOrder
04/03/2023 08:14:28 PM - cec1eccb-5baf-4bbd-8793-e36937ff857c_ProductionManager - INFO - 
 #############################################################################
04/03/2023 08:14:28 PM - cec1eccb-5baf-4bbd-8793-e36937ff857c_ProductionManager - INFO - StartState: WaitforNewOrder
04/03/2023 08:14:28 PM - cec1eccb-5baf-4bbd-8793-e36937ff857c_ProductionManager - INFO - InputDocument : ProductionOrder
04/03/2023 08:21:27 PM - 06c8ef4e-5cc5-443f-a881-3ce0fbcfc029_ProductionManager - INFO - 
 #############################################################################
04/03/2023 08:21:27 PM - 06c8ef4e-5cc5-443f-a881-3ce0fbcfc029_ProductionManager - INFO - StartState: WaitforNewOrder
04/03/2023 08:21:27 PM - 06c8ef4e-5cc5-443f-a881-3ce0fbcfc029_ProductionManager - INFO - InputDocument : ProductionOrder
04/03/2023 08:22:25 PM - 051f488e-4215-4333-a3f6-7085bb07c9af_ProductionManager - INFO - 
 #############################################################################
04/03/2023 08:22:25 PM - 051f488e-4215-4333-a3f6-7085bb07c9af_ProductionManager - INFO - StartState: WaitforNewOrder
04/03/2023 08:22:25 PM - 051f488e-4215-4333-a3f6-7085bb07c9af_ProductionManager - INFO - InputDocument : ProductionOrder
04/04/2023 12:43:57 PM - 2c883807-3500-49d9-acf1-cb2c9907c64b_ProductionManager - INFO - 
 #############################################################################
04/04/2023 12:43:57 PM - 2c883807-3500-49d9-acf1-cb2c9907c64b_ProductionManager - INFO - StartState: WaitforNewOrder
04/04/2023 12:43:57 PM - 2c883807-3500-49d9-acf1-cb2c9907c64b_ProductionManager - INFO - InputDocument : ProductionOrder
04/04/2023 12:44:25 PM - 3bbb64cc-0e9e-436a-92ba-4c58370f9668_ProductionManager - INFO - 
 #############################################################################
04/04/2023 12:44:25 PM - 3bbb64cc-0e9e-436a-92ba-4c58370f9668_ProductionManager - INFO - StartState: WaitforNewOrder
04/04/2023 12:44:25 PM - 3bbb64cc-0e9e-436a-92ba-4c58370f9668_ProductionManager - INFO - InputDocument : ProductionOrder
04/04/2023 12:53:33 PM - bd51ed16-bec6-4154-bf30-8694d3e57c52_ProductionManager - INFO - 
 #############################################################################
04/04/2023 12:53:33 PM - bd51ed16-bec6-4154-bf30-8694d3e57c52_ProductionManager - INFO - StartState: WaitforNewOrder
04/04/2023 12:53:33 PM - bd51ed16-bec6-4154-bf30-8694d3e57c52_ProductionManager - INFO - InputDocument : ProductionOrder
04/04/2023 12:59:19 PM - b0c851c8-5e45-4232-b012-6764766ec47a_ProductionManager - INFO - 
 #############################################################################
04/04/2023 12:59:19 PM - b0c851c8-5e45-4232-b012-6764766ec47a_ProductionManager - INFO - StartState: WaitforNewOrder
04/04/2023 12:59:19 PM - b0c851c8-5e45-4232-b012-6764766ec47a_ProductionManager - INFO - InputDocument : ProductionOrder
04/04/2023 01:01:55 PM - b6e18ae7-0dc5-4933-8c3c-af3687878066_ProductionManager - INFO - 
 #############################################################################
04/04/2023 01:01:56 PM - b6e18ae7-0dc5-4933-8c3c-af3687878066_ProductionManager - INFO - StartState: WaitforNewOrder
04/04/2023 01:01:56 PM - b6e18ae7-0dc5-4933-8c3c-af3687878066_ProductionManager - INFO - InputDocument : ProductionOrder
04/04/2023 01:12:47 PM - 9b846e39-560d-43a1-bcda-d02cb4cc1a2c_ProductionManager - INFO - 
 #############################################################################
04/04/2023 01:12:47 PM - 9b846e39-560d-43a1-bcda-d02cb4cc1a2c_ProductionManager - INFO - StartState: WaitforNewOrder
04/04/2023 01:12:47 PM - 9b846e39-560d-43a1-bcda-d02cb4cc1a2c_ProductionManager - INFO - InputDocument : ProductionOrder
04/04/2023 01:41:01 PM - 09e02768-af4a-4865-a8e9-3a7d83b67b52_ProductionManager - INFO - 
 #############################################################################
04/04/2023 01:41:01 PM - 09e02768-af4a-4865-a8e9-3a7d83b67b52_ProductionManager - INFO - StartState: WaitforNewOrder
04/04/2023 01:41:01 PM - 09e02768-af4a-4865-a8e9-3a7d83b67b52_ProductionManager - INFO - InputDocument : ProductionOrder
04/04/2023 02:26:02 PM - 0983a64b-2d66-4ac0-b6d1-0d23459139ae_ProductionManager - INFO - 
 #############################################################################
04/04/2023 02:26:02 PM - 0983a64b-2d66-4ac0-b6d1-0d23459139ae_ProductionManager - INFO - StartState: WaitforNewOrder
04/04/2023 02:26:02 PM - 0983a64b-2d66-4ac0-b6d1-0d23459139ae_ProductionManager - INFO - InputDocument : ProductionOrder
04/04/2023 02:29:10 PM - db523f90-fd8f-493d-a014-0a326530dd24_ProductionManager - INFO - 
 #############################################################################
04/04/2023 02:29:10 PM - db523f90-fd8f-493d-a014-0a326530dd24_ProductionManager - INFO - StartState: WaitforNewOrder
04/04/2023 02:29:10 PM - db523f90-fd8f-493d-a014-0a326530dd24_ProductionManager - INFO - InputDocument : ProductionOrder
04/04/2023 02:32:50 PM - 1c38272d-1e20-4b5a-8e0a-2e2990fbef3c_ProductionManager - INFO - 
 #############################################################################
04/04/2023 02:32:50 PM - 1c38272d-1e20-4b5a-8e0a-2e2990fbef3c_ProductionManager - INFO - StartState: WaitforNewOrder
04/04/2023 02:32:50 PM - 1c38272d-1e20-4b5a-8e0a-2e2990fbef3c_ProductionManager - INFO - InputDocument : ProductionOrder
04/04/2023 02:34:52 PM - 36fbfaf6-1047-430a-8757-169b601dc3f9_ProductionManager - INFO - 
 #############################################################################
04/04/2023 02:34:52 PM - 36fbfaf6-1047-430a-8757-169b601dc3f9_ProductionManager - INFO - StartState: WaitforNewOrder
04/04/2023 02:34:52 PM - 36fbfaf6-1047-430a-8757-169b601dc3f9_ProductionManager - INFO - InputDocument : ProductionOrder
04/04/2023 02:38:19 PM - 6d54e2cf-79a8-450e-8030-5dc8ff398a88_ProductionManager - INFO - 
 #############################################################################
04/04/2023 02:38:19 PM - 6d54e2cf-79a8-450e-8030-5dc8ff398a88_ProductionManager - INFO - StartState: WaitforNewOrder
04/04/2023 02:38:19 PM - 6d54e2cf-79a8-450e-8030-5dc8ff398a88_ProductionManager - INFO - InputDocument : ProductionOrder
04/04/2023 02:40:13 PM - 391efa3d-74c9-46a5-98a1-016f227fd71f_ProductionManager - INFO - 
 #############################################################################
04/04/2023 02:40:13 PM - 391efa3d-74c9-46a5-98a1-016f227fd71f_ProductionManager - INFO - StartState: WaitforNewOrder
04/04/2023 02:40:13 PM - 391efa3d-74c9-46a5-98a1-016f227fd71f_ProductionManager - INFO - InputDocument : ProductionOrder
04/04/2023 02:42:24 PM - 51395af5-e5f3-4bd0-bfdf-3aec0aed17ef_ProductionManager - INFO - 
 #############################################################################
04/04/2023 02:42:24 PM - 51395af5-e5f3-4bd0-bfdf-3aec0aed17ef_ProductionManager - INFO - StartState: WaitforNewOrder
04/04/2023 02:42:24 PM - 51395af5-e5f3-4bd0-bfdf-3aec0aed17ef_ProductionManager - INFO - InputDocument : ProductionOrder
04/04/2023 02:48:05 PM - 27ee1ee4-e415-4139-bb2d-39cfa0d745e5_ProductionManager - INFO - 
 #############################################################################
04/04/2023 02:48:05 PM - 27ee1ee4-e415-4139-bb2d-39cfa0d745e5_ProductionManager - INFO - StartState: WaitforNewOrder
04/04/2023 02:48:05 PM - 27ee1ee4-e415-4139-bb2d-39cfa0d745e5_ProductionManager - INFO - InputDocument : ProductionOrder
04/04/2023 02:50:09 PM - b91dc97a-c463-4c95-a0aa-8a67187145b6_ProductionManager - INFO - 
 #############################################################################
04/04/2023 02:50:09 PM - b91dc97a-c463-4c95-a0aa-8a67187145b6_ProductionManager - INFO - StartState: WaitforNewOrder
04/04/2023 02:50:09 PM - b91dc97a-c463-4c95-a0aa-8a67187145b6_ProductionManager - INFO - InputDocument : ProductionOrder
04/04/2023 03:05:44 PM - aae2795b-d782-4a8d-932a-9bf18c590439_ProductionManager - INFO - 
 #############################################################################
04/04/2023 03:05:44 PM - aae2795b-d782-4a8d-932a-9bf18c590439_ProductionManager - INFO - StartState: WaitforNewOrder
04/04/2023 03:05:44 PM - aae2795b-d782-4a8d-932a-9bf18c590439_ProductionManager - INFO - InputDocument : ProductionOrder
04/04/2023 03:07:58 PM - 3dd52fcf-a197-4577-b90b-c740bb1de590_ProductionManager - INFO - 
 #############################################################################
04/04/2023 03:07:58 PM - 3dd52fcf-a197-4577-b90b-c740bb1de590_ProductionManager - INFO - StartState: WaitforNewOrder
04/04/2023 03:07:58 PM - 3dd52fcf-a197-4577-b90b-c740bb1de590_ProductionManager - INFO - InputDocument : ProductionOrder
04/04/2023 03:16:03 PM - 7a8546f6-c272-42d6-bfc9-8fcb57a84121_ProductionManager - INFO - 
 #############################################################################
04/04/2023 03:16:03 PM - 7a8546f6-c272-42d6-bfc9-8fcb57a84121_ProductionManager - INFO - StartState: WaitforNewOrder
04/04/2023 03:16:03 PM - 7a8546f6-c272-42d6-bfc9-8fcb57a84121_ProductionManager - INFO - InputDocument : ProductionOrder
04/04/2023 03:16:55 PM - 4713e0d4-a437-4f85-aff8-9b1dc6f7d8f9_ProductionManager - INFO - 
 #############################################################################
04/04/2023 03:16:55 PM - 4713e0d4-a437-4f85-aff8-9b1dc6f7d8f9_ProductionManager - INFO - StartState: WaitforNewOrder
04/04/2023 03:16:55 PM - 4713e0d4-a437-4f85-aff8-9b1dc6f7d8f9_ProductionManager - INFO - InputDocument : ProductionOrder
04/04/2023 03:23:52 PM - e7d466e3-d109-49c1-8f09-ede61244009d_ProductionManager - INFO - 
 #############################################################################
04/04/2023 03:23:52 PM - e7d466e3-d109-49c1-8f09-ede61244009d_ProductionManager - INFO - StartState: WaitforNewOrder
04/04/2023 03:23:52 PM - e7d466e3-d109-49c1-8f09-ede61244009d_ProductionManager - INFO - InputDocument : ProductionOrder
04/04/2023 03:36:28 PM - 544a9ac4-ea06-40c8-a702-8a3f7fc3fee0_ProductionManager - INFO - 
 #############################################################################
04/04/2023 03:36:28 PM - 544a9ac4-ea06-40c8-a702-8a3f7fc3fee0_ProductionManager - INFO - StartState: WaitforNewOrder
04/04/2023 03:36:28 PM - 544a9ac4-ea06-40c8-a702-8a3f7fc3fee0_ProductionManager - INFO - InputDocument : ProductionOrder
04/04/2023 03:41:04 PM - 0f9021dd-8807-4e3b-a8e3-9865f6dc9d93_ProductionManager - INFO - 
 #############################################################################
04/04/2023 03:41:04 PM - 0f9021dd-8807-4e3b-a8e3-9865f6dc9d93_ProductionManager - INFO - StartState: WaitforNewOrder
04/04/2023 03:41:04 PM - 0f9021dd-8807-4e3b-a8e3-9865f6dc9d93_ProductionManager - INFO - InputDocument : ProductionOrder
