05/19/2023 10:51:39 AM - 50319f8c-734e-413e-9303-f4c53cfa1e81_Register - INFO - 
 #############################################################################
05/19/2023 10:51:39 AM - 50319f8c-734e-413e-9303-f4c53cfa1e81_Register - INFO - StartState: WaitforNewOrder
05/19/2023 10:51:39 AM - 50319f8c-734e-413e-9303-f4c53cfa1e81_Register - INFO - InputDocument : Order
05/19/2023 10:54:09 AM - 1e9dd300-0631-49a9-98c8-e87eb7ed9901_Register - INFO - 
 #############################################################################
05/19/2023 10:54:09 AM - 1e9dd300-0631-49a9-98c8-e87eb7ed9901_Register - INFO - StartState: WaitforNewOrder
05/19/2023 10:54:09 AM - 1e9dd300-0631-49a9-98c8-e87eb7ed9901_Register - INFO - InputDocument : Order
05/19/2023 11:20:54 AM - 17067ee5-a734-4900-b51e-725736e3db0b_Register - INFO - 
 #############################################################################
05/19/2023 11:20:54 AM - 17067ee5-a734-4900-b51e-725736e3db0b_Register - INFO - StartState: WaitforNewOrder
05/19/2023 11:20:54 AM - 17067ee5-a734-4900-b51e-725736e3db0b_Register - INFO - InputDocument : Order
05/19/2023 11:35:17 AM - dc347dad-a510-4342-adeb-40e8cb7406ea_Register - INFO - 
 #############################################################################
05/19/2023 11:35:17 AM - dc347dad-a510-4342-adeb-40e8cb7406ea_Register - INFO - StartState: WaitforNewOrder
05/19/2023 11:35:17 AM - dc347dad-a510-4342-adeb-40e8cb7406ea_Register - INFO - InputDocument : Order
05/19/2023 11:40:56 AM - 3baf5198-2468-4f85-a777-855b62b4f683_Register - INFO - 
 #############################################################################
05/19/2023 11:40:56 AM - 3baf5198-2468-4f85-a777-855b62b4f683_Register - INFO - StartState: WaitforNewOrder
05/19/2023 11:40:56 AM - 3baf5198-2468-4f85-a777-855b62b4f683_Register - INFO - InputDocument : Order
05/19/2023 11:41:00 AM - 8d8b4c3e-9824-4388-9936-2e06435dd6bd_Register - INFO - 
 #############################################################################
05/19/2023 11:41:00 AM - 8d8b4c3e-9824-4388-9936-2e06435dd6bd_Register - INFO - StartState: WaitforNewOrder
05/19/2023 11:41:00 AM - 8d8b4c3e-9824-4388-9936-2e06435dd6bd_Register - INFO - InputDocument : Order
05/19/2023 01:34:02 PM - 1d462576-cf27-41e8-8f69-7ee9293ee0eb_Register - INFO - 
 #############################################################################
05/19/2023 01:34:02 PM - 1d462576-cf27-41e8-8f69-7ee9293ee0eb_Register - INFO - StartState: WaitforNewOrder
05/19/2023 01:34:02 PM - 1d462576-cf27-41e8-8f69-7ee9293ee0eb_Register - INFO - InputDocument : Order
05/19/2023 03:27:35 PM - 55679d62-0b5d-4936-8bba-bb5e60598c6f_Register - INFO - 
 #############################################################################
05/19/2023 03:27:35 PM - 55679d62-0b5d-4936-8bba-bb5e60598c6f_Register - INFO - StartState: WaitforNewOrder
05/19/2023 03:27:35 PM - 55679d62-0b5d-4936-8bba-bb5e60598c6f_Register - INFO - InputDocument : Order
05/19/2023 04:40:39 PM - 16c1b16d-0f45-4d81-8b08-15ca9cefc933_Register - INFO - 
 #############################################################################
05/19/2023 04:40:39 PM - 16c1b16d-0f45-4d81-8b08-15ca9cefc933_Register - INFO - StartState: WaitforNewOrder
05/19/2023 04:40:39 PM - 16c1b16d-0f45-4d81-8b08-15ca9cefc933_Register - INFO - InputDocument : Order
