04/06/2023 12:08:18 AM - ww.ovgu.de/aas/b4ea58d6-155b-4157-b77d-fce8bcca8d0c.HoningRequester - INFO - 
 #############################################################################
04/06/2023 12:08:18 AM - ww.ovgu.de/aas/b4ea58d6-155b-4157-b77d-fce8bcca8d0c.HoningRequester - INFO - StartState: WaitforNewOrder
04/06/2023 12:08:18 AM - ww.ovgu.de/aas/b4ea58d6-155b-4157-b77d-fce8bcca8d0c.HoningRequester - INFO - InputDocument : Order
04/06/2023 12:08:45 AM - ww.ovgu.de/aas/b4ea58d6-155b-4157-b77d-fce8bcca8d0c.HoningRequester - INFO - OutputDocumentType : NA
04/06/2023 12:08:45 AM - ww.ovgu.de/aas/b4ea58d6-155b-4157-b77d-fce8bcca8d0c.HoningRequester - INFO - Condition :-
04/06/2023 12:08:45 AM - ww.ovgu.de/aas/b4ea58d6-155b-4157-b77d-fce8bcca8d0c.HoningRequester - INFO - TargettState: cfpConfiguration
04/06/2023 12:08:45 AM - ww.ovgu.de/aas/b4ea58d6-155b-4157-b77d-fce8bcca8d0c.HoningRequester - INFO - ############################################################################# 

04/06/2023 12:08:45 AM - ww.ovgu.de/aas/b4ea58d6-155b-4157-b77d-fce8bcca8d0c.HoningRequester - INFO - 
 #############################################################################
04/06/2023 12:08:45 AM - ww.ovgu.de/aas/b4ea58d6-155b-4157-b77d-fce8bcca8d0c.HoningRequester - INFO - StartState: cfpConfiguration
04/06/2023 12:08:45 AM - ww.ovgu.de/aas/b4ea58d6-155b-4157-b77d-fce8bcca8d0c.HoningRequester - INFO - InputDocument : NA
04/06/2023 12:08:45 AM - ww.ovgu.de/aas/b4ea58d6-155b-4157-b77d-fce8bcca8d0c.HoningRequester - INFO - OutputDocumentType : NA
04/06/2023 12:08:45 AM - ww.ovgu.de/aas/b4ea58d6-155b-4157-b77d-fce8bcca8d0c.HoningRequester - INFO - Condition :-
04/06/2023 12:08:45 AM - ww.ovgu.de/aas/b4ea58d6-155b-4157-b77d-fce8bcca8d0c.HoningRequester - INFO - TargettState: SendCFP
04/06/2023 12:08:45 AM - ww.ovgu.de/aas/b4ea58d6-155b-4157-b77d-fce8bcca8d0c.HoningRequester - INFO - ############################################################################# 

04/06/2023 12:08:45 AM - ww.ovgu.de/aas/b4ea58d6-155b-4157-b77d-fce8bcca8d0c.HoningRequester - INFO - 
 #############################################################################
04/06/2023 12:08:45 AM - ww.ovgu.de/aas/b4ea58d6-155b-4157-b77d-fce8bcca8d0c.HoningRequester - INFO - StartState: SendCFP
04/06/2023 12:08:45 AM - ww.ovgu.de/aas/b4ea58d6-155b-4157-b77d-fce8bcca8d0c.HoningRequester - INFO - InputDocument : NA
04/06/2023 12:08:45 AM - ww.ovgu.de/aas/b4ea58d6-155b-4157-b77d-fce8bcca8d0c.HoningRequester - INFO - OutputDocumentType : callForProposal
04/06/2023 12:08:45 AM - ww.ovgu.de/aas/b4ea58d6-155b-4157-b77d-fce8bcca8d0c.HoningRequester - INFO - Condition :-
04/06/2023 12:08:45 AM - ww.ovgu.de/aas/b4ea58d6-155b-4157-b77d-fce8bcca8d0c.HoningRequester - INFO - TargettState: WaitForSPProposal
04/06/2023 12:08:45 AM - ww.ovgu.de/aas/b4ea58d6-155b-4157-b77d-fce8bcca8d0c.HoningRequester - INFO - ############################################################################# 

04/06/2023 12:08:45 AM - ww.ovgu.de/aas/b4ea58d6-155b-4157-b77d-fce8bcca8d0c.HoningRequester - INFO - 
 #############################################################################
04/06/2023 12:08:45 AM - ww.ovgu.de/aas/b4ea58d6-155b-4157-b77d-fce8bcca8d0c.HoningRequester - INFO - StartState: WaitForSPProposal
04/06/2023 12:08:45 AM - ww.ovgu.de/aas/b4ea58d6-155b-4157-b77d-fce8bcca8d0c.HoningRequester - INFO - InputDocument : proposal
04/06/2023 12:08:48 AM - ww.ovgu.de/aas/b4ea58d6-155b-4157-b77d-fce8bcca8d0c.HoningRequester - INFO - OutputDocumentType : NA
04/06/2023 12:08:48 AM - ww.ovgu.de/aas/b4ea58d6-155b-4157-b77d-fce8bcca8d0c.HoningRequester - INFO - Condition :-
04/06/2023 12:08:48 AM - ww.ovgu.de/aas/b4ea58d6-155b-4157-b77d-fce8bcca8d0c.HoningRequester - INFO - TargettState: EvaluateProposal
04/06/2023 12:08:48 AM - ww.ovgu.de/aas/b4ea58d6-155b-4157-b77d-fce8bcca8d0c.HoningRequester - INFO - ############################################################################# 

04/06/2023 12:08:48 AM - ww.ovgu.de/aas/b4ea58d6-155b-4157-b77d-fce8bcca8d0c.HoningRequester - INFO - 
 #############################################################################
04/06/2023 12:08:48 AM - ww.ovgu.de/aas/b4ea58d6-155b-4157-b77d-fce8bcca8d0c.HoningRequester - INFO - StartState: EvaluateProposal
04/06/2023 12:08:48 AM - ww.ovgu.de/aas/b4ea58d6-155b-4157-b77d-fce8bcca8d0c.HoningRequester - INFO - InputDocument : NA
04/06/2023 12:08:48 AM - ww.ovgu.de/aas/b4ea58d6-155b-4157-b77d-fce8bcca8d0c.HoningRequester - INFO - OutputDocumentType : NA
04/06/2023 12:08:48 AM - ww.ovgu.de/aas/b4ea58d6-155b-4157-b77d-fce8bcca8d0c.HoningRequester - INFO - Condition :-
04/06/2023 12:08:49 AM - ww.ovgu.de/aas/b4ea58d6-155b-4157-b77d-fce8bcca8d0c.HoningRequester - INFO - TargettState: sendrejectProposal
04/06/2023 12:08:49 AM - ww.ovgu.de/aas/b4ea58d6-155b-4157-b77d-fce8bcca8d0c.HoningRequester - INFO - ############################################################################# 

04/06/2023 12:08:49 AM - ww.ovgu.de/aas/b4ea58d6-155b-4157-b77d-fce8bcca8d0c.HoningRequester - INFO - 
 #############################################################################
04/06/2023 12:08:49 AM - ww.ovgu.de/aas/b4ea58d6-155b-4157-b77d-fce8bcca8d0c.HoningRequester - INFO - StartState: sendrejectProposal
04/06/2023 12:08:49 AM - ww.ovgu.de/aas/b4ea58d6-155b-4157-b77d-fce8bcca8d0c.HoningRequester - INFO - InputDocument : NA
04/06/2023 12:08:49 AM - ww.ovgu.de/aas/b4ea58d6-155b-4157-b77d-fce8bcca8d0c.HoningRequester - INFO - OutputDocumentType : rejectProposal
04/06/2023 12:08:49 AM - ww.ovgu.de/aas/b4ea58d6-155b-4157-b77d-fce8bcca8d0c.HoningRequester - INFO - Condition :-
04/06/2023 12:08:49 AM - ww.ovgu.de/aas/b4ea58d6-155b-4157-b77d-fce8bcca8d0c.HoningRequester - INFO - TargettState: sendacceptProposal
04/06/2023 12:08:49 AM - ww.ovgu.de/aas/b4ea58d6-155b-4157-b77d-fce8bcca8d0c.HoningRequester - INFO - ############################################################################# 

04/06/2023 12:08:49 AM - ww.ovgu.de/aas/b4ea58d6-155b-4157-b77d-fce8bcca8d0c.HoningRequester - INFO - 
 #############################################################################
04/06/2023 12:08:49 AM - ww.ovgu.de/aas/b4ea58d6-155b-4157-b77d-fce8bcca8d0c.HoningRequester - INFO - StartState: sendacceptProposal
04/06/2023 12:08:49 AM - ww.ovgu.de/aas/b4ea58d6-155b-4157-b77d-fce8bcca8d0c.HoningRequester - INFO - InputDocument : NA
04/06/2023 12:08:49 AM - ww.ovgu.de/aas/b4ea58d6-155b-4157-b77d-fce8bcca8d0c.HoningRequester - INFO - OutputDocumentType : acceptProposal
04/06/2023 12:08:49 AM - ww.ovgu.de/aas/b4ea58d6-155b-4157-b77d-fce8bcca8d0c.HoningRequester - INFO - Condition :-
04/06/2023 12:08:49 AM - ww.ovgu.de/aas/b4ea58d6-155b-4157-b77d-fce8bcca8d0c.HoningRequester - INFO - TargettState: sendTransportOrder
04/06/2023 12:08:49 AM - ww.ovgu.de/aas/b4ea58d6-155b-4157-b77d-fce8bcca8d0c.HoningRequester - INFO - ############################################################################# 

04/06/2023 12:08:49 AM - ww.ovgu.de/aas/b4ea58d6-155b-4157-b77d-fce8bcca8d0c.HoningRequester - INFO - 
 #############################################################################
04/06/2023 12:08:49 AM - ww.ovgu.de/aas/b4ea58d6-155b-4157-b77d-fce8bcca8d0c.HoningRequester - INFO - StartState: sendTransportOrder
04/06/2023 12:08:49 AM - ww.ovgu.de/aas/b4ea58d6-155b-4157-b77d-fce8bcca8d0c.HoningRequester - INFO - InputDocument : NA
04/06/2023 12:08:49 AM - ww.ovgu.de/aas/b4ea58d6-155b-4157-b77d-fce8bcca8d0c.HoningRequester - INFO - OutputDocumentType : Order
04/06/2023 12:08:49 AM - ww.ovgu.de/aas/b4ea58d6-155b-4157-b77d-fce8bcca8d0c.HoningRequester - INFO - Condition :-
04/06/2023 12:08:49 AM - ww.ovgu.de/aas/b4ea58d6-155b-4157-b77d-fce8bcca8d0c.HoningRequester - INFO - TargettState: WaitforTransportOrderCompletion
04/06/2023 12:08:49 AM - ww.ovgu.de/aas/b4ea58d6-155b-4157-b77d-fce8bcca8d0c.HoningRequester - INFO - ############################################################################# 

04/06/2023 12:08:49 AM - ww.ovgu.de/aas/b4ea58d6-155b-4157-b77d-fce8bcca8d0c.HoningRequester - INFO - 
 #############################################################################
04/06/2023 12:08:49 AM - ww.ovgu.de/aas/b4ea58d6-155b-4157-b77d-fce8bcca8d0c.HoningRequester - INFO - StartState: WaitforTransportOrderCompletion
04/06/2023 12:08:49 AM - ww.ovgu.de/aas/b4ea58d6-155b-4157-b77d-fce8bcca8d0c.HoningRequester - INFO - InputDocument : OrderStatus
04/06/2023 12:08:57 AM - ww.ovgu.de/aas/b4ea58d6-155b-4157-b77d-fce8bcca8d0c.HoningRequester - INFO - OutputDocumentType : NA
04/06/2023 12:08:57 AM - ww.ovgu.de/aas/b4ea58d6-155b-4157-b77d-fce8bcca8d0c.HoningRequester - INFO - Condition :-
04/06/2023 12:08:57 AM - ww.ovgu.de/aas/b4ea58d6-155b-4157-b77d-fce8bcca8d0c.HoningRequester - INFO - TargettState: WaitforInformConfirm
04/06/2023 12:08:57 AM - ww.ovgu.de/aas/b4ea58d6-155b-4157-b77d-fce8bcca8d0c.HoningRequester - INFO - ############################################################################# 

04/06/2023 12:08:57 AM - ww.ovgu.de/aas/b4ea58d6-155b-4157-b77d-fce8bcca8d0c.HoningRequester - INFO - 
 #############################################################################
04/06/2023 12:08:57 AM - ww.ovgu.de/aas/b4ea58d6-155b-4157-b77d-fce8bcca8d0c.HoningRequester - INFO - StartState: WaitforInformConfirm
04/06/2023 12:08:57 AM - ww.ovgu.de/aas/b4ea58d6-155b-4157-b77d-fce8bcca8d0c.HoningRequester - INFO - InputDocument : informConfirm
04/06/2023 12:09:11 AM - ww.ovgu.de/aas/b4ea58d6-155b-4157-b77d-fce8bcca8d0c.HoningRequester - INFO - OutputDocumentType : NA
04/06/2023 12:09:11 AM - ww.ovgu.de/aas/b4ea58d6-155b-4157-b77d-fce8bcca8d0c.HoningRequester - INFO - Condition :-
04/06/2023 12:09:11 AM - ww.ovgu.de/aas/b4ea58d6-155b-4157-b77d-fce8bcca8d0c.HoningRequester - INFO - TargettState: sendCompletionResponse
04/06/2023 12:09:11 AM - ww.ovgu.de/aas/b4ea58d6-155b-4157-b77d-fce8bcca8d0c.HoningRequester - INFO - ############################################################################# 

04/06/2023 12:09:11 AM - ww.ovgu.de/aas/b4ea58d6-155b-4157-b77d-fce8bcca8d0c.HoningRequester - INFO - 
 #############################################################################
04/06/2023 12:09:11 AM - ww.ovgu.de/aas/b4ea58d6-155b-4157-b77d-fce8bcca8d0c.HoningRequester - INFO - StartState: sendCompletionResponse
04/06/2023 12:09:11 AM - ww.ovgu.de/aas/b4ea58d6-155b-4157-b77d-fce8bcca8d0c.HoningRequester - INFO - InputDocument : NA
04/06/2023 12:09:11 AM - ww.ovgu.de/aas/b4ea58d6-155b-4157-b77d-fce8bcca8d0c.HoningRequester - INFO - OutputDocumentType : OrderStatus
04/06/2023 12:09:12 AM - ww.ovgu.de/aas/b4ea58d6-155b-4157-b77d-fce8bcca8d0c.HoningRequester - INFO - Condition :-
04/06/2023 12:09:12 AM - ww.ovgu.de/aas/b4ea58d6-155b-4157-b77d-fce8bcca8d0c.HoningRequester - INFO - TargettState: WaitforNewOrder
04/06/2023 12:09:12 AM - ww.ovgu.de/aas/b4ea58d6-155b-4157-b77d-fce8bcca8d0c.HoningRequester - INFO - ############################################################################# 

04/06/2023 12:09:12 AM - ww.ovgu.de/aas/b4ea58d6-155b-4157-b77d-fce8bcca8d0c.HoningRequester - INFO - 
 #############################################################################
04/06/2023 12:09:12 AM - ww.ovgu.de/aas/b4ea58d6-155b-4157-b77d-fce8bcca8d0c.HoningRequester - INFO - StartState: WaitforNewOrder
04/06/2023 12:09:12 AM - ww.ovgu.de/aas/b4ea58d6-155b-4157-b77d-fce8bcca8d0c.HoningRequester - INFO - InputDocument : Order
04/06/2023 12:11:00 AM - ww.ovgu.de/aas/b4ea58d6-155b-4157-b77d-fce8bcca8d0c.HoningRequester - INFO - OutputDocumentType : NA
04/06/2023 12:11:00 AM - ww.ovgu.de/aas/b4ea58d6-155b-4157-b77d-fce8bcca8d0c.HoningRequester - INFO - Condition :-
04/06/2023 12:11:00 AM - ww.ovgu.de/aas/b4ea58d6-155b-4157-b77d-fce8bcca8d0c.HoningRequester - INFO - TargettState: cfpConfiguration
04/06/2023 12:11:00 AM - ww.ovgu.de/aas/b4ea58d6-155b-4157-b77d-fce8bcca8d0c.HoningRequester - INFO - ############################################################################# 

04/06/2023 12:11:00 AM - ww.ovgu.de/aas/b4ea58d6-155b-4157-b77d-fce8bcca8d0c.HoningRequester - INFO - 
 #############################################################################
04/06/2023 12:11:00 AM - ww.ovgu.de/aas/b4ea58d6-155b-4157-b77d-fce8bcca8d0c.HoningRequester - INFO - StartState: cfpConfiguration
04/06/2023 12:11:00 AM - ww.ovgu.de/aas/b4ea58d6-155b-4157-b77d-fce8bcca8d0c.HoningRequester - INFO - InputDocument : NA
04/06/2023 12:11:00 AM - ww.ovgu.de/aas/b4ea58d6-155b-4157-b77d-fce8bcca8d0c.HoningRequester - INFO - OutputDocumentType : NA
04/06/2023 12:11:00 AM - ww.ovgu.de/aas/b4ea58d6-155b-4157-b77d-fce8bcca8d0c.HoningRequester - INFO - Condition :-
04/06/2023 12:11:00 AM - ww.ovgu.de/aas/b4ea58d6-155b-4157-b77d-fce8bcca8d0c.HoningRequester - INFO - TargettState: SendCFP
04/06/2023 12:11:00 AM - ww.ovgu.de/aas/b4ea58d6-155b-4157-b77d-fce8bcca8d0c.HoningRequester - INFO - ############################################################################# 

04/06/2023 12:11:00 AM - ww.ovgu.de/aas/b4ea58d6-155b-4157-b77d-fce8bcca8d0c.HoningRequester - INFO - 
 #############################################################################
04/06/2023 12:11:00 AM - ww.ovgu.de/aas/b4ea58d6-155b-4157-b77d-fce8bcca8d0c.HoningRequester - INFO - StartState: SendCFP
04/06/2023 12:11:00 AM - ww.ovgu.de/aas/b4ea58d6-155b-4157-b77d-fce8bcca8d0c.HoningRequester - INFO - InputDocument : NA
04/06/2023 12:11:00 AM - ww.ovgu.de/aas/b4ea58d6-155b-4157-b77d-fce8bcca8d0c.HoningRequester - INFO - OutputDocumentType : callForProposal
04/06/2023 12:11:00 AM - ww.ovgu.de/aas/b4ea58d6-155b-4157-b77d-fce8bcca8d0c.HoningRequester - INFO - Condition :-
04/06/2023 12:11:00 AM - ww.ovgu.de/aas/b4ea58d6-155b-4157-b77d-fce8bcca8d0c.HoningRequester - INFO - TargettState: WaitForSPProposal
04/06/2023 12:11:00 AM - ww.ovgu.de/aas/b4ea58d6-155b-4157-b77d-fce8bcca8d0c.HoningRequester - INFO - ############################################################################# 

04/06/2023 12:11:00 AM - ww.ovgu.de/aas/b4ea58d6-155b-4157-b77d-fce8bcca8d0c.HoningRequester - INFO - 
 #############################################################################
04/06/2023 12:11:01 AM - ww.ovgu.de/aas/b4ea58d6-155b-4157-b77d-fce8bcca8d0c.HoningRequester - INFO - StartState: WaitForSPProposal
04/06/2023 12:11:01 AM - ww.ovgu.de/aas/b4ea58d6-155b-4157-b77d-fce8bcca8d0c.HoningRequester - INFO - InputDocument : proposal
04/06/2023 12:11:03 AM - ww.ovgu.de/aas/b4ea58d6-155b-4157-b77d-fce8bcca8d0c.HoningRequester - INFO - OutputDocumentType : NA
04/06/2023 12:11:03 AM - ww.ovgu.de/aas/b4ea58d6-155b-4157-b77d-fce8bcca8d0c.HoningRequester - INFO - Condition :-
04/06/2023 12:11:03 AM - ww.ovgu.de/aas/b4ea58d6-155b-4157-b77d-fce8bcca8d0c.HoningRequester - INFO - TargettState: EvaluateProposal
04/06/2023 12:11:03 AM - ww.ovgu.de/aas/b4ea58d6-155b-4157-b77d-fce8bcca8d0c.HoningRequester - INFO - ############################################################################# 

04/06/2023 12:11:03 AM - ww.ovgu.de/aas/b4ea58d6-155b-4157-b77d-fce8bcca8d0c.HoningRequester - INFO - 
 #############################################################################
04/06/2023 12:11:03 AM - ww.ovgu.de/aas/b4ea58d6-155b-4157-b77d-fce8bcca8d0c.HoningRequester - INFO - StartState: EvaluateProposal
04/06/2023 12:11:03 AM - ww.ovgu.de/aas/b4ea58d6-155b-4157-b77d-fce8bcca8d0c.HoningRequester - INFO - InputDocument : NA
04/06/2023 12:11:03 AM - ww.ovgu.de/aas/b4ea58d6-155b-4157-b77d-fce8bcca8d0c.HoningRequester - INFO - OutputDocumentType : NA
04/06/2023 12:11:03 AM - ww.ovgu.de/aas/b4ea58d6-155b-4157-b77d-fce8bcca8d0c.HoningRequester - INFO - Condition :-
04/06/2023 12:11:03 AM - ww.ovgu.de/aas/b4ea58d6-155b-4157-b77d-fce8bcca8d0c.HoningRequester - INFO - TargettState: sendrejectProposal
04/06/2023 12:11:03 AM - ww.ovgu.de/aas/b4ea58d6-155b-4157-b77d-fce8bcca8d0c.HoningRequester - INFO - ############################################################################# 

04/06/2023 12:11:03 AM - ww.ovgu.de/aas/b4ea58d6-155b-4157-b77d-fce8bcca8d0c.HoningRequester - INFO - 
 #############################################################################
04/06/2023 12:11:03 AM - ww.ovgu.de/aas/b4ea58d6-155b-4157-b77d-fce8bcca8d0c.HoningRequester - INFO - StartState: sendrejectProposal
04/06/2023 12:11:03 AM - ww.ovgu.de/aas/b4ea58d6-155b-4157-b77d-fce8bcca8d0c.HoningRequester - INFO - InputDocument : NA
04/06/2023 12:11:03 AM - ww.ovgu.de/aas/b4ea58d6-155b-4157-b77d-fce8bcca8d0c.HoningRequester - INFO - OutputDocumentType : rejectProposal
04/06/2023 12:11:03 AM - ww.ovgu.de/aas/b4ea58d6-155b-4157-b77d-fce8bcca8d0c.HoningRequester - INFO - Condition :-
04/06/2023 12:11:03 AM - ww.ovgu.de/aas/b4ea58d6-155b-4157-b77d-fce8bcca8d0c.HoningRequester - INFO - TargettState: sendacceptProposal
04/06/2023 12:11:03 AM - ww.ovgu.de/aas/b4ea58d6-155b-4157-b77d-fce8bcca8d0c.HoningRequester - INFO - ############################################################################# 

04/06/2023 12:11:03 AM - ww.ovgu.de/aas/b4ea58d6-155b-4157-b77d-fce8bcca8d0c.HoningRequester - INFO - 
 #############################################################################
04/06/2023 12:11:03 AM - ww.ovgu.de/aas/b4ea58d6-155b-4157-b77d-fce8bcca8d0c.HoningRequester - INFO - StartState: sendacceptProposal
04/06/2023 12:11:03 AM - ww.ovgu.de/aas/b4ea58d6-155b-4157-b77d-fce8bcca8d0c.HoningRequester - INFO - InputDocument : NA
04/06/2023 12:11:03 AM - ww.ovgu.de/aas/b4ea58d6-155b-4157-b77d-fce8bcca8d0c.HoningRequester - INFO - OutputDocumentType : acceptProposal
04/06/2023 12:11:03 AM - ww.ovgu.de/aas/b4ea58d6-155b-4157-b77d-fce8bcca8d0c.HoningRequester - INFO - Condition :-
04/06/2023 12:11:03 AM - ww.ovgu.de/aas/b4ea58d6-155b-4157-b77d-fce8bcca8d0c.HoningRequester - INFO - TargettState: sendTransportOrder
04/06/2023 12:11:03 AM - ww.ovgu.de/aas/b4ea58d6-155b-4157-b77d-fce8bcca8d0c.HoningRequester - INFO - ############################################################################# 

04/06/2023 12:11:03 AM - ww.ovgu.de/aas/b4ea58d6-155b-4157-b77d-fce8bcca8d0c.HoningRequester - INFO - 
 #############################################################################
04/06/2023 12:11:03 AM - ww.ovgu.de/aas/b4ea58d6-155b-4157-b77d-fce8bcca8d0c.HoningRequester - INFO - StartState: sendTransportOrder
04/06/2023 12:11:03 AM - ww.ovgu.de/aas/b4ea58d6-155b-4157-b77d-fce8bcca8d0c.HoningRequester - INFO - InputDocument : NA
04/06/2023 12:11:04 AM - ww.ovgu.de/aas/b4ea58d6-155b-4157-b77d-fce8bcca8d0c.HoningRequester - INFO - OutputDocumentType : Order
04/06/2023 12:11:04 AM - ww.ovgu.de/aas/b4ea58d6-155b-4157-b77d-fce8bcca8d0c.HoningRequester - INFO - Condition :-
04/06/2023 12:11:04 AM - ww.ovgu.de/aas/b4ea58d6-155b-4157-b77d-fce8bcca8d0c.HoningRequester - INFO - TargettState: WaitforTransportOrderCompletion
04/06/2023 12:11:04 AM - ww.ovgu.de/aas/b4ea58d6-155b-4157-b77d-fce8bcca8d0c.HoningRequester - INFO - ############################################################################# 

04/06/2023 12:11:04 AM - ww.ovgu.de/aas/b4ea58d6-155b-4157-b77d-fce8bcca8d0c.HoningRequester - INFO - 
 #############################################################################
04/06/2023 12:11:04 AM - ww.ovgu.de/aas/b4ea58d6-155b-4157-b77d-fce8bcca8d0c.HoningRequester - INFO - StartState: WaitforTransportOrderCompletion
04/06/2023 12:11:04 AM - ww.ovgu.de/aas/b4ea58d6-155b-4157-b77d-fce8bcca8d0c.HoningRequester - INFO - InputDocument : OrderStatus
04/06/2023 12:11:10 AM - ww.ovgu.de/aas/b4ea58d6-155b-4157-b77d-fce8bcca8d0c.HoningRequester - INFO - OutputDocumentType : NA
04/06/2023 12:11:10 AM - ww.ovgu.de/aas/b4ea58d6-155b-4157-b77d-fce8bcca8d0c.HoningRequester - INFO - Condition :-
04/06/2023 12:11:10 AM - ww.ovgu.de/aas/b4ea58d6-155b-4157-b77d-fce8bcca8d0c.HoningRequester - INFO - TargettState: WaitforInformConfirm
04/06/2023 12:11:10 AM - ww.ovgu.de/aas/b4ea58d6-155b-4157-b77d-fce8bcca8d0c.HoningRequester - INFO - ############################################################################# 

04/06/2023 12:11:10 AM - ww.ovgu.de/aas/b4ea58d6-155b-4157-b77d-fce8bcca8d0c.HoningRequester - INFO - 
 #############################################################################
04/06/2023 12:11:10 AM - ww.ovgu.de/aas/b4ea58d6-155b-4157-b77d-fce8bcca8d0c.HoningRequester - INFO - StartState: WaitforInformConfirm
04/06/2023 12:11:10 AM - ww.ovgu.de/aas/b4ea58d6-155b-4157-b77d-fce8bcca8d0c.HoningRequester - INFO - InputDocument : informConfirm
04/06/2023 12:11:26 AM - ww.ovgu.de/aas/b4ea58d6-155b-4157-b77d-fce8bcca8d0c.HoningRequester - INFO - OutputDocumentType : NA
04/06/2023 12:11:26 AM - ww.ovgu.de/aas/b4ea58d6-155b-4157-b77d-fce8bcca8d0c.HoningRequester - INFO - Condition :-
04/06/2023 12:11:26 AM - ww.ovgu.de/aas/b4ea58d6-155b-4157-b77d-fce8bcca8d0c.HoningRequester - INFO - TargettState: sendCompletionResponse
04/06/2023 12:11:26 AM - ww.ovgu.de/aas/b4ea58d6-155b-4157-b77d-fce8bcca8d0c.HoningRequester - INFO - ############################################################################# 

04/06/2023 12:11:26 AM - ww.ovgu.de/aas/b4ea58d6-155b-4157-b77d-fce8bcca8d0c.HoningRequester - INFO - 
 #############################################################################
04/06/2023 12:11:26 AM - ww.ovgu.de/aas/b4ea58d6-155b-4157-b77d-fce8bcca8d0c.HoningRequester - INFO - StartState: sendCompletionResponse
04/06/2023 12:11:26 AM - ww.ovgu.de/aas/b4ea58d6-155b-4157-b77d-fce8bcca8d0c.HoningRequester - INFO - InputDocument : NA
04/06/2023 12:11:26 AM - ww.ovgu.de/aas/b4ea58d6-155b-4157-b77d-fce8bcca8d0c.HoningRequester - INFO - OutputDocumentType : OrderStatus
04/06/2023 12:11:26 AM - ww.ovgu.de/aas/b4ea58d6-155b-4157-b77d-fce8bcca8d0c.HoningRequester - INFO - Condition :-
04/06/2023 12:11:26 AM - ww.ovgu.de/aas/b4ea58d6-155b-4157-b77d-fce8bcca8d0c.HoningRequester - INFO - TargettState: WaitforNewOrder
04/06/2023 12:11:26 AM - ww.ovgu.de/aas/b4ea58d6-155b-4157-b77d-fce8bcca8d0c.HoningRequester - INFO - ############################################################################# 

04/06/2023 12:11:26 AM - ww.ovgu.de/aas/b4ea58d6-155b-4157-b77d-fce8bcca8d0c.HoningRequester - INFO - 
 #############################################################################
04/06/2023 12:11:26 AM - ww.ovgu.de/aas/b4ea58d6-155b-4157-b77d-fce8bcca8d0c.HoningRequester - INFO - StartState: WaitforNewOrder
04/06/2023 12:11:26 AM - ww.ovgu.de/aas/b4ea58d6-155b-4157-b77d-fce8bcca8d0c.HoningRequester - INFO - InputDocument : Order
