04/03/2023 04:54:44 PM - b28d0295-dc70-47ab-9e07-ad3410915ac9_Register - INFO - 
 #############################################################################
04/03/2023 04:54:44 PM - b28d0295-dc70-47ab-9e07-ad3410915ac9_Register - INFO - StartState: WaitforNewOrder
04/03/2023 04:54:44 PM - b28d0295-dc70-47ab-9e07-ad3410915ac9_Register - INFO - InputDocument : Order
04/03/2023 04:55:34 PM - 68f10a0b-95c7-48b7-adc5-a78aa6c470a4_Register - INFO - 
 #############################################################################
04/03/2023 04:55:34 PM - 68f10a0b-95c7-48b7-adc5-a78aa6c470a4_Register - INFO - StartState: WaitforNewOrder
04/03/2023 04:55:34 PM - 68f10a0b-95c7-48b7-adc5-a78aa6c470a4_Register - INFO - InputDocument : Order
04/03/2023 04:55:40 PM - 54bf55a1-9f93-46b9-adea-b252da29d532_Register - INFO - 
 #############################################################################
04/03/2023 04:55:40 PM - 54bf55a1-9f93-46b9-adea-b252da29d532_Register - INFO - StartState: WaitforNewOrder
04/03/2023 04:55:40 PM - 54bf55a1-9f93-46b9-adea-b252da29d532_Register - INFO - InputDocument : Order
04/03/2023 04:56:25 PM - 7e03d45f-ddf0-4902-acbc-af64e047046e_Register - INFO - 
 #############################################################################
04/03/2023 04:56:25 PM - 7e03d45f-ddf0-4902-acbc-af64e047046e_Register - INFO - StartState: WaitforNewOrder
04/03/2023 04:56:25 PM - 7e03d45f-ddf0-4902-acbc-af64e047046e_Register - INFO - InputDocument : Order
04/03/2023 04:57:16 PM - 087cae97-e9d3-4596-b62b-5116d02b0d40_Register - INFO - 
 #############################################################################
04/03/2023 04:57:16 PM - 087cae97-e9d3-4596-b62b-5116d02b0d40_Register - INFO - StartState: WaitforNewOrder
04/03/2023 04:57:16 PM - 087cae97-e9d3-4596-b62b-5116d02b0d40_Register - INFO - InputDocument : Order
04/03/2023 04:58:49 PM - 4fba0a65-8a96-4395-b77f-92c38cc8bf2c_Register - INFO - 
 #############################################################################
04/03/2023 04:58:49 PM - 4fba0a65-8a96-4395-b77f-92c38cc8bf2c_Register - INFO - StartState: WaitforNewOrder
04/03/2023 04:58:49 PM - 4fba0a65-8a96-4395-b77f-92c38cc8bf2c_Register - INFO - InputDocument : Order
04/03/2023 05:00:06 PM - 246077cc-8528-4194-9608-9baae9da54a7_Register - INFO - 
 #############################################################################
04/03/2023 05:00:06 PM - 246077cc-8528-4194-9608-9baae9da54a7_Register - INFO - StartState: WaitforNewOrder
04/03/2023 05:00:06 PM - 246077cc-8528-4194-9608-9baae9da54a7_Register - INFO - InputDocument : Order
04/03/2023 05:01:28 PM - f7887f12-015a-4f7a-b8ff-34c37e75daa4_Register - INFO - 
 #############################################################################
04/03/2023 05:01:28 PM - f7887f12-015a-4f7a-b8ff-34c37e75daa4_Register - INFO - StartState: WaitforNewOrder
04/03/2023 05:01:28 PM - f7887f12-015a-4f7a-b8ff-34c37e75daa4_Register - INFO - InputDocument : Order
04/03/2023 05:02:26 PM - 945fb9fa-be8a-4f1c-812c-26cd8d7cc84f_Register - INFO - 
 #############################################################################
04/03/2023 05:02:26 PM - 945fb9fa-be8a-4f1c-812c-26cd8d7cc84f_Register - INFO - StartState: WaitforNewOrder
04/03/2023 05:02:26 PM - 945fb9fa-be8a-4f1c-812c-26cd8d7cc84f_Register - INFO - InputDocument : Order
04/03/2023 05:03:12 PM - 548eca08-56ea-45bc-ae41-de2c6e0e6b05_Register - INFO - 
 #############################################################################
04/03/2023 05:03:12 PM - 548eca08-56ea-45bc-ae41-de2c6e0e6b05_Register - INFO - StartState: WaitforNewOrder
04/03/2023 05:03:12 PM - 548eca08-56ea-45bc-ae41-de2c6e0e6b05_Register - INFO - InputDocument : Order
04/03/2023 05:05:15 PM - e2672339-2d23-4fa3-a11c-0fbbe640dd73_Register - INFO - 
 #############################################################################
04/03/2023 05:05:15 PM - e2672339-2d23-4fa3-a11c-0fbbe640dd73_Register - INFO - StartState: WaitforNewOrder
04/03/2023 05:05:15 PM - e2672339-2d23-4fa3-a11c-0fbbe640dd73_Register - INFO - InputDocument : Order
04/03/2023 05:08:35 PM - 74332341-ab02-4b05-a9be-d7c2ef489c46_Register - INFO - 
 #############################################################################
04/03/2023 05:08:35 PM - 74332341-ab02-4b05-a9be-d7c2ef489c46_Register - INFO - StartState: WaitforNewOrder
04/03/2023 05:08:35 PM - 74332341-ab02-4b05-a9be-d7c2ef489c46_Register - INFO - InputDocument : Order
04/03/2023 05:09:12 PM - faf560de-6761-44d6-aba8-e4f7072fbee7_Register - INFO - 
 #############################################################################
04/03/2023 05:09:12 PM - faf560de-6761-44d6-aba8-e4f7072fbee7_Register - INFO - StartState: WaitforNewOrder
04/03/2023 05:09:12 PM - faf560de-6761-44d6-aba8-e4f7072fbee7_Register - INFO - InputDocument : Order
04/03/2023 05:17:33 PM - c109227a-bb8e-4b5d-acce-c777e72e7316_Register - INFO - 
 #############################################################################
04/03/2023 05:17:33 PM - c109227a-bb8e-4b5d-acce-c777e72e7316_Register - INFO - StartState: WaitforNewOrder
04/03/2023 05:17:33 PM - c109227a-bb8e-4b5d-acce-c777e72e7316_Register - INFO - InputDocument : Order
04/03/2023 05:19:20 PM - bc3be6c3-20c4-4205-bfd8-9c605d894f16_Register - INFO - 
 #############################################################################
04/03/2023 05:19:20 PM - bc3be6c3-20c4-4205-bfd8-9c605d894f16_Register - INFO - StartState: WaitforNewOrder
04/03/2023 05:19:20 PM - bc3be6c3-20c4-4205-bfd8-9c605d894f16_Register - INFO - InputDocument : Order
04/03/2023 05:22:27 PM - 6120b13b-d038-4e39-a8d5-df7d7e4e382a_Register - INFO - 
 #############################################################################
04/03/2023 05:22:27 PM - 6120b13b-d038-4e39-a8d5-df7d7e4e382a_Register - INFO - StartState: WaitforNewOrder
04/03/2023 05:22:27 PM - 6120b13b-d038-4e39-a8d5-df7d7e4e382a_Register - INFO - InputDocument : Order
04/03/2023 05:25:38 PM - 4ac2b2ec-7a7c-49d9-b261-be7de6016bc6_Register - INFO - 
 #############################################################################
04/03/2023 05:25:38 PM - 4ac2b2ec-7a7c-49d9-b261-be7de6016bc6_Register - INFO - StartState: WaitforNewOrder
04/03/2023 05:25:38 PM - 4ac2b2ec-7a7c-49d9-b261-be7de6016bc6_Register - INFO - InputDocument : Order
04/03/2023 05:27:22 PM - e99540c2-0c62-4b1c-afb1-be1816d15b6f_Register - INFO - 
 #############################################################################
04/03/2023 05:27:22 PM - e99540c2-0c62-4b1c-afb1-be1816d15b6f_Register - INFO - StartState: WaitforNewOrder
04/03/2023 05:27:22 PM - e99540c2-0c62-4b1c-afb1-be1816d15b6f_Register - INFO - InputDocument : Order
04/03/2023 05:30:00 PM - b89d360d-0671-4c8c-bcca-460932ab35cb_Register - INFO - 
 #############################################################################
04/03/2023 05:30:00 PM - b89d360d-0671-4c8c-bcca-460932ab35cb_Register - INFO - StartState: WaitforNewOrder
04/03/2023 05:30:00 PM - b89d360d-0671-4c8c-bcca-460932ab35cb_Register - INFO - InputDocument : Order
04/03/2023 05:31:57 PM - ec785a3d-c99f-4999-9a18-f658fa9b426f_Register - INFO - 
 #############################################################################
04/03/2023 05:31:57 PM - ec785a3d-c99f-4999-9a18-f658fa9b426f_Register - INFO - StartState: WaitforNewOrder
04/03/2023 05:31:57 PM - ec785a3d-c99f-4999-9a18-f658fa9b426f_Register - INFO - InputDocument : Order
04/03/2023 06:08:00 PM - c5d6e6ba-a385-4d61-8401-e3eea171ec43_Register - INFO - 
 #############################################################################
04/03/2023 06:08:00 PM - c5d6e6ba-a385-4d61-8401-e3eea171ec43_Register - INFO - StartState: WaitforNewOrder
04/03/2023 06:08:00 PM - c5d6e6ba-a385-4d61-8401-e3eea171ec43_Register - INFO - InputDocument : Order
04/03/2023 06:10:13 PM - 5afba8c5-af99-48ae-9ce5-7193bf90c0fa_Register - INFO - 
 #############################################################################
04/03/2023 06:10:13 PM - 5afba8c5-af99-48ae-9ce5-7193bf90c0fa_Register - INFO - StartState: WaitforNewOrder
04/03/2023 06:10:13 PM - 5afba8c5-af99-48ae-9ce5-7193bf90c0fa_Register - INFO - InputDocument : Order
04/03/2023 06:13:01 PM - 47f3a180-de76-4b6a-873d-23a153e7fc68_Register - INFO - 
 #############################################################################
04/03/2023 06:13:01 PM - 47f3a180-de76-4b6a-873d-23a153e7fc68_Register - INFO - StartState: WaitforNewOrder
04/03/2023 06:13:01 PM - 47f3a180-de76-4b6a-873d-23a153e7fc68_Register - INFO - InputDocument : Order
04/03/2023 06:27:34 PM - 5b03b733-f836-4f34-9285-4b644109f005_Register - INFO - 
 #############################################################################
04/03/2023 06:27:34 PM - 5b03b733-f836-4f34-9285-4b644109f005_Register - INFO - StartState: WaitforNewOrder
04/03/2023 06:27:34 PM - 5b03b733-f836-4f34-9285-4b644109f005_Register - INFO - InputDocument : Order
04/03/2023 07:10:37 PM - fbaf2b97-3709-4c67-954f-1bb6dd641d4a_Register - INFO - 
 #############################################################################
04/03/2023 07:10:37 PM - fbaf2b97-3709-4c67-954f-1bb6dd641d4a_Register - INFO - StartState: WaitforNewOrder
04/03/2023 07:10:37 PM - fbaf2b97-3709-4c67-954f-1bb6dd641d4a_Register - INFO - InputDocument : Order
04/03/2023 07:13:41 PM - a64286b8-58f8-489b-aee0-a63ba6ce64c1_Register - INFO - 
 #############################################################################
04/03/2023 07:13:41 PM - a64286b8-58f8-489b-aee0-a63ba6ce64c1_Register - INFO - StartState: WaitforNewOrder
04/03/2023 07:13:41 PM - a64286b8-58f8-489b-aee0-a63ba6ce64c1_Register - INFO - InputDocument : Order
04/03/2023 07:16:50 PM - 6fb1958f-7fb4-401a-9428-697dfdccf794_Register - INFO - 
 #############################################################################
04/03/2023 07:16:50 PM - 6fb1958f-7fb4-401a-9428-697dfdccf794_Register - INFO - StartState: WaitforNewOrder
04/03/2023 07:16:50 PM - 6fb1958f-7fb4-401a-9428-697dfdccf794_Register - INFO - InputDocument : Order
04/03/2023 07:17:46 PM - c18734a4-501c-4f30-816b-da63cf227e0d_Register - INFO - 
 #############################################################################
04/03/2023 07:17:46 PM - c18734a4-501c-4f30-816b-da63cf227e0d_Register - INFO - StartState: WaitforNewOrder
04/03/2023 07:17:46 PM - c18734a4-501c-4f30-816b-da63cf227e0d_Register - INFO - InputDocument : Order
04/03/2023 07:18:18 PM - a3853c98-23c1-4e4d-8f4e-400515a347e9_Register - INFO - 
 #############################################################################
04/03/2023 07:18:18 PM - a3853c98-23c1-4e4d-8f4e-400515a347e9_Register - INFO - StartState: WaitforNewOrder
04/03/2023 07:18:18 PM - a3853c98-23c1-4e4d-8f4e-400515a347e9_Register - INFO - InputDocument : Order
04/03/2023 07:19:32 PM - c3899d6c-eb7c-4244-bd05-3fc6ad249713_Register - INFO - 
 #############################################################################
04/03/2023 07:19:32 PM - c3899d6c-eb7c-4244-bd05-3fc6ad249713_Register - INFO - StartState: WaitforNewOrder
04/03/2023 07:19:32 PM - c3899d6c-eb7c-4244-bd05-3fc6ad249713_Register - INFO - InputDocument : Order
04/03/2023 07:20:35 PM - 5f0af8ea-cfc2-4ce4-8b6e-0e40a3cd5e4c_Register - INFO - 
 #############################################################################
04/03/2023 07:20:35 PM - 5f0af8ea-cfc2-4ce4-8b6e-0e40a3cd5e4c_Register - INFO - StartState: WaitforNewOrder
04/03/2023 07:20:35 PM - 5f0af8ea-cfc2-4ce4-8b6e-0e40a3cd5e4c_Register - INFO - InputDocument : Order
04/03/2023 07:21:48 PM - 6b268352-782a-48aa-a21e-5a65ded43e0a_Register - INFO - 
 #############################################################################
04/03/2023 07:21:48 PM - 6b268352-782a-48aa-a21e-5a65ded43e0a_Register - INFO - StartState: WaitforNewOrder
04/03/2023 07:21:48 PM - 6b268352-782a-48aa-a21e-5a65ded43e0a_Register - INFO - InputDocument : Order
04/03/2023 07:23:00 PM - a54f9bbb-7c3f-4e6e-985b-da76de664258_Register - INFO - 
 #############################################################################
04/03/2023 07:23:00 PM - a54f9bbb-7c3f-4e6e-985b-da76de664258_Register - INFO - StartState: WaitforNewOrder
04/03/2023 07:23:00 PM - a54f9bbb-7c3f-4e6e-985b-da76de664258_Register - INFO - InputDocument : Order
04/03/2023 07:36:52 PM - 4f738555-ff12-4c5d-9e1f-dd26804f1e24_Register - INFO - 
 #############################################################################
04/03/2023 07:36:52 PM - 4f738555-ff12-4c5d-9e1f-dd26804f1e24_Register - INFO - StartState: WaitforNewOrder
04/03/2023 07:36:52 PM - 4f738555-ff12-4c5d-9e1f-dd26804f1e24_Register - INFO - InputDocument : Order
04/03/2023 07:38:47 PM - 02881a7b-5339-4bc1-9c40-8bd0656eba5c_Register - INFO - 
 #############################################################################
04/03/2023 07:38:47 PM - 02881a7b-5339-4bc1-9c40-8bd0656eba5c_Register - INFO - StartState: WaitforNewOrder
04/03/2023 07:38:47 PM - 02881a7b-5339-4bc1-9c40-8bd0656eba5c_Register - INFO - InputDocument : Order
04/03/2023 07:43:13 PM - f383ca6b-1718-4c7e-a730-1f4292090563_Register - INFO - 
 #############################################################################
04/03/2023 07:43:13 PM - f383ca6b-1718-4c7e-a730-1f4292090563_Register - INFO - StartState: WaitforNewOrder
04/03/2023 07:43:13 PM - f383ca6b-1718-4c7e-a730-1f4292090563_Register - INFO - InputDocument : Order
04/03/2023 07:46:44 PM - 0060e865-d6b7-4f2c-b308-520a468335b6_Register - INFO - 
 #############################################################################
04/03/2023 07:46:44 PM - 0060e865-d6b7-4f2c-b308-520a468335b6_Register - INFO - StartState: WaitforNewOrder
04/03/2023 07:46:44 PM - 0060e865-d6b7-4f2c-b308-520a468335b6_Register - INFO - InputDocument : Order
04/03/2023 07:49:04 PM - 5ae5f420-6ed1-44df-8039-2f4ba0ef6402_Register - INFO - 
 #############################################################################
04/03/2023 07:49:04 PM - 5ae5f420-6ed1-44df-8039-2f4ba0ef6402_Register - INFO - StartState: WaitforNewOrder
04/03/2023 07:49:04 PM - 5ae5f420-6ed1-44df-8039-2f4ba0ef6402_Register - INFO - InputDocument : Order
04/03/2023 07:55:26 PM - 66fd59c6-9474-48ff-ba53-3df92f0dec41_Register - INFO - 
 #############################################################################
04/03/2023 07:55:26 PM - 66fd59c6-9474-48ff-ba53-3df92f0dec41_Register - INFO - StartState: WaitforNewOrder
04/03/2023 07:55:26 PM - 66fd59c6-9474-48ff-ba53-3df92f0dec41_Register - INFO - InputDocument : Order
04/03/2023 07:57:13 PM - c95d77dc-6cc7-4041-be83-48d804fdb006_Register - INFO - 
 #############################################################################
04/03/2023 07:57:13 PM - c95d77dc-6cc7-4041-be83-48d804fdb006_Register - INFO - StartState: WaitforNewOrder
04/03/2023 07:57:13 PM - c95d77dc-6cc7-4041-be83-48d804fdb006_Register - INFO - InputDocument : Order
04/03/2023 07:57:33 PM - 053d9893-5917-40d7-9681-b14d116890d6_Register - INFO - 
 #############################################################################
04/03/2023 07:57:33 PM - 053d9893-5917-40d7-9681-b14d116890d6_Register - INFO - StartState: WaitforNewOrder
04/03/2023 07:57:33 PM - 053d9893-5917-40d7-9681-b14d116890d6_Register - INFO - InputDocument : Order
04/03/2023 08:01:07 PM - 691d0513-e94e-4d84-b366-946dbdcc2673_Register - INFO - 
 #############################################################################
04/03/2023 08:01:07 PM - 691d0513-e94e-4d84-b366-946dbdcc2673_Register - INFO - StartState: WaitforNewOrder
04/03/2023 08:01:07 PM - 691d0513-e94e-4d84-b366-946dbdcc2673_Register - INFO - InputDocument : Order
04/03/2023 08:03:53 PM - bccb2c0a-034d-4a44-ad89-64f62e5acbb7_Register - INFO - 
 #############################################################################
04/03/2023 08:03:53 PM - bccb2c0a-034d-4a44-ad89-64f62e5acbb7_Register - INFO - StartState: WaitforNewOrder
04/03/2023 08:03:53 PM - bccb2c0a-034d-4a44-ad89-64f62e5acbb7_Register - INFO - InputDocument : Order
04/03/2023 08:09:29 PM - 14720ffb-f5fd-4a8d-bf6a-47e5639bab0d_Register - INFO - 
 #############################################################################
04/03/2023 08:09:29 PM - 14720ffb-f5fd-4a8d-bf6a-47e5639bab0d_Register - INFO - StartState: WaitforNewOrder
04/03/2023 08:09:29 PM - 14720ffb-f5fd-4a8d-bf6a-47e5639bab0d_Register - INFO - InputDocument : Order
04/03/2023 08:13:28 PM - ea2249a4-7df7-4dcf-ac64-c7098994a6c1_Register - INFO - 
 #############################################################################
04/03/2023 08:13:28 PM - ea2249a4-7df7-4dcf-ac64-c7098994a6c1_Register - INFO - StartState: WaitforNewOrder
04/03/2023 08:13:28 PM - ea2249a4-7df7-4dcf-ac64-c7098994a6c1_Register - INFO - InputDocument : Order
04/03/2023 08:14:29 PM - 67bd4c6c-b49a-4c37-a68d-76b886016a85_Register - INFO - 
 #############################################################################
04/03/2023 08:14:29 PM - 67bd4c6c-b49a-4c37-a68d-76b886016a85_Register - INFO - StartState: WaitforNewOrder
04/03/2023 08:14:29 PM - 67bd4c6c-b49a-4c37-a68d-76b886016a85_Register - INFO - InputDocument : Order
04/03/2023 08:21:28 PM - 20d08537-7820-4f57-be10-a32221bc6c29_Register - INFO - 
 #############################################################################
04/03/2023 08:21:28 PM - 20d08537-7820-4f57-be10-a32221bc6c29_Register - INFO - StartState: WaitforNewOrder
04/03/2023 08:21:28 PM - 20d08537-7820-4f57-be10-a32221bc6c29_Register - INFO - InputDocument : Order
04/03/2023 08:22:25 PM - ebe878a6-3145-475e-87a5-c3be610366df_Register - INFO - 
 #############################################################################
04/03/2023 08:22:25 PM - ebe878a6-3145-475e-87a5-c3be610366df_Register - INFO - StartState: WaitforNewOrder
04/03/2023 08:22:25 PM - ebe878a6-3145-475e-87a5-c3be610366df_Register - INFO - InputDocument : Order
04/04/2023 12:43:57 PM - 0a467059-72c8-4acf-8d6b-33fdf5981dd4_Register - INFO - 
 #############################################################################
04/04/2023 12:43:57 PM - 0a467059-72c8-4acf-8d6b-33fdf5981dd4_Register - INFO - StartState: WaitforNewOrder
04/04/2023 12:43:57 PM - 0a467059-72c8-4acf-8d6b-33fdf5981dd4_Register - INFO - InputDocument : Order
04/04/2023 12:44:25 PM - 86aaf65a-7d03-4c72-b93e-af32bcbedc87_Register - INFO - 
 #############################################################################
04/04/2023 12:44:25 PM - 86aaf65a-7d03-4c72-b93e-af32bcbedc87_Register - INFO - StartState: WaitforNewOrder
04/04/2023 12:44:25 PM - 86aaf65a-7d03-4c72-b93e-af32bcbedc87_Register - INFO - InputDocument : Order
04/04/2023 12:53:33 PM - 65c81c81-a228-4196-b9dc-a61af3b60c21_Register - INFO - 
 #############################################################################
04/04/2023 12:53:33 PM - 65c81c81-a228-4196-b9dc-a61af3b60c21_Register - INFO - StartState: WaitforNewOrder
04/04/2023 12:53:33 PM - 65c81c81-a228-4196-b9dc-a61af3b60c21_Register - INFO - InputDocument : Order
04/04/2023 12:59:20 PM - d73e737a-ae8b-4f89-8b2a-f7c3112a6314_Register - INFO - 
 #############################################################################
04/04/2023 12:59:20 PM - d73e737a-ae8b-4f89-8b2a-f7c3112a6314_Register - INFO - StartState: WaitforNewOrder
04/04/2023 12:59:20 PM - d73e737a-ae8b-4f89-8b2a-f7c3112a6314_Register - INFO - InputDocument : Order
04/04/2023 01:01:56 PM - 27242408-0265-47a0-95f0-f6e5b06abe2e_Register - INFO - 
 #############################################################################
04/04/2023 01:01:56 PM - 27242408-0265-47a0-95f0-f6e5b06abe2e_Register - INFO - StartState: WaitforNewOrder
04/04/2023 01:01:56 PM - 27242408-0265-47a0-95f0-f6e5b06abe2e_Register - INFO - InputDocument : Order
04/04/2023 01:12:47 PM - ce4ba835-0d00-4a35-9c23-aca54f701e8b_Register - INFO - 
 #############################################################################
04/04/2023 01:12:48 PM - ce4ba835-0d00-4a35-9c23-aca54f701e8b_Register - INFO - StartState: WaitforNewOrder
04/04/2023 01:12:48 PM - ce4ba835-0d00-4a35-9c23-aca54f701e8b_Register - INFO - InputDocument : Order
04/04/2023 01:41:02 PM - e4f196b2-a6e4-4694-b313-5a039e173a88_Register - INFO - 
 #############################################################################
04/04/2023 01:41:02 PM - e4f196b2-a6e4-4694-b313-5a039e173a88_Register - INFO - StartState: WaitforNewOrder
04/04/2023 01:41:02 PM - e4f196b2-a6e4-4694-b313-5a039e173a88_Register - INFO - InputDocument : Order
04/04/2023 02:26:02 PM - 987afcde-0522-4d3e-b24b-c432d3620b15_Register - INFO - 
 #############################################################################
04/04/2023 02:26:02 PM - 987afcde-0522-4d3e-b24b-c432d3620b15_Register - INFO - StartState: WaitforNewOrder
04/04/2023 02:26:02 PM - 987afcde-0522-4d3e-b24b-c432d3620b15_Register - INFO - InputDocument : Order
04/04/2023 02:29:10 PM - c234de11-aa82-498c-8ec4-a90230ac7e9f_Register - INFO - 
 #############################################################################
04/04/2023 02:29:10 PM - c234de11-aa82-498c-8ec4-a90230ac7e9f_Register - INFO - StartState: WaitforNewOrder
04/04/2023 02:29:11 PM - c234de11-aa82-498c-8ec4-a90230ac7e9f_Register - INFO - InputDocument : Order
04/04/2023 02:32:50 PM - 0858fd18-1420-48c4-810d-d6c53adae75a_Register - INFO - 
 #############################################################################
04/04/2023 02:32:50 PM - 0858fd18-1420-48c4-810d-d6c53adae75a_Register - INFO - StartState: WaitforNewOrder
04/04/2023 02:32:50 PM - 0858fd18-1420-48c4-810d-d6c53adae75a_Register - INFO - InputDocument : Order
04/04/2023 02:34:53 PM - 29685ce9-1c4d-41e3-9b84-681eac00dc31_Register - INFO - 
 #############################################################################
04/04/2023 02:34:53 PM - 29685ce9-1c4d-41e3-9b84-681eac00dc31_Register - INFO - StartState: WaitforNewOrder
04/04/2023 02:34:53 PM - 29685ce9-1c4d-41e3-9b84-681eac00dc31_Register - INFO - InputDocument : Order
04/04/2023 02:38:20 PM - 2ab7fa9b-f8ac-4cd9-9ad6-00ee52bbd0b1_Register - INFO - 
 #############################################################################
04/04/2023 02:38:20 PM - 2ab7fa9b-f8ac-4cd9-9ad6-00ee52bbd0b1_Register - INFO - StartState: WaitforNewOrder
04/04/2023 02:38:20 PM - 2ab7fa9b-f8ac-4cd9-9ad6-00ee52bbd0b1_Register - INFO - InputDocument : Order
04/04/2023 02:40:14 PM - dd8bc44c-3f75-4396-a301-cc87a0e04e4c_Register - INFO - 
 #############################################################################
04/04/2023 02:40:14 PM - dd8bc44c-3f75-4396-a301-cc87a0e04e4c_Register - INFO - StartState: WaitforNewOrder
04/04/2023 02:40:14 PM - dd8bc44c-3f75-4396-a301-cc87a0e04e4c_Register - INFO - InputDocument : Order
04/04/2023 02:42:25 PM - b6631fec-a856-44f4-a8e3-c2614c524b69_Register - INFO - 
 #############################################################################
04/04/2023 02:42:25 PM - b6631fec-a856-44f4-a8e3-c2614c524b69_Register - INFO - StartState: WaitforNewOrder
04/04/2023 02:42:25 PM - b6631fec-a856-44f4-a8e3-c2614c524b69_Register - INFO - InputDocument : Order
04/04/2023 02:48:06 PM - 4f87cfe1-95f6-40a0-9127-ffd710f6a364_Register - INFO - 
 #############################################################################
04/04/2023 02:48:06 PM - 4f87cfe1-95f6-40a0-9127-ffd710f6a364_Register - INFO - StartState: WaitforNewOrder
04/04/2023 02:48:06 PM - 4f87cfe1-95f6-40a0-9127-ffd710f6a364_Register - INFO - InputDocument : Order
04/04/2023 02:50:09 PM - 93b69735-cdca-48f3-abae-b0a05f6893ab_Register - INFO - 
 #############################################################################
04/04/2023 02:50:10 PM - 93b69735-cdca-48f3-abae-b0a05f6893ab_Register - INFO - StartState: WaitforNewOrder
04/04/2023 02:50:10 PM - 93b69735-cdca-48f3-abae-b0a05f6893ab_Register - INFO - InputDocument : Order
04/04/2023 03:05:44 PM - b99d1796-098c-4875-ae41-a720e16851f0_Register - INFO - 
 #############################################################################
04/04/2023 03:05:44 PM - b99d1796-098c-4875-ae41-a720e16851f0_Register - INFO - StartState: WaitforNewOrder
04/04/2023 03:05:44 PM - b99d1796-098c-4875-ae41-a720e16851f0_Register - INFO - InputDocument : Order
04/04/2023 03:07:59 PM - 9665d902-49d0-4593-9b65-7c303e81a606_Register - INFO - 
 #############################################################################
04/04/2023 03:07:59 PM - 9665d902-49d0-4593-9b65-7c303e81a606_Register - INFO - StartState: WaitforNewOrder
04/04/2023 03:07:59 PM - 9665d902-49d0-4593-9b65-7c303e81a606_Register - INFO - InputDocument : Order
04/04/2023 03:16:03 PM - 93bf1efa-88be-46ca-9f82-eb53c63d444e_Register - INFO - 
 #############################################################################
04/04/2023 03:16:03 PM - 93bf1efa-88be-46ca-9f82-eb53c63d444e_Register - INFO - StartState: WaitforNewOrder
04/04/2023 03:16:03 PM - 93bf1efa-88be-46ca-9f82-eb53c63d444e_Register - INFO - InputDocument : Order
04/04/2023 03:16:56 PM - d5ba6016-68cd-43dd-b7d5-ccf1d748f58d_Register - INFO - 
 #############################################################################
04/04/2023 03:16:56 PM - d5ba6016-68cd-43dd-b7d5-ccf1d748f58d_Register - INFO - StartState: WaitforNewOrder
04/04/2023 03:16:56 PM - d5ba6016-68cd-43dd-b7d5-ccf1d748f58d_Register - INFO - InputDocument : Order
04/04/2023 03:23:52 PM - ff3e94ab-26cc-48c3-9bfe-903868d65cba_Register - INFO - 
 #############################################################################
04/04/2023 03:23:52 PM - ff3e94ab-26cc-48c3-9bfe-903868d65cba_Register - INFO - StartState: WaitforNewOrder
04/04/2023 03:23:52 PM - ff3e94ab-26cc-48c3-9bfe-903868d65cba_Register - INFO - InputDocument : Order
04/04/2023 03:36:29 PM - 71d008d9-6acc-45fd-958d-cc0dc488ad15_Register - INFO - 
 #############################################################################
04/04/2023 03:36:29 PM - 71d008d9-6acc-45fd-958d-cc0dc488ad15_Register - INFO - StartState: WaitforNewOrder
04/04/2023 03:36:29 PM - 71d008d9-6acc-45fd-958d-cc0dc488ad15_Register - INFO - InputDocument : Order
04/04/2023 03:41:05 PM - cd21edfe-6352-4fb0-b86f-5e389188004f_Register - INFO - 
 #############################################################################
04/04/2023 03:41:05 PM - cd21edfe-6352-4fb0-b86f-5e389188004f_Register - INFO - StartState: WaitforNewOrder
04/04/2023 03:41:05 PM - cd21edfe-6352-4fb0-b86f-5e389188004f_Register - INFO - InputDocument : Order
