05/19/2023 11:20:54 AM - 8ec17c8b-4c8b-438c-9edc-389a0f994fc2_Register - INFO - 
 #############################################################################
05/19/2023 11:20:54 AM - 8ec17c8b-4c8b-438c-9edc-389a0f994fc2_Register - INFO - StartState: WaitforNewOrder
05/19/2023 11:20:54 AM - 8ec17c8b-4c8b-438c-9edc-389a0f994fc2_Register - INFO - InputDocument : Order
05/19/2023 11:35:17 AM - b98c9ecc-ce10-49e2-958a-095664f376cc_Register - INFO - 
 #############################################################################
05/19/2023 11:35:17 AM - b98c9ecc-ce10-49e2-958a-095664f376cc_Register - INFO - StartState: WaitforNewOrder
05/19/2023 11:35:17 AM - b98c9ecc-ce10-49e2-958a-095664f376cc_Register - INFO - InputDocument : Order
05/19/2023 11:40:56 AM - fceb72a8-1de7-4e0d-ab2b-d7c75e12a107_Register - INFO - 
 #############################################################################
05/19/2023 11:40:56 AM - fceb72a8-1de7-4e0d-ab2b-d7c75e12a107_Register - INFO - StartState: WaitforNewOrder
05/19/2023 11:40:56 AM - fceb72a8-1de7-4e0d-ab2b-d7c75e12a107_Register - INFO - InputDocument : Order
05/19/2023 11:41:00 AM - f998be8e-3ff8-4df3-9606-eea86c642347_Register - INFO - 
 #############################################################################
05/19/2023 11:41:00 AM - f998be8e-3ff8-4df3-9606-eea86c642347_Register - INFO - StartState: WaitforNewOrder
05/19/2023 11:41:00 AM - f998be8e-3ff8-4df3-9606-eea86c642347_Register - INFO - InputDocument : Order
05/19/2023 01:34:02 PM - 92fba311-faf0-43ec-945a-10288a407e58_Register - INFO - 
 #############################################################################
05/19/2023 01:34:02 PM - 92fba311-faf0-43ec-945a-10288a407e58_Register - INFO - StartState: WaitforNewOrder
05/19/2023 01:34:02 PM - 92fba311-faf0-43ec-945a-10288a407e58_Register - INFO - InputDocument : Order
05/19/2023 03:27:35 PM - e624f3cb-532f-42bc-925c-6641b4b0a058_Register - INFO - 
 #############################################################################
05/19/2023 03:27:35 PM - e624f3cb-532f-42bc-925c-6641b4b0a058_Register - INFO - StartState: WaitforNewOrder
05/19/2023 03:27:35 PM - e624f3cb-532f-42bc-925c-6641b4b0a058_Register - INFO - InputDocument : Order
05/19/2023 04:40:39 PM - e3024121-8b1a-4178-9cd7-29263af1c369_Register - INFO - 
 #############################################################################
05/19/2023 04:40:39 PM - e3024121-8b1a-4178-9cd7-29263af1c369_Register - INFO - StartState: WaitforNewOrder
05/19/2023 04:40:39 PM - e3024121-8b1a-4178-9cd7-29263af1c369_Register - INFO - InputDocument : Order
