05/31/2023 12:15:21 PM - ww.ovgu.de/aas/41f584f9-bd15-4e2c-995c-4dade2a2d24c.VWSBesterller - INFO - 
 #############################################################################
05/31/2023 12:15:21 PM - ww.ovgu.de/aas/41f584f9-bd15-4e2c-995c-4dade2a2d24c.VWSBesterller - INFO - StartState: WaitforNewOrder
05/31/2023 12:15:21 PM - ww.ovgu.de/aas/41f584f9-bd15-4e2c-995c-4dade2a2d24c.VWSBesterller - INFO - OutputDocumentType : NA
05/31/2023 12:15:21 PM - ww.ovgu.de/aas/41f584f9-bd15-4e2c-995c-4dade2a2d24c.VWSBesterller - INFO - TargettState: NoneType
05/31/2023 12:15:21 PM - ww.ovgu.de/aas/41f584f9-bd15-4e2c-995c-4dade2a2d24c.VWSBesterller - INFO - ############################################################################# 

05/31/2023 12:16:18 PM - ww.ovgu.de/aas/41f584f9-bd15-4e2c-995c-4dade2a2d24c.VWSBesterller - INFO - 
 #############################################################################
05/31/2023 12:16:18 PM - ww.ovgu.de/aas/41f584f9-bd15-4e2c-995c-4dade2a2d24c.VWSBesterller - INFO - StartState: WaitforNewOrder
05/31/2023 12:16:18 PM - ww.ovgu.de/aas/41f584f9-bd15-4e2c-995c-4dade2a2d24c.VWSBesterller - INFO - OutputDocumentType : NA
05/31/2023 12:16:18 PM - ww.ovgu.de/aas/41f584f9-bd15-4e2c-995c-4dade2a2d24c.VWSBesterller - INFO - TargettState: NoneType
05/31/2023 12:16:18 PM - ww.ovgu.de/aas/41f584f9-bd15-4e2c-995c-4dade2a2d24c.VWSBesterller - INFO - ############################################################################# 

05/31/2023 12:17:30 PM - ww.ovgu.de/aas/41f584f9-bd15-4e2c-995c-4dade2a2d24c.VWSBesterller - INFO - 
 #############################################################################
05/31/2023 12:17:30 PM - ww.ovgu.de/aas/41f584f9-bd15-4e2c-995c-4dade2a2d24c.VWSBesterller - INFO - StartState: WaitforNewOrder
05/31/2023 12:17:30 PM - ww.ovgu.de/aas/41f584f9-bd15-4e2c-995c-4dade2a2d24c.VWSBesterller - INFO - OutputDocumentType : NA
05/31/2023 12:17:30 PM - ww.ovgu.de/aas/41f584f9-bd15-4e2c-995c-4dade2a2d24c.VWSBesterller - INFO - TargettState: NoneType
05/31/2023 12:17:30 PM - ww.ovgu.de/aas/41f584f9-bd15-4e2c-995c-4dade2a2d24c.VWSBesterller - INFO - ############################################################################# 

05/31/2023 12:17:30 PM - ww.ovgu.de/aas/41f584f9-bd15-4e2c-995c-4dade2a2d24c.VWSBesterller - INFO - 
 #############################################################################
05/31/2023 12:17:30 PM - ww.ovgu.de/aas/41f584f9-bd15-4e2c-995c-4dade2a2d24c.VWSBesterller - INFO - StartState: WaitforNewOrder
05/31/2023 12:17:30 PM - ww.ovgu.de/aas/41f584f9-bd15-4e2c-995c-4dade2a2d24c.VWSBesterller - INFO - OutputDocumentType : NA
05/31/2023 12:18:44 PM - ww.ovgu.de/aas/41f584f9-bd15-4e2c-995c-4dade2a2d24c.VWSBesterller - INFO - 
 #############################################################################
05/31/2023 12:18:44 PM - ww.ovgu.de/aas/41f584f9-bd15-4e2c-995c-4dade2a2d24c.VWSBesterller - INFO - StartState: WaitforNewOrder
05/31/2023 12:18:44 PM - ww.ovgu.de/aas/41f584f9-bd15-4e2c-995c-4dade2a2d24c.VWSBesterller - INFO - OutputDocumentType : NA
05/31/2023 12:18:44 PM - ww.ovgu.de/aas/41f584f9-bd15-4e2c-995c-4dade2a2d24c.VWSBesterller - INFO - TargettState: NoneType
05/31/2023 12:18:44 PM - ww.ovgu.de/aas/41f584f9-bd15-4e2c-995c-4dade2a2d24c.VWSBesterller - INFO - ############################################################################# 

05/31/2023 12:18:44 PM - ww.ovgu.de/aas/41f584f9-bd15-4e2c-995c-4dade2a2d24c.VWSBesterller - INFO - 
 #############################################################################
05/31/2023 12:18:44 PM - ww.ovgu.de/aas/41f584f9-bd15-4e2c-995c-4dade2a2d24c.VWSBesterller - INFO - StartState: WaitforNewOrder
05/31/2023 12:18:44 PM - ww.ovgu.de/aas/41f584f9-bd15-4e2c-995c-4dade2a2d24c.VWSBesterller - INFO - OutputDocumentType : NA
05/31/2023 12:19:33 PM - ww.ovgu.de/aas/41f584f9-bd15-4e2c-995c-4dade2a2d24c.VWSBesterller - INFO - 
 #############################################################################
05/31/2023 12:19:33 PM - ww.ovgu.de/aas/41f584f9-bd15-4e2c-995c-4dade2a2d24c.VWSBesterller - INFO - StartState: WaitforNewOrder
05/31/2023 12:19:33 PM - ww.ovgu.de/aas/41f584f9-bd15-4e2c-995c-4dade2a2d24c.VWSBesterller - INFO - OutputDocumentType : NA
05/31/2023 12:19:33 PM - ww.ovgu.de/aas/41f584f9-bd15-4e2c-995c-4dade2a2d24c.VWSBesterller - INFO - TargettState: NoneType
05/31/2023 12:19:33 PM - ww.ovgu.de/aas/41f584f9-bd15-4e2c-995c-4dade2a2d24c.VWSBesterller - INFO - ############################################################################# 

05/31/2023 12:19:33 PM - ww.ovgu.de/aas/41f584f9-bd15-4e2c-995c-4dade2a2d24c.VWSBesterller - INFO - 
 #############################################################################
05/31/2023 12:19:33 PM - ww.ovgu.de/aas/41f584f9-bd15-4e2c-995c-4dade2a2d24c.VWSBesterller - INFO - StartState: WaitforNewOrder
05/31/2023 12:19:33 PM - ww.ovgu.de/aas/41f584f9-bd15-4e2c-995c-4dade2a2d24c.VWSBesterller - INFO - OutputDocumentType : NA
05/31/2023 12:20:15 PM - ww.ovgu.de/aas/41f584f9-bd15-4e2c-995c-4dade2a2d24c.VWSBesterller - INFO - 
 #############################################################################
05/31/2023 12:20:15 PM - ww.ovgu.de/aas/41f584f9-bd15-4e2c-995c-4dade2a2d24c.VWSBesterller - INFO - StartState: WaitforNewOrder
05/31/2023 12:20:15 PM - ww.ovgu.de/aas/41f584f9-bd15-4e2c-995c-4dade2a2d24c.VWSBesterller - INFO - OutputDocumentType : NA
05/31/2023 12:20:15 PM - ww.ovgu.de/aas/41f584f9-bd15-4e2c-995c-4dade2a2d24c.VWSBesterller - INFO - TargettState: NoneType
05/31/2023 12:20:15 PM - ww.ovgu.de/aas/41f584f9-bd15-4e2c-995c-4dade2a2d24c.VWSBesterller - INFO - ############################################################################# 

05/31/2023 12:20:15 PM - ww.ovgu.de/aas/41f584f9-bd15-4e2c-995c-4dade2a2d24c.VWSBesterller - INFO - 
 #############################################################################
05/31/2023 12:20:15 PM - ww.ovgu.de/aas/41f584f9-bd15-4e2c-995c-4dade2a2d24c.VWSBesterller - INFO - StartState: WaitforNewOrder
05/31/2023 12:20:15 PM - ww.ovgu.de/aas/41f584f9-bd15-4e2c-995c-4dade2a2d24c.VWSBesterller - INFO - OutputDocumentType : NA
05/31/2023 12:21:11 PM - ww.ovgu.de/aas/41f584f9-bd15-4e2c-995c-4dade2a2d24c.VWSBesterller - INFO - 
 #############################################################################
05/31/2023 12:21:11 PM - ww.ovgu.de/aas/41f584f9-bd15-4e2c-995c-4dade2a2d24c.VWSBesterller - INFO - StartState: WaitforNewOrder
05/31/2023 12:21:11 PM - ww.ovgu.de/aas/41f584f9-bd15-4e2c-995c-4dade2a2d24c.VWSBesterller - INFO - OutputDocumentType : NA
05/31/2023 12:21:11 PM - ww.ovgu.de/aas/41f584f9-bd15-4e2c-995c-4dade2a2d24c.VWSBesterller - INFO - TargettState: NoneType
05/31/2023 12:21:11 PM - ww.ovgu.de/aas/41f584f9-bd15-4e2c-995c-4dade2a2d24c.VWSBesterller - INFO - ############################################################################# 

05/31/2023 12:21:11 PM - ww.ovgu.de/aas/41f584f9-bd15-4e2c-995c-4dade2a2d24c.VWSBesterller - INFO - 
 #############################################################################
05/31/2023 12:21:11 PM - ww.ovgu.de/aas/41f584f9-bd15-4e2c-995c-4dade2a2d24c.VWSBesterller - INFO - StartState: WaitforNewOrder
05/31/2023 12:21:11 PM - ww.ovgu.de/aas/41f584f9-bd15-4e2c-995c-4dade2a2d24c.VWSBesterller - INFO - OutputDocumentType : NA
05/31/2023 12:21:29 PM - ww.ovgu.de/aas/41f584f9-bd15-4e2c-995c-4dade2a2d24c.VWSBesterller - INFO - 
 #############################################################################
05/31/2023 12:21:29 PM - ww.ovgu.de/aas/41f584f9-bd15-4e2c-995c-4dade2a2d24c.VWSBesterller - INFO - StartState: WaitforNewOrder
05/31/2023 12:21:29 PM - ww.ovgu.de/aas/41f584f9-bd15-4e2c-995c-4dade2a2d24c.VWSBesterller - INFO - OutputDocumentType : NA
05/31/2023 12:21:29 PM - ww.ovgu.de/aas/41f584f9-bd15-4e2c-995c-4dade2a2d24c.VWSBesterller - INFO - TargettState: NoneType
05/31/2023 12:21:29 PM - ww.ovgu.de/aas/41f584f9-bd15-4e2c-995c-4dade2a2d24c.VWSBesterller - INFO - ############################################################################# 

05/31/2023 12:21:29 PM - ww.ovgu.de/aas/41f584f9-bd15-4e2c-995c-4dade2a2d24c.VWSBesterller - INFO - 
 #############################################################################
05/31/2023 12:21:29 PM - ww.ovgu.de/aas/41f584f9-bd15-4e2c-995c-4dade2a2d24c.VWSBesterller - INFO - StartState: WaitforNewOrder
05/31/2023 12:21:29 PM - ww.ovgu.de/aas/41f584f9-bd15-4e2c-995c-4dade2a2d24c.VWSBesterller - INFO - OutputDocumentType : NA
05/31/2023 12:23:40 PM - ww.ovgu.de/aas/41f584f9-bd15-4e2c-995c-4dade2a2d24c.VWSBesterller - INFO - 
 #############################################################################
05/31/2023 12:23:40 PM - ww.ovgu.de/aas/41f584f9-bd15-4e2c-995c-4dade2a2d24c.VWSBesterller - INFO - StartState: WaitforNewOrder
05/31/2023 12:23:40 PM - ww.ovgu.de/aas/41f584f9-bd15-4e2c-995c-4dade2a2d24c.VWSBesterller - INFO - OutputDocumentType : NA
05/31/2023 12:23:40 PM - ww.ovgu.de/aas/41f584f9-bd15-4e2c-995c-4dade2a2d24c.VWSBesterller - INFO - TargettState: NoneType
05/31/2023 12:23:40 PM - ww.ovgu.de/aas/41f584f9-bd15-4e2c-995c-4dade2a2d24c.VWSBesterller - INFO - ############################################################################# 

05/31/2023 12:23:40 PM - ww.ovgu.de/aas/41f584f9-bd15-4e2c-995c-4dade2a2d24c.VWSBesterller - INFO - 
 #############################################################################
05/31/2023 12:23:40 PM - ww.ovgu.de/aas/41f584f9-bd15-4e2c-995c-4dade2a2d24c.VWSBesterller - INFO - StartState: WaitforNewOrder
05/31/2023 12:23:40 PM - ww.ovgu.de/aas/41f584f9-bd15-4e2c-995c-4dade2a2d24c.VWSBesterller - INFO - OutputDocumentType : NA
05/31/2023 12:27:16 PM - ww.ovgu.de/aas/41f584f9-bd15-4e2c-995c-4dade2a2d24c.VWSBesterller - INFO - 
 #############################################################################
05/31/2023 12:27:16 PM - ww.ovgu.de/aas/41f584f9-bd15-4e2c-995c-4dade2a2d24c.VWSBesterller - INFO - StartState: WaitforNewOrder
05/31/2023 12:27:16 PM - ww.ovgu.de/aas/41f584f9-bd15-4e2c-995c-4dade2a2d24c.VWSBesterller - INFO - OutputDocumentType : NA
05/31/2023 12:27:16 PM - ww.ovgu.de/aas/41f584f9-bd15-4e2c-995c-4dade2a2d24c.VWSBesterller - INFO - TargettState: NoneType
05/31/2023 12:27:16 PM - ww.ovgu.de/aas/41f584f9-bd15-4e2c-995c-4dade2a2d24c.VWSBesterller - INFO - ############################################################################# 

05/31/2023 12:27:16 PM - ww.ovgu.de/aas/41f584f9-bd15-4e2c-995c-4dade2a2d24c.VWSBesterller - INFO - 
 #############################################################################
05/31/2023 12:27:16 PM - ww.ovgu.de/aas/41f584f9-bd15-4e2c-995c-4dade2a2d24c.VWSBesterller - INFO - StartState: WaitforNewOrder
05/31/2023 12:27:16 PM - ww.ovgu.de/aas/41f584f9-bd15-4e2c-995c-4dade2a2d24c.VWSBesterller - INFO - OutputDocumentType : NA
05/31/2023 12:27:56 PM - ww.ovgu.de/aas/41f584f9-bd15-4e2c-995c-4dade2a2d24c.VWSBesterller - INFO - 
 #############################################################################
05/31/2023 12:27:56 PM - ww.ovgu.de/aas/41f584f9-bd15-4e2c-995c-4dade2a2d24c.VWSBesterller - INFO - StartState: WaitforNewOrder
05/31/2023 12:27:56 PM - ww.ovgu.de/aas/41f584f9-bd15-4e2c-995c-4dade2a2d24c.VWSBesterller - INFO - OutputDocumentType : NA
05/31/2023 12:27:56 PM - ww.ovgu.de/aas/41f584f9-bd15-4e2c-995c-4dade2a2d24c.VWSBesterller - INFO - TargettState: NoneType
05/31/2023 12:27:56 PM - ww.ovgu.de/aas/41f584f9-bd15-4e2c-995c-4dade2a2d24c.VWSBesterller - INFO - ############################################################################# 

05/31/2023 12:27:56 PM - ww.ovgu.de/aas/41f584f9-bd15-4e2c-995c-4dade2a2d24c.VWSBesterller - INFO - 
 #############################################################################
05/31/2023 12:27:56 PM - ww.ovgu.de/aas/41f584f9-bd15-4e2c-995c-4dade2a2d24c.VWSBesterller - INFO - StartState: WaitforNewOrder
05/31/2023 12:27:56 PM - ww.ovgu.de/aas/41f584f9-bd15-4e2c-995c-4dade2a2d24c.VWSBesterller - INFO - OutputDocumentType : NA
