04/03/2023 08:21:28 PM - ww.ovgu.de/aas/900473a5-7207-4ea1-99a2-6f9983a3dc6e.HoningRequester - INFO - 
 #############################################################################
04/03/2023 08:21:28 PM - ww.ovgu.de/aas/900473a5-7207-4ea1-99a2-6f9983a3dc6e.HoningRequester - INFO - StartState: WaitforNewOrder
04/03/2023 08:21:28 PM - ww.ovgu.de/aas/900473a5-7207-4ea1-99a2-6f9983a3dc6e.HoningRequester - INFO - InputDocument : Order
04/03/2023 08:22:25 PM - ww.ovgu.de/aas/900473a5-7207-4ea1-99a2-6f9983a3dc6e.HoningRequester - INFO - 
 #############################################################################
04/03/2023 08:22:25 PM - ww.ovgu.de/aas/900473a5-7207-4ea1-99a2-6f9983a3dc6e.HoningRequester - INFO - StartState: WaitforNewOrder
04/03/2023 08:22:25 PM - ww.ovgu.de/aas/900473a5-7207-4ea1-99a2-6f9983a3dc6e.HoningRequester - INFO - InputDocument : Order
04/04/2023 12:43:57 PM - ww.ovgu.de/aas/900473a5-7207-4ea1-99a2-6f9983a3dc6e.HoningRequester - INFO - 
 #############################################################################
04/04/2023 12:43:57 PM - ww.ovgu.de/aas/900473a5-7207-4ea1-99a2-6f9983a3dc6e.HoningRequester - INFO - StartState: WaitforNewOrder
04/04/2023 12:43:57 PM - ww.ovgu.de/aas/900473a5-7207-4ea1-99a2-6f9983a3dc6e.HoningRequester - INFO - InputDocument : Order
04/04/2023 12:44:25 PM - ww.ovgu.de/aas/900473a5-7207-4ea1-99a2-6f9983a3dc6e.HoningRequester - INFO - 
 #############################################################################
04/04/2023 12:44:25 PM - ww.ovgu.de/aas/900473a5-7207-4ea1-99a2-6f9983a3dc6e.HoningRequester - INFO - StartState: WaitforNewOrder
04/04/2023 12:44:25 PM - ww.ovgu.de/aas/900473a5-7207-4ea1-99a2-6f9983a3dc6e.HoningRequester - INFO - InputDocument : Order
04/04/2023 12:53:33 PM - ww.ovgu.de/aas/900473a5-7207-4ea1-99a2-6f9983a3dc6e.HoningRequester - INFO - 
 #############################################################################
04/04/2023 12:53:33 PM - ww.ovgu.de/aas/900473a5-7207-4ea1-99a2-6f9983a3dc6e.HoningRequester - INFO - StartState: WaitforNewOrder
04/04/2023 12:53:33 PM - ww.ovgu.de/aas/900473a5-7207-4ea1-99a2-6f9983a3dc6e.HoningRequester - INFO - InputDocument : Order
04/04/2023 12:59:20 PM - ww.ovgu.de/aas/900473a5-7207-4ea1-99a2-6f9983a3dc6e.HoningRequester - INFO - 
 #############################################################################
04/04/2023 12:59:20 PM - ww.ovgu.de/aas/900473a5-7207-4ea1-99a2-6f9983a3dc6e.HoningRequester - INFO - StartState: WaitforNewOrder
04/04/2023 12:59:20 PM - ww.ovgu.de/aas/900473a5-7207-4ea1-99a2-6f9983a3dc6e.HoningRequester - INFO - InputDocument : Order
04/04/2023 01:01:56 PM - ww.ovgu.de/aas/900473a5-7207-4ea1-99a2-6f9983a3dc6e.HoningRequester - INFO - 
 #############################################################################
04/04/2023 01:01:56 PM - ww.ovgu.de/aas/900473a5-7207-4ea1-99a2-6f9983a3dc6e.HoningRequester - INFO - StartState: WaitforNewOrder
04/04/2023 01:01:56 PM - ww.ovgu.de/aas/900473a5-7207-4ea1-99a2-6f9983a3dc6e.HoningRequester - INFO - InputDocument : Order
04/04/2023 01:12:47 PM - ww.ovgu.de/aas/900473a5-7207-4ea1-99a2-6f9983a3dc6e.HoningRequester - INFO - 
 #############################################################################
04/04/2023 01:12:47 PM - ww.ovgu.de/aas/900473a5-7207-4ea1-99a2-6f9983a3dc6e.HoningRequester - INFO - StartState: WaitforNewOrder
04/04/2023 01:12:47 PM - ww.ovgu.de/aas/900473a5-7207-4ea1-99a2-6f9983a3dc6e.HoningRequester - INFO - InputDocument : Order
04/04/2023 01:41:02 PM - ww.ovgu.de/aas/900473a5-7207-4ea1-99a2-6f9983a3dc6e.HoningRequester - INFO - 
 #############################################################################
04/04/2023 01:41:02 PM - ww.ovgu.de/aas/900473a5-7207-4ea1-99a2-6f9983a3dc6e.HoningRequester - INFO - StartState: WaitforNewOrder
04/04/2023 01:41:02 PM - ww.ovgu.de/aas/900473a5-7207-4ea1-99a2-6f9983a3dc6e.HoningRequester - INFO - InputDocument : Order
04/04/2023 02:26:02 PM - ww.ovgu.de/aas/900473a5-7207-4ea1-99a2-6f9983a3dc6e.HoningRequester - INFO - 
 #############################################################################
04/04/2023 02:26:02 PM - ww.ovgu.de/aas/900473a5-7207-4ea1-99a2-6f9983a3dc6e.HoningRequester - INFO - StartState: WaitforNewOrder
04/04/2023 02:26:02 PM - ww.ovgu.de/aas/900473a5-7207-4ea1-99a2-6f9983a3dc6e.HoningRequester - INFO - InputDocument : Order
04/04/2023 02:29:10 PM - ww.ovgu.de/aas/900473a5-7207-4ea1-99a2-6f9983a3dc6e.HoningRequester - INFO - 
 #############################################################################
04/04/2023 02:29:10 PM - ww.ovgu.de/aas/900473a5-7207-4ea1-99a2-6f9983a3dc6e.HoningRequester - INFO - StartState: WaitforNewOrder
04/04/2023 02:29:10 PM - ww.ovgu.de/aas/900473a5-7207-4ea1-99a2-6f9983a3dc6e.HoningRequester - INFO - InputDocument : Order
04/04/2023 02:32:50 PM - ww.ovgu.de/aas/900473a5-7207-4ea1-99a2-6f9983a3dc6e.HoningRequester - INFO - 
 #############################################################################
04/04/2023 02:32:50 PM - ww.ovgu.de/aas/900473a5-7207-4ea1-99a2-6f9983a3dc6e.HoningRequester - INFO - StartState: WaitforNewOrder
04/04/2023 02:32:50 PM - ww.ovgu.de/aas/900473a5-7207-4ea1-99a2-6f9983a3dc6e.HoningRequester - INFO - InputDocument : Order
04/04/2023 02:34:53 PM - ww.ovgu.de/aas/900473a5-7207-4ea1-99a2-6f9983a3dc6e.HoningRequester - INFO - 
 #############################################################################
04/04/2023 02:34:53 PM - ww.ovgu.de/aas/900473a5-7207-4ea1-99a2-6f9983a3dc6e.HoningRequester - INFO - StartState: WaitforNewOrder
04/04/2023 02:34:53 PM - ww.ovgu.de/aas/900473a5-7207-4ea1-99a2-6f9983a3dc6e.HoningRequester - INFO - InputDocument : Order
04/04/2023 02:38:19 PM - ww.ovgu.de/aas/900473a5-7207-4ea1-99a2-6f9983a3dc6e.HoningRequester - INFO - 
 #############################################################################
04/04/2023 02:38:19 PM - ww.ovgu.de/aas/900473a5-7207-4ea1-99a2-6f9983a3dc6e.HoningRequester - INFO - StartState: WaitforNewOrder
04/04/2023 02:38:19 PM - ww.ovgu.de/aas/900473a5-7207-4ea1-99a2-6f9983a3dc6e.HoningRequester - INFO - InputDocument : Order
04/04/2023 02:40:14 PM - ww.ovgu.de/aas/900473a5-7207-4ea1-99a2-6f9983a3dc6e.HoningRequester - INFO - 
 #############################################################################
04/04/2023 02:40:14 PM - ww.ovgu.de/aas/900473a5-7207-4ea1-99a2-6f9983a3dc6e.HoningRequester - INFO - StartState: WaitforNewOrder
04/04/2023 02:40:14 PM - ww.ovgu.de/aas/900473a5-7207-4ea1-99a2-6f9983a3dc6e.HoningRequester - INFO - InputDocument : Order
04/04/2023 02:42:25 PM - ww.ovgu.de/aas/900473a5-7207-4ea1-99a2-6f9983a3dc6e.HoningRequester - INFO - 
 #############################################################################
04/04/2023 02:42:25 PM - ww.ovgu.de/aas/900473a5-7207-4ea1-99a2-6f9983a3dc6e.HoningRequester - INFO - StartState: WaitforNewOrder
04/04/2023 02:42:25 PM - ww.ovgu.de/aas/900473a5-7207-4ea1-99a2-6f9983a3dc6e.HoningRequester - INFO - InputDocument : Order
04/04/2023 02:48:06 PM - ww.ovgu.de/aas/900473a5-7207-4ea1-99a2-6f9983a3dc6e.HoningRequester - INFO - 
 #############################################################################
04/04/2023 02:48:06 PM - ww.ovgu.de/aas/900473a5-7207-4ea1-99a2-6f9983a3dc6e.HoningRequester - INFO - StartState: WaitforNewOrder
04/04/2023 02:48:06 PM - ww.ovgu.de/aas/900473a5-7207-4ea1-99a2-6f9983a3dc6e.HoningRequester - INFO - InputDocument : Order
04/04/2023 02:50:09 PM - ww.ovgu.de/aas/900473a5-7207-4ea1-99a2-6f9983a3dc6e.HoningRequester - INFO - 
 #############################################################################
04/04/2023 02:50:09 PM - ww.ovgu.de/aas/900473a5-7207-4ea1-99a2-6f9983a3dc6e.HoningRequester - INFO - StartState: WaitforNewOrder
04/04/2023 02:50:09 PM - ww.ovgu.de/aas/900473a5-7207-4ea1-99a2-6f9983a3dc6e.HoningRequester - INFO - InputDocument : Order
04/04/2023 02:50:38 PM - ww.ovgu.de/aas/900473a5-7207-4ea1-99a2-6f9983a3dc6e.HoningRequester - INFO - OutputDocumentType : NA
04/04/2023 02:50:38 PM - ww.ovgu.de/aas/900473a5-7207-4ea1-99a2-6f9983a3dc6e.HoningRequester - INFO - Condition :-
04/04/2023 02:50:38 PM - ww.ovgu.de/aas/900473a5-7207-4ea1-99a2-6f9983a3dc6e.HoningRequester - INFO - TargettState: cfpConfiguration
04/04/2023 02:50:38 PM - ww.ovgu.de/aas/900473a5-7207-4ea1-99a2-6f9983a3dc6e.HoningRequester - INFO - ############################################################################# 

04/04/2023 02:50:38 PM - ww.ovgu.de/aas/900473a5-7207-4ea1-99a2-6f9983a3dc6e.HoningRequester - INFO - 
 #############################################################################
04/04/2023 02:50:38 PM - ww.ovgu.de/aas/900473a5-7207-4ea1-99a2-6f9983a3dc6e.HoningRequester - INFO - StartState: cfpConfiguration
04/04/2023 02:50:38 PM - ww.ovgu.de/aas/900473a5-7207-4ea1-99a2-6f9983a3dc6e.HoningRequester - INFO - InputDocument : NA
04/04/2023 02:50:38 PM - ww.ovgu.de/aas/900473a5-7207-4ea1-99a2-6f9983a3dc6e.HoningRequester - INFO - OutputDocumentType : NA
04/04/2023 02:50:38 PM - ww.ovgu.de/aas/900473a5-7207-4ea1-99a2-6f9983a3dc6e.HoningRequester - INFO - Condition :-
04/04/2023 02:50:38 PM - ww.ovgu.de/aas/900473a5-7207-4ea1-99a2-6f9983a3dc6e.HoningRequester - INFO - TargettState: sendCompletionResponse
04/04/2023 02:50:38 PM - ww.ovgu.de/aas/900473a5-7207-4ea1-99a2-6f9983a3dc6e.HoningRequester - INFO - ############################################################################# 

04/04/2023 02:50:38 PM - ww.ovgu.de/aas/900473a5-7207-4ea1-99a2-6f9983a3dc6e.HoningRequester - INFO - 
 #############################################################################
04/04/2023 02:50:38 PM - ww.ovgu.de/aas/900473a5-7207-4ea1-99a2-6f9983a3dc6e.HoningRequester - INFO - StartState: sendCompletionResponse
04/04/2023 02:50:38 PM - ww.ovgu.de/aas/900473a5-7207-4ea1-99a2-6f9983a3dc6e.HoningRequester - INFO - InputDocument : NA
04/04/2023 02:50:38 PM - ww.ovgu.de/aas/900473a5-7207-4ea1-99a2-6f9983a3dc6e.HoningRequester - INFO - OutputDocumentType : OrderStatus
04/04/2023 02:50:38 PM - ww.ovgu.de/aas/900473a5-7207-4ea1-99a2-6f9983a3dc6e.HoningRequester - INFO - Condition :-
04/04/2023 02:50:38 PM - ww.ovgu.de/aas/900473a5-7207-4ea1-99a2-6f9983a3dc6e.HoningRequester - INFO - TargettState: WaitforNewOrder
04/04/2023 02:50:38 PM - ww.ovgu.de/aas/900473a5-7207-4ea1-99a2-6f9983a3dc6e.HoningRequester - INFO - ############################################################################# 

04/04/2023 02:50:38 PM - ww.ovgu.de/aas/900473a5-7207-4ea1-99a2-6f9983a3dc6e.HoningRequester - INFO - 
 #############################################################################
04/04/2023 02:50:38 PM - ww.ovgu.de/aas/900473a5-7207-4ea1-99a2-6f9983a3dc6e.HoningRequester - INFO - StartState: WaitforNewOrder
04/04/2023 02:50:38 PM - ww.ovgu.de/aas/900473a5-7207-4ea1-99a2-6f9983a3dc6e.HoningRequester - INFO - InputDocument : Order
04/04/2023 02:51:09 PM - ww.ovgu.de/aas/900473a5-7207-4ea1-99a2-6f9983a3dc6e.HoningRequester - INFO - OutputDocumentType : NA
04/04/2023 02:51:09 PM - ww.ovgu.de/aas/900473a5-7207-4ea1-99a2-6f9983a3dc6e.HoningRequester - INFO - Condition :-
04/04/2023 02:51:09 PM - ww.ovgu.de/aas/900473a5-7207-4ea1-99a2-6f9983a3dc6e.HoningRequester - INFO - TargettState: cfpConfiguration
04/04/2023 02:51:09 PM - ww.ovgu.de/aas/900473a5-7207-4ea1-99a2-6f9983a3dc6e.HoningRequester - INFO - ############################################################################# 

04/04/2023 02:51:09 PM - ww.ovgu.de/aas/900473a5-7207-4ea1-99a2-6f9983a3dc6e.HoningRequester - INFO - 
 #############################################################################
04/04/2023 02:51:09 PM - ww.ovgu.de/aas/900473a5-7207-4ea1-99a2-6f9983a3dc6e.HoningRequester - INFO - StartState: cfpConfiguration
04/04/2023 02:51:09 PM - ww.ovgu.de/aas/900473a5-7207-4ea1-99a2-6f9983a3dc6e.HoningRequester - INFO - InputDocument : NA
04/04/2023 02:51:09 PM - ww.ovgu.de/aas/900473a5-7207-4ea1-99a2-6f9983a3dc6e.HoningRequester - INFO - OutputDocumentType : NA
04/04/2023 02:51:09 PM - ww.ovgu.de/aas/900473a5-7207-4ea1-99a2-6f9983a3dc6e.HoningRequester - INFO - Condition :-
04/04/2023 02:51:09 PM - ww.ovgu.de/aas/900473a5-7207-4ea1-99a2-6f9983a3dc6e.HoningRequester - INFO - TargettState: SendCFP
04/04/2023 02:51:09 PM - ww.ovgu.de/aas/900473a5-7207-4ea1-99a2-6f9983a3dc6e.HoningRequester - INFO - ############################################################################# 

04/04/2023 02:51:09 PM - ww.ovgu.de/aas/900473a5-7207-4ea1-99a2-6f9983a3dc6e.HoningRequester - INFO - 
 #############################################################################
04/04/2023 02:51:09 PM - ww.ovgu.de/aas/900473a5-7207-4ea1-99a2-6f9983a3dc6e.HoningRequester - INFO - StartState: SendCFP
04/04/2023 02:51:09 PM - ww.ovgu.de/aas/900473a5-7207-4ea1-99a2-6f9983a3dc6e.HoningRequester - INFO - InputDocument : NA
04/04/2023 02:51:09 PM - ww.ovgu.de/aas/900473a5-7207-4ea1-99a2-6f9983a3dc6e.HoningRequester - INFO - OutputDocumentType : callForProposal
04/04/2023 02:51:09 PM - ww.ovgu.de/aas/900473a5-7207-4ea1-99a2-6f9983a3dc6e.HoningRequester - INFO - Condition :-
04/04/2023 02:51:09 PM - ww.ovgu.de/aas/900473a5-7207-4ea1-99a2-6f9983a3dc6e.HoningRequester - INFO - TargettState: WaitForSPProposal
04/04/2023 02:51:09 PM - ww.ovgu.de/aas/900473a5-7207-4ea1-99a2-6f9983a3dc6e.HoningRequester - INFO - ############################################################################# 

04/04/2023 02:51:10 PM - ww.ovgu.de/aas/900473a5-7207-4ea1-99a2-6f9983a3dc6e.HoningRequester - INFO - 
 #############################################################################
04/04/2023 02:51:10 PM - ww.ovgu.de/aas/900473a5-7207-4ea1-99a2-6f9983a3dc6e.HoningRequester - INFO - StartState: WaitForSPProposal
04/04/2023 02:51:10 PM - ww.ovgu.de/aas/900473a5-7207-4ea1-99a2-6f9983a3dc6e.HoningRequester - INFO - InputDocument : proposal
04/04/2023 02:51:21 PM - ww.ovgu.de/aas/900473a5-7207-4ea1-99a2-6f9983a3dc6e.HoningRequester - INFO - OutputDocumentType : NA
04/04/2023 02:51:21 PM - ww.ovgu.de/aas/900473a5-7207-4ea1-99a2-6f9983a3dc6e.HoningRequester - INFO - Condition :-
04/04/2023 02:51:21 PM - ww.ovgu.de/aas/900473a5-7207-4ea1-99a2-6f9983a3dc6e.HoningRequester - INFO - TargettState: noProposalReceived
04/04/2023 02:51:21 PM - ww.ovgu.de/aas/900473a5-7207-4ea1-99a2-6f9983a3dc6e.HoningRequester - INFO - ############################################################################# 

04/04/2023 02:51:21 PM - ww.ovgu.de/aas/900473a5-7207-4ea1-99a2-6f9983a3dc6e.HoningRequester - INFO - 
 #############################################################################
04/04/2023 02:51:21 PM - ww.ovgu.de/aas/900473a5-7207-4ea1-99a2-6f9983a3dc6e.HoningRequester - INFO - StartState: noProposalReceived
04/04/2023 02:51:21 PM - ww.ovgu.de/aas/900473a5-7207-4ea1-99a2-6f9983a3dc6e.HoningRequester - INFO - InputDocument : NA
04/04/2023 02:51:21 PM - ww.ovgu.de/aas/900473a5-7207-4ea1-99a2-6f9983a3dc6e.HoningRequester - INFO - OutputDocumentType : NA
04/04/2023 02:51:21 PM - ww.ovgu.de/aas/900473a5-7207-4ea1-99a2-6f9983a3dc6e.HoningRequester - INFO - Condition :-
04/04/2023 02:51:21 PM - ww.ovgu.de/aas/900473a5-7207-4ea1-99a2-6f9983a3dc6e.HoningRequester - INFO - TargettState: sendCompletionResponse
04/04/2023 02:51:21 PM - ww.ovgu.de/aas/900473a5-7207-4ea1-99a2-6f9983a3dc6e.HoningRequester - INFO - ############################################################################# 

04/04/2023 02:51:21 PM - ww.ovgu.de/aas/900473a5-7207-4ea1-99a2-6f9983a3dc6e.HoningRequester - INFO - 
 #############################################################################
04/04/2023 02:51:21 PM - ww.ovgu.de/aas/900473a5-7207-4ea1-99a2-6f9983a3dc6e.HoningRequester - INFO - StartState: sendCompletionResponse
04/04/2023 02:51:21 PM - ww.ovgu.de/aas/900473a5-7207-4ea1-99a2-6f9983a3dc6e.HoningRequester - INFO - InputDocument : NA
04/04/2023 02:51:21 PM - ww.ovgu.de/aas/900473a5-7207-4ea1-99a2-6f9983a3dc6e.HoningRequester - INFO - OutputDocumentType : OrderStatus
04/04/2023 02:51:21 PM - ww.ovgu.de/aas/900473a5-7207-4ea1-99a2-6f9983a3dc6e.HoningRequester - INFO - Condition :-
04/04/2023 02:51:21 PM - ww.ovgu.de/aas/900473a5-7207-4ea1-99a2-6f9983a3dc6e.HoningRequester - INFO - TargettState: WaitforNewOrder
04/04/2023 02:51:21 PM - ww.ovgu.de/aas/900473a5-7207-4ea1-99a2-6f9983a3dc6e.HoningRequester - INFO - ############################################################################# 

04/04/2023 02:51:21 PM - ww.ovgu.de/aas/900473a5-7207-4ea1-99a2-6f9983a3dc6e.HoningRequester - INFO - 
 #############################################################################
04/04/2023 02:51:21 PM - ww.ovgu.de/aas/900473a5-7207-4ea1-99a2-6f9983a3dc6e.HoningRequester - INFO - StartState: WaitforNewOrder
04/04/2023 02:51:21 PM - ww.ovgu.de/aas/900473a5-7207-4ea1-99a2-6f9983a3dc6e.HoningRequester - INFO - InputDocument : Order
04/04/2023 03:05:44 PM - ww.ovgu.de/aas/900473a5-7207-4ea1-99a2-6f9983a3dc6e.HoningRequester - INFO - 
 #############################################################################
04/04/2023 03:05:44 PM - ww.ovgu.de/aas/900473a5-7207-4ea1-99a2-6f9983a3dc6e.HoningRequester - INFO - StartState: WaitforNewOrder
04/04/2023 03:05:44 PM - ww.ovgu.de/aas/900473a5-7207-4ea1-99a2-6f9983a3dc6e.HoningRequester - INFO - InputDocument : Order
04/04/2023 03:06:00 PM - ww.ovgu.de/aas/900473a5-7207-4ea1-99a2-6f9983a3dc6e.HoningRequester - INFO - OutputDocumentType : NA
04/04/2023 03:06:00 PM - ww.ovgu.de/aas/900473a5-7207-4ea1-99a2-6f9983a3dc6e.HoningRequester - INFO - Condition :-
04/04/2023 03:06:00 PM - ww.ovgu.de/aas/900473a5-7207-4ea1-99a2-6f9983a3dc6e.HoningRequester - INFO - TargettState: cfpConfiguration
04/04/2023 03:06:00 PM - ww.ovgu.de/aas/900473a5-7207-4ea1-99a2-6f9983a3dc6e.HoningRequester - INFO - ############################################################################# 

04/04/2023 03:06:00 PM - ww.ovgu.de/aas/900473a5-7207-4ea1-99a2-6f9983a3dc6e.HoningRequester - INFO - 
 #############################################################################
04/04/2023 03:06:00 PM - ww.ovgu.de/aas/900473a5-7207-4ea1-99a2-6f9983a3dc6e.HoningRequester - INFO - StartState: cfpConfiguration
04/04/2023 03:06:00 PM - ww.ovgu.de/aas/900473a5-7207-4ea1-99a2-6f9983a3dc6e.HoningRequester - INFO - InputDocument : NA
04/04/2023 03:06:00 PM - ww.ovgu.de/aas/900473a5-7207-4ea1-99a2-6f9983a3dc6e.HoningRequester - INFO - OutputDocumentType : NA
04/04/2023 03:06:00 PM - ww.ovgu.de/aas/900473a5-7207-4ea1-99a2-6f9983a3dc6e.HoningRequester - INFO - Condition :-
04/04/2023 03:06:00 PM - ww.ovgu.de/aas/900473a5-7207-4ea1-99a2-6f9983a3dc6e.HoningRequester - INFO - TargettState: sendCompletionResponse
04/04/2023 03:06:00 PM - ww.ovgu.de/aas/900473a5-7207-4ea1-99a2-6f9983a3dc6e.HoningRequester - INFO - ############################################################################# 

04/04/2023 03:06:00 PM - ww.ovgu.de/aas/900473a5-7207-4ea1-99a2-6f9983a3dc6e.HoningRequester - INFO - 
 #############################################################################
04/04/2023 03:06:00 PM - ww.ovgu.de/aas/900473a5-7207-4ea1-99a2-6f9983a3dc6e.HoningRequester - INFO - StartState: sendCompletionResponse
04/04/2023 03:06:00 PM - ww.ovgu.de/aas/900473a5-7207-4ea1-99a2-6f9983a3dc6e.HoningRequester - INFO - InputDocument : NA
04/04/2023 03:06:00 PM - ww.ovgu.de/aas/900473a5-7207-4ea1-99a2-6f9983a3dc6e.HoningRequester - INFO - OutputDocumentType : OrderStatus
04/04/2023 03:06:00 PM - ww.ovgu.de/aas/900473a5-7207-4ea1-99a2-6f9983a3dc6e.HoningRequester - INFO - Condition :-
04/04/2023 03:06:00 PM - ww.ovgu.de/aas/900473a5-7207-4ea1-99a2-6f9983a3dc6e.HoningRequester - INFO - TargettState: WaitforNewOrder
04/04/2023 03:06:00 PM - ww.ovgu.de/aas/900473a5-7207-4ea1-99a2-6f9983a3dc6e.HoningRequester - INFO - ############################################################################# 

04/04/2023 03:06:00 PM - ww.ovgu.de/aas/900473a5-7207-4ea1-99a2-6f9983a3dc6e.HoningRequester - INFO - 
 #############################################################################
04/04/2023 03:06:00 PM - ww.ovgu.de/aas/900473a5-7207-4ea1-99a2-6f9983a3dc6e.HoningRequester - INFO - StartState: WaitforNewOrder
04/04/2023 03:06:00 PM - ww.ovgu.de/aas/900473a5-7207-4ea1-99a2-6f9983a3dc6e.HoningRequester - INFO - InputDocument : Order
04/04/2023 03:06:44 PM - ww.ovgu.de/aas/900473a5-7207-4ea1-99a2-6f9983a3dc6e.HoningRequester - INFO - OutputDocumentType : NA
04/04/2023 03:06:44 PM - ww.ovgu.de/aas/900473a5-7207-4ea1-99a2-6f9983a3dc6e.HoningRequester - INFO - Condition :-
04/04/2023 03:06:44 PM - ww.ovgu.de/aas/900473a5-7207-4ea1-99a2-6f9983a3dc6e.HoningRequester - INFO - TargettState: cfpConfiguration
04/04/2023 03:06:44 PM - ww.ovgu.de/aas/900473a5-7207-4ea1-99a2-6f9983a3dc6e.HoningRequester - INFO - ############################################################################# 

04/04/2023 03:06:44 PM - ww.ovgu.de/aas/900473a5-7207-4ea1-99a2-6f9983a3dc6e.HoningRequester - INFO - 
 #############################################################################
04/04/2023 03:06:44 PM - ww.ovgu.de/aas/900473a5-7207-4ea1-99a2-6f9983a3dc6e.HoningRequester - INFO - StartState: cfpConfiguration
04/04/2023 03:06:44 PM - ww.ovgu.de/aas/900473a5-7207-4ea1-99a2-6f9983a3dc6e.HoningRequester - INFO - InputDocument : NA
04/04/2023 03:06:44 PM - ww.ovgu.de/aas/900473a5-7207-4ea1-99a2-6f9983a3dc6e.HoningRequester - INFO - OutputDocumentType : NA
04/04/2023 03:06:44 PM - ww.ovgu.de/aas/900473a5-7207-4ea1-99a2-6f9983a3dc6e.HoningRequester - INFO - Condition :-
04/04/2023 03:06:44 PM - ww.ovgu.de/aas/900473a5-7207-4ea1-99a2-6f9983a3dc6e.HoningRequester - INFO - TargettState: SendCFP
04/04/2023 03:06:44 PM - ww.ovgu.de/aas/900473a5-7207-4ea1-99a2-6f9983a3dc6e.HoningRequester - INFO - ############################################################################# 

04/04/2023 03:06:44 PM - ww.ovgu.de/aas/900473a5-7207-4ea1-99a2-6f9983a3dc6e.HoningRequester - INFO - 
 #############################################################################
04/04/2023 03:06:44 PM - ww.ovgu.de/aas/900473a5-7207-4ea1-99a2-6f9983a3dc6e.HoningRequester - INFO - StartState: SendCFP
04/04/2023 03:06:44 PM - ww.ovgu.de/aas/900473a5-7207-4ea1-99a2-6f9983a3dc6e.HoningRequester - INFO - InputDocument : NA
04/04/2023 03:06:44 PM - ww.ovgu.de/aas/900473a5-7207-4ea1-99a2-6f9983a3dc6e.HoningRequester - INFO - OutputDocumentType : callForProposal
04/04/2023 03:06:44 PM - ww.ovgu.de/aas/900473a5-7207-4ea1-99a2-6f9983a3dc6e.HoningRequester - INFO - Condition :-
04/04/2023 03:06:44 PM - ww.ovgu.de/aas/900473a5-7207-4ea1-99a2-6f9983a3dc6e.HoningRequester - INFO - TargettState: WaitForSPProposal
04/04/2023 03:06:44 PM - ww.ovgu.de/aas/900473a5-7207-4ea1-99a2-6f9983a3dc6e.HoningRequester - INFO - ############################################################################# 

04/04/2023 03:06:44 PM - ww.ovgu.de/aas/900473a5-7207-4ea1-99a2-6f9983a3dc6e.HoningRequester - INFO - 
 #############################################################################
04/04/2023 03:06:44 PM - ww.ovgu.de/aas/900473a5-7207-4ea1-99a2-6f9983a3dc6e.HoningRequester - INFO - StartState: WaitForSPProposal
04/04/2023 03:06:44 PM - ww.ovgu.de/aas/900473a5-7207-4ea1-99a2-6f9983a3dc6e.HoningRequester - INFO - InputDocument : proposal
04/04/2023 03:06:55 PM - ww.ovgu.de/aas/900473a5-7207-4ea1-99a2-6f9983a3dc6e.HoningRequester - INFO - OutputDocumentType : NA
04/04/2023 03:06:55 PM - ww.ovgu.de/aas/900473a5-7207-4ea1-99a2-6f9983a3dc6e.HoningRequester - INFO - Condition :-
04/04/2023 03:06:55 PM - ww.ovgu.de/aas/900473a5-7207-4ea1-99a2-6f9983a3dc6e.HoningRequester - INFO - TargettState: noProposalReceived
04/04/2023 03:06:55 PM - ww.ovgu.de/aas/900473a5-7207-4ea1-99a2-6f9983a3dc6e.HoningRequester - INFO - ############################################################################# 

04/04/2023 03:06:55 PM - ww.ovgu.de/aas/900473a5-7207-4ea1-99a2-6f9983a3dc6e.HoningRequester - INFO - 
 #############################################################################
04/04/2023 03:06:55 PM - ww.ovgu.de/aas/900473a5-7207-4ea1-99a2-6f9983a3dc6e.HoningRequester - INFO - StartState: noProposalReceived
04/04/2023 03:06:55 PM - ww.ovgu.de/aas/900473a5-7207-4ea1-99a2-6f9983a3dc6e.HoningRequester - INFO - InputDocument : NA
04/04/2023 03:06:55 PM - ww.ovgu.de/aas/900473a5-7207-4ea1-99a2-6f9983a3dc6e.HoningRequester - INFO - OutputDocumentType : NA
04/04/2023 03:06:55 PM - ww.ovgu.de/aas/900473a5-7207-4ea1-99a2-6f9983a3dc6e.HoningRequester - INFO - Condition :-
04/04/2023 03:06:56 PM - ww.ovgu.de/aas/900473a5-7207-4ea1-99a2-6f9983a3dc6e.HoningRequester - INFO - TargettState: sendCompletionResponse
04/04/2023 03:06:56 PM - ww.ovgu.de/aas/900473a5-7207-4ea1-99a2-6f9983a3dc6e.HoningRequester - INFO - ############################################################################# 

04/04/2023 03:06:56 PM - ww.ovgu.de/aas/900473a5-7207-4ea1-99a2-6f9983a3dc6e.HoningRequester - INFO - 
 #############################################################################
04/04/2023 03:06:56 PM - ww.ovgu.de/aas/900473a5-7207-4ea1-99a2-6f9983a3dc6e.HoningRequester - INFO - StartState: sendCompletionResponse
04/04/2023 03:06:56 PM - ww.ovgu.de/aas/900473a5-7207-4ea1-99a2-6f9983a3dc6e.HoningRequester - INFO - InputDocument : NA
04/04/2023 03:06:56 PM - ww.ovgu.de/aas/900473a5-7207-4ea1-99a2-6f9983a3dc6e.HoningRequester - INFO - OutputDocumentType : OrderStatus
04/04/2023 03:06:56 PM - ww.ovgu.de/aas/900473a5-7207-4ea1-99a2-6f9983a3dc6e.HoningRequester - INFO - Condition :-
04/04/2023 03:06:56 PM - ww.ovgu.de/aas/900473a5-7207-4ea1-99a2-6f9983a3dc6e.HoningRequester - INFO - TargettState: WaitforNewOrder
04/04/2023 03:06:56 PM - ww.ovgu.de/aas/900473a5-7207-4ea1-99a2-6f9983a3dc6e.HoningRequester - INFO - ############################################################################# 

04/04/2023 03:06:56 PM - ww.ovgu.de/aas/900473a5-7207-4ea1-99a2-6f9983a3dc6e.HoningRequester - INFO - 
 #############################################################################
04/04/2023 03:06:56 PM - ww.ovgu.de/aas/900473a5-7207-4ea1-99a2-6f9983a3dc6e.HoningRequester - INFO - StartState: WaitforNewOrder
04/04/2023 03:06:56 PM - ww.ovgu.de/aas/900473a5-7207-4ea1-99a2-6f9983a3dc6e.HoningRequester - INFO - InputDocument : Order
04/04/2023 03:07:59 PM - ww.ovgu.de/aas/900473a5-7207-4ea1-99a2-6f9983a3dc6e.HoningRequester - INFO - 
 #############################################################################
04/04/2023 03:07:59 PM - ww.ovgu.de/aas/900473a5-7207-4ea1-99a2-6f9983a3dc6e.HoningRequester - INFO - StartState: WaitforNewOrder
04/04/2023 03:07:59 PM - ww.ovgu.de/aas/900473a5-7207-4ea1-99a2-6f9983a3dc6e.HoningRequester - INFO - InputDocument : Order
04/04/2023 03:08:12 PM - ww.ovgu.de/aas/900473a5-7207-4ea1-99a2-6f9983a3dc6e.HoningRequester - INFO - OutputDocumentType : NA
04/04/2023 03:08:12 PM - ww.ovgu.de/aas/900473a5-7207-4ea1-99a2-6f9983a3dc6e.HoningRequester - INFO - Condition :-
04/04/2023 03:08:12 PM - ww.ovgu.de/aas/900473a5-7207-4ea1-99a2-6f9983a3dc6e.HoningRequester - INFO - TargettState: cfpConfiguration
04/04/2023 03:08:12 PM - ww.ovgu.de/aas/900473a5-7207-4ea1-99a2-6f9983a3dc6e.HoningRequester - INFO - ############################################################################# 

04/04/2023 03:08:12 PM - ww.ovgu.de/aas/900473a5-7207-4ea1-99a2-6f9983a3dc6e.HoningRequester - INFO - 
 #############################################################################
04/04/2023 03:08:12 PM - ww.ovgu.de/aas/900473a5-7207-4ea1-99a2-6f9983a3dc6e.HoningRequester - INFO - StartState: cfpConfiguration
04/04/2023 03:08:12 PM - ww.ovgu.de/aas/900473a5-7207-4ea1-99a2-6f9983a3dc6e.HoningRequester - INFO - InputDocument : NA
04/04/2023 03:08:12 PM - ww.ovgu.de/aas/900473a5-7207-4ea1-99a2-6f9983a3dc6e.HoningRequester - INFO - OutputDocumentType : NA
04/04/2023 03:08:12 PM - ww.ovgu.de/aas/900473a5-7207-4ea1-99a2-6f9983a3dc6e.HoningRequester - INFO - Condition :-
04/04/2023 03:08:12 PM - ww.ovgu.de/aas/900473a5-7207-4ea1-99a2-6f9983a3dc6e.HoningRequester - INFO - TargettState: SendCFP
04/04/2023 03:08:12 PM - ww.ovgu.de/aas/900473a5-7207-4ea1-99a2-6f9983a3dc6e.HoningRequester - INFO - ############################################################################# 

04/04/2023 03:08:12 PM - ww.ovgu.de/aas/900473a5-7207-4ea1-99a2-6f9983a3dc6e.HoningRequester - INFO - 
 #############################################################################
04/04/2023 03:08:12 PM - ww.ovgu.de/aas/900473a5-7207-4ea1-99a2-6f9983a3dc6e.HoningRequester - INFO - StartState: SendCFP
04/04/2023 03:08:12 PM - ww.ovgu.de/aas/900473a5-7207-4ea1-99a2-6f9983a3dc6e.HoningRequester - INFO - InputDocument : NA
04/04/2023 03:08:12 PM - ww.ovgu.de/aas/900473a5-7207-4ea1-99a2-6f9983a3dc6e.HoningRequester - INFO - OutputDocumentType : callForProposal
04/04/2023 03:08:12 PM - ww.ovgu.de/aas/900473a5-7207-4ea1-99a2-6f9983a3dc6e.HoningRequester - INFO - Condition :-
04/04/2023 03:08:12 PM - ww.ovgu.de/aas/900473a5-7207-4ea1-99a2-6f9983a3dc6e.HoningRequester - INFO - TargettState: WaitForSPProposal
04/04/2023 03:08:12 PM - ww.ovgu.de/aas/900473a5-7207-4ea1-99a2-6f9983a3dc6e.HoningRequester - INFO - ############################################################################# 

04/04/2023 03:08:12 PM - ww.ovgu.de/aas/900473a5-7207-4ea1-99a2-6f9983a3dc6e.HoningRequester - INFO - 
 #############################################################################
04/04/2023 03:08:12 PM - ww.ovgu.de/aas/900473a5-7207-4ea1-99a2-6f9983a3dc6e.HoningRequester - INFO - StartState: WaitForSPProposal
04/04/2023 03:08:12 PM - ww.ovgu.de/aas/900473a5-7207-4ea1-99a2-6f9983a3dc6e.HoningRequester - INFO - InputDocument : proposal
04/04/2023 03:08:15 PM - ww.ovgu.de/aas/900473a5-7207-4ea1-99a2-6f9983a3dc6e.HoningRequester - INFO - OutputDocumentType : NA
04/04/2023 03:08:15 PM - ww.ovgu.de/aas/900473a5-7207-4ea1-99a2-6f9983a3dc6e.HoningRequester - INFO - Condition :-
04/04/2023 03:08:15 PM - ww.ovgu.de/aas/900473a5-7207-4ea1-99a2-6f9983a3dc6e.HoningRequester - INFO - TargettState: EvaluateProposal
04/04/2023 03:08:15 PM - ww.ovgu.de/aas/900473a5-7207-4ea1-99a2-6f9983a3dc6e.HoningRequester - INFO - ############################################################################# 

04/04/2023 03:08:15 PM - ww.ovgu.de/aas/900473a5-7207-4ea1-99a2-6f9983a3dc6e.HoningRequester - INFO - 
 #############################################################################
04/04/2023 03:08:15 PM - ww.ovgu.de/aas/900473a5-7207-4ea1-99a2-6f9983a3dc6e.HoningRequester - INFO - StartState: EvaluateProposal
04/04/2023 03:08:15 PM - ww.ovgu.de/aas/900473a5-7207-4ea1-99a2-6f9983a3dc6e.HoningRequester - INFO - InputDocument : NA
04/04/2023 03:08:15 PM - ww.ovgu.de/aas/900473a5-7207-4ea1-99a2-6f9983a3dc6e.HoningRequester - INFO - Evaluate Proposal Error'NoneType' object is not subscriptable
04/04/2023 03:08:15 PM - ww.ovgu.de/aas/900473a5-7207-4ea1-99a2-6f9983a3dc6e.HoningRequester - INFO - OutputDocumentType : NA
04/04/2023 03:08:15 PM - ww.ovgu.de/aas/900473a5-7207-4ea1-99a2-6f9983a3dc6e.HoningRequester - INFO - Condition :-
04/04/2023 03:08:15 PM - ww.ovgu.de/aas/900473a5-7207-4ea1-99a2-6f9983a3dc6e.HoningRequester - INFO - TargettState: sendrejectProposal
04/04/2023 03:08:15 PM - ww.ovgu.de/aas/900473a5-7207-4ea1-99a2-6f9983a3dc6e.HoningRequester - INFO - ############################################################################# 

04/04/2023 03:08:15 PM - ww.ovgu.de/aas/900473a5-7207-4ea1-99a2-6f9983a3dc6e.HoningRequester - INFO - 
 #############################################################################
04/04/2023 03:08:15 PM - ww.ovgu.de/aas/900473a5-7207-4ea1-99a2-6f9983a3dc6e.HoningRequester - INFO - StartState: sendrejectProposal
04/04/2023 03:08:15 PM - ww.ovgu.de/aas/900473a5-7207-4ea1-99a2-6f9983a3dc6e.HoningRequester - INFO - InputDocument : NA
04/04/2023 03:08:15 PM - ww.ovgu.de/aas/900473a5-7207-4ea1-99a2-6f9983a3dc6e.HoningRequester - INFO - OutputDocumentType : rejectProposal
04/04/2023 03:08:15 PM - ww.ovgu.de/aas/900473a5-7207-4ea1-99a2-6f9983a3dc6e.HoningRequester - INFO - Condition :-
04/04/2023 03:08:15 PM - ww.ovgu.de/aas/900473a5-7207-4ea1-99a2-6f9983a3dc6e.HoningRequester - INFO - TargettState: sendCompletionResponse
04/04/2023 03:08:15 PM - ww.ovgu.de/aas/900473a5-7207-4ea1-99a2-6f9983a3dc6e.HoningRequester - INFO - ############################################################################# 

04/04/2023 03:08:15 PM - ww.ovgu.de/aas/900473a5-7207-4ea1-99a2-6f9983a3dc6e.HoningRequester - INFO - 
 #############################################################################
04/04/2023 03:08:15 PM - ww.ovgu.de/aas/900473a5-7207-4ea1-99a2-6f9983a3dc6e.HoningRequester - INFO - StartState: sendCompletionResponse
04/04/2023 03:08:15 PM - ww.ovgu.de/aas/900473a5-7207-4ea1-99a2-6f9983a3dc6e.HoningRequester - INFO - InputDocument : NA
04/04/2023 03:08:15 PM - ww.ovgu.de/aas/900473a5-7207-4ea1-99a2-6f9983a3dc6e.HoningRequester - INFO - OutputDocumentType : OrderStatus
04/04/2023 03:08:15 PM - ww.ovgu.de/aas/900473a5-7207-4ea1-99a2-6f9983a3dc6e.HoningRequester - INFO - Condition :-
04/04/2023 03:08:15 PM - ww.ovgu.de/aas/900473a5-7207-4ea1-99a2-6f9983a3dc6e.HoningRequester - INFO - TargettState: WaitforNewOrder
04/04/2023 03:08:15 PM - ww.ovgu.de/aas/900473a5-7207-4ea1-99a2-6f9983a3dc6e.HoningRequester - INFO - ############################################################################# 

04/04/2023 03:08:15 PM - ww.ovgu.de/aas/900473a5-7207-4ea1-99a2-6f9983a3dc6e.HoningRequester - INFO - 
 #############################################################################
04/04/2023 03:08:15 PM - ww.ovgu.de/aas/900473a5-7207-4ea1-99a2-6f9983a3dc6e.HoningRequester - INFO - StartState: WaitforNewOrder
04/04/2023 03:08:15 PM - ww.ovgu.de/aas/900473a5-7207-4ea1-99a2-6f9983a3dc6e.HoningRequester - INFO - InputDocument : Order
04/04/2023 03:16:03 PM - ww.ovgu.de/aas/900473a5-7207-4ea1-99a2-6f9983a3dc6e.HoningRequester - INFO - 
 #############################################################################
04/04/2023 03:16:03 PM - ww.ovgu.de/aas/900473a5-7207-4ea1-99a2-6f9983a3dc6e.HoningRequester - INFO - StartState: WaitforNewOrder
04/04/2023 03:16:03 PM - ww.ovgu.de/aas/900473a5-7207-4ea1-99a2-6f9983a3dc6e.HoningRequester - INFO - InputDocument : Order
04/04/2023 03:16:21 PM - ww.ovgu.de/aas/900473a5-7207-4ea1-99a2-6f9983a3dc6e.HoningRequester - INFO - OutputDocumentType : NA
04/04/2023 03:16:21 PM - ww.ovgu.de/aas/900473a5-7207-4ea1-99a2-6f9983a3dc6e.HoningRequester - INFO - Condition :-
04/04/2023 03:16:21 PM - ww.ovgu.de/aas/900473a5-7207-4ea1-99a2-6f9983a3dc6e.HoningRequester - INFO - TargettState: cfpConfiguration
04/04/2023 03:16:21 PM - ww.ovgu.de/aas/900473a5-7207-4ea1-99a2-6f9983a3dc6e.HoningRequester - INFO - ############################################################################# 

04/04/2023 03:16:21 PM - ww.ovgu.de/aas/900473a5-7207-4ea1-99a2-6f9983a3dc6e.HoningRequester - INFO - 
 #############################################################################
04/04/2023 03:16:21 PM - ww.ovgu.de/aas/900473a5-7207-4ea1-99a2-6f9983a3dc6e.HoningRequester - INFO - StartState: cfpConfiguration
04/04/2023 03:16:21 PM - ww.ovgu.de/aas/900473a5-7207-4ea1-99a2-6f9983a3dc6e.HoningRequester - INFO - InputDocument : NA
04/04/2023 03:16:21 PM - ww.ovgu.de/aas/900473a5-7207-4ea1-99a2-6f9983a3dc6e.HoningRequester - INFO - OutputDocumentType : NA
04/04/2023 03:16:21 PM - ww.ovgu.de/aas/900473a5-7207-4ea1-99a2-6f9983a3dc6e.HoningRequester - INFO - Condition :-
04/04/2023 03:16:21 PM - ww.ovgu.de/aas/900473a5-7207-4ea1-99a2-6f9983a3dc6e.HoningRequester - INFO - TargettState: SendCFP
04/04/2023 03:16:21 PM - ww.ovgu.de/aas/900473a5-7207-4ea1-99a2-6f9983a3dc6e.HoningRequester - INFO - ############################################################################# 

04/04/2023 03:16:21 PM - ww.ovgu.de/aas/900473a5-7207-4ea1-99a2-6f9983a3dc6e.HoningRequester - INFO - 
 #############################################################################
04/04/2023 03:16:21 PM - ww.ovgu.de/aas/900473a5-7207-4ea1-99a2-6f9983a3dc6e.HoningRequester - INFO - StartState: SendCFP
04/04/2023 03:16:21 PM - ww.ovgu.de/aas/900473a5-7207-4ea1-99a2-6f9983a3dc6e.HoningRequester - INFO - InputDocument : NA
04/04/2023 03:16:21 PM - ww.ovgu.de/aas/900473a5-7207-4ea1-99a2-6f9983a3dc6e.HoningRequester - INFO - OutputDocumentType : callForProposal
04/04/2023 03:16:21 PM - ww.ovgu.de/aas/900473a5-7207-4ea1-99a2-6f9983a3dc6e.HoningRequester - INFO - Condition :-
04/04/2023 03:16:21 PM - ww.ovgu.de/aas/900473a5-7207-4ea1-99a2-6f9983a3dc6e.HoningRequester - INFO - TargettState: WaitForSPProposal
04/04/2023 03:16:21 PM - ww.ovgu.de/aas/900473a5-7207-4ea1-99a2-6f9983a3dc6e.HoningRequester - INFO - ############################################################################# 

04/04/2023 03:16:21 PM - ww.ovgu.de/aas/900473a5-7207-4ea1-99a2-6f9983a3dc6e.HoningRequester - INFO - 
 #############################################################################
04/04/2023 03:16:21 PM - ww.ovgu.de/aas/900473a5-7207-4ea1-99a2-6f9983a3dc6e.HoningRequester - INFO - StartState: WaitForSPProposal
04/04/2023 03:16:21 PM - ww.ovgu.de/aas/900473a5-7207-4ea1-99a2-6f9983a3dc6e.HoningRequester - INFO - InputDocument : proposal
04/04/2023 03:16:23 PM - ww.ovgu.de/aas/900473a5-7207-4ea1-99a2-6f9983a3dc6e.HoningRequester - INFO - OutputDocumentType : NA
04/04/2023 03:16:23 PM - ww.ovgu.de/aas/900473a5-7207-4ea1-99a2-6f9983a3dc6e.HoningRequester - INFO - Condition :-
04/04/2023 03:16:23 PM - ww.ovgu.de/aas/900473a5-7207-4ea1-99a2-6f9983a3dc6e.HoningRequester - INFO - TargettState: EvaluateProposal
04/04/2023 03:16:23 PM - ww.ovgu.de/aas/900473a5-7207-4ea1-99a2-6f9983a3dc6e.HoningRequester - INFO - ############################################################################# 

04/04/2023 03:16:23 PM - ww.ovgu.de/aas/900473a5-7207-4ea1-99a2-6f9983a3dc6e.HoningRequester - INFO - 
 #############################################################################
04/04/2023 03:16:23 PM - ww.ovgu.de/aas/900473a5-7207-4ea1-99a2-6f9983a3dc6e.HoningRequester - INFO - StartState: EvaluateProposal
04/04/2023 03:16:23 PM - ww.ovgu.de/aas/900473a5-7207-4ea1-99a2-6f9983a3dc6e.HoningRequester - INFO - InputDocument : NA
04/04/2023 03:16:23 PM - ww.ovgu.de/aas/900473a5-7207-4ea1-99a2-6f9983a3dc6e.HoningRequester - INFO - Evaluate Proposal Error'NoneType' object is not subscriptable
04/04/2023 03:16:23 PM - ww.ovgu.de/aas/900473a5-7207-4ea1-99a2-6f9983a3dc6e.HoningRequester - INFO - OutputDocumentType : NA
04/04/2023 03:16:23 PM - ww.ovgu.de/aas/900473a5-7207-4ea1-99a2-6f9983a3dc6e.HoningRequester - INFO - Condition :-
04/04/2023 03:16:23 PM - ww.ovgu.de/aas/900473a5-7207-4ea1-99a2-6f9983a3dc6e.HoningRequester - INFO - TargettState: sendrejectProposal
04/04/2023 03:16:23 PM - ww.ovgu.de/aas/900473a5-7207-4ea1-99a2-6f9983a3dc6e.HoningRequester - INFO - ############################################################################# 

04/04/2023 03:16:23 PM - ww.ovgu.de/aas/900473a5-7207-4ea1-99a2-6f9983a3dc6e.HoningRequester - INFO - 
 #############################################################################
04/04/2023 03:16:23 PM - ww.ovgu.de/aas/900473a5-7207-4ea1-99a2-6f9983a3dc6e.HoningRequester - INFO - StartState: sendrejectProposal
04/04/2023 03:16:23 PM - ww.ovgu.de/aas/900473a5-7207-4ea1-99a2-6f9983a3dc6e.HoningRequester - INFO - InputDocument : NA
04/04/2023 03:16:24 PM - ww.ovgu.de/aas/900473a5-7207-4ea1-99a2-6f9983a3dc6e.HoningRequester - INFO - OutputDocumentType : rejectProposal
04/04/2023 03:16:24 PM - ww.ovgu.de/aas/900473a5-7207-4ea1-99a2-6f9983a3dc6e.HoningRequester - INFO - Condition :-
04/04/2023 03:16:24 PM - ww.ovgu.de/aas/900473a5-7207-4ea1-99a2-6f9983a3dc6e.HoningRequester - INFO - TargettState: sendCompletionResponse
04/04/2023 03:16:24 PM - ww.ovgu.de/aas/900473a5-7207-4ea1-99a2-6f9983a3dc6e.HoningRequester - INFO - ############################################################################# 

04/04/2023 03:16:24 PM - ww.ovgu.de/aas/900473a5-7207-4ea1-99a2-6f9983a3dc6e.HoningRequester - INFO - 
 #############################################################################
04/04/2023 03:16:24 PM - ww.ovgu.de/aas/900473a5-7207-4ea1-99a2-6f9983a3dc6e.HoningRequester - INFO - StartState: sendCompletionResponse
04/04/2023 03:16:24 PM - ww.ovgu.de/aas/900473a5-7207-4ea1-99a2-6f9983a3dc6e.HoningRequester - INFO - InputDocument : NA
04/04/2023 03:16:24 PM - ww.ovgu.de/aas/900473a5-7207-4ea1-99a2-6f9983a3dc6e.HoningRequester - INFO - OutputDocumentType : OrderStatus
04/04/2023 03:16:24 PM - ww.ovgu.de/aas/900473a5-7207-4ea1-99a2-6f9983a3dc6e.HoningRequester - INFO - Condition :-
04/04/2023 03:16:24 PM - ww.ovgu.de/aas/900473a5-7207-4ea1-99a2-6f9983a3dc6e.HoningRequester - INFO - TargettState: WaitforNewOrder
04/04/2023 03:16:24 PM - ww.ovgu.de/aas/900473a5-7207-4ea1-99a2-6f9983a3dc6e.HoningRequester - INFO - ############################################################################# 

04/04/2023 03:16:24 PM - ww.ovgu.de/aas/900473a5-7207-4ea1-99a2-6f9983a3dc6e.HoningRequester - INFO - 
 #############################################################################
04/04/2023 03:16:24 PM - ww.ovgu.de/aas/900473a5-7207-4ea1-99a2-6f9983a3dc6e.HoningRequester - INFO - StartState: WaitforNewOrder
04/04/2023 03:16:24 PM - ww.ovgu.de/aas/900473a5-7207-4ea1-99a2-6f9983a3dc6e.HoningRequester - INFO - InputDocument : Order
04/04/2023 03:16:56 PM - ww.ovgu.de/aas/900473a5-7207-4ea1-99a2-6f9983a3dc6e.HoningRequester - INFO - 
 #############################################################################
04/04/2023 03:16:56 PM - ww.ovgu.de/aas/900473a5-7207-4ea1-99a2-6f9983a3dc6e.HoningRequester - INFO - StartState: WaitforNewOrder
04/04/2023 03:16:56 PM - ww.ovgu.de/aas/900473a5-7207-4ea1-99a2-6f9983a3dc6e.HoningRequester - INFO - InputDocument : Order
04/04/2023 03:17:18 PM - ww.ovgu.de/aas/900473a5-7207-4ea1-99a2-6f9983a3dc6e.HoningRequester - INFO - OutputDocumentType : NA
04/04/2023 03:17:18 PM - ww.ovgu.de/aas/900473a5-7207-4ea1-99a2-6f9983a3dc6e.HoningRequester - INFO - Condition :-
04/04/2023 03:17:18 PM - ww.ovgu.de/aas/900473a5-7207-4ea1-99a2-6f9983a3dc6e.HoningRequester - INFO - TargettState: cfpConfiguration
04/04/2023 03:17:18 PM - ww.ovgu.de/aas/900473a5-7207-4ea1-99a2-6f9983a3dc6e.HoningRequester - INFO - ############################################################################# 

04/04/2023 03:17:18 PM - ww.ovgu.de/aas/900473a5-7207-4ea1-99a2-6f9983a3dc6e.HoningRequester - INFO - 
 #############################################################################
04/04/2023 03:17:18 PM - ww.ovgu.de/aas/900473a5-7207-4ea1-99a2-6f9983a3dc6e.HoningRequester - INFO - StartState: cfpConfiguration
04/04/2023 03:17:18 PM - ww.ovgu.de/aas/900473a5-7207-4ea1-99a2-6f9983a3dc6e.HoningRequester - INFO - InputDocument : NA
04/04/2023 03:17:18 PM - ww.ovgu.de/aas/900473a5-7207-4ea1-99a2-6f9983a3dc6e.HoningRequester - INFO - OutputDocumentType : NA
04/04/2023 03:17:18 PM - ww.ovgu.de/aas/900473a5-7207-4ea1-99a2-6f9983a3dc6e.HoningRequester - INFO - Condition :-
04/04/2023 03:17:18 PM - ww.ovgu.de/aas/900473a5-7207-4ea1-99a2-6f9983a3dc6e.HoningRequester - INFO - TargettState: SendCFP
04/04/2023 03:17:18 PM - ww.ovgu.de/aas/900473a5-7207-4ea1-99a2-6f9983a3dc6e.HoningRequester - INFO - ############################################################################# 

04/04/2023 03:17:18 PM - ww.ovgu.de/aas/900473a5-7207-4ea1-99a2-6f9983a3dc6e.HoningRequester - INFO - 
 #############################################################################
04/04/2023 03:17:18 PM - ww.ovgu.de/aas/900473a5-7207-4ea1-99a2-6f9983a3dc6e.HoningRequester - INFO - StartState: SendCFP
04/04/2023 03:17:18 PM - ww.ovgu.de/aas/900473a5-7207-4ea1-99a2-6f9983a3dc6e.HoningRequester - INFO - InputDocument : NA
04/04/2023 03:17:18 PM - ww.ovgu.de/aas/900473a5-7207-4ea1-99a2-6f9983a3dc6e.HoningRequester - INFO - OutputDocumentType : callForProposal
04/04/2023 03:17:18 PM - ww.ovgu.de/aas/900473a5-7207-4ea1-99a2-6f9983a3dc6e.HoningRequester - INFO - Condition :-
04/04/2023 03:17:18 PM - ww.ovgu.de/aas/900473a5-7207-4ea1-99a2-6f9983a3dc6e.HoningRequester - INFO - TargettState: WaitForSPProposal
04/04/2023 03:17:18 PM - ww.ovgu.de/aas/900473a5-7207-4ea1-99a2-6f9983a3dc6e.HoningRequester - INFO - ############################################################################# 

04/04/2023 03:17:18 PM - ww.ovgu.de/aas/900473a5-7207-4ea1-99a2-6f9983a3dc6e.HoningRequester - INFO - 
 #############################################################################
04/04/2023 03:17:18 PM - ww.ovgu.de/aas/900473a5-7207-4ea1-99a2-6f9983a3dc6e.HoningRequester - INFO - StartState: WaitForSPProposal
04/04/2023 03:17:18 PM - ww.ovgu.de/aas/900473a5-7207-4ea1-99a2-6f9983a3dc6e.HoningRequester - INFO - InputDocument : proposal
04/04/2023 03:17:20 PM - ww.ovgu.de/aas/900473a5-7207-4ea1-99a2-6f9983a3dc6e.HoningRequester - INFO - OutputDocumentType : NA
04/04/2023 03:17:20 PM - ww.ovgu.de/aas/900473a5-7207-4ea1-99a2-6f9983a3dc6e.HoningRequester - INFO - Condition :-
04/04/2023 03:17:20 PM - ww.ovgu.de/aas/900473a5-7207-4ea1-99a2-6f9983a3dc6e.HoningRequester - INFO - TargettState: EvaluateProposal
04/04/2023 03:17:20 PM - ww.ovgu.de/aas/900473a5-7207-4ea1-99a2-6f9983a3dc6e.HoningRequester - INFO - ############################################################################# 

04/04/2023 03:17:20 PM - ww.ovgu.de/aas/900473a5-7207-4ea1-99a2-6f9983a3dc6e.HoningRequester - INFO - 
 #############################################################################
04/04/2023 03:17:20 PM - ww.ovgu.de/aas/900473a5-7207-4ea1-99a2-6f9983a3dc6e.HoningRequester - INFO - StartState: EvaluateProposal
04/04/2023 03:17:20 PM - ww.ovgu.de/aas/900473a5-7207-4ea1-99a2-6f9983a3dc6e.HoningRequester - INFO - InputDocument : NA
04/04/2023 03:23:52 PM - ww.ovgu.de/aas/900473a5-7207-4ea1-99a2-6f9983a3dc6e.HoningRequester - INFO - 
 #############################################################################
04/04/2023 03:23:52 PM - ww.ovgu.de/aas/900473a5-7207-4ea1-99a2-6f9983a3dc6e.HoningRequester - INFO - StartState: WaitforNewOrder
04/04/2023 03:23:52 PM - ww.ovgu.de/aas/900473a5-7207-4ea1-99a2-6f9983a3dc6e.HoningRequester - INFO - InputDocument : Order
04/04/2023 03:24:13 PM - ww.ovgu.de/aas/900473a5-7207-4ea1-99a2-6f9983a3dc6e.HoningRequester - INFO - OutputDocumentType : NA
04/04/2023 03:24:13 PM - ww.ovgu.de/aas/900473a5-7207-4ea1-99a2-6f9983a3dc6e.HoningRequester - INFO - Condition :-
04/04/2023 03:24:13 PM - ww.ovgu.de/aas/900473a5-7207-4ea1-99a2-6f9983a3dc6e.HoningRequester - INFO - TargettState: cfpConfiguration
04/04/2023 03:24:13 PM - ww.ovgu.de/aas/900473a5-7207-4ea1-99a2-6f9983a3dc6e.HoningRequester - INFO - ############################################################################# 

04/04/2023 03:24:13 PM - ww.ovgu.de/aas/900473a5-7207-4ea1-99a2-6f9983a3dc6e.HoningRequester - INFO - 
 #############################################################################
04/04/2023 03:24:13 PM - ww.ovgu.de/aas/900473a5-7207-4ea1-99a2-6f9983a3dc6e.HoningRequester - INFO - StartState: cfpConfiguration
04/04/2023 03:24:13 PM - ww.ovgu.de/aas/900473a5-7207-4ea1-99a2-6f9983a3dc6e.HoningRequester - INFO - InputDocument : NA
04/04/2023 03:24:13 PM - ww.ovgu.de/aas/900473a5-7207-4ea1-99a2-6f9983a3dc6e.HoningRequester - INFO - OutputDocumentType : NA
04/04/2023 03:24:13 PM - ww.ovgu.de/aas/900473a5-7207-4ea1-99a2-6f9983a3dc6e.HoningRequester - INFO - Condition :-
04/04/2023 03:24:13 PM - ww.ovgu.de/aas/900473a5-7207-4ea1-99a2-6f9983a3dc6e.HoningRequester - INFO - TargettState: SendCFP
04/04/2023 03:24:13 PM - ww.ovgu.de/aas/900473a5-7207-4ea1-99a2-6f9983a3dc6e.HoningRequester - INFO - ############################################################################# 

04/04/2023 03:24:13 PM - ww.ovgu.de/aas/900473a5-7207-4ea1-99a2-6f9983a3dc6e.HoningRequester - INFO - 
 #############################################################################
04/04/2023 03:24:13 PM - ww.ovgu.de/aas/900473a5-7207-4ea1-99a2-6f9983a3dc6e.HoningRequester - INFO - StartState: SendCFP
04/04/2023 03:24:13 PM - ww.ovgu.de/aas/900473a5-7207-4ea1-99a2-6f9983a3dc6e.HoningRequester - INFO - InputDocument : NA
04/04/2023 03:24:13 PM - ww.ovgu.de/aas/900473a5-7207-4ea1-99a2-6f9983a3dc6e.HoningRequester - INFO - OutputDocumentType : callForProposal
04/04/2023 03:24:13 PM - ww.ovgu.de/aas/900473a5-7207-4ea1-99a2-6f9983a3dc6e.HoningRequester - INFO - Condition :-
04/04/2023 03:24:13 PM - ww.ovgu.de/aas/900473a5-7207-4ea1-99a2-6f9983a3dc6e.HoningRequester - INFO - TargettState: WaitForSPProposal
04/04/2023 03:24:13 PM - ww.ovgu.de/aas/900473a5-7207-4ea1-99a2-6f9983a3dc6e.HoningRequester - INFO - ############################################################################# 

04/04/2023 03:24:13 PM - ww.ovgu.de/aas/900473a5-7207-4ea1-99a2-6f9983a3dc6e.HoningRequester - INFO - 
 #############################################################################
04/04/2023 03:24:13 PM - ww.ovgu.de/aas/900473a5-7207-4ea1-99a2-6f9983a3dc6e.HoningRequester - INFO - StartState: WaitForSPProposal
04/04/2023 03:24:13 PM - ww.ovgu.de/aas/900473a5-7207-4ea1-99a2-6f9983a3dc6e.HoningRequester - INFO - InputDocument : proposal
04/04/2023 03:24:15 PM - ww.ovgu.de/aas/900473a5-7207-4ea1-99a2-6f9983a3dc6e.HoningRequester - INFO - OutputDocumentType : NA
04/04/2023 03:24:15 PM - ww.ovgu.de/aas/900473a5-7207-4ea1-99a2-6f9983a3dc6e.HoningRequester - INFO - Condition :-
04/04/2023 03:24:15 PM - ww.ovgu.de/aas/900473a5-7207-4ea1-99a2-6f9983a3dc6e.HoningRequester - INFO - TargettState: EvaluateProposal
04/04/2023 03:24:15 PM - ww.ovgu.de/aas/900473a5-7207-4ea1-99a2-6f9983a3dc6e.HoningRequester - INFO - ############################################################################# 

04/04/2023 03:24:15 PM - ww.ovgu.de/aas/900473a5-7207-4ea1-99a2-6f9983a3dc6e.HoningRequester - INFO - 
 #############################################################################
04/04/2023 03:24:15 PM - ww.ovgu.de/aas/900473a5-7207-4ea1-99a2-6f9983a3dc6e.HoningRequester - INFO - StartState: EvaluateProposal
04/04/2023 03:24:15 PM - ww.ovgu.de/aas/900473a5-7207-4ea1-99a2-6f9983a3dc6e.HoningRequester - INFO - InputDocument : NA
04/04/2023 03:24:15 PM - ww.ovgu.de/aas/900473a5-7207-4ea1-99a2-6f9983a3dc6e.HoningRequester - INFO - OutputDocumentType : NA
04/04/2023 03:24:15 PM - ww.ovgu.de/aas/900473a5-7207-4ea1-99a2-6f9983a3dc6e.HoningRequester - INFO - Condition :-
04/04/2023 03:24:15 PM - ww.ovgu.de/aas/900473a5-7207-4ea1-99a2-6f9983a3dc6e.HoningRequester - INFO - TargettState: sendrejectProposal
04/04/2023 03:24:15 PM - ww.ovgu.de/aas/900473a5-7207-4ea1-99a2-6f9983a3dc6e.HoningRequester - INFO - ############################################################################# 

04/04/2023 03:24:15 PM - ww.ovgu.de/aas/900473a5-7207-4ea1-99a2-6f9983a3dc6e.HoningRequester - INFO - 
 #############################################################################
04/04/2023 03:24:15 PM - ww.ovgu.de/aas/900473a5-7207-4ea1-99a2-6f9983a3dc6e.HoningRequester - INFO - StartState: sendrejectProposal
04/04/2023 03:24:15 PM - ww.ovgu.de/aas/900473a5-7207-4ea1-99a2-6f9983a3dc6e.HoningRequester - INFO - InputDocument : NA
04/04/2023 03:24:15 PM - ww.ovgu.de/aas/900473a5-7207-4ea1-99a2-6f9983a3dc6e.HoningRequester - INFO - OutputDocumentType : rejectProposal
04/04/2023 03:24:15 PM - ww.ovgu.de/aas/900473a5-7207-4ea1-99a2-6f9983a3dc6e.HoningRequester - INFO - Condition :-
04/04/2023 03:24:16 PM - ww.ovgu.de/aas/900473a5-7207-4ea1-99a2-6f9983a3dc6e.HoningRequester - INFO - TargettState: sendacceptProposal
04/04/2023 03:24:16 PM - ww.ovgu.de/aas/900473a5-7207-4ea1-99a2-6f9983a3dc6e.HoningRequester - INFO - ############################################################################# 

04/04/2023 03:24:16 PM - ww.ovgu.de/aas/900473a5-7207-4ea1-99a2-6f9983a3dc6e.HoningRequester - INFO - 
 #############################################################################
04/04/2023 03:24:16 PM - ww.ovgu.de/aas/900473a5-7207-4ea1-99a2-6f9983a3dc6e.HoningRequester - INFO - StartState: sendacceptProposal
04/04/2023 03:24:16 PM - ww.ovgu.de/aas/900473a5-7207-4ea1-99a2-6f9983a3dc6e.HoningRequester - INFO - InputDocument : NA
04/04/2023 03:24:16 PM - ww.ovgu.de/aas/900473a5-7207-4ea1-99a2-6f9983a3dc6e.HoningRequester - INFO - OutputDocumentType : acceptProposal
04/04/2023 03:24:16 PM - ww.ovgu.de/aas/900473a5-7207-4ea1-99a2-6f9983a3dc6e.HoningRequester - INFO - Condition :-
04/04/2023 03:24:16 PM - ww.ovgu.de/aas/900473a5-7207-4ea1-99a2-6f9983a3dc6e.HoningRequester - INFO - TargettState: sendTransportOrder
04/04/2023 03:24:16 PM - ww.ovgu.de/aas/900473a5-7207-4ea1-99a2-6f9983a3dc6e.HoningRequester - INFO - ############################################################################# 

04/04/2023 03:24:16 PM - ww.ovgu.de/aas/900473a5-7207-4ea1-99a2-6f9983a3dc6e.HoningRequester - INFO - 
 #############################################################################
04/04/2023 03:24:16 PM - ww.ovgu.de/aas/900473a5-7207-4ea1-99a2-6f9983a3dc6e.HoningRequester - INFO - StartState: sendTransportOrder
04/04/2023 03:24:16 PM - ww.ovgu.de/aas/900473a5-7207-4ea1-99a2-6f9983a3dc6e.HoningRequester - INFO - InputDocument : NA
04/04/2023 03:24:16 PM - ww.ovgu.de/aas/900473a5-7207-4ea1-99a2-6f9983a3dc6e.HoningRequester - INFO - OutputDocumentType : Order
04/04/2023 03:24:16 PM - ww.ovgu.de/aas/900473a5-7207-4ea1-99a2-6f9983a3dc6e.HoningRequester - INFO - Condition :-
04/04/2023 03:24:16 PM - ww.ovgu.de/aas/900473a5-7207-4ea1-99a2-6f9983a3dc6e.HoningRequester - INFO - TargettState: WaitforTransportOrderCompletion
04/04/2023 03:24:16 PM - ww.ovgu.de/aas/900473a5-7207-4ea1-99a2-6f9983a3dc6e.HoningRequester - INFO - ############################################################################# 

04/04/2023 03:24:16 PM - ww.ovgu.de/aas/900473a5-7207-4ea1-99a2-6f9983a3dc6e.HoningRequester - INFO - 
 #############################################################################
04/04/2023 03:24:16 PM - ww.ovgu.de/aas/900473a5-7207-4ea1-99a2-6f9983a3dc6e.HoningRequester - INFO - StartState: WaitforTransportOrderCompletion
04/04/2023 03:24:16 PM - ww.ovgu.de/aas/900473a5-7207-4ea1-99a2-6f9983a3dc6e.HoningRequester - INFO - InputDocument : OrderStatus
04/04/2023 03:24:21 PM - ww.ovgu.de/aas/900473a5-7207-4ea1-99a2-6f9983a3dc6e.HoningRequester - INFO - OutputDocumentType : NA
04/04/2023 03:24:21 PM - ww.ovgu.de/aas/900473a5-7207-4ea1-99a2-6f9983a3dc6e.HoningRequester - INFO - Condition :-
04/04/2023 03:24:21 PM - ww.ovgu.de/aas/900473a5-7207-4ea1-99a2-6f9983a3dc6e.HoningRequester - INFO - TargettState: WaitforInformConfirm
04/04/2023 03:24:21 PM - ww.ovgu.de/aas/900473a5-7207-4ea1-99a2-6f9983a3dc6e.HoningRequester - INFO - ############################################################################# 

04/04/2023 03:24:21 PM - ww.ovgu.de/aas/900473a5-7207-4ea1-99a2-6f9983a3dc6e.HoningRequester - INFO - 
 #############################################################################
04/04/2023 03:24:21 PM - ww.ovgu.de/aas/900473a5-7207-4ea1-99a2-6f9983a3dc6e.HoningRequester - INFO - StartState: WaitforInformConfirm
04/04/2023 03:24:21 PM - ww.ovgu.de/aas/900473a5-7207-4ea1-99a2-6f9983a3dc6e.HoningRequester - INFO - InputDocument : informConfirm
04/04/2023 03:24:37 PM - ww.ovgu.de/aas/900473a5-7207-4ea1-99a2-6f9983a3dc6e.HoningRequester - INFO - OutputDocumentType : NA
04/04/2023 03:24:37 PM - ww.ovgu.de/aas/900473a5-7207-4ea1-99a2-6f9983a3dc6e.HoningRequester - INFO - Condition :-
04/04/2023 03:24:37 PM - ww.ovgu.de/aas/900473a5-7207-4ea1-99a2-6f9983a3dc6e.HoningRequester - INFO - TargettState: sendCompletionResponse
04/04/2023 03:24:37 PM - ww.ovgu.de/aas/900473a5-7207-4ea1-99a2-6f9983a3dc6e.HoningRequester - INFO - ############################################################################# 

04/04/2023 03:24:38 PM - ww.ovgu.de/aas/900473a5-7207-4ea1-99a2-6f9983a3dc6e.HoningRequester - INFO - 
 #############################################################################
04/04/2023 03:24:38 PM - ww.ovgu.de/aas/900473a5-7207-4ea1-99a2-6f9983a3dc6e.HoningRequester - INFO - StartState: sendCompletionResponse
04/04/2023 03:24:38 PM - ww.ovgu.de/aas/900473a5-7207-4ea1-99a2-6f9983a3dc6e.HoningRequester - INFO - InputDocument : NA
04/04/2023 03:24:38 PM - ww.ovgu.de/aas/900473a5-7207-4ea1-99a2-6f9983a3dc6e.HoningRequester - INFO - OutputDocumentType : OrderStatus
04/04/2023 03:24:38 PM - ww.ovgu.de/aas/900473a5-7207-4ea1-99a2-6f9983a3dc6e.HoningRequester - INFO - Condition :-
04/04/2023 03:24:38 PM - ww.ovgu.de/aas/900473a5-7207-4ea1-99a2-6f9983a3dc6e.HoningRequester - INFO - TargettState: WaitforNewOrder
04/04/2023 03:24:38 PM - ww.ovgu.de/aas/900473a5-7207-4ea1-99a2-6f9983a3dc6e.HoningRequester - INFO - ############################################################################# 

04/04/2023 03:24:38 PM - ww.ovgu.de/aas/900473a5-7207-4ea1-99a2-6f9983a3dc6e.HoningRequester - INFO - 
 #############################################################################
04/04/2023 03:24:38 PM - ww.ovgu.de/aas/900473a5-7207-4ea1-99a2-6f9983a3dc6e.HoningRequester - INFO - StartState: WaitforNewOrder
04/04/2023 03:24:38 PM - ww.ovgu.de/aas/900473a5-7207-4ea1-99a2-6f9983a3dc6e.HoningRequester - INFO - InputDocument : Order
04/04/2023 03:36:29 PM - ww.ovgu.de/aas/900473a5-7207-4ea1-99a2-6f9983a3dc6e.HoningRequester - INFO - 
 #############################################################################
04/04/2023 03:36:29 PM - ww.ovgu.de/aas/900473a5-7207-4ea1-99a2-6f9983a3dc6e.HoningRequester - INFO - StartState: WaitforNewOrder
04/04/2023 03:36:29 PM - ww.ovgu.de/aas/900473a5-7207-4ea1-99a2-6f9983a3dc6e.HoningRequester - INFO - InputDocument : Order
04/04/2023 03:38:02 PM - ww.ovgu.de/aas/900473a5-7207-4ea1-99a2-6f9983a3dc6e.HoningRequester - INFO - OutputDocumentType : NA
04/04/2023 03:38:02 PM - ww.ovgu.de/aas/900473a5-7207-4ea1-99a2-6f9983a3dc6e.HoningRequester - INFO - Condition :-
04/04/2023 03:38:02 PM - ww.ovgu.de/aas/900473a5-7207-4ea1-99a2-6f9983a3dc6e.HoningRequester - INFO - TargettState: cfpConfiguration
04/04/2023 03:38:02 PM - ww.ovgu.de/aas/900473a5-7207-4ea1-99a2-6f9983a3dc6e.HoningRequester - INFO - ############################################################################# 

04/04/2023 03:38:02 PM - ww.ovgu.de/aas/900473a5-7207-4ea1-99a2-6f9983a3dc6e.HoningRequester - INFO - 
 #############################################################################
04/04/2023 03:38:02 PM - ww.ovgu.de/aas/900473a5-7207-4ea1-99a2-6f9983a3dc6e.HoningRequester - INFO - StartState: cfpConfiguration
04/04/2023 03:38:02 PM - ww.ovgu.de/aas/900473a5-7207-4ea1-99a2-6f9983a3dc6e.HoningRequester - INFO - InputDocument : NA
04/04/2023 03:38:02 PM - ww.ovgu.de/aas/900473a5-7207-4ea1-99a2-6f9983a3dc6e.HoningRequester - INFO - OutputDocumentType : NA
04/04/2023 03:38:02 PM - ww.ovgu.de/aas/900473a5-7207-4ea1-99a2-6f9983a3dc6e.HoningRequester - INFO - Condition :-
04/04/2023 03:38:02 PM - ww.ovgu.de/aas/900473a5-7207-4ea1-99a2-6f9983a3dc6e.HoningRequester - INFO - TargettState: SendCFP
04/04/2023 03:38:02 PM - ww.ovgu.de/aas/900473a5-7207-4ea1-99a2-6f9983a3dc6e.HoningRequester - INFO - ############################################################################# 

04/04/2023 03:38:02 PM - ww.ovgu.de/aas/900473a5-7207-4ea1-99a2-6f9983a3dc6e.HoningRequester - INFO - 
 #############################################################################
04/04/2023 03:38:02 PM - ww.ovgu.de/aas/900473a5-7207-4ea1-99a2-6f9983a3dc6e.HoningRequester - INFO - StartState: SendCFP
04/04/2023 03:38:02 PM - ww.ovgu.de/aas/900473a5-7207-4ea1-99a2-6f9983a3dc6e.HoningRequester - INFO - InputDocument : NA
04/04/2023 03:38:02 PM - ww.ovgu.de/aas/900473a5-7207-4ea1-99a2-6f9983a3dc6e.HoningRequester - INFO - OutputDocumentType : callForProposal
04/04/2023 03:38:02 PM - ww.ovgu.de/aas/900473a5-7207-4ea1-99a2-6f9983a3dc6e.HoningRequester - INFO - Condition :-
04/04/2023 03:38:02 PM - ww.ovgu.de/aas/900473a5-7207-4ea1-99a2-6f9983a3dc6e.HoningRequester - INFO - TargettState: WaitForSPProposal
04/04/2023 03:38:02 PM - ww.ovgu.de/aas/900473a5-7207-4ea1-99a2-6f9983a3dc6e.HoningRequester - INFO - ############################################################################# 

04/04/2023 03:38:03 PM - ww.ovgu.de/aas/900473a5-7207-4ea1-99a2-6f9983a3dc6e.HoningRequester - INFO - 
 #############################################################################
04/04/2023 03:38:03 PM - ww.ovgu.de/aas/900473a5-7207-4ea1-99a2-6f9983a3dc6e.HoningRequester - INFO - StartState: WaitForSPProposal
04/04/2023 03:38:03 PM - ww.ovgu.de/aas/900473a5-7207-4ea1-99a2-6f9983a3dc6e.HoningRequester - INFO - InputDocument : proposal
04/04/2023 03:38:05 PM - ww.ovgu.de/aas/900473a5-7207-4ea1-99a2-6f9983a3dc6e.HoningRequester - INFO - OutputDocumentType : NA
04/04/2023 03:38:05 PM - ww.ovgu.de/aas/900473a5-7207-4ea1-99a2-6f9983a3dc6e.HoningRequester - INFO - Condition :-
04/04/2023 03:38:05 PM - ww.ovgu.de/aas/900473a5-7207-4ea1-99a2-6f9983a3dc6e.HoningRequester - INFO - TargettState: EvaluateProposal
04/04/2023 03:38:05 PM - ww.ovgu.de/aas/900473a5-7207-4ea1-99a2-6f9983a3dc6e.HoningRequester - INFO - ############################################################################# 

04/04/2023 03:38:05 PM - ww.ovgu.de/aas/900473a5-7207-4ea1-99a2-6f9983a3dc6e.HoningRequester - INFO - 
 #############################################################################
04/04/2023 03:38:05 PM - ww.ovgu.de/aas/900473a5-7207-4ea1-99a2-6f9983a3dc6e.HoningRequester - INFO - StartState: EvaluateProposal
04/04/2023 03:38:05 PM - ww.ovgu.de/aas/900473a5-7207-4ea1-99a2-6f9983a3dc6e.HoningRequester - INFO - InputDocument : NA
04/04/2023 03:38:05 PM - ww.ovgu.de/aas/900473a5-7207-4ea1-99a2-6f9983a3dc6e.HoningRequester - INFO - OutputDocumentType : NA
04/04/2023 03:38:05 PM - ww.ovgu.de/aas/900473a5-7207-4ea1-99a2-6f9983a3dc6e.HoningRequester - INFO - Condition :-
04/04/2023 03:38:05 PM - ww.ovgu.de/aas/900473a5-7207-4ea1-99a2-6f9983a3dc6e.HoningRequester - INFO - TargettState: sendrejectProposal
04/04/2023 03:38:05 PM - ww.ovgu.de/aas/900473a5-7207-4ea1-99a2-6f9983a3dc6e.HoningRequester - INFO - ############################################################################# 

04/04/2023 03:38:05 PM - ww.ovgu.de/aas/900473a5-7207-4ea1-99a2-6f9983a3dc6e.HoningRequester - INFO - 
 #############################################################################
04/04/2023 03:38:05 PM - ww.ovgu.de/aas/900473a5-7207-4ea1-99a2-6f9983a3dc6e.HoningRequester - INFO - StartState: sendrejectProposal
04/04/2023 03:38:05 PM - ww.ovgu.de/aas/900473a5-7207-4ea1-99a2-6f9983a3dc6e.HoningRequester - INFO - InputDocument : NA
04/04/2023 03:38:05 PM - ww.ovgu.de/aas/900473a5-7207-4ea1-99a2-6f9983a3dc6e.HoningRequester - INFO - OutputDocumentType : rejectProposal
04/04/2023 03:38:05 PM - ww.ovgu.de/aas/900473a5-7207-4ea1-99a2-6f9983a3dc6e.HoningRequester - INFO - Condition :-
04/04/2023 03:38:05 PM - ww.ovgu.de/aas/900473a5-7207-4ea1-99a2-6f9983a3dc6e.HoningRequester - INFO - TargettState: sendacceptProposal
04/04/2023 03:38:05 PM - ww.ovgu.de/aas/900473a5-7207-4ea1-99a2-6f9983a3dc6e.HoningRequester - INFO - ############################################################################# 

04/04/2023 03:38:05 PM - ww.ovgu.de/aas/900473a5-7207-4ea1-99a2-6f9983a3dc6e.HoningRequester - INFO - 
 #############################################################################
04/04/2023 03:38:05 PM - ww.ovgu.de/aas/900473a5-7207-4ea1-99a2-6f9983a3dc6e.HoningRequester - INFO - StartState: sendacceptProposal
04/04/2023 03:38:05 PM - ww.ovgu.de/aas/900473a5-7207-4ea1-99a2-6f9983a3dc6e.HoningRequester - INFO - InputDocument : NA
04/04/2023 03:38:05 PM - ww.ovgu.de/aas/900473a5-7207-4ea1-99a2-6f9983a3dc6e.HoningRequester - INFO - OutputDocumentType : acceptProposal
04/04/2023 03:38:05 PM - ww.ovgu.de/aas/900473a5-7207-4ea1-99a2-6f9983a3dc6e.HoningRequester - INFO - Condition :-
04/04/2023 03:38:05 PM - ww.ovgu.de/aas/900473a5-7207-4ea1-99a2-6f9983a3dc6e.HoningRequester - INFO - TargettState: sendTransportOrder
04/04/2023 03:38:05 PM - ww.ovgu.de/aas/900473a5-7207-4ea1-99a2-6f9983a3dc6e.HoningRequester - INFO - ############################################################################# 

04/04/2023 03:38:05 PM - ww.ovgu.de/aas/900473a5-7207-4ea1-99a2-6f9983a3dc6e.HoningRequester - INFO - 
 #############################################################################
04/04/2023 03:38:05 PM - ww.ovgu.de/aas/900473a5-7207-4ea1-99a2-6f9983a3dc6e.HoningRequester - INFO - StartState: sendTransportOrder
04/04/2023 03:38:05 PM - ww.ovgu.de/aas/900473a5-7207-4ea1-99a2-6f9983a3dc6e.HoningRequester - INFO - InputDocument : NA
04/04/2023 03:38:05 PM - ww.ovgu.de/aas/900473a5-7207-4ea1-99a2-6f9983a3dc6e.HoningRequester - INFO - OutputDocumentType : Order
04/04/2023 03:38:05 PM - ww.ovgu.de/aas/900473a5-7207-4ea1-99a2-6f9983a3dc6e.HoningRequester - INFO - Condition :-
04/04/2023 03:38:05 PM - ww.ovgu.de/aas/900473a5-7207-4ea1-99a2-6f9983a3dc6e.HoningRequester - INFO - TargettState: WaitforTransportOrderCompletion
04/04/2023 03:38:05 PM - ww.ovgu.de/aas/900473a5-7207-4ea1-99a2-6f9983a3dc6e.HoningRequester - INFO - ############################################################################# 

04/04/2023 03:38:05 PM - ww.ovgu.de/aas/900473a5-7207-4ea1-99a2-6f9983a3dc6e.HoningRequester - INFO - 
 #############################################################################
04/04/2023 03:38:05 PM - ww.ovgu.de/aas/900473a5-7207-4ea1-99a2-6f9983a3dc6e.HoningRequester - INFO - StartState: WaitforTransportOrderCompletion
04/04/2023 03:38:05 PM - ww.ovgu.de/aas/900473a5-7207-4ea1-99a2-6f9983a3dc6e.HoningRequester - INFO - InputDocument : OrderStatus
04/04/2023 03:38:10 PM - ww.ovgu.de/aas/900473a5-7207-4ea1-99a2-6f9983a3dc6e.HoningRequester - INFO - OutputDocumentType : NA
04/04/2023 03:38:10 PM - ww.ovgu.de/aas/900473a5-7207-4ea1-99a2-6f9983a3dc6e.HoningRequester - INFO - Condition :-
04/04/2023 03:38:10 PM - ww.ovgu.de/aas/900473a5-7207-4ea1-99a2-6f9983a3dc6e.HoningRequester - INFO - TargettState: WaitforInformConfirm
04/04/2023 03:38:10 PM - ww.ovgu.de/aas/900473a5-7207-4ea1-99a2-6f9983a3dc6e.HoningRequester - INFO - ############################################################################# 

04/04/2023 03:38:10 PM - ww.ovgu.de/aas/900473a5-7207-4ea1-99a2-6f9983a3dc6e.HoningRequester - INFO - 
 #############################################################################
04/04/2023 03:38:10 PM - ww.ovgu.de/aas/900473a5-7207-4ea1-99a2-6f9983a3dc6e.HoningRequester - INFO - StartState: WaitforInformConfirm
04/04/2023 03:38:10 PM - ww.ovgu.de/aas/900473a5-7207-4ea1-99a2-6f9983a3dc6e.HoningRequester - INFO - InputDocument : informConfirm
04/04/2023 03:38:27 PM - ww.ovgu.de/aas/900473a5-7207-4ea1-99a2-6f9983a3dc6e.HoningRequester - INFO - OutputDocumentType : NA
04/04/2023 03:38:27 PM - ww.ovgu.de/aas/900473a5-7207-4ea1-99a2-6f9983a3dc6e.HoningRequester - INFO - Condition :-
04/04/2023 03:38:27 PM - ww.ovgu.de/aas/900473a5-7207-4ea1-99a2-6f9983a3dc6e.HoningRequester - INFO - TargettState: sendCompletionResponse
04/04/2023 03:38:27 PM - ww.ovgu.de/aas/900473a5-7207-4ea1-99a2-6f9983a3dc6e.HoningRequester - INFO - ############################################################################# 

04/04/2023 03:38:27 PM - ww.ovgu.de/aas/900473a5-7207-4ea1-99a2-6f9983a3dc6e.HoningRequester - INFO - 
 #############################################################################
04/04/2023 03:38:27 PM - ww.ovgu.de/aas/900473a5-7207-4ea1-99a2-6f9983a3dc6e.HoningRequester - INFO - StartState: sendCompletionResponse
04/04/2023 03:38:27 PM - ww.ovgu.de/aas/900473a5-7207-4ea1-99a2-6f9983a3dc6e.HoningRequester - INFO - InputDocument : NA
04/04/2023 03:38:27 PM - ww.ovgu.de/aas/900473a5-7207-4ea1-99a2-6f9983a3dc6e.HoningRequester - INFO - OutputDocumentType : OrderStatus
04/04/2023 03:38:27 PM - ww.ovgu.de/aas/900473a5-7207-4ea1-99a2-6f9983a3dc6e.HoningRequester - INFO - Condition :-
04/04/2023 03:38:27 PM - ww.ovgu.de/aas/900473a5-7207-4ea1-99a2-6f9983a3dc6e.HoningRequester - INFO - TargettState: WaitforNewOrder
04/04/2023 03:38:27 PM - ww.ovgu.de/aas/900473a5-7207-4ea1-99a2-6f9983a3dc6e.HoningRequester - INFO - ############################################################################# 

04/04/2023 03:38:27 PM - ww.ovgu.de/aas/900473a5-7207-4ea1-99a2-6f9983a3dc6e.HoningRequester - INFO - 
 #############################################################################
04/04/2023 03:38:27 PM - ww.ovgu.de/aas/900473a5-7207-4ea1-99a2-6f9983a3dc6e.HoningRequester - INFO - StartState: WaitforNewOrder
04/04/2023 03:38:27 PM - ww.ovgu.de/aas/900473a5-7207-4ea1-99a2-6f9983a3dc6e.HoningRequester - INFO - InputDocument : Order
04/04/2023 03:41:05 PM - ww.ovgu.de/aas/900473a5-7207-4ea1-99a2-6f9983a3dc6e.HoningRequester - INFO - 
 #############################################################################
04/04/2023 03:41:05 PM - ww.ovgu.de/aas/900473a5-7207-4ea1-99a2-6f9983a3dc6e.HoningRequester - INFO - StartState: WaitforNewOrder
04/04/2023 03:41:05 PM - ww.ovgu.de/aas/900473a5-7207-4ea1-99a2-6f9983a3dc6e.HoningRequester - INFO - InputDocument : Order
04/04/2023 03:42:26 PM - ww.ovgu.de/aas/900473a5-7207-4ea1-99a2-6f9983a3dc6e.HoningRequester - INFO - OutputDocumentType : NA
04/04/2023 03:42:26 PM - ww.ovgu.de/aas/900473a5-7207-4ea1-99a2-6f9983a3dc6e.HoningRequester - INFO - Condition :-
04/04/2023 03:42:26 PM - ww.ovgu.de/aas/900473a5-7207-4ea1-99a2-6f9983a3dc6e.HoningRequester - INFO - TargettState: cfpConfiguration
04/04/2023 03:42:26 PM - ww.ovgu.de/aas/900473a5-7207-4ea1-99a2-6f9983a3dc6e.HoningRequester - INFO - ############################################################################# 

04/04/2023 03:42:26 PM - ww.ovgu.de/aas/900473a5-7207-4ea1-99a2-6f9983a3dc6e.HoningRequester - INFO - 
 #############################################################################
04/04/2023 03:42:26 PM - ww.ovgu.de/aas/900473a5-7207-4ea1-99a2-6f9983a3dc6e.HoningRequester - INFO - StartState: cfpConfiguration
04/04/2023 03:42:26 PM - ww.ovgu.de/aas/900473a5-7207-4ea1-99a2-6f9983a3dc6e.HoningRequester - INFO - InputDocument : NA
04/04/2023 03:42:26 PM - ww.ovgu.de/aas/900473a5-7207-4ea1-99a2-6f9983a3dc6e.HoningRequester - INFO - OutputDocumentType : NA
04/04/2023 03:42:26 PM - ww.ovgu.de/aas/900473a5-7207-4ea1-99a2-6f9983a3dc6e.HoningRequester - INFO - Condition :-
04/04/2023 03:42:26 PM - ww.ovgu.de/aas/900473a5-7207-4ea1-99a2-6f9983a3dc6e.HoningRequester - INFO - TargettState: SendCFP
04/04/2023 03:42:26 PM - ww.ovgu.de/aas/900473a5-7207-4ea1-99a2-6f9983a3dc6e.HoningRequester - INFO - ############################################################################# 

04/04/2023 03:42:26 PM - ww.ovgu.de/aas/900473a5-7207-4ea1-99a2-6f9983a3dc6e.HoningRequester - INFO - 
 #############################################################################
04/04/2023 03:42:26 PM - ww.ovgu.de/aas/900473a5-7207-4ea1-99a2-6f9983a3dc6e.HoningRequester - INFO - StartState: SendCFP
04/04/2023 03:42:26 PM - ww.ovgu.de/aas/900473a5-7207-4ea1-99a2-6f9983a3dc6e.HoningRequester - INFO - InputDocument : NA
04/04/2023 03:42:26 PM - ww.ovgu.de/aas/900473a5-7207-4ea1-99a2-6f9983a3dc6e.HoningRequester - INFO - OutputDocumentType : callForProposal
04/04/2023 03:42:26 PM - ww.ovgu.de/aas/900473a5-7207-4ea1-99a2-6f9983a3dc6e.HoningRequester - INFO - Condition :-
04/04/2023 03:42:26 PM - ww.ovgu.de/aas/900473a5-7207-4ea1-99a2-6f9983a3dc6e.HoningRequester - INFO - TargettState: WaitForSPProposal
04/04/2023 03:42:26 PM - ww.ovgu.de/aas/900473a5-7207-4ea1-99a2-6f9983a3dc6e.HoningRequester - INFO - ############################################################################# 

04/04/2023 03:42:26 PM - ww.ovgu.de/aas/900473a5-7207-4ea1-99a2-6f9983a3dc6e.HoningRequester - INFO - 
 #############################################################################
04/04/2023 03:42:27 PM - ww.ovgu.de/aas/900473a5-7207-4ea1-99a2-6f9983a3dc6e.HoningRequester - INFO - StartState: WaitForSPProposal
04/04/2023 03:42:27 PM - ww.ovgu.de/aas/900473a5-7207-4ea1-99a2-6f9983a3dc6e.HoningRequester - INFO - InputDocument : proposal
04/04/2023 03:42:29 PM - ww.ovgu.de/aas/900473a5-7207-4ea1-99a2-6f9983a3dc6e.HoningRequester - INFO - OutputDocumentType : NA
04/04/2023 03:42:29 PM - ww.ovgu.de/aas/900473a5-7207-4ea1-99a2-6f9983a3dc6e.HoningRequester - INFO - Condition :-
04/04/2023 03:42:29 PM - ww.ovgu.de/aas/900473a5-7207-4ea1-99a2-6f9983a3dc6e.HoningRequester - INFO - TargettState: EvaluateProposal
04/04/2023 03:42:29 PM - ww.ovgu.de/aas/900473a5-7207-4ea1-99a2-6f9983a3dc6e.HoningRequester - INFO - ############################################################################# 

04/04/2023 03:42:29 PM - ww.ovgu.de/aas/900473a5-7207-4ea1-99a2-6f9983a3dc6e.HoningRequester - INFO - 
 #############################################################################
04/04/2023 03:42:29 PM - ww.ovgu.de/aas/900473a5-7207-4ea1-99a2-6f9983a3dc6e.HoningRequester - INFO - StartState: EvaluateProposal
04/04/2023 03:42:29 PM - ww.ovgu.de/aas/900473a5-7207-4ea1-99a2-6f9983a3dc6e.HoningRequester - INFO - InputDocument : NA
04/04/2023 03:42:29 PM - ww.ovgu.de/aas/900473a5-7207-4ea1-99a2-6f9983a3dc6e.HoningRequester - INFO - OutputDocumentType : NA
04/04/2023 03:42:29 PM - ww.ovgu.de/aas/900473a5-7207-4ea1-99a2-6f9983a3dc6e.HoningRequester - INFO - Condition :-
04/04/2023 03:42:29 PM - ww.ovgu.de/aas/900473a5-7207-4ea1-99a2-6f9983a3dc6e.HoningRequester - INFO - TargettState: sendrejectProposal
04/04/2023 03:42:29 PM - ww.ovgu.de/aas/900473a5-7207-4ea1-99a2-6f9983a3dc6e.HoningRequester - INFO - ############################################################################# 

04/04/2023 03:42:29 PM - ww.ovgu.de/aas/900473a5-7207-4ea1-99a2-6f9983a3dc6e.HoningRequester - INFO - 
 #############################################################################
04/04/2023 03:42:29 PM - ww.ovgu.de/aas/900473a5-7207-4ea1-99a2-6f9983a3dc6e.HoningRequester - INFO - StartState: sendrejectProposal
04/04/2023 03:42:29 PM - ww.ovgu.de/aas/900473a5-7207-4ea1-99a2-6f9983a3dc6e.HoningRequester - INFO - InputDocument : NA
04/04/2023 03:42:29 PM - ww.ovgu.de/aas/900473a5-7207-4ea1-99a2-6f9983a3dc6e.HoningRequester - INFO - OutputDocumentType : rejectProposal
04/04/2023 03:42:29 PM - ww.ovgu.de/aas/900473a5-7207-4ea1-99a2-6f9983a3dc6e.HoningRequester - INFO - Condition :-
04/04/2023 03:42:29 PM - ww.ovgu.de/aas/900473a5-7207-4ea1-99a2-6f9983a3dc6e.HoningRequester - INFO - TargettState: sendacceptProposal
04/04/2023 03:42:29 PM - ww.ovgu.de/aas/900473a5-7207-4ea1-99a2-6f9983a3dc6e.HoningRequester - INFO - ############################################################################# 

04/04/2023 03:42:29 PM - ww.ovgu.de/aas/900473a5-7207-4ea1-99a2-6f9983a3dc6e.HoningRequester - INFO - 
 #############################################################################
04/04/2023 03:42:29 PM - ww.ovgu.de/aas/900473a5-7207-4ea1-99a2-6f9983a3dc6e.HoningRequester - INFO - StartState: sendacceptProposal
04/04/2023 03:42:29 PM - ww.ovgu.de/aas/900473a5-7207-4ea1-99a2-6f9983a3dc6e.HoningRequester - INFO - InputDocument : NA
04/04/2023 03:42:29 PM - ww.ovgu.de/aas/900473a5-7207-4ea1-99a2-6f9983a3dc6e.HoningRequester - INFO - OutputDocumentType : acceptProposal
04/04/2023 03:42:29 PM - ww.ovgu.de/aas/900473a5-7207-4ea1-99a2-6f9983a3dc6e.HoningRequester - INFO - Condition :-
04/04/2023 03:42:29 PM - ww.ovgu.de/aas/900473a5-7207-4ea1-99a2-6f9983a3dc6e.HoningRequester - INFO - TargettState: sendTransportOrder
04/04/2023 03:42:29 PM - ww.ovgu.de/aas/900473a5-7207-4ea1-99a2-6f9983a3dc6e.HoningRequester - INFO - ############################################################################# 

04/04/2023 03:42:29 PM - ww.ovgu.de/aas/900473a5-7207-4ea1-99a2-6f9983a3dc6e.HoningRequester - INFO - 
 #############################################################################
04/04/2023 03:42:29 PM - ww.ovgu.de/aas/900473a5-7207-4ea1-99a2-6f9983a3dc6e.HoningRequester - INFO - StartState: sendTransportOrder
04/04/2023 03:42:29 PM - ww.ovgu.de/aas/900473a5-7207-4ea1-99a2-6f9983a3dc6e.HoningRequester - INFO - InputDocument : NA
04/04/2023 03:42:29 PM - ww.ovgu.de/aas/900473a5-7207-4ea1-99a2-6f9983a3dc6e.HoningRequester - INFO - OutputDocumentType : Order
04/04/2023 03:42:29 PM - ww.ovgu.de/aas/900473a5-7207-4ea1-99a2-6f9983a3dc6e.HoningRequester - INFO - Condition :-
04/04/2023 03:42:29 PM - ww.ovgu.de/aas/900473a5-7207-4ea1-99a2-6f9983a3dc6e.HoningRequester - INFO - TargettState: WaitforTransportOrderCompletion
04/04/2023 03:42:29 PM - ww.ovgu.de/aas/900473a5-7207-4ea1-99a2-6f9983a3dc6e.HoningRequester - INFO - ############################################################################# 

04/04/2023 03:42:30 PM - ww.ovgu.de/aas/900473a5-7207-4ea1-99a2-6f9983a3dc6e.HoningRequester - INFO - 
 #############################################################################
04/04/2023 03:42:30 PM - ww.ovgu.de/aas/900473a5-7207-4ea1-99a2-6f9983a3dc6e.HoningRequester - INFO - StartState: WaitforTransportOrderCompletion
04/04/2023 03:42:30 PM - ww.ovgu.de/aas/900473a5-7207-4ea1-99a2-6f9983a3dc6e.HoningRequester - INFO - InputDocument : OrderStatus
04/04/2023 03:42:36 PM - ww.ovgu.de/aas/900473a5-7207-4ea1-99a2-6f9983a3dc6e.HoningRequester - INFO - OutputDocumentType : NA
04/04/2023 03:42:36 PM - ww.ovgu.de/aas/900473a5-7207-4ea1-99a2-6f9983a3dc6e.HoningRequester - INFO - Condition :-
04/04/2023 03:42:36 PM - ww.ovgu.de/aas/900473a5-7207-4ea1-99a2-6f9983a3dc6e.HoningRequester - INFO - TargettState: WaitforInformConfirm
04/04/2023 03:42:36 PM - ww.ovgu.de/aas/900473a5-7207-4ea1-99a2-6f9983a3dc6e.HoningRequester - INFO - ############################################################################# 

04/04/2023 03:42:36 PM - ww.ovgu.de/aas/900473a5-7207-4ea1-99a2-6f9983a3dc6e.HoningRequester - INFO - 
 #############################################################################
04/04/2023 03:42:36 PM - ww.ovgu.de/aas/900473a5-7207-4ea1-99a2-6f9983a3dc6e.HoningRequester - INFO - StartState: WaitforInformConfirm
04/04/2023 03:42:36 PM - ww.ovgu.de/aas/900473a5-7207-4ea1-99a2-6f9983a3dc6e.HoningRequester - INFO - InputDocument : informConfirm
04/04/2023 03:42:51 PM - ww.ovgu.de/aas/900473a5-7207-4ea1-99a2-6f9983a3dc6e.HoningRequester - INFO - OutputDocumentType : NA
04/04/2023 03:42:51 PM - ww.ovgu.de/aas/900473a5-7207-4ea1-99a2-6f9983a3dc6e.HoningRequester - INFO - Condition :-
04/04/2023 03:42:51 PM - ww.ovgu.de/aas/900473a5-7207-4ea1-99a2-6f9983a3dc6e.HoningRequester - INFO - TargettState: sendCompletionResponse
04/04/2023 03:42:51 PM - ww.ovgu.de/aas/900473a5-7207-4ea1-99a2-6f9983a3dc6e.HoningRequester - INFO - ############################################################################# 

04/04/2023 03:42:51 PM - ww.ovgu.de/aas/900473a5-7207-4ea1-99a2-6f9983a3dc6e.HoningRequester - INFO - 
 #############################################################################
04/04/2023 03:42:52 PM - ww.ovgu.de/aas/900473a5-7207-4ea1-99a2-6f9983a3dc6e.HoningRequester - INFO - StartState: sendCompletionResponse
04/04/2023 03:42:52 PM - ww.ovgu.de/aas/900473a5-7207-4ea1-99a2-6f9983a3dc6e.HoningRequester - INFO - InputDocument : NA
04/04/2023 03:42:52 PM - ww.ovgu.de/aas/900473a5-7207-4ea1-99a2-6f9983a3dc6e.HoningRequester - INFO - OutputDocumentType : OrderStatus
04/04/2023 03:42:52 PM - ww.ovgu.de/aas/900473a5-7207-4ea1-99a2-6f9983a3dc6e.HoningRequester - INFO - Condition :-
04/04/2023 03:42:52 PM - ww.ovgu.de/aas/900473a5-7207-4ea1-99a2-6f9983a3dc6e.HoningRequester - INFO - TargettState: WaitforNewOrder
04/04/2023 03:42:52 PM - ww.ovgu.de/aas/900473a5-7207-4ea1-99a2-6f9983a3dc6e.HoningRequester - INFO - ############################################################################# 

04/04/2023 03:42:52 PM - ww.ovgu.de/aas/900473a5-7207-4ea1-99a2-6f9983a3dc6e.HoningRequester - INFO - 
 #############################################################################
04/04/2023 03:42:52 PM - ww.ovgu.de/aas/900473a5-7207-4ea1-99a2-6f9983a3dc6e.HoningRequester - INFO - StartState: WaitforNewOrder
04/04/2023 03:42:52 PM - ww.ovgu.de/aas/900473a5-7207-4ea1-99a2-6f9983a3dc6e.HoningRequester - INFO - InputDocument : Order
04/04/2023 03:44:21 PM - ww.ovgu.de/aas/900473a5-7207-4ea1-99a2-6f9983a3dc6e.HoningRequester - INFO - OutputDocumentType : NA
04/04/2023 03:44:21 PM - ww.ovgu.de/aas/900473a5-7207-4ea1-99a2-6f9983a3dc6e.HoningRequester - INFO - Condition :-
04/04/2023 03:44:21 PM - ww.ovgu.de/aas/900473a5-7207-4ea1-99a2-6f9983a3dc6e.HoningRequester - INFO - TargettState: cfpConfiguration
04/04/2023 03:44:21 PM - ww.ovgu.de/aas/900473a5-7207-4ea1-99a2-6f9983a3dc6e.HoningRequester - INFO - ############################################################################# 

04/04/2023 03:44:21 PM - ww.ovgu.de/aas/900473a5-7207-4ea1-99a2-6f9983a3dc6e.HoningRequester - INFO - 
 #############################################################################
04/04/2023 03:44:21 PM - ww.ovgu.de/aas/900473a5-7207-4ea1-99a2-6f9983a3dc6e.HoningRequester - INFO - StartState: cfpConfiguration
04/04/2023 03:44:21 PM - ww.ovgu.de/aas/900473a5-7207-4ea1-99a2-6f9983a3dc6e.HoningRequester - INFO - InputDocument : NA
04/04/2023 03:44:21 PM - ww.ovgu.de/aas/900473a5-7207-4ea1-99a2-6f9983a3dc6e.HoningRequester - INFO - OutputDocumentType : NA
04/04/2023 03:44:21 PM - ww.ovgu.de/aas/900473a5-7207-4ea1-99a2-6f9983a3dc6e.HoningRequester - INFO - Condition :-
04/04/2023 03:44:21 PM - ww.ovgu.de/aas/900473a5-7207-4ea1-99a2-6f9983a3dc6e.HoningRequester - INFO - TargettState: SendCFP
04/04/2023 03:44:21 PM - ww.ovgu.de/aas/900473a5-7207-4ea1-99a2-6f9983a3dc6e.HoningRequester - INFO - ############################################################################# 

04/04/2023 03:44:21 PM - ww.ovgu.de/aas/900473a5-7207-4ea1-99a2-6f9983a3dc6e.HoningRequester - INFO - 
 #############################################################################
04/04/2023 03:44:21 PM - ww.ovgu.de/aas/900473a5-7207-4ea1-99a2-6f9983a3dc6e.HoningRequester - INFO - StartState: SendCFP
04/04/2023 03:44:21 PM - ww.ovgu.de/aas/900473a5-7207-4ea1-99a2-6f9983a3dc6e.HoningRequester - INFO - InputDocument : NA
04/04/2023 03:44:21 PM - ww.ovgu.de/aas/900473a5-7207-4ea1-99a2-6f9983a3dc6e.HoningRequester - INFO - OutputDocumentType : callForProposal
04/04/2023 03:44:21 PM - ww.ovgu.de/aas/900473a5-7207-4ea1-99a2-6f9983a3dc6e.HoningRequester - INFO - Condition :-
04/04/2023 03:44:21 PM - ww.ovgu.de/aas/900473a5-7207-4ea1-99a2-6f9983a3dc6e.HoningRequester - INFO - TargettState: WaitForSPProposal
04/04/2023 03:44:22 PM - ww.ovgu.de/aas/900473a5-7207-4ea1-99a2-6f9983a3dc6e.HoningRequester - INFO - ############################################################################# 

04/04/2023 03:44:22 PM - ww.ovgu.de/aas/900473a5-7207-4ea1-99a2-6f9983a3dc6e.HoningRequester - INFO - 
 #############################################################################
04/04/2023 03:44:22 PM - ww.ovgu.de/aas/900473a5-7207-4ea1-99a2-6f9983a3dc6e.HoningRequester - INFO - StartState: WaitForSPProposal
04/04/2023 03:44:22 PM - ww.ovgu.de/aas/900473a5-7207-4ea1-99a2-6f9983a3dc6e.HoningRequester - INFO - InputDocument : proposal
04/04/2023 03:44:23 PM - ww.ovgu.de/aas/900473a5-7207-4ea1-99a2-6f9983a3dc6e.HoningRequester - INFO - OutputDocumentType : NA
04/04/2023 03:44:23 PM - ww.ovgu.de/aas/900473a5-7207-4ea1-99a2-6f9983a3dc6e.HoningRequester - INFO - Condition :-
04/04/2023 03:44:23 PM - ww.ovgu.de/aas/900473a5-7207-4ea1-99a2-6f9983a3dc6e.HoningRequester - INFO - TargettState: EvaluateProposal
04/04/2023 03:44:23 PM - ww.ovgu.de/aas/900473a5-7207-4ea1-99a2-6f9983a3dc6e.HoningRequester - INFO - ############################################################################# 

04/04/2023 03:44:23 PM - ww.ovgu.de/aas/900473a5-7207-4ea1-99a2-6f9983a3dc6e.HoningRequester - INFO - 
 #############################################################################
04/04/2023 03:44:23 PM - ww.ovgu.de/aas/900473a5-7207-4ea1-99a2-6f9983a3dc6e.HoningRequester - INFO - StartState: EvaluateProposal
04/04/2023 03:44:23 PM - ww.ovgu.de/aas/900473a5-7207-4ea1-99a2-6f9983a3dc6e.HoningRequester - INFO - InputDocument : NA
04/04/2023 03:44:23 PM - ww.ovgu.de/aas/900473a5-7207-4ea1-99a2-6f9983a3dc6e.HoningRequester - INFO - OutputDocumentType : NA
04/04/2023 03:44:23 PM - ww.ovgu.de/aas/900473a5-7207-4ea1-99a2-6f9983a3dc6e.HoningRequester - INFO - Condition :-
04/04/2023 03:44:23 PM - ww.ovgu.de/aas/900473a5-7207-4ea1-99a2-6f9983a3dc6e.HoningRequester - INFO - TargettState: sendrejectProposal
04/04/2023 03:44:23 PM - ww.ovgu.de/aas/900473a5-7207-4ea1-99a2-6f9983a3dc6e.HoningRequester - INFO - ############################################################################# 

04/04/2023 03:44:23 PM - ww.ovgu.de/aas/900473a5-7207-4ea1-99a2-6f9983a3dc6e.HoningRequester - INFO - 
 #############################################################################
04/04/2023 03:44:23 PM - ww.ovgu.de/aas/900473a5-7207-4ea1-99a2-6f9983a3dc6e.HoningRequester - INFO - StartState: sendrejectProposal
04/04/2023 03:44:23 PM - ww.ovgu.de/aas/900473a5-7207-4ea1-99a2-6f9983a3dc6e.HoningRequester - INFO - InputDocument : NA
04/04/2023 03:44:23 PM - ww.ovgu.de/aas/900473a5-7207-4ea1-99a2-6f9983a3dc6e.HoningRequester - INFO - OutputDocumentType : rejectProposal
04/04/2023 03:44:23 PM - ww.ovgu.de/aas/900473a5-7207-4ea1-99a2-6f9983a3dc6e.HoningRequester - INFO - Condition :-
04/04/2023 03:44:23 PM - ww.ovgu.de/aas/900473a5-7207-4ea1-99a2-6f9983a3dc6e.HoningRequester - INFO - TargettState: sendacceptProposal
04/04/2023 03:44:23 PM - ww.ovgu.de/aas/900473a5-7207-4ea1-99a2-6f9983a3dc6e.HoningRequester - INFO - ############################################################################# 

04/04/2023 03:44:23 PM - ww.ovgu.de/aas/900473a5-7207-4ea1-99a2-6f9983a3dc6e.HoningRequester - INFO - 
 #############################################################################
04/04/2023 03:44:23 PM - ww.ovgu.de/aas/900473a5-7207-4ea1-99a2-6f9983a3dc6e.HoningRequester - INFO - StartState: sendacceptProposal
04/04/2023 03:44:23 PM - ww.ovgu.de/aas/900473a5-7207-4ea1-99a2-6f9983a3dc6e.HoningRequester - INFO - InputDocument : NA
04/04/2023 03:44:23 PM - ww.ovgu.de/aas/900473a5-7207-4ea1-99a2-6f9983a3dc6e.HoningRequester - INFO - OutputDocumentType : acceptProposal
04/04/2023 03:44:23 PM - ww.ovgu.de/aas/900473a5-7207-4ea1-99a2-6f9983a3dc6e.HoningRequester - INFO - Condition :-
04/04/2023 03:44:23 PM - ww.ovgu.de/aas/900473a5-7207-4ea1-99a2-6f9983a3dc6e.HoningRequester - INFO - TargettState: sendTransportOrder
04/04/2023 03:44:23 PM - ww.ovgu.de/aas/900473a5-7207-4ea1-99a2-6f9983a3dc6e.HoningRequester - INFO - ############################################################################# 

04/04/2023 03:44:23 PM - ww.ovgu.de/aas/900473a5-7207-4ea1-99a2-6f9983a3dc6e.HoningRequester - INFO - 
 #############################################################################
04/04/2023 03:44:23 PM - ww.ovgu.de/aas/900473a5-7207-4ea1-99a2-6f9983a3dc6e.HoningRequester - INFO - StartState: sendTransportOrder
04/04/2023 03:44:23 PM - ww.ovgu.de/aas/900473a5-7207-4ea1-99a2-6f9983a3dc6e.HoningRequester - INFO - InputDocument : NA
04/04/2023 03:44:23 PM - ww.ovgu.de/aas/900473a5-7207-4ea1-99a2-6f9983a3dc6e.HoningRequester - INFO - OutputDocumentType : Order
04/04/2023 03:44:23 PM - ww.ovgu.de/aas/900473a5-7207-4ea1-99a2-6f9983a3dc6e.HoningRequester - INFO - Condition :-
04/04/2023 03:44:24 PM - ww.ovgu.de/aas/900473a5-7207-4ea1-99a2-6f9983a3dc6e.HoningRequester - INFO - TargettState: WaitforTransportOrderCompletion
04/04/2023 03:44:24 PM - ww.ovgu.de/aas/900473a5-7207-4ea1-99a2-6f9983a3dc6e.HoningRequester - INFO - ############################################################################# 

04/04/2023 03:44:24 PM - ww.ovgu.de/aas/900473a5-7207-4ea1-99a2-6f9983a3dc6e.HoningRequester - INFO - 
 #############################################################################
04/04/2023 03:44:24 PM - ww.ovgu.de/aas/900473a5-7207-4ea1-99a2-6f9983a3dc6e.HoningRequester - INFO - StartState: WaitforTransportOrderCompletion
04/04/2023 03:44:24 PM - ww.ovgu.de/aas/900473a5-7207-4ea1-99a2-6f9983a3dc6e.HoningRequester - INFO - InputDocument : OrderStatus
04/04/2023 03:44:28 PM - ww.ovgu.de/aas/900473a5-7207-4ea1-99a2-6f9983a3dc6e.HoningRequester - INFO - OutputDocumentType : NA
04/04/2023 03:44:28 PM - ww.ovgu.de/aas/900473a5-7207-4ea1-99a2-6f9983a3dc6e.HoningRequester - INFO - Condition :-
04/04/2023 03:44:28 PM - ww.ovgu.de/aas/900473a5-7207-4ea1-99a2-6f9983a3dc6e.HoningRequester - INFO - TargettState: WaitforInformConfirm
04/04/2023 03:44:28 PM - ww.ovgu.de/aas/900473a5-7207-4ea1-99a2-6f9983a3dc6e.HoningRequester - INFO - ############################################################################# 

04/04/2023 03:44:28 PM - ww.ovgu.de/aas/900473a5-7207-4ea1-99a2-6f9983a3dc6e.HoningRequester - INFO - 
 #############################################################################
04/04/2023 03:44:28 PM - ww.ovgu.de/aas/900473a5-7207-4ea1-99a2-6f9983a3dc6e.HoningRequester - INFO - StartState: WaitforInformConfirm
04/04/2023 03:44:28 PM - ww.ovgu.de/aas/900473a5-7207-4ea1-99a2-6f9983a3dc6e.HoningRequester - INFO - InputDocument : informConfirm
04/04/2023 03:44:45 PM - ww.ovgu.de/aas/900473a5-7207-4ea1-99a2-6f9983a3dc6e.HoningRequester - INFO - OutputDocumentType : NA
04/04/2023 03:44:45 PM - ww.ovgu.de/aas/900473a5-7207-4ea1-99a2-6f9983a3dc6e.HoningRequester - INFO - Condition :-
04/04/2023 03:44:45 PM - ww.ovgu.de/aas/900473a5-7207-4ea1-99a2-6f9983a3dc6e.HoningRequester - INFO - TargettState: sendCompletionResponse
04/04/2023 03:44:45 PM - ww.ovgu.de/aas/900473a5-7207-4ea1-99a2-6f9983a3dc6e.HoningRequester - INFO - ############################################################################# 

04/04/2023 03:44:45 PM - ww.ovgu.de/aas/900473a5-7207-4ea1-99a2-6f9983a3dc6e.HoningRequester - INFO - 
 #############################################################################
04/04/2023 03:44:45 PM - ww.ovgu.de/aas/900473a5-7207-4ea1-99a2-6f9983a3dc6e.HoningRequester - INFO - StartState: sendCompletionResponse
04/04/2023 03:44:45 PM - ww.ovgu.de/aas/900473a5-7207-4ea1-99a2-6f9983a3dc6e.HoningRequester - INFO - InputDocument : NA
04/04/2023 03:44:45 PM - ww.ovgu.de/aas/900473a5-7207-4ea1-99a2-6f9983a3dc6e.HoningRequester - INFO - OutputDocumentType : OrderStatus
04/04/2023 03:44:45 PM - ww.ovgu.de/aas/900473a5-7207-4ea1-99a2-6f9983a3dc6e.HoningRequester - INFO - Condition :-
04/04/2023 03:44:45 PM - ww.ovgu.de/aas/900473a5-7207-4ea1-99a2-6f9983a3dc6e.HoningRequester - INFO - TargettState: WaitforNewOrder
04/04/2023 03:44:45 PM - ww.ovgu.de/aas/900473a5-7207-4ea1-99a2-6f9983a3dc6e.HoningRequester - INFO - ############################################################################# 

04/04/2023 03:44:45 PM - ww.ovgu.de/aas/900473a5-7207-4ea1-99a2-6f9983a3dc6e.HoningRequester - INFO - 
 #############################################################################
04/04/2023 03:44:45 PM - ww.ovgu.de/aas/900473a5-7207-4ea1-99a2-6f9983a3dc6e.HoningRequester - INFO - StartState: WaitforNewOrder
04/04/2023 03:44:45 PM - ww.ovgu.de/aas/900473a5-7207-4ea1-99a2-6f9983a3dc6e.HoningRequester - INFO - InputDocument : Order
