08/13/2023 01:05:53 PM - ww.ovgu.de/aas/67e882ad-7027-4854-b6db-8f5b30e21e1e.ProductionManager - INFO - 
 #############################################################################
08/13/2023 01:05:53 PM - ww.ovgu.de/aas/67e882ad-7027-4854-b6db-8f5b30e21e1e.ProductionManager - INFO - StartState: WaitforNewOrder
08/13/2023 01:08:16 PM - ww.ovgu.de/aas/67e882ad-7027-4854-b6db-8f5b30e21e1e.ProductionManager - INFO - 
 #############################################################################
08/13/2023 01:08:16 PM - ww.ovgu.de/aas/67e882ad-7027-4854-b6db-8f5b30e21e1e.ProductionManager - INFO - StartState: WaitforNewOrder
08/13/2023 01:12:33 PM - ww.ovgu.de/aas/67e882ad-7027-4854-b6db-8f5b30e21e1e.ProductionManager - INFO - 
 #############################################################################
08/13/2023 01:12:33 PM - ww.ovgu.de/aas/67e882ad-7027-4854-b6db-8f5b30e21e1e.ProductionManager - INFO - StartState: WaitforNewOrder
08/13/2023 01:17:40 PM - ww.ovgu.de/aas/67e882ad-7027-4854-b6db-8f5b30e21e1e.ProductionManager - INFO - 
 #############################################################################
08/13/2023 01:17:40 PM - ww.ovgu.de/aas/67e882ad-7027-4854-b6db-8f5b30e21e1e.ProductionManager - INFO - StartState: WaitforNewOrder
08/13/2023 01:22:18 PM - ww.ovgu.de/aas/67e882ad-7027-4854-b6db-8f5b30e21e1e.ProductionManager - INFO - 
 #############################################################################
08/13/2023 01:22:18 PM - ww.ovgu.de/aas/67e882ad-7027-4854-b6db-8f5b30e21e1e.ProductionManager - INFO - StartState: WaitforNewOrder
08/13/2023 04:03:46 PM - ww.ovgu.de/aas/67e882ad-7027-4854-b6db-8f5b30e21e1e.ProductionManager - INFO - 
 #############################################################################
08/13/2023 04:03:46 PM - ww.ovgu.de/aas/67e882ad-7027-4854-b6db-8f5b30e21e1e.ProductionManager - INFO - StartState: WaitforNewOrder
08/13/2023 04:38:01 PM - ww.ovgu.de/aas/67e882ad-7027-4854-b6db-8f5b30e21e1e.ProductionManager - INFO - 
 #############################################################################
08/13/2023 04:38:01 PM - ww.ovgu.de/aas/67e882ad-7027-4854-b6db-8f5b30e21e1e.ProductionManager - INFO - StartState: WaitforNewOrder
08/13/2023 04:44:21 PM - ww.ovgu.de/aas/67e882ad-7027-4854-b6db-8f5b30e21e1e.ProductionManager - INFO - 
 #############################################################################
08/13/2023 04:44:21 PM - ww.ovgu.de/aas/67e882ad-7027-4854-b6db-8f5b30e21e1e.ProductionManager - INFO - StartState: WaitforNewOrder
08/13/2023 05:08:00 PM - ww.ovgu.de/aas/67e882ad-7027-4854-b6db-8f5b30e21e1e.ProductionManager - INFO - 
 #############################################################################
08/13/2023 05:08:00 PM - ww.ovgu.de/aas/67e882ad-7027-4854-b6db-8f5b30e21e1e.ProductionManager - INFO - StartState: WaitforNewOrder
08/13/2023 05:34:01 PM - ww.ovgu.de/aas/67e882ad-7027-4854-b6db-8f5b30e21e1e.ProductionManager - INFO - 
 #############################################################################
08/13/2023 05:34:01 PM - ww.ovgu.de/aas/67e882ad-7027-4854-b6db-8f5b30e21e1e.ProductionManager - INFO - StartState: WaitforNewOrder
08/13/2023 05:46:47 PM - ww.ovgu.de/aas/67e882ad-7027-4854-b6db-8f5b30e21e1e.ProductionManager - INFO - 
 #############################################################################
08/13/2023 05:46:47 PM - ww.ovgu.de/aas/67e882ad-7027-4854-b6db-8f5b30e21e1e.ProductionManager - INFO - StartState: WaitforNewOrder
08/13/2023 05:58:44 PM - ww.ovgu.de/aas/67e882ad-7027-4854-b6db-8f5b30e21e1e.ProductionManager - INFO - 
 #############################################################################
08/13/2023 05:58:44 PM - ww.ovgu.de/aas/67e882ad-7027-4854-b6db-8f5b30e21e1e.ProductionManager - INFO - StartState: WaitforNewOrder
08/13/2023 06:04:17 PM - ww.ovgu.de/aas/67e882ad-7027-4854-b6db-8f5b30e21e1e.ProductionManager - INFO - 
 #############################################################################
08/13/2023 06:04:17 PM - ww.ovgu.de/aas/67e882ad-7027-4854-b6db-8f5b30e21e1e.ProductionManager - INFO - StartState: WaitforNewOrder
08/13/2023 06:08:43 PM - ww.ovgu.de/aas/67e882ad-7027-4854-b6db-8f5b30e21e1e.ProductionManager - INFO - 
 #############################################################################
08/13/2023 06:08:43 PM - ww.ovgu.de/aas/67e882ad-7027-4854-b6db-8f5b30e21e1e.ProductionManager - INFO - StartState: WaitforNewOrder
08/13/2023 06:19:17 PM - ww.ovgu.de/aas/67e882ad-7027-4854-b6db-8f5b30e21e1e.ProductionManager - INFO - 
 #############################################################################
08/13/2023 06:19:17 PM - ww.ovgu.de/aas/67e882ad-7027-4854-b6db-8f5b30e21e1e.ProductionManager - INFO - StartState: WaitforNewOrder
08/13/2023 06:57:27 PM - ww.ovgu.de/aas/67e882ad-7027-4854-b6db-8f5b30e21e1e.ProductionManager - INFO - 
 #############################################################################
08/13/2023 06:57:27 PM - ww.ovgu.de/aas/67e882ad-7027-4854-b6db-8f5b30e21e1e.ProductionManager - INFO - StartState: WaitforNewOrder
08/13/2023 06:59:34 PM - ww.ovgu.de/aas/67e882ad-7027-4854-b6db-8f5b30e21e1e.ProductionManager - INFO - 
 #############################################################################
08/13/2023 06:59:34 PM - ww.ovgu.de/aas/67e882ad-7027-4854-b6db-8f5b30e21e1e.ProductionManager - INFO - StartState: WaitforNewOrder
08/13/2023 07:31:47 PM - ww.ovgu.de/aas/67e882ad-7027-4854-b6db-8f5b30e21e1e.ProductionManager - INFO - 
 #############################################################################
08/13/2023 07:31:47 PM - ww.ovgu.de/aas/67e882ad-7027-4854-b6db-8f5b30e21e1e.ProductionManager - INFO - StartState: WaitforNewOrder
08/13/2023 07:43:44 PM - ww.ovgu.de/aas/67e882ad-7027-4854-b6db-8f5b30e21e1e.ProductionManager - INFO - 
 #############################################################################
08/13/2023 07:43:44 PM - ww.ovgu.de/aas/67e882ad-7027-4854-b6db-8f5b30e21e1e.ProductionManager - INFO - StartState: WaitforNewOrder
08/13/2023 07:49:10 PM - ww.ovgu.de/aas/67e882ad-7027-4854-b6db-8f5b30e21e1e.ProductionManager - INFO - 
 #############################################################################
08/13/2023 07:49:10 PM - ww.ovgu.de/aas/67e882ad-7027-4854-b6db-8f5b30e21e1e.ProductionManager - INFO - StartState: WaitforNewOrder
08/13/2023 08:03:06 PM - ww.ovgu.de/aas/67e882ad-7027-4854-b6db-8f5b30e21e1e.ProductionManager - INFO - 
 #############################################################################
08/13/2023 08:03:06 PM - ww.ovgu.de/aas/67e882ad-7027-4854-b6db-8f5b30e21e1e.ProductionManager - INFO - StartState: WaitforNewOrder
08/13/2023 08:05:02 PM - ww.ovgu.de/aas/67e882ad-7027-4854-b6db-8f5b30e21e1e.ProductionManager - INFO - 
 #############################################################################
08/13/2023 08:05:02 PM - ww.ovgu.de/aas/67e882ad-7027-4854-b6db-8f5b30e21e1e.ProductionManager - INFO - StartState: WaitforNewOrder
08/13/2023 08:06:33 PM - ww.ovgu.de/aas/67e882ad-7027-4854-b6db-8f5b30e21e1e.ProductionManager - INFO - 
 #############################################################################
08/13/2023 08:06:33 PM - ww.ovgu.de/aas/67e882ad-7027-4854-b6db-8f5b30e21e1e.ProductionManager - INFO - StartState: WaitforNewOrder
08/14/2023 10:43:48 AM - ww.ovgu.de/aas/67e882ad-7027-4854-b6db-8f5b30e21e1e.ProductionManager - INFO - 
 #############################################################################
08/14/2023 10:43:48 AM - ww.ovgu.de/aas/67e882ad-7027-4854-b6db-8f5b30e21e1e.ProductionManager - INFO - StartState: WaitforNewOrder
08/14/2023 10:48:56 AM - ww.ovgu.de/aas/67e882ad-7027-4854-b6db-8f5b30e21e1e.ProductionManager - INFO - 
 #############################################################################
08/14/2023 10:48:56 AM - ww.ovgu.de/aas/67e882ad-7027-4854-b6db-8f5b30e21e1e.ProductionManager - INFO - StartState: WaitforNewOrder
08/14/2023 10:49:45 AM - ww.ovgu.de/aas/67e882ad-7027-4854-b6db-8f5b30e21e1e.ProductionManager - INFO - 
 #############################################################################
08/14/2023 10:49:45 AM - ww.ovgu.de/aas/67e882ad-7027-4854-b6db-8f5b30e21e1e.ProductionManager - INFO - StartState: WaitforNewOrder
08/16/2023 03:16:59 PM - ww.ovgu.de/aas/67e882ad-7027-4854-b6db-8f5b30e21e1e.ProductionManager - INFO - 
 #############################################################################
08/16/2023 03:16:59 PM - ww.ovgu.de/aas/67e882ad-7027-4854-b6db-8f5b30e21e1e.ProductionManager - INFO - StartState: WaitforNewOrder
08/16/2023 03:17:12 PM - ww.ovgu.de/aas/67e882ad-7027-4854-b6db-8f5b30e21e1e.ProductionManager - INFO - 
 #############################################################################
08/16/2023 03:17:12 PM - ww.ovgu.de/aas/67e882ad-7027-4854-b6db-8f5b30e21e1e.ProductionManager - INFO - StartState: WaitforNewOrder
08/16/2023 03:23:26 PM - ww.ovgu.de/aas/67e882ad-7027-4854-b6db-8f5b30e21e1e.ProductionManager - INFO - 
 #############################################################################
08/16/2023 03:23:26 PM - ww.ovgu.de/aas/67e882ad-7027-4854-b6db-8f5b30e21e1e.ProductionManager - INFO - StartState: WaitforNewOrder
08/16/2023 03:35:19 PM - ww.ovgu.de/aas/67e882ad-7027-4854-b6db-8f5b30e21e1e.ProductionManager - INFO - 
 #############################################################################
08/16/2023 03:35:19 PM - ww.ovgu.de/aas/67e882ad-7027-4854-b6db-8f5b30e21e1e.ProductionManager - INFO - StartState: WaitforNewOrder
08/16/2023 03:36:05 PM - ww.ovgu.de/aas/67e882ad-7027-4854-b6db-8f5b30e21e1e.ProductionManager - INFO - 
 #############################################################################
08/16/2023 03:36:05 PM - ww.ovgu.de/aas/67e882ad-7027-4854-b6db-8f5b30e21e1e.ProductionManager - INFO - StartState: WaitforNewOrder
08/16/2023 03:40:14 PM - ww.ovgu.de/aas/67e882ad-7027-4854-b6db-8f5b30e21e1e.ProductionManager - INFO - 
 #############################################################################
08/16/2023 03:40:14 PM - ww.ovgu.de/aas/67e882ad-7027-4854-b6db-8f5b30e21e1e.ProductionManager - INFO - StartState: WaitforNewOrder
08/16/2023 03:48:21 PM - ww.ovgu.de/aas/67e882ad-7027-4854-b6db-8f5b30e21e1e.ProductionManager - INFO - 
 #############################################################################
08/16/2023 03:48:21 PM - ww.ovgu.de/aas/67e882ad-7027-4854-b6db-8f5b30e21e1e.ProductionManager - INFO - StartState: WaitforNewOrder
08/16/2023 03:57:44 PM - ww.ovgu.de/aas/67e882ad-7027-4854-b6db-8f5b30e21e1e.ProductionManager - INFO - 
 #############################################################################
08/16/2023 03:57:44 PM - ww.ovgu.de/aas/67e882ad-7027-4854-b6db-8f5b30e21e1e.ProductionManager - INFO - StartState: WaitforNewOrder
08/16/2023 03:59:03 PM - ww.ovgu.de/aas/67e882ad-7027-4854-b6db-8f5b30e21e1e.ProductionManager - INFO - 
 #############################################################################
08/16/2023 03:59:03 PM - ww.ovgu.de/aas/67e882ad-7027-4854-b6db-8f5b30e21e1e.ProductionManager - INFO - StartState: WaitforNewOrder
08/16/2023 04:04:01 PM - ww.ovgu.de/aas/67e882ad-7027-4854-b6db-8f5b30e21e1e.ProductionManager - INFO - 
 #############################################################################
08/16/2023 04:04:01 PM - ww.ovgu.de/aas/67e882ad-7027-4854-b6db-8f5b30e21e1e.ProductionManager - INFO - StartState: WaitforNewOrder
08/16/2023 04:10:48 PM - ww.ovgu.de/aas/67e882ad-7027-4854-b6db-8f5b30e21e1e.ProductionManager - INFO - 
 #############################################################################
08/16/2023 04:10:48 PM - ww.ovgu.de/aas/67e882ad-7027-4854-b6db-8f5b30e21e1e.ProductionManager - INFO - StartState: WaitforNewOrder
08/16/2023 04:11:38 PM - ww.ovgu.de/aas/67e882ad-7027-4854-b6db-8f5b30e21e1e.ProductionManager - INFO - 
 #############################################################################
08/16/2023 04:11:38 PM - ww.ovgu.de/aas/67e882ad-7027-4854-b6db-8f5b30e21e1e.ProductionManager - INFO - StartState: WaitforNewOrder
08/16/2023 04:12:25 PM - ww.ovgu.de/aas/67e882ad-7027-4854-b6db-8f5b30e21e1e.ProductionManager - INFO - 
 #############################################################################
08/16/2023 04:12:25 PM - ww.ovgu.de/aas/67e882ad-7027-4854-b6db-8f5b30e21e1e.ProductionManager - INFO - StartState: WaitforNewOrder
08/16/2023 04:21:35 PM - ww.ovgu.de/aas/67e882ad-7027-4854-b6db-8f5b30e21e1e.ProductionManager - INFO - 
 #############################################################################
08/16/2023 04:21:35 PM - ww.ovgu.de/aas/67e882ad-7027-4854-b6db-8f5b30e21e1e.ProductionManager - INFO - StartState: WaitforNewOrder
08/16/2023 04:25:12 PM - ww.ovgu.de/aas/67e882ad-7027-4854-b6db-8f5b30e21e1e.ProductionManager - INFO - 
 #############################################################################
08/16/2023 04:25:12 PM - ww.ovgu.de/aas/67e882ad-7027-4854-b6db-8f5b30e21e1e.ProductionManager - INFO - StartState: WaitforNewOrder
08/16/2023 04:28:04 PM - ww.ovgu.de/aas/67e882ad-7027-4854-b6db-8f5b30e21e1e.ProductionManager - INFO - 
 #############################################################################
08/16/2023 04:28:04 PM - ww.ovgu.de/aas/67e882ad-7027-4854-b6db-8f5b30e21e1e.ProductionManager - INFO - StartState: WaitforNewOrder
08/16/2023 04:33:55 PM - ww.ovgu.de/aas/67e882ad-7027-4854-b6db-8f5b30e21e1e.ProductionManager - INFO - 
 #############################################################################
08/16/2023 04:33:55 PM - ww.ovgu.de/aas/67e882ad-7027-4854-b6db-8f5b30e21e1e.ProductionManager - INFO - StartState: WaitforNewOrder
08/16/2023 04:36:38 PM - ww.ovgu.de/aas/67e882ad-7027-4854-b6db-8f5b30e21e1e.ProductionManager - INFO - 
 #############################################################################
08/16/2023 04:36:38 PM - ww.ovgu.de/aas/67e882ad-7027-4854-b6db-8f5b30e21e1e.ProductionManager - INFO - StartState: WaitforNewOrder
08/16/2023 04:40:59 PM - ww.ovgu.de/aas/67e882ad-7027-4854-b6db-8f5b30e21e1e.ProductionManager - INFO - 
 #############################################################################
08/16/2023 04:40:59 PM - ww.ovgu.de/aas/67e882ad-7027-4854-b6db-8f5b30e21e1e.ProductionManager - INFO - StartState: WaitforNewOrder
02/04/2024 10:09:01 AM - ww.ovgu.de/aas/67e882ad-7027-4854-b6db-8f5b30e21e1e.ProductionManager - INFO - 
 #############################################################################
02/04/2024 10:09:01 AM - ww.ovgu.de/aas/67e882ad-7027-4854-b6db-8f5b30e21e1e.ProductionManager - INFO - StartState: WaitforNewOrder
02/04/2024 11:19:02 AM - ww.ovgu.de/aas/67e882ad-7027-4854-b6db-8f5b30e21e1e.ProductionManager - INFO - 
 #############################################################################
02/04/2024 11:19:02 AM - ww.ovgu.de/aas/67e882ad-7027-4854-b6db-8f5b30e21e1e.ProductionManager - INFO - StartState: WaitforNewOrder
02/04/2024 11:20:41 AM - ww.ovgu.de/aas/67e882ad-7027-4854-b6db-8f5b30e21e1e.ProductionManager - INFO - 
 #############################################################################
02/04/2024 11:20:41 AM - ww.ovgu.de/aas/67e882ad-7027-4854-b6db-8f5b30e21e1e.ProductionManager - INFO - StartState: WaitforNewOrder
02/04/2024 11:25:30 AM - ww.ovgu.de/aas/67e882ad-7027-4854-b6db-8f5b30e21e1e.ProductionManager - INFO - 
 #############################################################################
02/04/2024 11:25:30 AM - ww.ovgu.de/aas/67e882ad-7027-4854-b6db-8f5b30e21e1e.ProductionManager - INFO - StartState: WaitforNewOrder
02/04/2024 11:27:33 AM - ww.ovgu.de/aas/67e882ad-7027-4854-b6db-8f5b30e21e1e.ProductionManager - INFO - 
 #############################################################################
02/04/2024 11:27:33 AM - ww.ovgu.de/aas/67e882ad-7027-4854-b6db-8f5b30e21e1e.ProductionManager - INFO - StartState: WaitforNewOrder
02/04/2024 11:46:06 AM - ww.ovgu.de/aas/67e882ad-7027-4854-b6db-8f5b30e21e1e.ProductionManager - INFO - 
 #############################################################################
02/04/2024 11:46:06 AM - ww.ovgu.de/aas/67e882ad-7027-4854-b6db-8f5b30e21e1e.ProductionManager - INFO - StartState: WaitforNewOrder
02/04/2024 11:49:29 AM - ww.ovgu.de/aas/67e882ad-7027-4854-b6db-8f5b30e21e1e.ProductionManager - INFO - 
 #############################################################################
02/04/2024 11:49:29 AM - ww.ovgu.de/aas/67e882ad-7027-4854-b6db-8f5b30e21e1e.ProductionManager - INFO - StartState: WaitforNewOrder
02/04/2024 11:50:45 AM - ww.ovgu.de/aas/67e882ad-7027-4854-b6db-8f5b30e21e1e.ProductionManager - INFO - 
 #############################################################################
02/04/2024 11:50:45 AM - ww.ovgu.de/aas/67e882ad-7027-4854-b6db-8f5b30e21e1e.ProductionManager - INFO - StartState: WaitforNewOrder
02/04/2024 11:51:29 AM - ww.ovgu.de/aas/67e882ad-7027-4854-b6db-8f5b30e21e1e.ProductionManager - INFO - 
 #############################################################################
02/04/2024 11:51:29 AM - ww.ovgu.de/aas/67e882ad-7027-4854-b6db-8f5b30e21e1e.ProductionManager - INFO - StartState: WaitforNewOrder
02/04/2024 11:57:25 AM - ww.ovgu.de/aas/67e882ad-7027-4854-b6db-8f5b30e21e1e.ProductionManager - INFO - 
 #############################################################################
02/04/2024 11:57:25 AM - ww.ovgu.de/aas/67e882ad-7027-4854-b6db-8f5b30e21e1e.ProductionManager - INFO - StartState: WaitforNewOrder
02/04/2024 11:58:47 AM - ww.ovgu.de/aas/67e882ad-7027-4854-b6db-8f5b30e21e1e.ProductionManager - INFO - 
 #############################################################################
02/04/2024 11:58:47 AM - ww.ovgu.de/aas/67e882ad-7027-4854-b6db-8f5b30e21e1e.ProductionManager - INFO - StartState: WaitforNewOrder
02/04/2024 11:59:59 AM - ww.ovgu.de/aas/67e882ad-7027-4854-b6db-8f5b30e21e1e.ProductionManager - INFO - 
 #############################################################################
02/04/2024 11:59:59 AM - ww.ovgu.de/aas/67e882ad-7027-4854-b6db-8f5b30e21e1e.ProductionManager - INFO - StartState: WaitforNewOrder
02/04/2024 12:01:05 PM - ww.ovgu.de/aas/67e882ad-7027-4854-b6db-8f5b30e21e1e.ProductionManager - INFO - 
 #############################################################################
02/04/2024 12:01:05 PM - ww.ovgu.de/aas/67e882ad-7027-4854-b6db-8f5b30e21e1e.ProductionManager - INFO - StartState: WaitforNewOrder
02/04/2024 12:23:42 PM - ww.ovgu.de/aas/67e882ad-7027-4854-b6db-8f5b30e21e1e.ProductionManager - INFO - 
 #############################################################################
02/04/2024 12:23:42 PM - ww.ovgu.de/aas/67e882ad-7027-4854-b6db-8f5b30e21e1e.ProductionManager - INFO - StartState: WaitforNewOrder
02/04/2024 12:46:06 PM - ww.ovgu.de/aas/67e882ad-7027-4854-b6db-8f5b30e21e1e.ProductionManager - INFO - 
 #############################################################################
02/04/2024 12:46:06 PM - ww.ovgu.de/aas/67e882ad-7027-4854-b6db-8f5b30e21e1e.ProductionManager - INFO - StartState: WaitforNewOrder
02/04/2024 12:46:14 PM - ww.ovgu.de/aas/67e882ad-7027-4854-b6db-8f5b30e21e1e.ProductionManager - INFO - 
 #############################################################################
02/04/2024 12:46:14 PM - ww.ovgu.de/aas/67e882ad-7027-4854-b6db-8f5b30e21e1e.ProductionManager - INFO - StartState: WaitforNewOrder
02/04/2024 12:47:53 PM - ww.ovgu.de/aas/67e882ad-7027-4854-b6db-8f5b30e21e1e.ProductionManager - INFO - 
 #############################################################################
02/04/2024 12:47:53 PM - ww.ovgu.de/aas/67e882ad-7027-4854-b6db-8f5b30e21e1e.ProductionManager - INFO - StartState: WaitforNewOrder
02/04/2024 12:48:32 PM - ww.ovgu.de/aas/67e882ad-7027-4854-b6db-8f5b30e21e1e.ProductionManager - INFO - 
 #############################################################################
02/04/2024 12:48:32 PM - ww.ovgu.de/aas/67e882ad-7027-4854-b6db-8f5b30e21e1e.ProductionManager - INFO - StartState: WaitforNewOrder
02/04/2024 12:50:07 PM - ww.ovgu.de/aas/67e882ad-7027-4854-b6db-8f5b30e21e1e.ProductionManager - INFO - 
 #############################################################################
02/04/2024 12:50:07 PM - ww.ovgu.de/aas/67e882ad-7027-4854-b6db-8f5b30e21e1e.ProductionManager - INFO - StartState: WaitforNewOrder
02/04/2024 01:02:19 PM - ww.ovgu.de/aas/67e882ad-7027-4854-b6db-8f5b30e21e1e.ProductionManager - INFO - 
 #############################################################################
02/04/2024 01:02:19 PM - ww.ovgu.de/aas/67e882ad-7027-4854-b6db-8f5b30e21e1e.ProductionManager - INFO - StartState: WaitforNewOrder
02/04/2024 01:05:12 PM - ww.ovgu.de/aas/67e882ad-7027-4854-b6db-8f5b30e21e1e.ProductionManager - INFO - 
 #############################################################################
02/04/2024 01:05:12 PM - ww.ovgu.de/aas/67e882ad-7027-4854-b6db-8f5b30e21e1e.ProductionManager - INFO - StartState: WaitforNewOrder
02/04/2024 01:06:20 PM - ww.ovgu.de/aas/67e882ad-7027-4854-b6db-8f5b30e21e1e.ProductionManager - INFO - 
 #############################################################################
02/04/2024 01:06:20 PM - ww.ovgu.de/aas/67e882ad-7027-4854-b6db-8f5b30e21e1e.ProductionManager - INFO - StartState: WaitforNewOrder
