05/19/2023 05:42:43 PM - 5e0c462b-219a-47a3-8dbb-09cc7677d23f_Register - INFO - 
 #############################################################################
05/19/2023 05:42:43 PM - 5e0c462b-219a-47a3-8dbb-09cc7677d23f_Register - INFO - StartState: WaitforNewOrder
05/19/2023 05:42:43 PM - 5e0c462b-219a-47a3-8dbb-09cc7677d23f_Register - INFO - InputDocument : Order
05/19/2023 05:47:27 PM - 99252d38-ceca-426c-aafd-0bcfb27b6381_Register - INFO - 
 #############################################################################
05/19/2023 05:47:27 PM - 99252d38-ceca-426c-aafd-0bcfb27b6381_Register - INFO - StartState: WaitforNewOrder
05/19/2023 05:47:27 PM - 99252d38-ceca-426c-aafd-0bcfb27b6381_Register - INFO - InputDocument : Order
05/19/2023 05:52:47 PM - ce52dbaf-be54-42b8-9b5c-b1950d78568e_Register - INFO - 
 #############################################################################
05/19/2023 05:52:47 PM - ce52dbaf-be54-42b8-9b5c-b1950d78568e_Register - INFO - StartState: WaitforNewOrder
05/19/2023 05:52:47 PM - ce52dbaf-be54-42b8-9b5c-b1950d78568e_Register - INFO - InputDocument : Order
05/19/2023 05:55:37 PM - 0022d0fe-083e-41a2-b9ea-af0892dfbb18_Register - INFO - 
 #############################################################################
05/19/2023 05:55:37 PM - 0022d0fe-083e-41a2-b9ea-af0892dfbb18_Register - INFO - StartState: WaitforNewOrder
05/19/2023 05:55:37 PM - 0022d0fe-083e-41a2-b9ea-af0892dfbb18_Register - INFO - InputDocument : Order
05/19/2023 05:59:20 PM - e1e12fe9-d6db-44a1-8043-a05544420358_Register - INFO - 
 #############################################################################
05/19/2023 05:59:20 PM - e1e12fe9-d6db-44a1-8043-a05544420358_Register - INFO - StartState: WaitforNewOrder
05/19/2023 05:59:20 PM - e1e12fe9-d6db-44a1-8043-a05544420358_Register - INFO - InputDocument : Order
05/19/2023 06:04:30 PM - 8233a01e-1802-485c-b4f0-d6842df29dc0_Register - INFO - 
 #############################################################################
05/19/2023 06:04:30 PM - 8233a01e-1802-485c-b4f0-d6842df29dc0_Register - INFO - StartState: WaitforNewOrder
05/19/2023 06:04:30 PM - 8233a01e-1802-485c-b4f0-d6842df29dc0_Register - INFO - InputDocument : Order
05/19/2023 06:07:57 PM - fddb38aa-0ecf-43f2-85ee-54d403beee33_Register - INFO - 
 #############################################################################
05/19/2023 06:07:57 PM - fddb38aa-0ecf-43f2-85ee-54d403beee33_Register - INFO - StartState: WaitforNewOrder
05/19/2023 06:07:57 PM - fddb38aa-0ecf-43f2-85ee-54d403beee33_Register - INFO - InputDocument : Order
05/19/2023 06:10:13 PM - 2b275847-d21f-4d31-9632-f7ccea0ef778_Register - INFO - 
 #############################################################################
05/19/2023 06:10:13 PM - 2b275847-d21f-4d31-9632-f7ccea0ef778_Register - INFO - StartState: WaitforNewOrder
05/19/2023 06:10:13 PM - 2b275847-d21f-4d31-9632-f7ccea0ef778_Register - INFO - InputDocument : Order
05/19/2023 06:26:21 PM - ff5b0680-69d9-4709-b8fb-4b0bd24e8bdb_Register - INFO - 
 #############################################################################
05/19/2023 06:26:21 PM - ff5b0680-69d9-4709-b8fb-4b0bd24e8bdb_Register - INFO - StartState: WaitforNewOrder
05/19/2023 06:26:21 PM - ff5b0680-69d9-4709-b8fb-4b0bd24e8bdb_Register - INFO - InputDocument : Order
