04/05/2023 10:03:55 PM - e91fc758-dbb3-4d35-aacb-41a7f04c2eb6_Register - INFO - 
 #############################################################################
04/05/2023 10:03:55 PM - e91fc758-dbb3-4d35-aacb-41a7f04c2eb6_Register - INFO - StartState: WaitforNewOrder
04/05/2023 10:03:55 PM - e91fc758-dbb3-4d35-aacb-41a7f04c2eb6_Register - INFO - InputDocument : Order
04/05/2023 10:04:08 PM - e91fc758-dbb3-4d35-aacb-41a7f04c2eb6_Register - INFO - OutputDocumentType : NA
04/05/2023 10:04:08 PM - e91fc758-dbb3-4d35-aacb-41a7f04c2eb6_Register - INFO - Condition :-
04/05/2023 10:04:08 PM - e91fc758-dbb3-4d35-aacb-41a7f04c2eb6_Register - INFO - TargettState: CreateAndSendRegisterMessage
04/05/2023 10:04:08 PM - e91fc758-dbb3-4d35-aacb-41a7f04c2eb6_Register - INFO - ############################################################################# 

04/05/2023 10:04:08 PM - e91fc758-dbb3-4d35-aacb-41a7f04c2eb6_Register - INFO - 
 #############################################################################
04/05/2023 10:04:08 PM - e91fc758-dbb3-4d35-aacb-41a7f04c2eb6_Register - INFO - StartState: CreateAndSendRegisterMessage
04/05/2023 10:04:08 PM - e91fc758-dbb3-4d35-aacb-41a7f04c2eb6_Register - INFO - InputDocument : NA
04/05/2023 10:04:08 PM - e91fc758-dbb3-4d35-aacb-41a7f04c2eb6_Register - INFO - OutputDocumentType : register
04/05/2023 10:04:08 PM - e91fc758-dbb3-4d35-aacb-41a7f04c2eb6_Register - INFO - Condition :-
04/05/2023 10:04:08 PM - e91fc758-dbb3-4d35-aacb-41a7f04c2eb6_Register - INFO - TargettState: waitforRegisterAck
04/05/2023 10:04:08 PM - e91fc758-dbb3-4d35-aacb-41a7f04c2eb6_Register - INFO - ############################################################################# 

04/05/2023 10:04:08 PM - e91fc758-dbb3-4d35-aacb-41a7f04c2eb6_Register - INFO - 
 #############################################################################
04/05/2023 10:04:08 PM - e91fc758-dbb3-4d35-aacb-41a7f04c2eb6_Register - INFO - StartState: waitforRegisterAck
04/05/2023 10:04:08 PM - e91fc758-dbb3-4d35-aacb-41a7f04c2eb6_Register - INFO - InputDocument : registerack
04/05/2023 10:04:30 PM - e91fc758-dbb3-4d35-aacb-41a7f04c2eb6_Register - INFO - OutputDocumentType : NA
04/05/2023 10:04:30 PM - e91fc758-dbb3-4d35-aacb-41a7f04c2eb6_Register - INFO - Condition :-
04/05/2023 10:04:30 PM - e91fc758-dbb3-4d35-aacb-41a7f04c2eb6_Register - INFO - TargettState: notifyOnError
04/05/2023 10:04:30 PM - e91fc758-dbb3-4d35-aacb-41a7f04c2eb6_Register - INFO - ############################################################################# 

04/05/2023 10:04:30 PM - e91fc758-dbb3-4d35-aacb-41a7f04c2eb6_Register - INFO - 
 #############################################################################
04/05/2023 10:04:30 PM - e91fc758-dbb3-4d35-aacb-41a7f04c2eb6_Register - INFO - StartState: notifyOnError
04/05/2023 10:04:30 PM - e91fc758-dbb3-4d35-aacb-41a7f04c2eb6_Register - INFO - InputDocument : NA
04/05/2023 10:04:30 PM - e91fc758-dbb3-4d35-aacb-41a7f04c2eb6_Register - INFO - OutputDocumentType : NA
04/05/2023 10:04:30 PM - e91fc758-dbb3-4d35-aacb-41a7f04c2eb6_Register - INFO - Condition :-
04/05/2023 10:04:30 PM - e91fc758-dbb3-4d35-aacb-41a7f04c2eb6_Register - INFO - TargettState: sendCompletionResponse
04/05/2023 10:04:30 PM - e91fc758-dbb3-4d35-aacb-41a7f04c2eb6_Register - INFO - ############################################################################# 

04/05/2023 10:04:30 PM - e91fc758-dbb3-4d35-aacb-41a7f04c2eb6_Register - INFO - 
 #############################################################################
04/05/2023 10:04:30 PM - e91fc758-dbb3-4d35-aacb-41a7f04c2eb6_Register - INFO - StartState: sendCompletionResponse
04/05/2023 10:04:30 PM - e91fc758-dbb3-4d35-aacb-41a7f04c2eb6_Register - INFO - InputDocument : NA
04/05/2023 10:04:30 PM - e91fc758-dbb3-4d35-aacb-41a7f04c2eb6_Register - INFO - OutputDocumentType : OrderStatus
04/05/2023 10:04:30 PM - e91fc758-dbb3-4d35-aacb-41a7f04c2eb6_Register - INFO - Condition :-
04/05/2023 10:04:30 PM - e91fc758-dbb3-4d35-aacb-41a7f04c2eb6_Register - INFO - TargettState: WaitforNewOrder
04/05/2023 10:04:30 PM - e91fc758-dbb3-4d35-aacb-41a7f04c2eb6_Register - INFO - ############################################################################# 

04/05/2023 10:04:30 PM - e91fc758-dbb3-4d35-aacb-41a7f04c2eb6_Register - INFO - 
 #############################################################################
04/05/2023 10:04:30 PM - e91fc758-dbb3-4d35-aacb-41a7f04c2eb6_Register - INFO - StartState: WaitforNewOrder
04/05/2023 10:04:30 PM - e91fc758-dbb3-4d35-aacb-41a7f04c2eb6_Register - INFO - InputDocument : Order
04/05/2023 10:27:20 PM - 50ba28b3-4578-40b2-b812-bfe4567de0ad_Register - INFO - 
 #############################################################################
04/05/2023 10:27:20 PM - 50ba28b3-4578-40b2-b812-bfe4567de0ad_Register - INFO - StartState: WaitforNewOrder
04/05/2023 10:27:20 PM - 50ba28b3-4578-40b2-b812-bfe4567de0ad_Register - INFO - InputDocument : Order
04/05/2023 10:29:26 PM - 7ec070a7-2b23-4899-9eb8-2c8d0581ea17_Register - INFO - 
 #############################################################################
04/05/2023 10:29:26 PM - 7ec070a7-2b23-4899-9eb8-2c8d0581ea17_Register - INFO - StartState: WaitforNewOrder
04/05/2023 10:29:26 PM - 7ec070a7-2b23-4899-9eb8-2c8d0581ea17_Register - INFO - InputDocument : Order
04/05/2023 10:42:44 PM - aee4cc1e-a4b3-44dd-af15-aac56788d96d_Register - INFO - 
 #############################################################################
04/05/2023 10:42:44 PM - aee4cc1e-a4b3-44dd-af15-aac56788d96d_Register - INFO - StartState: WaitforNewOrder
04/05/2023 10:42:44 PM - aee4cc1e-a4b3-44dd-af15-aac56788d96d_Register - INFO - InputDocument : Order
04/05/2023 10:43:52 PM - f39c8dc0-a4c9-4f7b-b95d-e9b5b4a4e8ca_Register - INFO - 
 #############################################################################
04/05/2023 10:43:52 PM - f39c8dc0-a4c9-4f7b-b95d-e9b5b4a4e8ca_Register - INFO - StartState: WaitforNewOrder
04/05/2023 10:43:52 PM - f39c8dc0-a4c9-4f7b-b95d-e9b5b4a4e8ca_Register - INFO - InputDocument : Order
04/05/2023 10:46:50 PM - cd8e08c6-865a-4a8b-9c14-913b2cb5a42f_Register - INFO - 
 #############################################################################
04/05/2023 10:46:50 PM - cd8e08c6-865a-4a8b-9c14-913b2cb5a42f_Register - INFO - StartState: WaitforNewOrder
04/05/2023 10:46:50 PM - cd8e08c6-865a-4a8b-9c14-913b2cb5a42f_Register - INFO - InputDocument : Order
04/05/2023 10:52:30 PM - 2cf7bf77-1afe-4743-ac0b-a8eb61c6621c_Register - INFO - 
 #############################################################################
04/05/2023 10:52:30 PM - 2cf7bf77-1afe-4743-ac0b-a8eb61c6621c_Register - INFO - StartState: WaitforNewOrder
04/05/2023 10:52:30 PM - 2cf7bf77-1afe-4743-ac0b-a8eb61c6621c_Register - INFO - InputDocument : Order
04/05/2023 10:54:35 PM - 1e20a6c0-c3c7-4edf-a684-de49f15157c6_Register - INFO - 
 #############################################################################
04/05/2023 10:54:35 PM - 1e20a6c0-c3c7-4edf-a684-de49f15157c6_Register - INFO - StartState: WaitforNewOrder
04/05/2023 10:54:35 PM - 1e20a6c0-c3c7-4edf-a684-de49f15157c6_Register - INFO - InputDocument : Order
04/05/2023 10:56:55 PM - 97b5eb4f-41db-49d4-a6a7-669e8968f2a3_Register - INFO - 
 #############################################################################
04/05/2023 10:56:55 PM - 97b5eb4f-41db-49d4-a6a7-669e8968f2a3_Register - INFO - StartState: WaitforNewOrder
04/05/2023 10:56:55 PM - 97b5eb4f-41db-49d4-a6a7-669e8968f2a3_Register - INFO - InputDocument : Order
04/05/2023 11:16:39 PM - 4eebc8f6-8019-457b-93da-8000d6db7fa5_Register - INFO - 
 #############################################################################
04/05/2023 11:16:39 PM - 4eebc8f6-8019-457b-93da-8000d6db7fa5_Register - INFO - StartState: WaitforNewOrder
04/05/2023 11:16:39 PM - 4eebc8f6-8019-457b-93da-8000d6db7fa5_Register - INFO - InputDocument : Order
04/05/2023 11:30:11 PM - 06545c47-2bf1-4c6d-aec2-1a96b8c1ce80_Register - INFO - 
 #############################################################################
04/05/2023 11:30:11 PM - 06545c47-2bf1-4c6d-aec2-1a96b8c1ce80_Register - INFO - StartState: WaitforNewOrder
04/05/2023 11:30:11 PM - 06545c47-2bf1-4c6d-aec2-1a96b8c1ce80_Register - INFO - InputDocument : Order
04/05/2023 11:33:07 PM - bbeefbe7-99b1-4106-9aed-7607a66d4d22_Register - INFO - 
 #############################################################################
04/05/2023 11:33:07 PM - bbeefbe7-99b1-4106-9aed-7607a66d4d22_Register - INFO - StartState: WaitforNewOrder
04/05/2023 11:33:07 PM - bbeefbe7-99b1-4106-9aed-7607a66d4d22_Register - INFO - InputDocument : Order
04/06/2023 12:00:20 AM - 2ac71394-eb8a-404b-a153-8575ec6e51c9_Register - INFO - 
 #############################################################################
04/06/2023 12:00:20 AM - 2ac71394-eb8a-404b-a153-8575ec6e51c9_Register - INFO - StartState: WaitforNewOrder
04/06/2023 12:00:20 AM - 2ac71394-eb8a-404b-a153-8575ec6e51c9_Register - INFO - InputDocument : Order
04/06/2023 12:00:27 AM - 8c78a2f8-7c1e-416d-b406-66df5aa2670d_Register - INFO - 
 #############################################################################
04/06/2023 12:00:27 AM - 8c78a2f8-7c1e-416d-b406-66df5aa2670d_Register - INFO - StartState: WaitforNewOrder
04/06/2023 12:00:27 AM - 8c78a2f8-7c1e-416d-b406-66df5aa2670d_Register - INFO - InputDocument : Order
04/06/2023 12:08:02 AM - 11bb870a-c42a-42d6-a959-9b7aec15ff3b_Register - INFO - 
 #############################################################################
04/06/2023 12:08:02 AM - 11bb870a-c42a-42d6-a959-9b7aec15ff3b_Register - INFO - StartState: WaitforNewOrder
04/06/2023 12:08:02 AM - 11bb870a-c42a-42d6-a959-9b7aec15ff3b_Register - INFO - InputDocument : Order
