04/03/2023 04:54:43 PM - bf7bdd67-1368-47b1-a57e-8c6d3159a648_ProductionManager - INFO - 
 #############################################################################
04/03/2023 04:54:43 PM - bf7bdd67-1368-47b1-a57e-8c6d3159a648_ProductionManager - INFO - StartState: WaitforNewOrder
04/03/2023 04:54:43 PM - bf7bdd67-1368-47b1-a57e-8c6d3159a648_ProductionManager - INFO - InputDocument : ProductionOrder
04/03/2023 04:55:33 PM - d1dc1393-88dd-40f3-8106-5ff06d84dab8_ProductionManager - INFO - 
 #############################################################################
04/03/2023 04:55:33 PM - d1dc1393-88dd-40f3-8106-5ff06d84dab8_ProductionManager - INFO - StartState: WaitforNewOrder
04/03/2023 04:55:33 PM - d1dc1393-88dd-40f3-8106-5ff06d84dab8_ProductionManager - INFO - InputDocument : ProductionOrder
04/03/2023 04:55:40 PM - ef5d7ff8-bf6a-42ae-97dc-c91e3e3cb05e_ProductionManager - INFO - 
 #############################################################################
04/03/2023 04:55:40 PM - ef5d7ff8-bf6a-42ae-97dc-c91e3e3cb05e_ProductionManager - INFO - StartState: WaitforNewOrder
04/03/2023 04:55:40 PM - ef5d7ff8-bf6a-42ae-97dc-c91e3e3cb05e_ProductionManager - INFO - InputDocument : ProductionOrder
04/03/2023 04:56:25 PM - 33d7d3ea-95f5-49c3-95a9-e918c7e0db4f_ProductionManager - INFO - 
 #############################################################################
04/03/2023 04:56:25 PM - 33d7d3ea-95f5-49c3-95a9-e918c7e0db4f_ProductionManager - INFO - StartState: WaitforNewOrder
04/03/2023 04:56:25 PM - 33d7d3ea-95f5-49c3-95a9-e918c7e0db4f_ProductionManager - INFO - InputDocument : ProductionOrder
04/03/2023 04:57:16 PM - 2396c077-42e7-4fba-a609-826cc8716c3e_ProductionManager - INFO - 
 #############################################################################
04/03/2023 04:57:16 PM - 2396c077-42e7-4fba-a609-826cc8716c3e_ProductionManager - INFO - StartState: WaitforNewOrder
04/03/2023 04:57:16 PM - 2396c077-42e7-4fba-a609-826cc8716c3e_ProductionManager - INFO - InputDocument : ProductionOrder
04/03/2023 04:58:48 PM - 6a11c646-9ff6-431b-9881-0d940ebb25e0_ProductionManager - INFO - 
 #############################################################################
04/03/2023 04:58:48 PM - 6a11c646-9ff6-431b-9881-0d940ebb25e0_ProductionManager - INFO - StartState: WaitforNewOrder
04/03/2023 04:58:48 PM - 6a11c646-9ff6-431b-9881-0d940ebb25e0_ProductionManager - INFO - InputDocument : ProductionOrder
04/03/2023 05:00:06 PM - a8d4bc2b-d412-4022-b360-b4d8678d446b_ProductionManager - INFO - 
 #############################################################################
04/03/2023 05:00:06 PM - a8d4bc2b-d412-4022-b360-b4d8678d446b_ProductionManager - INFO - StartState: WaitforNewOrder
04/03/2023 05:00:06 PM - a8d4bc2b-d412-4022-b360-b4d8678d446b_ProductionManager - INFO - InputDocument : ProductionOrder
04/03/2023 05:01:28 PM - deaaec34-8578-4c81-ae22-20730558f026_ProductionManager - INFO - 
 #############################################################################
04/03/2023 05:01:28 PM - deaaec34-8578-4c81-ae22-20730558f026_ProductionManager - INFO - StartState: WaitforNewOrder
04/03/2023 05:01:28 PM - deaaec34-8578-4c81-ae22-20730558f026_ProductionManager - INFO - InputDocument : ProductionOrder
04/03/2023 05:02:26 PM - a5624798-ed5d-4831-83ca-f29685190ba0_ProductionManager - INFO - 
 #############################################################################
04/03/2023 05:02:26 PM - a5624798-ed5d-4831-83ca-f29685190ba0_ProductionManager - INFO - StartState: WaitforNewOrder
04/03/2023 05:02:26 PM - a5624798-ed5d-4831-83ca-f29685190ba0_ProductionManager - INFO - InputDocument : ProductionOrder
04/03/2023 05:03:12 PM - c484ec7a-1b17-4e76-82fc-c7ef1774b56b_ProductionManager - INFO - 
 #############################################################################
04/03/2023 05:03:12 PM - c484ec7a-1b17-4e76-82fc-c7ef1774b56b_ProductionManager - INFO - StartState: WaitforNewOrder
04/03/2023 05:03:12 PM - c484ec7a-1b17-4e76-82fc-c7ef1774b56b_ProductionManager - INFO - InputDocument : ProductionOrder
04/03/2023 05:05:14 PM - 36ec3404-5a4c-4243-8369-17f22150e815_ProductionManager - INFO - 
 #############################################################################
04/03/2023 05:05:14 PM - 36ec3404-5a4c-4243-8369-17f22150e815_ProductionManager - INFO - StartState: WaitforNewOrder
04/03/2023 05:05:14 PM - 36ec3404-5a4c-4243-8369-17f22150e815_ProductionManager - INFO - InputDocument : ProductionOrder
04/03/2023 05:08:35 PM - 275d373b-499a-493e-a095-2fbfbe753235_ProductionManager - INFO - 
 #############################################################################
04/03/2023 05:08:35 PM - 275d373b-499a-493e-a095-2fbfbe753235_ProductionManager - INFO - StartState: WaitforNewOrder
04/03/2023 05:08:35 PM - 275d373b-499a-493e-a095-2fbfbe753235_ProductionManager - INFO - InputDocument : ProductionOrder
04/03/2023 05:09:12 PM - 49b475fd-d30f-40fb-b968-efb24065e8f3_ProductionManager - INFO - 
 #############################################################################
04/03/2023 05:09:12 PM - 49b475fd-d30f-40fb-b968-efb24065e8f3_ProductionManager - INFO - StartState: WaitforNewOrder
04/03/2023 05:09:12 PM - 49b475fd-d30f-40fb-b968-efb24065e8f3_ProductionManager - INFO - InputDocument : ProductionOrder
04/03/2023 05:17:22 PM - a1ae1a45-b2a7-4428-a3a0-b7dbbcb492f3_ProductionManager - INFO - 
 #############################################################################
04/03/2023 05:17:22 PM - a1ae1a45-b2a7-4428-a3a0-b7dbbcb492f3_ProductionManager - INFO - StartState: WaitforNewOrder
04/03/2023 05:17:22 PM - a1ae1a45-b2a7-4428-a3a0-b7dbbcb492f3_ProductionManager - INFO - InputDocument : ProductionOrder
04/03/2023 05:17:32 PM - 5a673956-04be-463e-b6bb-3cf56d445d47_ProductionManager - INFO - 
 #############################################################################
04/03/2023 05:17:32 PM - 5a673956-04be-463e-b6bb-3cf56d445d47_ProductionManager - INFO - StartState: WaitforNewOrder
04/03/2023 05:17:32 PM - 5a673956-04be-463e-b6bb-3cf56d445d47_ProductionManager - INFO - InputDocument : ProductionOrder
04/03/2023 05:19:19 PM - e4a88d1a-39d5-40ba-ad9f-4cfcdd2cfa6d_ProductionManager - INFO - 
 #############################################################################
04/03/2023 05:19:19 PM - e4a88d1a-39d5-40ba-ad9f-4cfcdd2cfa6d_ProductionManager - INFO - StartState: WaitforNewOrder
04/03/2023 05:19:19 PM - e4a88d1a-39d5-40ba-ad9f-4cfcdd2cfa6d_ProductionManager - INFO - InputDocument : ProductionOrder
04/03/2023 05:22:26 PM - b68f81e1-ed05-4597-a2ac-8be9e7468b0d_ProductionManager - INFO - 
 #############################################################################
04/03/2023 05:22:26 PM - b68f81e1-ed05-4597-a2ac-8be9e7468b0d_ProductionManager - INFO - StartState: WaitforNewOrder
04/03/2023 05:22:26 PM - b68f81e1-ed05-4597-a2ac-8be9e7468b0d_ProductionManager - INFO - InputDocument : ProductionOrder
04/03/2023 05:25:37 PM - 39c705c5-6875-423d-bed2-cb4dd766d360_ProductionManager - INFO - 
 #############################################################################
04/03/2023 05:25:37 PM - 39c705c5-6875-423d-bed2-cb4dd766d360_ProductionManager - INFO - StartState: WaitforNewOrder
04/03/2023 05:25:37 PM - 39c705c5-6875-423d-bed2-cb4dd766d360_ProductionManager - INFO - InputDocument : ProductionOrder
04/03/2023 05:27:21 PM - 1a3222ae-1b74-40df-85f7-90723fc0155b_ProductionManager - INFO - 
 #############################################################################
04/03/2023 05:27:21 PM - 1a3222ae-1b74-40df-85f7-90723fc0155b_ProductionManager - INFO - StartState: WaitforNewOrder
04/03/2023 05:27:21 PM - 1a3222ae-1b74-40df-85f7-90723fc0155b_ProductionManager - INFO - InputDocument : ProductionOrder
04/03/2023 05:30:00 PM - 96540acd-0d1d-4e68-8b7f-6d95b897bd22_ProductionManager - INFO - 
 #############################################################################
04/03/2023 05:30:00 PM - 96540acd-0d1d-4e68-8b7f-6d95b897bd22_ProductionManager - INFO - StartState: WaitforNewOrder
04/03/2023 05:30:00 PM - 96540acd-0d1d-4e68-8b7f-6d95b897bd22_ProductionManager - INFO - InputDocument : ProductionOrder
04/03/2023 05:31:57 PM - 96019bff-77f0-469d-af85-d527f75650e9_ProductionManager - INFO - 
 #############################################################################
04/03/2023 05:31:57 PM - 96019bff-77f0-469d-af85-d527f75650e9_ProductionManager - INFO - StartState: WaitforNewOrder
04/03/2023 05:31:57 PM - 96019bff-77f0-469d-af85-d527f75650e9_ProductionManager - INFO - InputDocument : ProductionOrder
04/03/2023 06:08:00 PM - f55a4816-c33b-42b4-aae6-c020ed622da4_ProductionManager - INFO - 
 #############################################################################
04/03/2023 06:08:00 PM - f55a4816-c33b-42b4-aae6-c020ed622da4_ProductionManager - INFO - StartState: WaitforNewOrder
04/03/2023 06:08:00 PM - f55a4816-c33b-42b4-aae6-c020ed622da4_ProductionManager - INFO - InputDocument : ProductionOrder
04/03/2023 06:10:12 PM - 7cac3ce3-8251-49b2-a003-87f9a8f33ffc_ProductionManager - INFO - 
 #############################################################################
04/03/2023 06:10:12 PM - 7cac3ce3-8251-49b2-a003-87f9a8f33ffc_ProductionManager - INFO - StartState: WaitforNewOrder
04/03/2023 06:10:12 PM - 7cac3ce3-8251-49b2-a003-87f9a8f33ffc_ProductionManager - INFO - InputDocument : ProductionOrder
04/03/2023 06:13:00 PM - 16cb04c9-f4ee-4346-8b57-4a31c1a82932_ProductionManager - INFO - 
 #############################################################################
04/03/2023 06:13:01 PM - 16cb04c9-f4ee-4346-8b57-4a31c1a82932_ProductionManager - INFO - StartState: WaitforNewOrder
04/03/2023 06:13:01 PM - 16cb04c9-f4ee-4346-8b57-4a31c1a82932_ProductionManager - INFO - InputDocument : ProductionOrder
04/03/2023 06:27:34 PM - 87afe96a-046a-4a3c-aa07-c1816be999b6_ProductionManager - INFO - 
 #############################################################################
04/03/2023 06:27:34 PM - 87afe96a-046a-4a3c-aa07-c1816be999b6_ProductionManager - INFO - StartState: WaitforNewOrder
04/03/2023 06:27:34 PM - 87afe96a-046a-4a3c-aa07-c1816be999b6_ProductionManager - INFO - InputDocument : ProductionOrder
04/03/2023 07:10:36 PM - 8986be58-21eb-4dbe-8b14-d5e6ae870a79_ProductionManager - INFO - 
 #############################################################################
04/03/2023 07:10:36 PM - 8986be58-21eb-4dbe-8b14-d5e6ae870a79_ProductionManager - INFO - StartState: WaitforNewOrder
04/03/2023 07:10:36 PM - 8986be58-21eb-4dbe-8b14-d5e6ae870a79_ProductionManager - INFO - InputDocument : ProductionOrder
04/03/2023 07:13:40 PM - 805216fa-212d-4c9c-8b29-25ff90a11658_ProductionManager - INFO - 
 #############################################################################
04/03/2023 07:13:40 PM - 805216fa-212d-4c9c-8b29-25ff90a11658_ProductionManager - INFO - StartState: WaitforNewOrder
04/03/2023 07:13:40 PM - 805216fa-212d-4c9c-8b29-25ff90a11658_ProductionManager - INFO - InputDocument : ProductionOrder
04/03/2023 07:16:50 PM - 4bc341e2-b31e-4cfb-8e77-e9dd5eddcdea_ProductionManager - INFO - 
 #############################################################################
04/03/2023 07:16:50 PM - 4bc341e2-b31e-4cfb-8e77-e9dd5eddcdea_ProductionManager - INFO - StartState: WaitforNewOrder
04/03/2023 07:16:50 PM - 4bc341e2-b31e-4cfb-8e77-e9dd5eddcdea_ProductionManager - INFO - InputDocument : ProductionOrder
04/03/2023 07:17:45 PM - ca47970f-506f-4f92-b9e5-4a6b7a3a380a_ProductionManager - INFO - 
 #############################################################################
04/03/2023 07:17:45 PM - ca47970f-506f-4f92-b9e5-4a6b7a3a380a_ProductionManager - INFO - StartState: WaitforNewOrder
04/03/2023 07:17:45 PM - ca47970f-506f-4f92-b9e5-4a6b7a3a380a_ProductionManager - INFO - InputDocument : ProductionOrder
04/03/2023 07:18:18 PM - 517517fd-f1fc-40dd-a794-ce19356c56f2_ProductionManager - INFO - 
 #############################################################################
04/03/2023 07:18:18 PM - 517517fd-f1fc-40dd-a794-ce19356c56f2_ProductionManager - INFO - StartState: WaitforNewOrder
04/03/2023 07:18:18 PM - 517517fd-f1fc-40dd-a794-ce19356c56f2_ProductionManager - INFO - InputDocument : ProductionOrder
04/03/2023 07:19:32 PM - 7e40d273-b81f-4775-bea5-8a96deebb345_ProductionManager - INFO - 
 #############################################################################
04/03/2023 07:19:32 PM - 7e40d273-b81f-4775-bea5-8a96deebb345_ProductionManager - INFO - StartState: WaitforNewOrder
04/03/2023 07:19:32 PM - 7e40d273-b81f-4775-bea5-8a96deebb345_ProductionManager - INFO - InputDocument : ProductionOrder
04/03/2023 07:20:34 PM - 1a773769-a92a-40a9-b1f0-fab86d80bed8_ProductionManager - INFO - 
 #############################################################################
04/03/2023 07:20:35 PM - 1a773769-a92a-40a9-b1f0-fab86d80bed8_ProductionManager - INFO - StartState: WaitforNewOrder
04/03/2023 07:20:35 PM - 1a773769-a92a-40a9-b1f0-fab86d80bed8_ProductionManager - INFO - InputDocument : ProductionOrder
04/03/2023 07:21:48 PM - 6af28f83-9b0c-44a4-87c3-c502e46193a1_ProductionManager - INFO - 
 #############################################################################
04/03/2023 07:21:48 PM - 6af28f83-9b0c-44a4-87c3-c502e46193a1_ProductionManager - INFO - StartState: WaitforNewOrder
04/03/2023 07:21:48 PM - 6af28f83-9b0c-44a4-87c3-c502e46193a1_ProductionManager - INFO - InputDocument : ProductionOrder
04/03/2023 07:23:00 PM - 8f211fda-51dd-43d4-910f-1b64d3e8d655_ProductionManager - INFO - 
 #############################################################################
04/03/2023 07:23:00 PM - 8f211fda-51dd-43d4-910f-1b64d3e8d655_ProductionManager - INFO - StartState: WaitforNewOrder
04/03/2023 07:23:00 PM - 8f211fda-51dd-43d4-910f-1b64d3e8d655_ProductionManager - INFO - InputDocument : ProductionOrder
04/03/2023 07:36:52 PM - 92c65ada-a50f-4dc5-a2d7-588fa42fd5cd_ProductionManager - INFO - 
 #############################################################################
04/03/2023 07:36:52 PM - 92c65ada-a50f-4dc5-a2d7-588fa42fd5cd_ProductionManager - INFO - StartState: WaitforNewOrder
04/03/2023 07:36:52 PM - 92c65ada-a50f-4dc5-a2d7-588fa42fd5cd_ProductionManager - INFO - InputDocument : ProductionOrder
04/03/2023 07:38:47 PM - 83cf7563-d434-47f7-a06c-e47c3075ab56_ProductionManager - INFO - 
 #############################################################################
04/03/2023 07:38:47 PM - 83cf7563-d434-47f7-a06c-e47c3075ab56_ProductionManager - INFO - StartState: WaitforNewOrder
04/03/2023 07:38:47 PM - 83cf7563-d434-47f7-a06c-e47c3075ab56_ProductionManager - INFO - InputDocument : ProductionOrder
04/03/2023 07:43:13 PM - f2de6e71-32fb-4a7d-849a-7f329e464566_ProductionManager - INFO - 
 #############################################################################
04/03/2023 07:43:13 PM - f2de6e71-32fb-4a7d-849a-7f329e464566_ProductionManager - INFO - StartState: WaitforNewOrder
04/03/2023 07:43:13 PM - f2de6e71-32fb-4a7d-849a-7f329e464566_ProductionManager - INFO - InputDocument : ProductionOrder
04/03/2023 07:46:43 PM - 441012ad-8fe2-4752-b35e-23a5ecf2958d_ProductionManager - INFO - 
 #############################################################################
04/03/2023 07:46:43 PM - 441012ad-8fe2-4752-b35e-23a5ecf2958d_ProductionManager - INFO - StartState: WaitforNewOrder
04/03/2023 07:46:43 PM - 441012ad-8fe2-4752-b35e-23a5ecf2958d_ProductionManager - INFO - InputDocument : ProductionOrder
04/03/2023 07:49:04 PM - f48ee0b5-232a-4154-8a5f-5c4f95485e68_ProductionManager - INFO - 
 #############################################################################
04/03/2023 07:49:04 PM - f48ee0b5-232a-4154-8a5f-5c4f95485e68_ProductionManager - INFO - StartState: WaitforNewOrder
04/03/2023 07:49:04 PM - f48ee0b5-232a-4154-8a5f-5c4f95485e68_ProductionManager - INFO - InputDocument : ProductionOrder
04/03/2023 07:55:25 PM - 5a05ab76-a943-43ee-836c-d3532f1490d1_ProductionManager - INFO - 
 #############################################################################
04/03/2023 07:55:25 PM - 5a05ab76-a943-43ee-836c-d3532f1490d1_ProductionManager - INFO - StartState: WaitforNewOrder
04/03/2023 07:55:25 PM - 5a05ab76-a943-43ee-836c-d3532f1490d1_ProductionManager - INFO - InputDocument : ProductionOrder
04/03/2023 07:57:13 PM - 8d76d501-1a48-42a1-8cf9-1d469766dc5e_ProductionManager - INFO - 
 #############################################################################
04/03/2023 07:57:13 PM - 8d76d501-1a48-42a1-8cf9-1d469766dc5e_ProductionManager - INFO - StartState: WaitforNewOrder
04/03/2023 07:57:13 PM - 8d76d501-1a48-42a1-8cf9-1d469766dc5e_ProductionManager - INFO - InputDocument : ProductionOrder
04/03/2023 07:57:32 PM - aa8912ce-5daa-4939-893d-fd1f8f6b758d_ProductionManager - INFO - 
 #############################################################################
04/03/2023 07:57:32 PM - aa8912ce-5daa-4939-893d-fd1f8f6b758d_ProductionManager - INFO - StartState: WaitforNewOrder
04/03/2023 07:57:32 PM - aa8912ce-5daa-4939-893d-fd1f8f6b758d_ProductionManager - INFO - InputDocument : ProductionOrder
04/03/2023 08:01:07 PM - 4a45130c-1652-4d0a-aa58-23edfcc67bbe_ProductionManager - INFO - 
 #############################################################################
04/03/2023 08:01:07 PM - 4a45130c-1652-4d0a-aa58-23edfcc67bbe_ProductionManager - INFO - StartState: WaitforNewOrder
04/03/2023 08:01:07 PM - 4a45130c-1652-4d0a-aa58-23edfcc67bbe_ProductionManager - INFO - InputDocument : ProductionOrder
04/03/2023 08:03:52 PM - 03a672d7-0744-4b33-8e5d-d8fb6e5d5f31_ProductionManager - INFO - 
 #############################################################################
04/03/2023 08:03:52 PM - 03a672d7-0744-4b33-8e5d-d8fb6e5d5f31_ProductionManager - INFO - StartState: WaitforNewOrder
04/03/2023 08:03:53 PM - 03a672d7-0744-4b33-8e5d-d8fb6e5d5f31_ProductionManager - INFO - InputDocument : ProductionOrder
04/03/2023 08:09:28 PM - 6517bb95-212f-43b6-bd00-a5e8ecd913a1_ProductionManager - INFO - 
 #############################################################################
04/03/2023 08:09:28 PM - 6517bb95-212f-43b6-bd00-a5e8ecd913a1_ProductionManager - INFO - StartState: WaitforNewOrder
04/03/2023 08:09:28 PM - 6517bb95-212f-43b6-bd00-a5e8ecd913a1_ProductionManager - INFO - InputDocument : ProductionOrder
04/03/2023 08:13:28 PM - 48bdea37-39ff-4e76-8ad7-06baba8d1c94_ProductionManager - INFO - 
 #############################################################################
04/03/2023 08:13:28 PM - 48bdea37-39ff-4e76-8ad7-06baba8d1c94_ProductionManager - INFO - StartState: WaitforNewOrder
04/03/2023 08:13:28 PM - 48bdea37-39ff-4e76-8ad7-06baba8d1c94_ProductionManager - INFO - InputDocument : ProductionOrder
04/03/2023 08:14:28 PM - 61e1c14f-e665-4e1f-8871-4f4a5807ee42_ProductionManager - INFO - 
 #############################################################################
04/03/2023 08:14:28 PM - 61e1c14f-e665-4e1f-8871-4f4a5807ee42_ProductionManager - INFO - StartState: WaitforNewOrder
04/03/2023 08:14:28 PM - 61e1c14f-e665-4e1f-8871-4f4a5807ee42_ProductionManager - INFO - InputDocument : ProductionOrder
04/03/2023 08:21:27 PM - e046d147-8bad-4a2a-ac82-887ab3f67e4d_ProductionManager - INFO - 
 #############################################################################
04/03/2023 08:21:27 PM - e046d147-8bad-4a2a-ac82-887ab3f67e4d_ProductionManager - INFO - StartState: WaitforNewOrder
04/03/2023 08:21:28 PM - e046d147-8bad-4a2a-ac82-887ab3f67e4d_ProductionManager - INFO - InputDocument : ProductionOrder
04/03/2023 08:22:25 PM - 36cdd8c5-d253-4198-bb2e-316033eb1bfd_ProductionManager - INFO - 
 #############################################################################
04/03/2023 08:22:25 PM - 36cdd8c5-d253-4198-bb2e-316033eb1bfd_ProductionManager - INFO - StartState: WaitforNewOrder
04/03/2023 08:22:25 PM - 36cdd8c5-d253-4198-bb2e-316033eb1bfd_ProductionManager - INFO - InputDocument : ProductionOrder
04/04/2023 12:43:57 PM - 139a0c07-5cf9-45d4-ae81-c8eb2b8f3c2e_ProductionManager - INFO - 
 #############################################################################
04/04/2023 12:43:57 PM - 139a0c07-5cf9-45d4-ae81-c8eb2b8f3c2e_ProductionManager - INFO - StartState: WaitforNewOrder
04/04/2023 12:43:57 PM - 139a0c07-5cf9-45d4-ae81-c8eb2b8f3c2e_ProductionManager - INFO - InputDocument : ProductionOrder
04/04/2023 12:44:25 PM - c42d639b-2978-4d68-af35-806ebaa4f979_ProductionManager - INFO - 
 #############################################################################
04/04/2023 12:44:25 PM - c42d639b-2978-4d68-af35-806ebaa4f979_ProductionManager - INFO - StartState: WaitforNewOrder
04/04/2023 12:44:25 PM - c42d639b-2978-4d68-af35-806ebaa4f979_ProductionManager - INFO - InputDocument : ProductionOrder
04/04/2023 12:53:33 PM - 1496ec68-7d8f-4ce0-a0d7-9cb21f3adecf_ProductionManager - INFO - 
 #############################################################################
04/04/2023 12:53:33 PM - 1496ec68-7d8f-4ce0-a0d7-9cb21f3adecf_ProductionManager - INFO - StartState: WaitforNewOrder
04/04/2023 12:53:33 PM - 1496ec68-7d8f-4ce0-a0d7-9cb21f3adecf_ProductionManager - INFO - InputDocument : ProductionOrder
04/04/2023 12:59:20 PM - 6cf612e9-796d-4d3c-a830-5bcc8e8e8e83_ProductionManager - INFO - 
 #############################################################################
04/04/2023 12:59:20 PM - 6cf612e9-796d-4d3c-a830-5bcc8e8e8e83_ProductionManager - INFO - StartState: WaitforNewOrder
04/04/2023 12:59:20 PM - 6cf612e9-796d-4d3c-a830-5bcc8e8e8e83_ProductionManager - INFO - InputDocument : ProductionOrder
04/04/2023 01:01:56 PM - d6554113-032e-4b3c-87c0-8b48ec98b45d_ProductionManager - INFO - 
 #############################################################################
04/04/2023 01:01:56 PM - d6554113-032e-4b3c-87c0-8b48ec98b45d_ProductionManager - INFO - StartState: WaitforNewOrder
04/04/2023 01:01:56 PM - d6554113-032e-4b3c-87c0-8b48ec98b45d_ProductionManager - INFO - InputDocument : ProductionOrder
04/04/2023 01:12:47 PM - b9977535-69dd-4df3-8866-12502e10f411_ProductionManager - INFO - 
 #############################################################################
04/04/2023 01:12:47 PM - b9977535-69dd-4df3-8866-12502e10f411_ProductionManager - INFO - StartState: WaitforNewOrder
04/04/2023 01:12:47 PM - b9977535-69dd-4df3-8866-12502e10f411_ProductionManager - INFO - InputDocument : ProductionOrder
04/04/2023 01:41:01 PM - 5283f532-c23b-4780-8519-f2a2671d6d28_ProductionManager - INFO - 
 #############################################################################
04/04/2023 01:41:01 PM - 5283f532-c23b-4780-8519-f2a2671d6d28_ProductionManager - INFO - StartState: WaitforNewOrder
04/04/2023 01:41:01 PM - 5283f532-c23b-4780-8519-f2a2671d6d28_ProductionManager - INFO - InputDocument : ProductionOrder
04/04/2023 02:26:02 PM - ba95b8f6-9963-42dc-977c-e2031020a8e6_ProductionManager - INFO - 
 #############################################################################
04/04/2023 02:26:02 PM - ba95b8f6-9963-42dc-977c-e2031020a8e6_ProductionManager - INFO - StartState: WaitforNewOrder
04/04/2023 02:26:02 PM - ba95b8f6-9963-42dc-977c-e2031020a8e6_ProductionManager - INFO - InputDocument : ProductionOrder
04/04/2023 02:29:10 PM - 4556c760-14fb-4d91-8874-793a3aca253c_ProductionManager - INFO - 
 #############################################################################
04/04/2023 02:29:10 PM - 4556c760-14fb-4d91-8874-793a3aca253c_ProductionManager - INFO - StartState: WaitforNewOrder
04/04/2023 02:29:10 PM - 4556c760-14fb-4d91-8874-793a3aca253c_ProductionManager - INFO - InputDocument : ProductionOrder
04/04/2023 02:32:50 PM - 8f2058ed-6e31-4e98-96d0-ed64e63722c3_ProductionManager - INFO - 
 #############################################################################
04/04/2023 02:32:50 PM - 8f2058ed-6e31-4e98-96d0-ed64e63722c3_ProductionManager - INFO - StartState: WaitforNewOrder
04/04/2023 02:32:50 PM - 8f2058ed-6e31-4e98-96d0-ed64e63722c3_ProductionManager - INFO - InputDocument : ProductionOrder
04/04/2023 02:34:52 PM - f152838b-4f46-4af2-89ba-de2fe6890319_ProductionManager - INFO - 
 #############################################################################
04/04/2023 02:34:52 PM - f152838b-4f46-4af2-89ba-de2fe6890319_ProductionManager - INFO - StartState: WaitforNewOrder
04/04/2023 02:34:52 PM - f152838b-4f46-4af2-89ba-de2fe6890319_ProductionManager - INFO - InputDocument : ProductionOrder
04/04/2023 02:38:19 PM - 0c53e72c-9903-4771-b085-e25bb7360200_ProductionManager - INFO - 
 #############################################################################
04/04/2023 02:38:19 PM - 0c53e72c-9903-4771-b085-e25bb7360200_ProductionManager - INFO - StartState: WaitforNewOrder
04/04/2023 02:38:19 PM - 0c53e72c-9903-4771-b085-e25bb7360200_ProductionManager - INFO - InputDocument : ProductionOrder
04/04/2023 02:40:13 PM - 5f2e476f-6c87-4849-9c4f-f4feaccd6dc4_ProductionManager - INFO - 
 #############################################################################
04/04/2023 02:40:13 PM - 5f2e476f-6c87-4849-9c4f-f4feaccd6dc4_ProductionManager - INFO - StartState: WaitforNewOrder
04/04/2023 02:40:13 PM - 5f2e476f-6c87-4849-9c4f-f4feaccd6dc4_ProductionManager - INFO - InputDocument : ProductionOrder
04/04/2023 02:42:24 PM - 4f2e20e6-2362-4782-8677-e6ecc84cd34b_ProductionManager - INFO - 
 #############################################################################
04/04/2023 02:42:24 PM - 4f2e20e6-2362-4782-8677-e6ecc84cd34b_ProductionManager - INFO - StartState: WaitforNewOrder
04/04/2023 02:42:24 PM - 4f2e20e6-2362-4782-8677-e6ecc84cd34b_ProductionManager - INFO - InputDocument : ProductionOrder
04/04/2023 02:48:05 PM - a69eb956-fca5-481d-9b7a-3fcafd7eac94_ProductionManager - INFO - 
 #############################################################################
04/04/2023 02:48:05 PM - a69eb956-fca5-481d-9b7a-3fcafd7eac94_ProductionManager - INFO - StartState: WaitforNewOrder
04/04/2023 02:48:05 PM - a69eb956-fca5-481d-9b7a-3fcafd7eac94_ProductionManager - INFO - InputDocument : ProductionOrder
04/04/2023 02:50:09 PM - b551cd5e-7633-42d6-9b70-33846899b23e_ProductionManager - INFO - 
 #############################################################################
04/04/2023 02:50:09 PM - b551cd5e-7633-42d6-9b70-33846899b23e_ProductionManager - INFO - StartState: WaitforNewOrder
04/04/2023 02:50:09 PM - b551cd5e-7633-42d6-9b70-33846899b23e_ProductionManager - INFO - InputDocument : ProductionOrder
04/04/2023 03:05:44 PM - a9ab0dad-047f-4d68-9223-e25b3eaf3d93_ProductionManager - INFO - 
 #############################################################################
04/04/2023 03:05:44 PM - a9ab0dad-047f-4d68-9223-e25b3eaf3d93_ProductionManager - INFO - StartState: WaitforNewOrder
04/04/2023 03:05:44 PM - a9ab0dad-047f-4d68-9223-e25b3eaf3d93_ProductionManager - INFO - InputDocument : ProductionOrder
04/04/2023 03:07:58 PM - 2fc85087-f140-480a-b716-aabc9eb3c0c7_ProductionManager - INFO - 
 #############################################################################
04/04/2023 03:07:58 PM - 2fc85087-f140-480a-b716-aabc9eb3c0c7_ProductionManager - INFO - StartState: WaitforNewOrder
04/04/2023 03:07:58 PM - 2fc85087-f140-480a-b716-aabc9eb3c0c7_ProductionManager - INFO - InputDocument : ProductionOrder
04/04/2023 03:16:03 PM - d31faec6-6338-4eba-8fb5-1aa0bb222958_ProductionManager - INFO - 
 #############################################################################
04/04/2023 03:16:03 PM - d31faec6-6338-4eba-8fb5-1aa0bb222958_ProductionManager - INFO - StartState: WaitforNewOrder
04/04/2023 03:16:03 PM - d31faec6-6338-4eba-8fb5-1aa0bb222958_ProductionManager - INFO - InputDocument : ProductionOrder
04/04/2023 03:16:56 PM - 2762edaf-4a40-4161-80e8-fe4a3a0228c2_ProductionManager - INFO - 
 #############################################################################
04/04/2023 03:16:56 PM - 2762edaf-4a40-4161-80e8-fe4a3a0228c2_ProductionManager - INFO - StartState: WaitforNewOrder
04/04/2023 03:16:56 PM - 2762edaf-4a40-4161-80e8-fe4a3a0228c2_ProductionManager - INFO - InputDocument : ProductionOrder
04/04/2023 03:23:52 PM - 61b985a7-195c-4266-a35e-e0da0023f442_ProductionManager - INFO - 
 #############################################################################
04/04/2023 03:23:52 PM - 61b985a7-195c-4266-a35e-e0da0023f442_ProductionManager - INFO - StartState: WaitforNewOrder
04/04/2023 03:23:52 PM - 61b985a7-195c-4266-a35e-e0da0023f442_ProductionManager - INFO - InputDocument : ProductionOrder
04/04/2023 03:36:29 PM - 06c5ebcb-e499-4f82-a7db-3f2169f501a7_ProductionManager - INFO - 
 #############################################################################
04/04/2023 03:36:29 PM - 06c5ebcb-e499-4f82-a7db-3f2169f501a7_ProductionManager - INFO - StartState: WaitforNewOrder
04/04/2023 03:36:29 PM - 06c5ebcb-e499-4f82-a7db-3f2169f501a7_ProductionManager - INFO - InputDocument : ProductionOrder
04/04/2023 03:41:04 PM - 9748b49f-1ee6-4229-bbfa-6f8bd112c24a_ProductionManager - INFO - 
 #############################################################################
04/04/2023 03:41:04 PM - 9748b49f-1ee6-4229-bbfa-6f8bd112c24a_ProductionManager - INFO - StartState: WaitforNewOrder
04/04/2023 03:41:05 PM - 9748b49f-1ee6-4229-bbfa-6f8bd112c24a_ProductionManager - INFO - InputDocument : ProductionOrder
