05/25/2023 01:19:59 PM - 9949a08e-98cf-4dd1-9317-604b716ba61c_ProductionManager - INFO - 
 #############################################################################
05/25/2023 01:19:59 PM - 9949a08e-98cf-4dd1-9317-604b716ba61c_ProductionManager - INFO - StartState: WaitforNewOrder
05/25/2023 01:19:59 PM - 9949a08e-98cf-4dd1-9317-604b716ba61c_ProductionManager - INFO - InputDocument : ProductionOrder
05/26/2023 09:15:39 AM - ww.ovgu.de/aas/7dfe363e-6cf5-4c12-9fe2-08f427716965.ProductionManager - INFO - 
 #############################################################################
05/26/2023 09:15:39 AM - ww.ovgu.de/aas/7dfe363e-6cf5-4c12-9fe2-08f427716965.ProductionManager - INFO - StartState: WaitforNewOrder
05/26/2023 09:21:06 AM - ww.ovgu.de/aas/7dfe363e-6cf5-4c12-9fe2-08f427716965.ProductionManager - INFO - 
 #############################################################################
05/26/2023 09:21:06 AM - ww.ovgu.de/aas/7dfe363e-6cf5-4c12-9fe2-08f427716965.ProductionManager - INFO - StartState: WaitforNewOrder
05/30/2023 09:47:05 AM - ww.ovgu.de/aas/7dfe363e-6cf5-4c12-9fe2-08f427716965.ProductionManager - INFO - 
 #############################################################################
05/30/2023 09:47:05 AM - ww.ovgu.de/aas/7dfe363e-6cf5-4c12-9fe2-08f427716965.ProductionManager - INFO - StartState: WaitforNewOrder
05/31/2023 11:40:01 AM - ww.ovgu.de/aas/7dfe363e-6cf5-4c12-9fe2-08f427716965.ProductionManager - INFO - 
 #############################################################################
05/31/2023 11:40:01 AM - ww.ovgu.de/aas/7dfe363e-6cf5-4c12-9fe2-08f427716965.ProductionManager - INFO - StartState: WaitforNewOrder
05/31/2023 11:40:07 AM - ww.ovgu.de/aas/7dfe363e-6cf5-4c12-9fe2-08f427716965.ProductionManager - INFO - 
 #############################################################################
05/31/2023 11:40:07 AM - ww.ovgu.de/aas/7dfe363e-6cf5-4c12-9fe2-08f427716965.ProductionManager - INFO - StartState: WaitforNewOrder
05/31/2023 11:46:43 AM - ww.ovgu.de/aas/7dfe363e-6cf5-4c12-9fe2-08f427716965.ProductionManager - INFO - 
 #############################################################################
05/31/2023 11:46:43 AM - ww.ovgu.de/aas/7dfe363e-6cf5-4c12-9fe2-08f427716965.ProductionManager - INFO - StartState: WaitforNewOrder
05/31/2023 11:48:16 AM - ww.ovgu.de/aas/7dfe363e-6cf5-4c12-9fe2-08f427716965.ProductionManager - INFO - 
 #############################################################################
05/31/2023 11:48:16 AM - ww.ovgu.de/aas/7dfe363e-6cf5-4c12-9fe2-08f427716965.ProductionManager - INFO - StartState: WaitforNewOrder
05/31/2023 12:14:34 PM - ww.ovgu.de/aas/7dfe363e-6cf5-4c12-9fe2-08f427716965.ProductionManager - INFO - 
 #############################################################################
05/31/2023 12:14:34 PM - ww.ovgu.de/aas/7dfe363e-6cf5-4c12-9fe2-08f427716965.ProductionManager - INFO - StartState: WaitforNewOrder
05/31/2023 12:15:21 PM - ww.ovgu.de/aas/7dfe363e-6cf5-4c12-9fe2-08f427716965.ProductionManager - INFO - 
 #############################################################################
05/31/2023 12:15:21 PM - ww.ovgu.de/aas/7dfe363e-6cf5-4c12-9fe2-08f427716965.ProductionManager - INFO - StartState: WaitforNewOrder
05/31/2023 12:16:18 PM - ww.ovgu.de/aas/7dfe363e-6cf5-4c12-9fe2-08f427716965.ProductionManager - INFO - 
 #############################################################################
05/31/2023 12:16:18 PM - ww.ovgu.de/aas/7dfe363e-6cf5-4c12-9fe2-08f427716965.ProductionManager - INFO - StartState: WaitforNewOrder
05/31/2023 12:17:30 PM - ww.ovgu.de/aas/7dfe363e-6cf5-4c12-9fe2-08f427716965.ProductionManager - INFO - 
 #############################################################################
05/31/2023 12:17:30 PM - ww.ovgu.de/aas/7dfe363e-6cf5-4c12-9fe2-08f427716965.ProductionManager - INFO - StartState: WaitforNewOrder
05/31/2023 12:18:44 PM - ww.ovgu.de/aas/7dfe363e-6cf5-4c12-9fe2-08f427716965.ProductionManager - INFO - 
 #############################################################################
05/31/2023 12:18:44 PM - ww.ovgu.de/aas/7dfe363e-6cf5-4c12-9fe2-08f427716965.ProductionManager - INFO - StartState: WaitforNewOrder
05/31/2023 12:19:33 PM - ww.ovgu.de/aas/7dfe363e-6cf5-4c12-9fe2-08f427716965.ProductionManager - INFO - 
 #############################################################################
05/31/2023 12:19:33 PM - ww.ovgu.de/aas/7dfe363e-6cf5-4c12-9fe2-08f427716965.ProductionManager - INFO - StartState: WaitforNewOrder
05/31/2023 12:20:15 PM - ww.ovgu.de/aas/7dfe363e-6cf5-4c12-9fe2-08f427716965.ProductionManager - INFO - 
 #############################################################################
05/31/2023 12:20:15 PM - ww.ovgu.de/aas/7dfe363e-6cf5-4c12-9fe2-08f427716965.ProductionManager - INFO - StartState: WaitforNewOrder
05/31/2023 12:21:11 PM - ww.ovgu.de/aas/7dfe363e-6cf5-4c12-9fe2-08f427716965.ProductionManager - INFO - 
 #############################################################################
05/31/2023 12:21:11 PM - ww.ovgu.de/aas/7dfe363e-6cf5-4c12-9fe2-08f427716965.ProductionManager - INFO - StartState: WaitforNewOrder
05/31/2023 12:21:29 PM - ww.ovgu.de/aas/7dfe363e-6cf5-4c12-9fe2-08f427716965.ProductionManager - INFO - 
 #############################################################################
05/31/2023 12:21:29 PM - ww.ovgu.de/aas/7dfe363e-6cf5-4c12-9fe2-08f427716965.ProductionManager - INFO - StartState: WaitforNewOrder
05/31/2023 12:23:40 PM - ww.ovgu.de/aas/7dfe363e-6cf5-4c12-9fe2-08f427716965.ProductionManager - INFO - 
 #############################################################################
05/31/2023 12:23:40 PM - ww.ovgu.de/aas/7dfe363e-6cf5-4c12-9fe2-08f427716965.ProductionManager - INFO - StartState: WaitforNewOrder
05/31/2023 12:27:16 PM - ww.ovgu.de/aas/7dfe363e-6cf5-4c12-9fe2-08f427716965.ProductionManager - INFO - 
 #############################################################################
05/31/2023 12:27:16 PM - ww.ovgu.de/aas/7dfe363e-6cf5-4c12-9fe2-08f427716965.ProductionManager - INFO - StartState: WaitforNewOrder
05/31/2023 12:27:56 PM - ww.ovgu.de/aas/7dfe363e-6cf5-4c12-9fe2-08f427716965.ProductionManager - INFO - 
 #############################################################################
05/31/2023 12:27:56 PM - ww.ovgu.de/aas/7dfe363e-6cf5-4c12-9fe2-08f427716965.ProductionManager - INFO - StartState: WaitforNewOrder
